<?xml version="1.0" encoding="UTF-8"?>
<testsuite name="org.apache.kafka.clients.consumer.internals.AbstractPartitionAssignorTest" tests="4" skipped="0" failures="0" errors="0" timestamp="2020-01-15T02:08:11" hostname="localhost" time="0.022">
  <properties/>
  <testcase name="testMergeSortManyMemberInfo" classname="org.apache.kafka.clients.consumer.internals.AbstractPartitionAssignorTest" time="0.019"/>
  <testcase name="testMemberInfoSortingSomeGroupInstanceId" classname="org.apache.kafka.clients.consumer.internals.AbstractPartitionAssignorTest" time="0.001"/>
  <testcase name="testMemberInfoSortingWithAllGroupInstanceId" classname="org.apache.kafka.clients.consumer.internals.AbstractPartitionAssignorTest" time="0.0"/>
  <testcase name="testMemberInfoSortingWithoutGroupInstanceId" classname="org.apache.kafka.clients.consumer.internals.AbstractPartitionAssignorTest" time="0.0"/>
  <system-out><![CDATA[]]></system-out>
  <system-err><![CDATA[]]></system-err>
</testsuite>
