<?xml version="1.0" encoding="UTF-8"?>
<testsuite name="org.apache.kafka.common.metrics.internals.IntGaugeSuiteTest" tests="3" skipped="0" failures="0" errors="0" timestamp="2020-01-15T02:08:20" hostname="localhost" time="0.004">
  <properties/>
  <testcase name="testCreateAndRemoveMetrics" classname="org.apache.kafka.common.metrics.internals.IntGaugeSuiteTest" time="0.004"/>
  <testcase name="testCreateAndClose" classname="org.apache.kafka.common.metrics.internals.IntGaugeSuiteTest" time="0.0"/>
  <testcase name="testCreateMetrics" classname="org.apache.kafka.common.metrics.internals.IntGaugeSuiteTest" time="0.0"/>
  <system-out><![CDATA[]]></system-out>
  <system-err><![CDATA[]]></system-err>
</testsuite>
