<?xml version="1.0" encoding="UTF-8"?>
<testsuite name="org.apache.kafka.common.utils.FlattenedIteratorTest" tests="6" skipped="0" failures="0" errors="0" timestamp="2020-01-15T02:08:37" hostname="localhost" time="0.041">
  <properties/>
  <testcase name="testEmptyList" classname="org.apache.kafka.common.utils.FlattenedIteratorTest" time="0.002"/>
  <testcase name="testNestedSingleEmptyList" classname="org.apache.kafka.common.utils.FlattenedIteratorTest" time="0.002"/>
  <testcase name="testEmptyListAtTheEnd" classname="org.apache.kafka.common.utils.FlattenedIteratorTest" time="0.003"/>
  <testcase name="testEmptyListInBetweenNonEmpty" classname="org.apache.kafka.common.utils.FlattenedIteratorTest" time="0.018"/>
  <testcase name="testEmptyListFollowedByNonEmpty" classname="org.apache.kafka.common.utils.FlattenedIteratorTest" time="0.003"/>
  <testcase name="testNestedLists" classname="org.apache.kafka.common.utils.FlattenedIteratorTest" time="0.008"/>
  <system-out><![CDATA[]]></system-out>
  <system-err><![CDATA[]]></system-err>
</testsuite>
