<?xml version="1.0" encoding="UTF-8"?>
<testsuite name="org.apache.kafka.common.record.EndTransactionMarkerTest" tests="6" skipped="0" failures="0" errors="0" timestamp="2020-01-15T02:09:02" hostname="localhost" time="0.006">
  <properties/>
  <testcase name="testNotEnoughBytes" classname="org.apache.kafka.common.record.EndTransactionMarkerTest" time="0.005"/>
  <testcase name="testSerde" classname="org.apache.kafka.common.record.EndTransactionMarkerTest" time="0.0"/>
  <testcase name="testIllegalNegativeVersion" classname="org.apache.kafka.common.record.EndTransactionMarkerTest" time="0.0"/>
  <testcase name="testCannotDeserializeUnknownControlType" classname="org.apache.kafka.common.record.EndTransactionMarkerTest" time="0.0"/>
  <testcase name="testUnknownControlTypeNotAllowed" classname="org.apache.kafka.common.record.EndTransactionMarkerTest" time="0.0"/>
  <testcase name="testDeserializeNewerVersion" classname="org.apache.kafka.common.record.EndTransactionMarkerTest" time="0.0"/>
  <system-out><![CDATA[]]></system-out>
  <system-err><![CDATA[]]></system-err>
</testsuite>
