<?xml version="1.0" encoding="UTF-8"?>
<testsuite name="org.apache.kafka.common.requests.SyncGroupRequestTest" tests="1" skipped="0" failures="0" errors="0" timestamp="2020-01-15T02:09:03" hostname="localhost" time="0.001">
  <properties/>
  <testcase name="testRequestVersionCompatibilityFailBuild" classname="org.apache.kafka.common.requests.SyncGroupRequestTest" time="0.001"/>
  <system-out><![CDATA[]]></system-out>
  <system-err><![CDATA[]]></system-err>
</testsuite>
