<?xml version="1.0" encoding="UTF-8"?>
<testsuite name="org.apache.kafka.common.utils.JavaTest" tests="3" skipped="0" failures="0" errors="0" timestamp="2020-01-15T02:08:49" hostname="localhost" time="0.005">
  <properties/>
  <testcase name="testLoadKerberosLoginModule" classname="org.apache.kafka.common.utils.JavaTest" time="0.004"/>
  <testcase name="testIsIBMJdk" classname="org.apache.kafka.common.utils.JavaTest" time="0.001"/>
  <testcase name="testJavaVersion" classname="org.apache.kafka.common.utils.JavaTest" time="0.0"/>
  <system-out><![CDATA[]]></system-out>
  <system-err><![CDATA[]]></system-err>
</testsuite>
