<?xml version="1.0" encoding="UTF-8"?>
<testsuite name="org.apache.kafka.clients.producer.internals.StickyPartitionCacheTest" tests="2" skipped="0" failures="0" errors="0" timestamp="2020-01-15T02:08:30" hostname="localhost" time="0.005">
  <properties/>
  <testcase name="unavailablePartitionsTest" classname="org.apache.kafka.clients.producer.internals.StickyPartitionCacheTest" time="0.004"/>
  <testcase name="testStickyPartitionCache" classname="org.apache.kafka.clients.producer.internals.StickyPartitionCacheTest" time="0.0"/>
  <system-out><![CDATA[]]></system-out>
  <system-err><![CDATA[]]></system-err>
</testsuite>
