<?xml version="1.0" encoding="UTF-8"?>
<testsuite name="org.apache.kafka.common.requests.LeaderAndIsrResponseTest" tests="4" skipped="0" failures="0" errors="0" timestamp="2020-01-15T02:08:30" hostname="localhost" time="0.008">
  <properties/>
  <testcase name="testToString" classname="org.apache.kafka.common.requests.LeaderAndIsrResponseTest" time="0.001"/>
  <testcase name="testErrorCountsWithTopLevelError" classname="org.apache.kafka.common.requests.LeaderAndIsrResponseTest" time="0.0"/>
  <testcase name="testErrorCountsNoTopLevelError" classname="org.apache.kafka.common.requests.LeaderAndIsrResponseTest" time="0.001"/>
  <testcase name="testErrorCountsFromGetErrorResponse" classname="org.apache.kafka.common.requests.LeaderAndIsrResponseTest" time="0.005"/>
  <system-out><![CDATA[]]></system-out>
  <system-err><![CDATA[]]></system-err>
</testsuite>
