<?xml version="1.0" encoding="UTF-8"?>
<testsuite name="org.apache.kafka.clients.consumer.RangeAssignorTest" tests="13" skipped="0" failures="0" errors="0" timestamp="2020-01-15T02:08:21" hostname="localhost" time="0.009">
  <properties/>
  <testcase name="testOneConsumerNoTopic" classname="org.apache.kafka.clients.consumer.RangeAssignorTest" time="0.002"/>
  <testcase name="testTwoConsumersTwoTopicsSixPartitions" classname="org.apache.kafka.clients.consumer.RangeAssignorTest" time="0.0"/>
  <testcase name="testStaticMemberRangeAssignmentPersistent" classname="org.apache.kafka.clients.consumer.RangeAssignorTest" time="0.001"/>
  <testcase name="testOneConsumerOneTopic" classname="org.apache.kafka.clients.consumer.RangeAssignorTest" time="0.0"/>
  <testcase name="testStaticMemberRangeAssignmentPersistentAfterMemberIdChanges" classname="org.apache.kafka.clients.consumer.RangeAssignorTest" time="0.001"/>
  <testcase name="testMultipleConsumersMixedTopics" classname="org.apache.kafka.clients.consumer.RangeAssignorTest" time="0.0"/>
  <testcase name="testTwoConsumersOneTopicOnePartition" classname="org.apache.kafka.clients.consumer.RangeAssignorTest" time="0.0"/>
  <testcase name="testTwoStaticConsumersTwoTopicsSixPartitions" classname="org.apache.kafka.clients.consumer.RangeAssignorTest" time="0.0"/>
  <testcase name="testOneConsumerMultipleTopics" classname="org.apache.kafka.clients.consumer.RangeAssignorTest" time="0.001"/>
  <testcase name="testOnlyAssignsPartitionsFromSubscribedTopics" classname="org.apache.kafka.clients.consumer.RangeAssignorTest" time="0.0"/>
  <testcase name="testTwoConsumersOneTopicTwoPartitions" classname="org.apache.kafka.clients.consumer.RangeAssignorTest" time="0.0"/>
  <testcase name="testOneStaticConsumerAndOneDynamicConsumerTwoTopicsSixPartitions" classname="org.apache.kafka.clients.consumer.RangeAssignorTest" time="0.0"/>
  <testcase name="testOneConsumerNonexistentTopic" classname="org.apache.kafka.clients.consumer.RangeAssignorTest" time="0.001"/>
  <system-out><![CDATA[]]></system-out>
  <system-err><![CDATA[]]></system-err>
</testsuite>
