<?xml version="1.0" encoding="UTF-8"?>
<testsuite name="org.apache.kafka.common.protocol.types.StructTest" tests="1" skipped="0" failures="0" errors="0" timestamp="2020-01-15T02:09:02" hostname="localhost" time="0.001">
  <properties/>
  <testcase name="testEquals" classname="org.apache.kafka.common.protocol.types.StructTest" time="0.001"/>
  <system-out><![CDATA[]]></system-out>
  <system-err><![CDATA[]]></system-err>
</testsuite>
