<?xml version="1.0" encoding="UTF-8"?>
<testsuite name="org.apache.kafka.clients.consumer.ConsumerRecordsTest" tests="1" skipped="0" failures="0" errors="0" timestamp="2020-01-15T02:08:09" hostname="localhost" time="0.016">
  <properties/>
  <testcase name="iterator" classname="org.apache.kafka.clients.consumer.ConsumerRecordsTest" time="0.016"/>
  <system-out><![CDATA[]]></system-out>
  <system-err><![CDATA[]]></system-err>
</testsuite>
