<?xml version="1.0" encoding="UTF-8"?>
<testsuite name="org.apache.kafka.clients.producer.internals.TransactionManagerTest" tests="88" skipped="0" failures="0" errors="0" timestamp="2020-01-15T02:08:13" hostname="localhost" time="5.09">
  <properties/>
  <testcase name="testTopicAuthorizationFailureInAddPartitions" classname="org.apache.kafka.clients.producer.internals.TransactionManagerTest" time="0.54"/>
  <testcase name="shouldFailAbortIfAddOffsetsFailsWithFatalError" classname="org.apache.kafka.clients.producer.internals.TransactionManagerTest" time="0.042"/>
  <testcase name="testDropCommitOnBatchExpiry" classname="org.apache.kafka.clients.producer.internals.TransactionManagerTest" time="0.063"/>
  <testcase name="testBatchFailureAfterProducerReset" classname="org.apache.kafka.clients.producer.internals.TransactionManagerTest" time="0.008"/>
  <testcase name="testAllowDrainInAbortableErrorState" classname="org.apache.kafka.clients.producer.internals.TransactionManagerTest" time="0.005"/>
  <testcase name="testTransitionToFatalErrorWhenRetriedBatchIsExpired" classname="org.apache.kafka.clients.producer.internals.TransactionManagerTest" time="0.009"/>
  <testcase name="testLookupCoordinatorOnDisconnectAfterSend" classname="org.apache.kafka.clients.producer.internals.TransactionManagerTest" time="0.004"/>
  <testcase name="testIsSendToPartitionAllowedWithInFlightPartitionAddAfterAbortableError" classname="org.apache.kafka.clients.producer.internals.TransactionManagerTest" time="0.003"/>
  <testcase name="testMaybeAddPartitionToTransactionAfterAbortableError" classname="org.apache.kafka.clients.producer.internals.TransactionManagerTest" time="0.003"/>
  <testcase name="testMaybeAddPartitionToTransactionBeforeInitTransactions" classname="org.apache.kafka.clients.producer.internals.TransactionManagerTest" time="0.087"/>
  <testcase name="testMaybeAddPartitionToTransaction" classname="org.apache.kafka.clients.producer.internals.TransactionManagerTest" time="0.002"/>
  <testcase name="testHandlingOfCoordinatorLoadingErrorOnTxnOffsetCommit" classname="org.apache.kafka.clients.producer.internals.TransactionManagerTest" time="0.006"/>
  <testcase name="testIsSendToPartitionAllowedWithPartitionNotAdded" classname="org.apache.kafka.clients.producer.internals.TransactionManagerTest" time="0.057"/>
  <testcase name="testAddPartitionToTransactionOverridesRetryBackoffForConcurrentTransactions" classname="org.apache.kafka.clients.producer.internals.TransactionManagerTest" time="0.002"/>
  <testcase name="testIsSendToPartitionAllowedWithAddedPartitionAfterAbortableError" classname="org.apache.kafka.clients.producer.internals.TransactionManagerTest" time="0.011"/>
  <testcase name="testProducerFencedException" classname="org.apache.kafka.clients.producer.internals.TransactionManagerTest" time="0.017"/>
  <testcase name="testIsSendToPartitionAllowedWithInFlightPartitionAddAfterFatalError" classname="org.apache.kafka.clients.producer.internals.TransactionManagerTest" time="0.002"/>
  <testcase name="testTransactionalIdAuthorizationFailureInFindCoordinator" classname="org.apache.kafka.clients.producer.internals.TransactionManagerTest" time="0.002"/>
  <testcase name="testAllowAbortOnProduceFailure" classname="org.apache.kafka.clients.producer.internals.TransactionManagerTest" time="0.003"/>
  <testcase name="testCommitTransactionWithUnsentProduceRequest" classname="org.apache.kafka.clients.producer.internals.TransactionManagerTest" time="0.004"/>
  <testcase name="testFailIfNotReadyForSendNoProducerId" classname="org.apache.kafka.clients.producer.internals.TransactionManagerTest" time="0.002"/>
  <testcase name="testTransitionToAbortableErrorOnBatchExpiry" classname="org.apache.kafka.clients.producer.internals.TransactionManagerTest" time="0.001"/>
  <testcase name="testRecoveryFromAbortableErrorTransactionStarted" classname="org.apache.kafka.clients.producer.internals.TransactionManagerTest" time="0.004"/>
  <testcase name="testAdjustSequenceNumbersAfterFatalError" classname="org.apache.kafka.clients.producer.internals.TransactionManagerTest" time="0.002"/>
  <testcase name="testTransactionalIdAuthorizationFailureInAddOffsetsToTxn" classname="org.apache.kafka.clients.producer.internals.TransactionManagerTest" time="0.004"/>
  <testcase name="testIsSendToPartitionAllowedWithPendingPartitionAfterAbortableError" classname="org.apache.kafka.clients.producer.internals.TransactionManagerTest" time="0.001"/>
  <testcase name="testTransitionToAbortableErrorOnMultipleBatchExpiry" classname="org.apache.kafka.clients.producer.internals.TransactionManagerTest" time="0.082"/>
  <testcase name="testTransactionalIdAuthorizationFailureInInitProducerId" classname="org.apache.kafka.clients.producer.internals.TransactionManagerTest" time="0.002"/>
  <testcase name="testAbortResendsAddPartitionErrorIfRetried" classname="org.apache.kafka.clients.producer.internals.TransactionManagerTest" time="0.001"/>
  <testcase name="testIsSendToPartitionAllowedWithPendingPartitionAfterFatalError" classname="org.apache.kafka.clients.producer.internals.TransactionManagerTest" time="0.001"/>
  <testcase name="testBatchCompletedAfterProducerReset" classname="org.apache.kafka.clients.producer.internals.TransactionManagerTest" time="0.001"/>
  <testcase name="testRaiseErrorWhenNoPartitionsPendingOnDrain" classname="org.apache.kafka.clients.producer.internals.TransactionManagerTest" time="0.001"/>
  <testcase name="testFailIfNotReadyForSendAfterFatalError" classname="org.apache.kafka.clients.producer.internals.TransactionManagerTest" time="0.003"/>
  <testcase name="testLookupCoordinatorOnDisconnectBeforeSend" classname="org.apache.kafka.clients.producer.internals.TransactionManagerTest" time="0.002"/>
  <testcase name="shouldNotSendAbortTxnRequestWhenOnlyAddPartitionsRequestFailed" classname="org.apache.kafka.clients.producer.internals.TransactionManagerTest" time="0.001"/>
  <testcase name="testRetryCommitTransaction" classname="org.apache.kafka.clients.producer.internals.TransactionManagerTest" time="1.005"/>
  <testcase name="testMultipleAddPartitionsPerForOneProduce" classname="org.apache.kafka.clients.producer.internals.TransactionManagerTest" time="0.002"/>
  <testcase name="testGroupAuthorizationFailureInFindCoordinator" classname="org.apache.kafka.clients.producer.internals.TransactionManagerTest" time="0.002"/>
  <testcase name="testFailIfNotReadyForSendIdempotentProducerFatalError" classname="org.apache.kafka.clients.producer.internals.TransactionManagerTest" time="0.001"/>
  <testcase name="testFailIfNotReadyForSendAfterAbortableError" classname="org.apache.kafka.clients.producer.internals.TransactionManagerTest" time="0.002"/>
  <testcase name="testHasOngoingTransactionAbortableError" classname="org.apache.kafka.clients.producer.internals.TransactionManagerTest" time="0.001"/>
  <testcase name="shouldNotAddPartitionsToTransactionWhenTopicAuthorizationFailed" classname="org.apache.kafka.clients.producer.internals.TransactionManagerTest" time="0.002"/>
  <testcase name="testDefaultSequenceNumber" classname="org.apache.kafka.clients.producer.internals.TransactionManagerTest" time="0.001"/>
  <testcase name="testDisallowCommitOnProduceFailure" classname="org.apache.kafka.clients.producer.internals.TransactionManagerTest" time="0.003"/>
  <testcase name="testLookupCoordinatorOnNotCoordinatorError" classname="org.apache.kafka.clients.producer.internals.TransactionManagerTest" time="0.001"/>
  <testcase name="testMaybeAddPartitionToTransactionAfterFatalError" classname="org.apache.kafka.clients.producer.internals.TransactionManagerTest" time="0.002"/>
  <testcase name="testHandlingOfUnknownTopicPartitionErrorOnTxnOffsetCommit" classname="org.apache.kafka.clients.producer.internals.TransactionManagerTest" time="0.001"/>
  <testcase name="testCancelUnsentAddPartitionsAndProduceOnAbort" classname="org.apache.kafka.clients.producer.internals.TransactionManagerTest" time="0.001"/>
  <testcase name="testMaybeAddPartitionToTransactionBeforeBeginTransaction" classname="org.apache.kafka.clients.producer.internals.TransactionManagerTest" time="0.001"/>
  <testcase name="resendFailedProduceRequestAfterAbortableError" classname="org.apache.kafka.clients.producer.internals.TransactionManagerTest" time="0.003"/>
  <testcase name="testUnsupportedForMessageFormatInTxnOffsetCommit" classname="org.apache.kafka.clients.producer.internals.TransactionManagerTest" time="0.002"/>
  <testcase name="testAddPartitionToTransactionRetainsRetryBackoffWhenPartitionsAlreadyAdded" classname="org.apache.kafka.clients.producer.internals.TransactionManagerTest" time="0.001"/>
  <testcase name="testRetryAbortTransaction" classname="org.apache.kafka.clients.producer.internals.TransactionManagerTest" time="1.004"/>
  <testcase name="testFailIfNotReadyForSendIdempotentProducer" classname="org.apache.kafka.clients.producer.internals.TransactionManagerTest" time="0.001"/>
  <testcase name="testFailIfNotReadyForSendNoOngoingTransaction" classname="org.apache.kafka.clients.producer.internals.TransactionManagerTest" time="0.001"/>
  <testcase name="testRetryAbortTransactionAfterCommitTimeout" classname="org.apache.kafka.clients.producer.internals.TransactionManagerTest" time="1.003"/>
  <testcase name="testTransactionalIdAuthorizationFailureInTxnOffsetCommit" classname="org.apache.kafka.clients.producer.internals.TransactionManagerTest" time="0.002"/>
  <testcase name="testUnsupportedInitTransactions" classname="org.apache.kafka.clients.producer.internals.TransactionManagerTest" time="0.002"/>
  <testcase name="testHasOngoingTransactionSuccessfulCommit" classname="org.apache.kafka.clients.producer.internals.TransactionManagerTest" time="0.001"/>
  <testcase name="testProducerIdResetAfterLastInFlightBatchFails" classname="org.apache.kafka.clients.producer.internals.TransactionManagerTest" time="0.002"/>
  <testcase name="testRetryCommitTransactionAfterAbortTimeout" classname="org.apache.kafka.clients.producer.internals.TransactionManagerTest" time="1.003"/>
  <testcase name="testIsSendToPartitionAllowedWithAddedPartitionAfterFatalError" classname="org.apache.kafka.clients.producer.internals.TransactionManagerTest" time="0.002"/>
  <testcase name="testSequenceNumberOverflow" classname="org.apache.kafka.clients.producer.internals.TransactionManagerTest" time="0.001"/>
  <testcase name="testHandlingOfUnknownTopicPartitionErrorOnAddPartitions" classname="org.apache.kafka.clients.producer.internals.TransactionManagerTest" time="0.002"/>
  <testcase name="testFlushPendingPartitionsOnCommit" classname="org.apache.kafka.clients.producer.internals.TransactionManagerTest" time="0.002"/>
  <testcase name="testUnsupportedFindCoordinator" classname="org.apache.kafka.clients.producer.internals.TransactionManagerTest" time="0.002"/>
  <testcase name="testNoDrainWhenPartitionsPending" classname="org.apache.kafka.clients.producer.internals.TransactionManagerTest" time="0.001"/>
  <testcase name="testSenderShutdownWithPendingTransactions" classname="org.apache.kafka.clients.producer.internals.TransactionManagerTest" time="0.002"/>
  <testcase name="shouldNotSendAbortTxnRequestWhenOnlyAddOffsetsRequestFailed" classname="org.apache.kafka.clients.producer.internals.TransactionManagerTest" time="0.001"/>
  <testcase name="testRecoveryFromAbortableErrorTransactionNotStarted" classname="org.apache.kafka.clients.producer.internals.TransactionManagerTest" time="0.002"/>
  <testcase name="testAddPartitionToTransactionRetainsRetryBackoffForRegularRetriableError" classname="org.apache.kafka.clients.producer.internals.TransactionManagerTest" time="0.001"/>
  <testcase name="testResetProducerIdAfterWithoutPendingInflightRequests" classname="org.apache.kafka.clients.producer.internals.TransactionManagerTest" time="0.001"/>
  <testcase name="testNoProducerIdResetAfterLastInFlightBatchSucceeds" classname="org.apache.kafka.clients.producer.internals.TransactionManagerTest" time="0.001"/>
  <testcase name="testCommitTransactionWithInFlightProduceRequest" classname="org.apache.kafka.clients.producer.internals.TransactionManagerTest" time="0.001"/>
  <testcase name="testRecoveryFromAbortableErrorProduceRequestInRetry" classname="org.apache.kafka.clients.producer.internals.TransactionManagerTest" time="0.003"/>
  <testcase name="testGroupAuthorizationFailureInTxnOffsetCommit" classname="org.apache.kafka.clients.producer.internals.TransactionManagerTest" time="0.001"/>
  <testcase name="testAbortableErrorWhileAbortInProgress" classname="org.apache.kafka.clients.producer.internals.TransactionManagerTest" time="0.002"/>
  <testcase name="testBasicTransaction" classname="org.apache.kafka.clients.producer.internals.TransactionManagerTest" time="0.002"/>
  <testcase name="testProducerIdReset" classname="org.apache.kafka.clients.producer.internals.TransactionManagerTest" time="0.001"/>
  <testcase name="testCommitWithTopicAuthorizationFailureInAddPartitionsInFlight" classname="org.apache.kafka.clients.producer.internals.TransactionManagerTest" time="0.003"/>
  <testcase name="testAbortResendsProduceRequestIfRetried" classname="org.apache.kafka.clients.producer.internals.TransactionManagerTest" time="0.003"/>
  <testcase name="testHasOngoingTransactionSuccessfulAbort" classname="org.apache.kafka.clients.producer.internals.TransactionManagerTest" time="0.001"/>
  <testcase name="testFindCoordinatorAllowedInAbortableErrorState" classname="org.apache.kafka.clients.producer.internals.TransactionManagerTest" time="0.001"/>
  <testcase name="testResetSequenceNumbersAfterUnknownProducerId" classname="org.apache.kafka.clients.producer.internals.TransactionManagerTest" time="0.004"/>
  <testcase name="testTransactionalIdAuthorizationFailureInAddPartitions" classname="org.apache.kafka.clients.producer.internals.TransactionManagerTest" time="0.001"/>
  <testcase name="testDisconnectAndRetry" classname="org.apache.kafka.clients.producer.internals.TransactionManagerTest" time="0.001"/>
  <testcase name="testHasOngoingTransactionFatalError" classname="org.apache.kafka.clients.producer.internals.TransactionManagerTest" time="0.002"/>
  <testcase name="testEndTxnNotSentIfIncompleteBatches" classname="org.apache.kafka.clients.producer.internals.TransactionManagerTest" time="0.002"/>
  <system-out><![CDATA[]]></system-out>
  <system-err><![CDATA[]]></system-err>
</testsuite>
