<?xml version="1.0" encoding="UTF-8"?>
<testsuite name="org.apache.kafka.common.record.MemoryRecordsBuilderTest" tests="270" skipped="24" failures="0" errors="0" timestamp="2020-01-15T02:08:46" hostname="localhost" time="2.34">
  <properties/>
  <testcase name="testWriteEndTxnMarkerNonControlBatch[bufferOffset=0, compression=NONE]" classname="org.apache.kafka.common.record.MemoryRecordsBuilderTest" time="0.003"/>
  <testcase name="convertV2ToV1UsingMixedCreateAndLogAppendTime[bufferOffset=0, compression=NONE]" classname="org.apache.kafka.common.record.MemoryRecordsBuilderTest" time="0.004"/>
  <testcase name="shouldThrowIllegalStateExceptionOnBuildWhenAborted[bufferOffset=0, compression=NONE]" classname="org.apache.kafka.common.record.MemoryRecordsBuilderTest" time="0.002"/>
  <testcase name="buildUsingCreateTime[bufferOffset=0, compression=NONE]" classname="org.apache.kafka.common.record.MemoryRecordsBuilderTest" time="0.0"/>
  <testcase name="testWriteIdempotentWithInvalidEpoch[bufferOffset=0, compression=NONE]" classname="org.apache.kafka.common.record.MemoryRecordsBuilderTest" time="0.001"/>
  <testcase name="testCompressionRateV0[bufferOffset=0, compression=NONE]" classname="org.apache.kafka.common.record.MemoryRecordsBuilderTest" time="0.0"/>
  <testcase name="testCompressionRateV1[bufferOffset=0, compression=NONE]" classname="org.apache.kafka.common.record.MemoryRecordsBuilderTest" time="0.0"/>
  <testcase name="testWriteEndTxnMarkerNonTransactionalBatch[bufferOffset=0, compression=NONE]" classname="org.apache.kafka.common.record.MemoryRecordsBuilderTest" time="0.0"/>
  <testcase name="buildUsingLogAppendTime[bufferOffset=0, compression=NONE]" classname="org.apache.kafka.common.record.MemoryRecordsBuilderTest" time="0.001"/>
  <testcase name="testWriteTransactionalRecordSet[bufferOffset=0, compression=NONE]" classname="org.apache.kafka.common.record.MemoryRecordsBuilderTest" time="0.0"/>
  <testcase name="testWriteTransactionalWithInvalidPID[bufferOffset=0, compression=NONE]" classname="org.apache.kafka.common.record.MemoryRecordsBuilderTest" time="0.0"/>
  <testcase name="testAppendedChecksumConsistency[bufferOffset=0, compression=NONE]" classname="org.apache.kafka.common.record.MemoryRecordsBuilderTest" time="0.0"/>
  <testcase name="testWriteIdempotentWithInvalidBaseSequence[bufferOffset=0, compression=NONE]" classname="org.apache.kafka.common.record.MemoryRecordsBuilderTest" time="0.003"/>
  <testcase name="convertToV1WithMixedV0AndV2Data[bufferOffset=0, compression=NONE]" classname="org.apache.kafka.common.record.MemoryRecordsBuilderTest" time="0.001"/>
  <testcase name="testWriteEmptyRecordSet[bufferOffset=0, compression=NONE]" classname="org.apache.kafka.common.record.MemoryRecordsBuilderTest" time="0.002"/>
  <testcase name="testEstimatedSizeInBytes[bufferOffset=0, compression=NONE]" classname="org.apache.kafka.common.record.MemoryRecordsBuilderTest" time="0.001"/>
  <testcase name="testWriteControlBatchNotAllowedMagicV0[bufferOffset=0, compression=NONE]" classname="org.apache.kafka.common.record.MemoryRecordsBuilderTest" time="0.0"/>
  <testcase name="testWriteControlBatchNotAllowedMagicV1[bufferOffset=0, compression=NONE]" classname="org.apache.kafka.common.record.MemoryRecordsBuilderTest" time="0.0"/>
  <testcase name="shouldThrowIllegalStateExceptionOnCloseWhenAborted[bufferOffset=0, compression=NONE]" classname="org.apache.kafka.common.record.MemoryRecordsBuilderTest" time="0.0"/>
  <testcase name="shouldThrowIllegalStateExceptionOnAppendWhenAborted[bufferOffset=0, compression=NONE]" classname="org.apache.kafka.common.record.MemoryRecordsBuilderTest" time="0.0"/>
  <testcase name="testBuffersDereferencedOnClose[bufferOffset=0, compression=NONE]" classname="org.apache.kafka.common.record.MemoryRecordsBuilderTest" time="0.186"/>
  <testcase name="testSmallWriteLimit[bufferOffset=0, compression=NONE]" classname="org.apache.kafka.common.record.MemoryRecordsBuilderTest" time="0.0"/>
  <testcase name="shouldResetBufferToInitialPositionOnAbort[bufferOffset=0, compression=NONE]" classname="org.apache.kafka.common.record.MemoryRecordsBuilderTest" time="0.0"/>
  <testcase name="testWriteTransactionalNotAllowedMagicV0[bufferOffset=0, compression=NONE]" classname="org.apache.kafka.common.record.MemoryRecordsBuilderTest" time="0.001"/>
  <testcase name="testWriteTransactionalNotAllowedMagicV1[bufferOffset=0, compression=NONE]" classname="org.apache.kafka.common.record.MemoryRecordsBuilderTest" time="0.0"/>
  <testcase name="writePastLimit[bufferOffset=0, compression=NONE]" classname="org.apache.kafka.common.record.MemoryRecordsBuilderTest" time="0.0"/>
  <testcase name="testAppendAtInvalidOffset[bufferOffset=0, compression=NONE]" classname="org.apache.kafka.common.record.MemoryRecordsBuilderTest" time="0.0"/>
  <testcase name="testWriteEndTxnMarkerNonControlBatch[bufferOffset=0, compression=GZIP]" classname="org.apache.kafka.common.record.MemoryRecordsBuilderTest" time="0.0"/>
  <testcase name="convertV2ToV1UsingMixedCreateAndLogAppendTime[bufferOffset=0, compression=GZIP]" classname="org.apache.kafka.common.record.MemoryRecordsBuilderTest" time="0.001"/>
  <testcase name="shouldThrowIllegalStateExceptionOnBuildWhenAborted[bufferOffset=0, compression=GZIP]" classname="org.apache.kafka.common.record.MemoryRecordsBuilderTest" time="0.0"/>
  <testcase name="buildUsingCreateTime[bufferOffset=0, compression=GZIP]" classname="org.apache.kafka.common.record.MemoryRecordsBuilderTest" time="0.001"/>
  <testcase name="testWriteIdempotentWithInvalidEpoch[bufferOffset=0, compression=GZIP]" classname="org.apache.kafka.common.record.MemoryRecordsBuilderTest" time="0.0"/>
  <testcase name="testCompressionRateV0[bufferOffset=0, compression=GZIP]" classname="org.apache.kafka.common.record.MemoryRecordsBuilderTest" time="0.001"/>
  <testcase name="testCompressionRateV1[bufferOffset=0, compression=GZIP]" classname="org.apache.kafka.common.record.MemoryRecordsBuilderTest" time="0.0"/>
  <testcase name="testWriteEndTxnMarkerNonTransactionalBatch[bufferOffset=0, compression=GZIP]" classname="org.apache.kafka.common.record.MemoryRecordsBuilderTest" time="0.0"/>
  <testcase name="buildUsingLogAppendTime[bufferOffset=0, compression=GZIP]" classname="org.apache.kafka.common.record.MemoryRecordsBuilderTest" time="0.0"/>
  <testcase name="testWriteTransactionalRecordSet[bufferOffset=0, compression=GZIP]" classname="org.apache.kafka.common.record.MemoryRecordsBuilderTest" time="0.001"/>
  <testcase name="testWriteTransactionalWithInvalidPID[bufferOffset=0, compression=GZIP]" classname="org.apache.kafka.common.record.MemoryRecordsBuilderTest" time="0.0"/>
  <testcase name="testAppendedChecksumConsistency[bufferOffset=0, compression=GZIP]" classname="org.apache.kafka.common.record.MemoryRecordsBuilderTest" time="0.002"/>
  <testcase name="testWriteIdempotentWithInvalidBaseSequence[bufferOffset=0, compression=GZIP]" classname="org.apache.kafka.common.record.MemoryRecordsBuilderTest" time="0.0"/>
  <testcase name="convertToV1WithMixedV0AndV2Data[bufferOffset=0, compression=GZIP]" classname="org.apache.kafka.common.record.MemoryRecordsBuilderTest" time="0.002"/>
  <testcase name="testWriteEmptyRecordSet[bufferOffset=0, compression=GZIP]" classname="org.apache.kafka.common.record.MemoryRecordsBuilderTest" time="0.0"/>
  <testcase name="testEstimatedSizeInBytes[bufferOffset=0, compression=GZIP]" classname="org.apache.kafka.common.record.MemoryRecordsBuilderTest" time="0.001"/>
  <testcase name="testWriteControlBatchNotAllowedMagicV0[bufferOffset=0, compression=GZIP]" classname="org.apache.kafka.common.record.MemoryRecordsBuilderTest" time="0.0"/>
  <testcase name="testWriteControlBatchNotAllowedMagicV1[bufferOffset=0, compression=GZIP]" classname="org.apache.kafka.common.record.MemoryRecordsBuilderTest" time="0.0"/>
  <testcase name="shouldThrowIllegalStateExceptionOnCloseWhenAborted[bufferOffset=0, compression=GZIP]" classname="org.apache.kafka.common.record.MemoryRecordsBuilderTest" time="0.0"/>
  <testcase name="shouldThrowIllegalStateExceptionOnAppendWhenAborted[bufferOffset=0, compression=GZIP]" classname="org.apache.kafka.common.record.MemoryRecordsBuilderTest" time="0.0"/>
  <testcase name="testBuffersDereferencedOnClose[bufferOffset=0, compression=GZIP]" classname="org.apache.kafka.common.record.MemoryRecordsBuilderTest" time="0.207"/>
  <testcase name="testSmallWriteLimit[bufferOffset=0, compression=GZIP]" classname="org.apache.kafka.common.record.MemoryRecordsBuilderTest" time="0.0"/>
  <testcase name="shouldResetBufferToInitialPositionOnAbort[bufferOffset=0, compression=GZIP]" classname="org.apache.kafka.common.record.MemoryRecordsBuilderTest" time="0.001"/>
  <testcase name="testWriteTransactionalNotAllowedMagicV0[bufferOffset=0, compression=GZIP]" classname="org.apache.kafka.common.record.MemoryRecordsBuilderTest" time="0.0"/>
  <testcase name="testWriteTransactionalNotAllowedMagicV1[bufferOffset=0, compression=GZIP]" classname="org.apache.kafka.common.record.MemoryRecordsBuilderTest" time="0.0"/>
  <testcase name="writePastLimit[bufferOffset=0, compression=GZIP]" classname="org.apache.kafka.common.record.MemoryRecordsBuilderTest" time="0.001"/>
  <testcase name="testAppendAtInvalidOffset[bufferOffset=0, compression=GZIP]" classname="org.apache.kafka.common.record.MemoryRecordsBuilderTest" time="0.0"/>
  <testcase name="testWriteEndTxnMarkerNonControlBatch[bufferOffset=0, compression=SNAPPY]" classname="org.apache.kafka.common.record.MemoryRecordsBuilderTest" time="0.0"/>
  <testcase name="convertV2ToV1UsingMixedCreateAndLogAppendTime[bufferOffset=0, compression=SNAPPY]" classname="org.apache.kafka.common.record.MemoryRecordsBuilderTest" time="0.001"/>
  <testcase name="shouldThrowIllegalStateExceptionOnBuildWhenAborted[bufferOffset=0, compression=SNAPPY]" classname="org.apache.kafka.common.record.MemoryRecordsBuilderTest" time="0.0"/>
  <testcase name="buildUsingCreateTime[bufferOffset=0, compression=SNAPPY]" classname="org.apache.kafka.common.record.MemoryRecordsBuilderTest" time="0.0"/>
  <testcase name="testWriteIdempotentWithInvalidEpoch[bufferOffset=0, compression=SNAPPY]" classname="org.apache.kafka.common.record.MemoryRecordsBuilderTest" time="0.0"/>
  <testcase name="testCompressionRateV0[bufferOffset=0, compression=SNAPPY]" classname="org.apache.kafka.common.record.MemoryRecordsBuilderTest" time="0.001"/>
  <testcase name="testCompressionRateV1[bufferOffset=0, compression=SNAPPY]" classname="org.apache.kafka.common.record.MemoryRecordsBuilderTest" time="0.001"/>
  <testcase name="testWriteEndTxnMarkerNonTransactionalBatch[bufferOffset=0, compression=SNAPPY]" classname="org.apache.kafka.common.record.MemoryRecordsBuilderTest" time="0.001"/>
  <testcase name="buildUsingLogAppendTime[bufferOffset=0, compression=SNAPPY]" classname="org.apache.kafka.common.record.MemoryRecordsBuilderTest" time="0.0"/>
  <testcase name="testWriteTransactionalRecordSet[bufferOffset=0, compression=SNAPPY]" classname="org.apache.kafka.common.record.MemoryRecordsBuilderTest" time="0.001"/>
  <testcase name="testWriteTransactionalWithInvalidPID[bufferOffset=0, compression=SNAPPY]" classname="org.apache.kafka.common.record.MemoryRecordsBuilderTest" time="0.001"/>
  <testcase name="testAppendedChecksumConsistency[bufferOffset=0, compression=SNAPPY]" classname="org.apache.kafka.common.record.MemoryRecordsBuilderTest" time="0.001"/>
  <testcase name="testWriteIdempotentWithInvalidBaseSequence[bufferOffset=0, compression=SNAPPY]" classname="org.apache.kafka.common.record.MemoryRecordsBuilderTest" time="0.001"/>
  <testcase name="convertToV1WithMixedV0AndV2Data[bufferOffset=0, compression=SNAPPY]" classname="org.apache.kafka.common.record.MemoryRecordsBuilderTest" time="0.001"/>
  <testcase name="testWriteEmptyRecordSet[bufferOffset=0, compression=SNAPPY]" classname="org.apache.kafka.common.record.MemoryRecordsBuilderTest" time="0.0"/>
  <testcase name="testEstimatedSizeInBytes[bufferOffset=0, compression=SNAPPY]" classname="org.apache.kafka.common.record.MemoryRecordsBuilderTest" time="0.001"/>
  <testcase name="testWriteControlBatchNotAllowedMagicV0[bufferOffset=0, compression=SNAPPY]" classname="org.apache.kafka.common.record.MemoryRecordsBuilderTest" time="0.0"/>
  <testcase name="testWriteControlBatchNotAllowedMagicV1[bufferOffset=0, compression=SNAPPY]" classname="org.apache.kafka.common.record.MemoryRecordsBuilderTest" time="0.0"/>
  <testcase name="shouldThrowIllegalStateExceptionOnCloseWhenAborted[bufferOffset=0, compression=SNAPPY]" classname="org.apache.kafka.common.record.MemoryRecordsBuilderTest" time="0.0"/>
  <testcase name="shouldThrowIllegalStateExceptionOnAppendWhenAborted[bufferOffset=0, compression=SNAPPY]" classname="org.apache.kafka.common.record.MemoryRecordsBuilderTest" time="0.0"/>
  <testcase name="testBuffersDereferencedOnClose[bufferOffset=0, compression=SNAPPY]" classname="org.apache.kafka.common.record.MemoryRecordsBuilderTest" time="0.354"/>
  <testcase name="testSmallWriteLimit[bufferOffset=0, compression=SNAPPY]" classname="org.apache.kafka.common.record.MemoryRecordsBuilderTest" time="0.001"/>
  <testcase name="shouldResetBufferToInitialPositionOnAbort[bufferOffset=0, compression=SNAPPY]" classname="org.apache.kafka.common.record.MemoryRecordsBuilderTest" time="0.0"/>
  <testcase name="testWriteTransactionalNotAllowedMagicV0[bufferOffset=0, compression=SNAPPY]" classname="org.apache.kafka.common.record.MemoryRecordsBuilderTest" time="0.0"/>
  <testcase name="testWriteTransactionalNotAllowedMagicV1[bufferOffset=0, compression=SNAPPY]" classname="org.apache.kafka.common.record.MemoryRecordsBuilderTest" time="0.0"/>
  <testcase name="writePastLimit[bufferOffset=0, compression=SNAPPY]" classname="org.apache.kafka.common.record.MemoryRecordsBuilderTest" time="0.001"/>
  <testcase name="testAppendAtInvalidOffset[bufferOffset=0, compression=SNAPPY]" classname="org.apache.kafka.common.record.MemoryRecordsBuilderTest" time="0.0"/>
  <testcase name="testWriteEndTxnMarkerNonControlBatch[bufferOffset=0, compression=LZ4]" classname="org.apache.kafka.common.record.MemoryRecordsBuilderTest" time="0.0"/>
  <testcase name="convertV2ToV1UsingMixedCreateAndLogAppendTime[bufferOffset=0, compression=LZ4]" classname="org.apache.kafka.common.record.MemoryRecordsBuilderTest" time="0.001"/>
  <testcase name="shouldThrowIllegalStateExceptionOnBuildWhenAborted[bufferOffset=0, compression=LZ4]" classname="org.apache.kafka.common.record.MemoryRecordsBuilderTest" time="0.0"/>
  <testcase name="buildUsingCreateTime[bufferOffset=0, compression=LZ4]" classname="org.apache.kafka.common.record.MemoryRecordsBuilderTest" time="0.001"/>
  <testcase name="testWriteIdempotentWithInvalidEpoch[bufferOffset=0, compression=LZ4]" classname="org.apache.kafka.common.record.MemoryRecordsBuilderTest" time="0.0"/>
  <testcase name="testCompressionRateV0[bufferOffset=0, compression=LZ4]" classname="org.apache.kafka.common.record.MemoryRecordsBuilderTest" time="0.0"/>
  <testcase name="testCompressionRateV1[bufferOffset=0, compression=LZ4]" classname="org.apache.kafka.common.record.MemoryRecordsBuilderTest" time="0.0"/>
  <testcase name="testWriteEndTxnMarkerNonTransactionalBatch[bufferOffset=0, compression=LZ4]" classname="org.apache.kafka.common.record.MemoryRecordsBuilderTest" time="0.0"/>
  <testcase name="buildUsingLogAppendTime[bufferOffset=0, compression=LZ4]" classname="org.apache.kafka.common.record.MemoryRecordsBuilderTest" time="0.001"/>
  <testcase name="testWriteTransactionalRecordSet[bufferOffset=0, compression=LZ4]" classname="org.apache.kafka.common.record.MemoryRecordsBuilderTest" time="0.0"/>
  <testcase name="testWriteTransactionalWithInvalidPID[bufferOffset=0, compression=LZ4]" classname="org.apache.kafka.common.record.MemoryRecordsBuilderTest" time="0.0"/>
  <testcase name="testAppendedChecksumConsistency[bufferOffset=0, compression=LZ4]" classname="org.apache.kafka.common.record.MemoryRecordsBuilderTest" time="0.001"/>
  <testcase name="testWriteIdempotentWithInvalidBaseSequence[bufferOffset=0, compression=LZ4]" classname="org.apache.kafka.common.record.MemoryRecordsBuilderTest" time="0.0"/>
  <testcase name="convertToV1WithMixedV0AndV2Data[bufferOffset=0, compression=LZ4]" classname="org.apache.kafka.common.record.MemoryRecordsBuilderTest" time="0.001"/>
  <testcase name="testWriteEmptyRecordSet[bufferOffset=0, compression=LZ4]" classname="org.apache.kafka.common.record.MemoryRecordsBuilderTest" time="0.0"/>
  <testcase name="testEstimatedSizeInBytes[bufferOffset=0, compression=LZ4]" classname="org.apache.kafka.common.record.MemoryRecordsBuilderTest" time="0.0"/>
  <testcase name="testWriteControlBatchNotAllowedMagicV0[bufferOffset=0, compression=LZ4]" classname="org.apache.kafka.common.record.MemoryRecordsBuilderTest" time="0.0"/>
  <testcase name="testWriteControlBatchNotAllowedMagicV1[bufferOffset=0, compression=LZ4]" classname="org.apache.kafka.common.record.MemoryRecordsBuilderTest" time="0.0"/>
  <testcase name="shouldThrowIllegalStateExceptionOnCloseWhenAborted[bufferOffset=0, compression=LZ4]" classname="org.apache.kafka.common.record.MemoryRecordsBuilderTest" time="0.0"/>
  <testcase name="shouldThrowIllegalStateExceptionOnAppendWhenAborted[bufferOffset=0, compression=LZ4]" classname="org.apache.kafka.common.record.MemoryRecordsBuilderTest" time="0.0"/>
  <testcase name="testBuffersDereferencedOnClose[bufferOffset=0, compression=LZ4]" classname="org.apache.kafka.common.record.MemoryRecordsBuilderTest" time="0.23"/>
  <testcase name="testSmallWriteLimit[bufferOffset=0, compression=LZ4]" classname="org.apache.kafka.common.record.MemoryRecordsBuilderTest" time="0.001"/>
  <testcase name="shouldResetBufferToInitialPositionOnAbort[bufferOffset=0, compression=LZ4]" classname="org.apache.kafka.common.record.MemoryRecordsBuilderTest" time="0.0"/>
  <testcase name="testWriteTransactionalNotAllowedMagicV0[bufferOffset=0, compression=LZ4]" classname="org.apache.kafka.common.record.MemoryRecordsBuilderTest" time="0.0"/>
  <testcase name="testWriteTransactionalNotAllowedMagicV1[bufferOffset=0, compression=LZ4]" classname="org.apache.kafka.common.record.MemoryRecordsBuilderTest" time="0.0"/>
  <testcase name="writePastLimit[bufferOffset=0, compression=LZ4]" classname="org.apache.kafka.common.record.MemoryRecordsBuilderTest" time="0.0"/>
  <testcase name="testAppendAtInvalidOffset[bufferOffset=0, compression=LZ4]" classname="org.apache.kafka.common.record.MemoryRecordsBuilderTest" time="0.001"/>
  <testcase name="testWriteEndTxnMarkerNonControlBatch[bufferOffset=0, compression=ZSTD]" classname="org.apache.kafka.common.record.MemoryRecordsBuilderTest" time="0.0"/>
  <testcase name="convertV2ToV1UsingMixedCreateAndLogAppendTime[bufferOffset=0, compression=ZSTD]" classname="org.apache.kafka.common.record.MemoryRecordsBuilderTest" time="0.001"/>
  <testcase name="shouldThrowIllegalStateExceptionOnBuildWhenAborted[bufferOffset=0, compression=ZSTD]" classname="org.apache.kafka.common.record.MemoryRecordsBuilderTest" time="0.001">
    <skipped/>
  </testcase>
  <testcase name="buildUsingCreateTime[bufferOffset=0, compression=ZSTD]" classname="org.apache.kafka.common.record.MemoryRecordsBuilderTest" time="0.0">
    <skipped/>
  </testcase>
  <testcase name="testWriteIdempotentWithInvalidEpoch[bufferOffset=0, compression=ZSTD]" classname="org.apache.kafka.common.record.MemoryRecordsBuilderTest" time="0.001"/>
  <testcase name="testCompressionRateV0[bufferOffset=0, compression=ZSTD]" classname="org.apache.kafka.common.record.MemoryRecordsBuilderTest" time="0.0">
    <skipped/>
  </testcase>
  <testcase name="testCompressionRateV1[bufferOffset=0, compression=ZSTD]" classname="org.apache.kafka.common.record.MemoryRecordsBuilderTest" time="0.0">
    <skipped/>
  </testcase>
  <testcase name="testWriteEndTxnMarkerNonTransactionalBatch[bufferOffset=0, compression=ZSTD]" classname="org.apache.kafka.common.record.MemoryRecordsBuilderTest" time="0.0"/>
  <testcase name="buildUsingLogAppendTime[bufferOffset=0, compression=ZSTD]" classname="org.apache.kafka.common.record.MemoryRecordsBuilderTest" time="0.0">
    <skipped/>
  </testcase>
  <testcase name="testWriteTransactionalRecordSet[bufferOffset=0, compression=ZSTD]" classname="org.apache.kafka.common.record.MemoryRecordsBuilderTest" time="0.0"/>
  <testcase name="testWriteTransactionalWithInvalidPID[bufferOffset=0, compression=ZSTD]" classname="org.apache.kafka.common.record.MemoryRecordsBuilderTest" time="0.0"/>
  <testcase name="testAppendedChecksumConsistency[bufferOffset=0, compression=ZSTD]" classname="org.apache.kafka.common.record.MemoryRecordsBuilderTest" time="0.0">
    <skipped/>
  </testcase>
  <testcase name="testWriteIdempotentWithInvalidBaseSequence[bufferOffset=0, compression=ZSTD]" classname="org.apache.kafka.common.record.MemoryRecordsBuilderTest" time="0.0"/>
  <testcase name="convertToV1WithMixedV0AndV2Data[bufferOffset=0, compression=ZSTD]" classname="org.apache.kafka.common.record.MemoryRecordsBuilderTest" time="0.0">
    <skipped/>
  </testcase>
  <testcase name="testWriteEmptyRecordSet[bufferOffset=0, compression=ZSTD]" classname="org.apache.kafka.common.record.MemoryRecordsBuilderTest" time="0.0">
    <skipped/>
  </testcase>
  <testcase name="testEstimatedSizeInBytes[bufferOffset=0, compression=ZSTD]" classname="org.apache.kafka.common.record.MemoryRecordsBuilderTest" time="0.001"/>
  <testcase name="testWriteControlBatchNotAllowedMagicV0[bufferOffset=0, compression=ZSTD]" classname="org.apache.kafka.common.record.MemoryRecordsBuilderTest" time="0.0"/>
  <testcase name="testWriteControlBatchNotAllowedMagicV1[bufferOffset=0, compression=ZSTD]" classname="org.apache.kafka.common.record.MemoryRecordsBuilderTest" time="0.0"/>
  <testcase name="shouldThrowIllegalStateExceptionOnCloseWhenAborted[bufferOffset=0, compression=ZSTD]" classname="org.apache.kafka.common.record.MemoryRecordsBuilderTest" time="0.0">
    <skipped/>
  </testcase>
  <testcase name="shouldThrowIllegalStateExceptionOnAppendWhenAborted[bufferOffset=0, compression=ZSTD]" classname="org.apache.kafka.common.record.MemoryRecordsBuilderTest" time="0.0">
    <skipped/>
  </testcase>
  <testcase name="testBuffersDereferencedOnClose[bufferOffset=0, compression=ZSTD]" classname="org.apache.kafka.common.record.MemoryRecordsBuilderTest" time="0.27"/>
  <testcase name="testSmallWriteLimit[bufferOffset=0, compression=ZSTD]" classname="org.apache.kafka.common.record.MemoryRecordsBuilderTest" time="0.001"/>
  <testcase name="shouldResetBufferToInitialPositionOnAbort[bufferOffset=0, compression=ZSTD]" classname="org.apache.kafka.common.record.MemoryRecordsBuilderTest" time="0.0">
    <skipped/>
  </testcase>
  <testcase name="testWriteTransactionalNotAllowedMagicV0[bufferOffset=0, compression=ZSTD]" classname="org.apache.kafka.common.record.MemoryRecordsBuilderTest" time="0.0"/>
  <testcase name="testWriteTransactionalNotAllowedMagicV1[bufferOffset=0, compression=ZSTD]" classname="org.apache.kafka.common.record.MemoryRecordsBuilderTest" time="0.0"/>
  <testcase name="writePastLimit[bufferOffset=0, compression=ZSTD]" classname="org.apache.kafka.common.record.MemoryRecordsBuilderTest" time="0.0">
    <skipped/>
  </testcase>
  <testcase name="testAppendAtInvalidOffset[bufferOffset=0, compression=ZSTD]" classname="org.apache.kafka.common.record.MemoryRecordsBuilderTest" time="0.0"/>
  <testcase name="testWriteEndTxnMarkerNonControlBatch[bufferOffset=15, compression=NONE]" classname="org.apache.kafka.common.record.MemoryRecordsBuilderTest" time="0.001"/>
  <testcase name="convertV2ToV1UsingMixedCreateAndLogAppendTime[bufferOffset=15, compression=NONE]" classname="org.apache.kafka.common.record.MemoryRecordsBuilderTest" time="0.0"/>
  <testcase name="shouldThrowIllegalStateExceptionOnBuildWhenAborted[bufferOffset=15, compression=NONE]" classname="org.apache.kafka.common.record.MemoryRecordsBuilderTest" time="0.001"/>
  <testcase name="buildUsingCreateTime[bufferOffset=15, compression=NONE]" classname="org.apache.kafka.common.record.MemoryRecordsBuilderTest" time="0.0"/>
  <testcase name="testWriteIdempotentWithInvalidEpoch[bufferOffset=15, compression=NONE]" classname="org.apache.kafka.common.record.MemoryRecordsBuilderTest" time="0.0"/>
  <testcase name="testCompressionRateV0[bufferOffset=15, compression=NONE]" classname="org.apache.kafka.common.record.MemoryRecordsBuilderTest" time="0.001"/>
  <testcase name="testCompressionRateV1[bufferOffset=15, compression=NONE]" classname="org.apache.kafka.common.record.MemoryRecordsBuilderTest" time="0.0"/>
  <testcase name="testWriteEndTxnMarkerNonTransactionalBatch[bufferOffset=15, compression=NONE]" classname="org.apache.kafka.common.record.MemoryRecordsBuilderTest" time="0.0"/>
  <testcase name="buildUsingLogAppendTime[bufferOffset=15, compression=NONE]" classname="org.apache.kafka.common.record.MemoryRecordsBuilderTest" time="0.0"/>
  <testcase name="testWriteTransactionalRecordSet[bufferOffset=15, compression=NONE]" classname="org.apache.kafka.common.record.MemoryRecordsBuilderTest" time="0.0"/>
  <testcase name="testWriteTransactionalWithInvalidPID[bufferOffset=15, compression=NONE]" classname="org.apache.kafka.common.record.MemoryRecordsBuilderTest" time="0.0"/>
  <testcase name="testAppendedChecksumConsistency[bufferOffset=15, compression=NONE]" classname="org.apache.kafka.common.record.MemoryRecordsBuilderTest" time="0.0"/>
  <testcase name="testWriteIdempotentWithInvalidBaseSequence[bufferOffset=15, compression=NONE]" classname="org.apache.kafka.common.record.MemoryRecordsBuilderTest" time="0.0"/>
  <testcase name="convertToV1WithMixedV0AndV2Data[bufferOffset=15, compression=NONE]" classname="org.apache.kafka.common.record.MemoryRecordsBuilderTest" time="0.001"/>
  <testcase name="testWriteEmptyRecordSet[bufferOffset=15, compression=NONE]" classname="org.apache.kafka.common.record.MemoryRecordsBuilderTest" time="0.0"/>
  <testcase name="testEstimatedSizeInBytes[bufferOffset=15, compression=NONE]" classname="org.apache.kafka.common.record.MemoryRecordsBuilderTest" time="0.0"/>
  <testcase name="testWriteControlBatchNotAllowedMagicV0[bufferOffset=15, compression=NONE]" classname="org.apache.kafka.common.record.MemoryRecordsBuilderTest" time="0.0"/>
  <testcase name="testWriteControlBatchNotAllowedMagicV1[bufferOffset=15, compression=NONE]" classname="org.apache.kafka.common.record.MemoryRecordsBuilderTest" time="0.001"/>
  <testcase name="shouldThrowIllegalStateExceptionOnCloseWhenAborted[bufferOffset=15, compression=NONE]" classname="org.apache.kafka.common.record.MemoryRecordsBuilderTest" time="0.0"/>
  <testcase name="shouldThrowIllegalStateExceptionOnAppendWhenAborted[bufferOffset=15, compression=NONE]" classname="org.apache.kafka.common.record.MemoryRecordsBuilderTest" time="0.0"/>
  <testcase name="testBuffersDereferencedOnClose[bufferOffset=15, compression=NONE]" classname="org.apache.kafka.common.record.MemoryRecordsBuilderTest" time="0.203"/>
  <testcase name="testSmallWriteLimit[bufferOffset=15, compression=NONE]" classname="org.apache.kafka.common.record.MemoryRecordsBuilderTest" time="0.0"/>
  <testcase name="shouldResetBufferToInitialPositionOnAbort[bufferOffset=15, compression=NONE]" classname="org.apache.kafka.common.record.MemoryRecordsBuilderTest" time="0.001"/>
  <testcase name="testWriteTransactionalNotAllowedMagicV0[bufferOffset=15, compression=NONE]" classname="org.apache.kafka.common.record.MemoryRecordsBuilderTest" time="0.0"/>
  <testcase name="testWriteTransactionalNotAllowedMagicV1[bufferOffset=15, compression=NONE]" classname="org.apache.kafka.common.record.MemoryRecordsBuilderTest" time="0.0"/>
  <testcase name="writePastLimit[bufferOffset=15, compression=NONE]" classname="org.apache.kafka.common.record.MemoryRecordsBuilderTest" time="0.001"/>
  <testcase name="testAppendAtInvalidOffset[bufferOffset=15, compression=NONE]" classname="org.apache.kafka.common.record.MemoryRecordsBuilderTest" time="0.0"/>
  <testcase name="testWriteEndTxnMarkerNonControlBatch[bufferOffset=15, compression=GZIP]" classname="org.apache.kafka.common.record.MemoryRecordsBuilderTest" time="0.0"/>
  <testcase name="convertV2ToV1UsingMixedCreateAndLogAppendTime[bufferOffset=15, compression=GZIP]" classname="org.apache.kafka.common.record.MemoryRecordsBuilderTest" time="0.001"/>
  <testcase name="shouldThrowIllegalStateExceptionOnBuildWhenAborted[bufferOffset=15, compression=GZIP]" classname="org.apache.kafka.common.record.MemoryRecordsBuilderTest" time="0.0"/>
  <testcase name="buildUsingCreateTime[bufferOffset=15, compression=GZIP]" classname="org.apache.kafka.common.record.MemoryRecordsBuilderTest" time="0.0"/>
  <testcase name="testWriteIdempotentWithInvalidEpoch[bufferOffset=15, compression=GZIP]" classname="org.apache.kafka.common.record.MemoryRecordsBuilderTest" time="0.001"/>
  <testcase name="testCompressionRateV0[bufferOffset=15, compression=GZIP]" classname="org.apache.kafka.common.record.MemoryRecordsBuilderTest" time="0.0"/>
  <testcase name="testCompressionRateV1[bufferOffset=15, compression=GZIP]" classname="org.apache.kafka.common.record.MemoryRecordsBuilderTest" time="0.0"/>
  <testcase name="testWriteEndTxnMarkerNonTransactionalBatch[bufferOffset=15, compression=GZIP]" classname="org.apache.kafka.common.record.MemoryRecordsBuilderTest" time="0.0"/>
  <testcase name="buildUsingLogAppendTime[bufferOffset=15, compression=GZIP]" classname="org.apache.kafka.common.record.MemoryRecordsBuilderTest" time="0.001"/>
  <testcase name="testWriteTransactionalRecordSet[bufferOffset=15, compression=GZIP]" classname="org.apache.kafka.common.record.MemoryRecordsBuilderTest" time="0.0"/>
  <testcase name="testWriteTransactionalWithInvalidPID[bufferOffset=15, compression=GZIP]" classname="org.apache.kafka.common.record.MemoryRecordsBuilderTest" time="0.0"/>
  <testcase name="testAppendedChecksumConsistency[bufferOffset=15, compression=GZIP]" classname="org.apache.kafka.common.record.MemoryRecordsBuilderTest" time="0.001"/>
  <testcase name="testWriteIdempotentWithInvalidBaseSequence[bufferOffset=15, compression=GZIP]" classname="org.apache.kafka.common.record.MemoryRecordsBuilderTest" time="0.0"/>
  <testcase name="convertToV1WithMixedV0AndV2Data[bufferOffset=15, compression=GZIP]" classname="org.apache.kafka.common.record.MemoryRecordsBuilderTest" time="0.002"/>
  <testcase name="testWriteEmptyRecordSet[bufferOffset=15, compression=GZIP]" classname="org.apache.kafka.common.record.MemoryRecordsBuilderTest" time="0.0"/>
  <testcase name="testEstimatedSizeInBytes[bufferOffset=15, compression=GZIP]" classname="org.apache.kafka.common.record.MemoryRecordsBuilderTest" time="0.001"/>
  <testcase name="testWriteControlBatchNotAllowedMagicV0[bufferOffset=15, compression=GZIP]" classname="org.apache.kafka.common.record.MemoryRecordsBuilderTest" time="0.0"/>
  <testcase name="testWriteControlBatchNotAllowedMagicV1[bufferOffset=15, compression=GZIP]" classname="org.apache.kafka.common.record.MemoryRecordsBuilderTest" time="0.0"/>
  <testcase name="shouldThrowIllegalStateExceptionOnCloseWhenAborted[bufferOffset=15, compression=GZIP]" classname="org.apache.kafka.common.record.MemoryRecordsBuilderTest" time="0.0"/>
  <testcase name="shouldThrowIllegalStateExceptionOnAppendWhenAborted[bufferOffset=15, compression=GZIP]" classname="org.apache.kafka.common.record.MemoryRecordsBuilderTest" time="0.0"/>
  <testcase name="testBuffersDereferencedOnClose[bufferOffset=15, compression=GZIP]" classname="org.apache.kafka.common.record.MemoryRecordsBuilderTest" time="0.28"/>
  <testcase name="testSmallWriteLimit[bufferOffset=15, compression=GZIP]" classname="org.apache.kafka.common.record.MemoryRecordsBuilderTest" time="0.0"/>
  <testcase name="shouldResetBufferToInitialPositionOnAbort[bufferOffset=15, compression=GZIP]" classname="org.apache.kafka.common.record.MemoryRecordsBuilderTest" time="0.001"/>
  <testcase name="testWriteTransactionalNotAllowedMagicV0[bufferOffset=15, compression=GZIP]" classname="org.apache.kafka.common.record.MemoryRecordsBuilderTest" time="0.0"/>
  <testcase name="testWriteTransactionalNotAllowedMagicV1[bufferOffset=15, compression=GZIP]" classname="org.apache.kafka.common.record.MemoryRecordsBuilderTest" time="0.0"/>
  <testcase name="writePastLimit[bufferOffset=15, compression=GZIP]" classname="org.apache.kafka.common.record.MemoryRecordsBuilderTest" time="0.0"/>
  <testcase name="testAppendAtInvalidOffset[bufferOffset=15, compression=GZIP]" classname="org.apache.kafka.common.record.MemoryRecordsBuilderTest" time="0.0"/>
  <testcase name="testWriteEndTxnMarkerNonControlBatch[bufferOffset=15, compression=SNAPPY]" classname="org.apache.kafka.common.record.MemoryRecordsBuilderTest" time="0.001"/>
  <testcase name="convertV2ToV1UsingMixedCreateAndLogAppendTime[bufferOffset=15, compression=SNAPPY]" classname="org.apache.kafka.common.record.MemoryRecordsBuilderTest" time="0.0"/>
  <testcase name="shouldThrowIllegalStateExceptionOnBuildWhenAborted[bufferOffset=15, compression=SNAPPY]" classname="org.apache.kafka.common.record.MemoryRecordsBuilderTest" time="0.0"/>
  <testcase name="buildUsingCreateTime[bufferOffset=15, compression=SNAPPY]" classname="org.apache.kafka.common.record.MemoryRecordsBuilderTest" time="0.001"/>
  <testcase name="testWriteIdempotentWithInvalidEpoch[bufferOffset=15, compression=SNAPPY]" classname="org.apache.kafka.common.record.MemoryRecordsBuilderTest" time="0.0"/>
  <testcase name="testCompressionRateV0[bufferOffset=15, compression=SNAPPY]" classname="org.apache.kafka.common.record.MemoryRecordsBuilderTest" time="0.0"/>
  <testcase name="testCompressionRateV1[bufferOffset=15, compression=SNAPPY]" classname="org.apache.kafka.common.record.MemoryRecordsBuilderTest" time="0.0"/>
  <testcase name="testWriteEndTxnMarkerNonTransactionalBatch[bufferOffset=15, compression=SNAPPY]" classname="org.apache.kafka.common.record.MemoryRecordsBuilderTest" time="0.0"/>
  <testcase name="buildUsingLogAppendTime[bufferOffset=15, compression=SNAPPY]" classname="org.apache.kafka.common.record.MemoryRecordsBuilderTest" time="0.001"/>
  <testcase name="testWriteTransactionalRecordSet[bufferOffset=15, compression=SNAPPY]" classname="org.apache.kafka.common.record.MemoryRecordsBuilderTest" time="0.0"/>
  <testcase name="testWriteTransactionalWithInvalidPID[bufferOffset=15, compression=SNAPPY]" classname="org.apache.kafka.common.record.MemoryRecordsBuilderTest" time="0.0"/>
  <testcase name="testAppendedChecksumConsistency[bufferOffset=15, compression=SNAPPY]" classname="org.apache.kafka.common.record.MemoryRecordsBuilderTest" time="0.0"/>
  <testcase name="testWriteIdempotentWithInvalidBaseSequence[bufferOffset=15, compression=SNAPPY]" classname="org.apache.kafka.common.record.MemoryRecordsBuilderTest" time="0.001"/>
  <testcase name="convertToV1WithMixedV0AndV2Data[bufferOffset=15, compression=SNAPPY]" classname="org.apache.kafka.common.record.MemoryRecordsBuilderTest" time="0.002"/>
  <testcase name="testWriteEmptyRecordSet[bufferOffset=15, compression=SNAPPY]" classname="org.apache.kafka.common.record.MemoryRecordsBuilderTest" time="0.0"/>
  <testcase name="testEstimatedSizeInBytes[bufferOffset=15, compression=SNAPPY]" classname="org.apache.kafka.common.record.MemoryRecordsBuilderTest" time="0.001"/>
  <testcase name="testWriteControlBatchNotAllowedMagicV0[bufferOffset=15, compression=SNAPPY]" classname="org.apache.kafka.common.record.MemoryRecordsBuilderTest" time="0.0"/>
  <testcase name="testWriteControlBatchNotAllowedMagicV1[bufferOffset=15, compression=SNAPPY]" classname="org.apache.kafka.common.record.MemoryRecordsBuilderTest" time="0.001"/>
  <testcase name="shouldThrowIllegalStateExceptionOnCloseWhenAborted[bufferOffset=15, compression=SNAPPY]" classname="org.apache.kafka.common.record.MemoryRecordsBuilderTest" time="0.0"/>
  <testcase name="shouldThrowIllegalStateExceptionOnAppendWhenAborted[bufferOffset=15, compression=SNAPPY]" classname="org.apache.kafka.common.record.MemoryRecordsBuilderTest" time="0.0"/>
  <testcase name="testBuffersDereferencedOnClose[bufferOffset=15, compression=SNAPPY]" classname="org.apache.kafka.common.record.MemoryRecordsBuilderTest" time="0.198"/>
  <testcase name="testSmallWriteLimit[bufferOffset=15, compression=SNAPPY]" classname="org.apache.kafka.common.record.MemoryRecordsBuilderTest" time="0.001"/>
  <testcase name="shouldResetBufferToInitialPositionOnAbort[bufferOffset=15, compression=SNAPPY]" classname="org.apache.kafka.common.record.MemoryRecordsBuilderTest" time="0.0"/>
  <testcase name="testWriteTransactionalNotAllowedMagicV0[bufferOffset=15, compression=SNAPPY]" classname="org.apache.kafka.common.record.MemoryRecordsBuilderTest" time="0.001"/>
  <testcase name="testWriteTransactionalNotAllowedMagicV1[bufferOffset=15, compression=SNAPPY]" classname="org.apache.kafka.common.record.MemoryRecordsBuilderTest" time="0.0"/>
  <testcase name="writePastLimit[bufferOffset=15, compression=SNAPPY]" classname="org.apache.kafka.common.record.MemoryRecordsBuilderTest" time="0.001"/>
  <testcase name="testAppendAtInvalidOffset[bufferOffset=15, compression=SNAPPY]" classname="org.apache.kafka.common.record.MemoryRecordsBuilderTest" time="0.0"/>
  <testcase name="testWriteEndTxnMarkerNonControlBatch[bufferOffset=15, compression=LZ4]" classname="org.apache.kafka.common.record.MemoryRecordsBuilderTest" time="0.001"/>
  <testcase name="convertV2ToV1UsingMixedCreateAndLogAppendTime[bufferOffset=15, compression=LZ4]" classname="org.apache.kafka.common.record.MemoryRecordsBuilderTest" time="0.001"/>
  <testcase name="shouldThrowIllegalStateExceptionOnBuildWhenAborted[bufferOffset=15, compression=LZ4]" classname="org.apache.kafka.common.record.MemoryRecordsBuilderTest" time="0.0"/>
  <testcase name="buildUsingCreateTime[bufferOffset=15, compression=LZ4]" classname="org.apache.kafka.common.record.MemoryRecordsBuilderTest" time="0.0"/>
  <testcase name="testWriteIdempotentWithInvalidEpoch[bufferOffset=15, compression=LZ4]" classname="org.apache.kafka.common.record.MemoryRecordsBuilderTest" time="0.001"/>
  <testcase name="testCompressionRateV0[bufferOffset=15, compression=LZ4]" classname="org.apache.kafka.common.record.MemoryRecordsBuilderTest" time="0.0"/>
  <testcase name="testCompressionRateV1[bufferOffset=15, compression=LZ4]" classname="org.apache.kafka.common.record.MemoryRecordsBuilderTest" time="0.0"/>
  <testcase name="testWriteEndTxnMarkerNonTransactionalBatch[bufferOffset=15, compression=LZ4]" classname="org.apache.kafka.common.record.MemoryRecordsBuilderTest" time="0.0"/>
  <testcase name="buildUsingLogAppendTime[bufferOffset=15, compression=LZ4]" classname="org.apache.kafka.common.record.MemoryRecordsBuilderTest" time="0.0"/>
  <testcase name="testWriteTransactionalRecordSet[bufferOffset=15, compression=LZ4]" classname="org.apache.kafka.common.record.MemoryRecordsBuilderTest" time="0.001"/>
  <testcase name="testWriteTransactionalWithInvalidPID[bufferOffset=15, compression=LZ4]" classname="org.apache.kafka.common.record.MemoryRecordsBuilderTest" time="0.0"/>
  <testcase name="testAppendedChecksumConsistency[bufferOffset=15, compression=LZ4]" classname="org.apache.kafka.common.record.MemoryRecordsBuilderTest" time="0.0"/>
  <testcase name="testWriteIdempotentWithInvalidBaseSequence[bufferOffset=15, compression=LZ4]" classname="org.apache.kafka.common.record.MemoryRecordsBuilderTest" time="0.0"/>
  <testcase name="convertToV1WithMixedV0AndV2Data[bufferOffset=15, compression=LZ4]" classname="org.apache.kafka.common.record.MemoryRecordsBuilderTest" time="0.001"/>
  <testcase name="testWriteEmptyRecordSet[bufferOffset=15, compression=LZ4]" classname="org.apache.kafka.common.record.MemoryRecordsBuilderTest" time="0.0"/>
  <testcase name="testEstimatedSizeInBytes[bufferOffset=15, compression=LZ4]" classname="org.apache.kafka.common.record.MemoryRecordsBuilderTest" time="0.0"/>
  <testcase name="testWriteControlBatchNotAllowedMagicV0[bufferOffset=15, compression=LZ4]" classname="org.apache.kafka.common.record.MemoryRecordsBuilderTest" time="0.0"/>
  <testcase name="testWriteControlBatchNotAllowedMagicV1[bufferOffset=15, compression=LZ4]" classname="org.apache.kafka.common.record.MemoryRecordsBuilderTest" time="0.0"/>
  <testcase name="shouldThrowIllegalStateExceptionOnCloseWhenAborted[bufferOffset=15, compression=LZ4]" classname="org.apache.kafka.common.record.MemoryRecordsBuilderTest" time="0.0"/>
  <testcase name="shouldThrowIllegalStateExceptionOnAppendWhenAborted[bufferOffset=15, compression=LZ4]" classname="org.apache.kafka.common.record.MemoryRecordsBuilderTest" time="0.0"/>
  <testcase name="testBuffersDereferencedOnClose[bufferOffset=15, compression=LZ4]" classname="org.apache.kafka.common.record.MemoryRecordsBuilderTest" time="0.161"/>
  <testcase name="testSmallWriteLimit[bufferOffset=15, compression=LZ4]" classname="org.apache.kafka.common.record.MemoryRecordsBuilderTest" time="0.0"/>
  <testcase name="shouldResetBufferToInitialPositionOnAbort[bufferOffset=15, compression=LZ4]" classname="org.apache.kafka.common.record.MemoryRecordsBuilderTest" time="0.001"/>
  <testcase name="testWriteTransactionalNotAllowedMagicV0[bufferOffset=15, compression=LZ4]" classname="org.apache.kafka.common.record.MemoryRecordsBuilderTest" time="0.002"/>
  <testcase name="testWriteTransactionalNotAllowedMagicV1[bufferOffset=15, compression=LZ4]" classname="org.apache.kafka.common.record.MemoryRecordsBuilderTest" time="0.001"/>
  <testcase name="writePastLimit[bufferOffset=15, compression=LZ4]" classname="org.apache.kafka.common.record.MemoryRecordsBuilderTest" time="0.0"/>
  <testcase name="testAppendAtInvalidOffset[bufferOffset=15, compression=LZ4]" classname="org.apache.kafka.common.record.MemoryRecordsBuilderTest" time="0.0"/>
  <testcase name="testWriteEndTxnMarkerNonControlBatch[bufferOffset=15, compression=ZSTD]" classname="org.apache.kafka.common.record.MemoryRecordsBuilderTest" time="0.001"/>
  <testcase name="convertV2ToV1UsingMixedCreateAndLogAppendTime[bufferOffset=15, compression=ZSTD]" classname="org.apache.kafka.common.record.MemoryRecordsBuilderTest" time="0.001"/>
  <testcase name="shouldThrowIllegalStateExceptionOnBuildWhenAborted[bufferOffset=15, compression=ZSTD]" classname="org.apache.kafka.common.record.MemoryRecordsBuilderTest" time="0.0">
    <skipped/>
  </testcase>
  <testcase name="buildUsingCreateTime[bufferOffset=15, compression=ZSTD]" classname="org.apache.kafka.common.record.MemoryRecordsBuilderTest" time="0.0">
    <skipped/>
  </testcase>
  <testcase name="testWriteIdempotentWithInvalidEpoch[bufferOffset=15, compression=ZSTD]" classname="org.apache.kafka.common.record.MemoryRecordsBuilderTest" time="0.0"/>
  <testcase name="testCompressionRateV0[bufferOffset=15, compression=ZSTD]" classname="org.apache.kafka.common.record.MemoryRecordsBuilderTest" time="0.001">
    <skipped/>
  </testcase>
  <testcase name="testCompressionRateV1[bufferOffset=15, compression=ZSTD]" classname="org.apache.kafka.common.record.MemoryRecordsBuilderTest" time="0.0">
    <skipped/>
  </testcase>
  <testcase name="testWriteEndTxnMarkerNonTransactionalBatch[bufferOffset=15, compression=ZSTD]" classname="org.apache.kafka.common.record.MemoryRecordsBuilderTest" time="0.0"/>
  <testcase name="buildUsingLogAppendTime[bufferOffset=15, compression=ZSTD]" classname="org.apache.kafka.common.record.MemoryRecordsBuilderTest" time="0.0">
    <skipped/>
  </testcase>
  <testcase name="testWriteTransactionalRecordSet[bufferOffset=15, compression=ZSTD]" classname="org.apache.kafka.common.record.MemoryRecordsBuilderTest" time="0.0"/>
  <testcase name="testWriteTransactionalWithInvalidPID[bufferOffset=15, compression=ZSTD]" classname="org.apache.kafka.common.record.MemoryRecordsBuilderTest" time="0.001"/>
  <testcase name="testAppendedChecksumConsistency[bufferOffset=15, compression=ZSTD]" classname="org.apache.kafka.common.record.MemoryRecordsBuilderTest" time="0.0">
    <skipped/>
  </testcase>
  <testcase name="testWriteIdempotentWithInvalidBaseSequence[bufferOffset=15, compression=ZSTD]" classname="org.apache.kafka.common.record.MemoryRecordsBuilderTest" time="0.0"/>
  <testcase name="convertToV1WithMixedV0AndV2Data[bufferOffset=15, compression=ZSTD]" classname="org.apache.kafka.common.record.MemoryRecordsBuilderTest" time="0.0">
    <skipped/>
  </testcase>
  <testcase name="testWriteEmptyRecordSet[bufferOffset=15, compression=ZSTD]" classname="org.apache.kafka.common.record.MemoryRecordsBuilderTest" time="0.0">
    <skipped/>
  </testcase>
  <testcase name="testEstimatedSizeInBytes[bufferOffset=15, compression=ZSTD]" classname="org.apache.kafka.common.record.MemoryRecordsBuilderTest" time="0.001"/>
  <testcase name="testWriteControlBatchNotAllowedMagicV0[bufferOffset=15, compression=ZSTD]" classname="org.apache.kafka.common.record.MemoryRecordsBuilderTest" time="0.0"/>
  <testcase name="testWriteControlBatchNotAllowedMagicV1[bufferOffset=15, compression=ZSTD]" classname="org.apache.kafka.common.record.MemoryRecordsBuilderTest" time="0.0"/>
  <testcase name="shouldThrowIllegalStateExceptionOnCloseWhenAborted[bufferOffset=15, compression=ZSTD]" classname="org.apache.kafka.common.record.MemoryRecordsBuilderTest" time="0.0">
    <skipped/>
  </testcase>
  <testcase name="shouldThrowIllegalStateExceptionOnAppendWhenAborted[bufferOffset=15, compression=ZSTD]" classname="org.apache.kafka.common.record.MemoryRecordsBuilderTest" time="0.0">
    <skipped/>
  </testcase>
  <testcase name="testBuffersDereferencedOnClose[bufferOffset=15, compression=ZSTD]" classname="org.apache.kafka.common.record.MemoryRecordsBuilderTest" time="0.139"/>
  <testcase name="testSmallWriteLimit[bufferOffset=15, compression=ZSTD]" classname="org.apache.kafka.common.record.MemoryRecordsBuilderTest" time="0.0"/>
  <testcase name="shouldResetBufferToInitialPositionOnAbort[bufferOffset=15, compression=ZSTD]" classname="org.apache.kafka.common.record.MemoryRecordsBuilderTest" time="0.0">
    <skipped/>
  </testcase>
  <testcase name="testWriteTransactionalNotAllowedMagicV0[bufferOffset=15, compression=ZSTD]" classname="org.apache.kafka.common.record.MemoryRecordsBuilderTest" time="0.0"/>
  <testcase name="testWriteTransactionalNotAllowedMagicV1[bufferOffset=15, compression=ZSTD]" classname="org.apache.kafka.common.record.MemoryRecordsBuilderTest" time="0.0"/>
  <testcase name="writePastLimit[bufferOffset=15, compression=ZSTD]" classname="org.apache.kafka.common.record.MemoryRecordsBuilderTest" time="0.0">
    <skipped/>
  </testcase>
  <testcase name="testAppendAtInvalidOffset[bufferOffset=15, compression=ZSTD]" classname="org.apache.kafka.common.record.MemoryRecordsBuilderTest" time="0.0"/>
  <system-out><![CDATA[]]></system-out>
  <system-err><![CDATA[]]></system-err>
</testsuite>
