<?xml version="1.0" encoding="UTF-8"?>
<testsuite name="org.apache.kafka.common.utils.TimerTest" tests="6" skipped="0" failures="0" errors="0" timestamp="2020-01-15T02:08:49" hostname="localhost" time="0.003">
  <properties/>
  <testcase name="testTimerUpdateAndReset" classname="org.apache.kafka.common.utils.TimerTest" time="0.002"/>
  <testcase name="testTimerUpdate" classname="org.apache.kafka.common.utils.TimerTest" time="0.0"/>
  <testcase name="testTimerSleep" classname="org.apache.kafka.common.utils.TimerTest" time="0.0"/>
  <testcase name="testTimerResetUsesCurrentTime" classname="org.apache.kafka.common.utils.TimerTest" time="0.001"/>
  <testcase name="testTimeoutOverflow" classname="org.apache.kafka.common.utils.TimerTest" time="0.0"/>
  <testcase name="testNonMonotonicUpdate" classname="org.apache.kafka.common.utils.TimerTest" time="0.0"/>
  <system-out><![CDATA[]]></system-out>
  <system-err><![CDATA[]]></system-err>
</testsuite>
