<?xml version="1.0" encoding="UTF-8"?>
<testsuite name="org.apache.kafka.common.utils.FixedOrderMapTest" tests="4" skipped="0" failures="0" errors="0" timestamp="2020-01-15T02:09:30" hostname="localhost" time="0.004">
  <properties/>
  <testcase name="shouldForbidConditionalClear" classname="org.apache.kafka.common.utils.FixedOrderMapTest" time="0.004"/>
  <testcase name="shouldMaintainOrderWhenAdding" classname="org.apache.kafka.common.utils.FixedOrderMapTest" time="0.0"/>
  <testcase name="shouldForbidConditionalRemove" classname="org.apache.kafka.common.utils.FixedOrderMapTest" time="0.0"/>
  <testcase name="shouldForbidRemove" classname="org.apache.kafka.common.utils.FixedOrderMapTest" time="0.0"/>
  <system-out><![CDATA[]]></system-out>
  <system-err><![CDATA[]]></system-err>
</testsuite>
