<?xml version="1.0" encoding="UTF-8"?>
<testsuite name="org.apache.kafka.common.utils.SystemTimeTest" tests="2" skipped="0" failures="0" errors="0" timestamp="2020-01-15T02:08:58" hostname="localhost" time="0.107">
  <properties/>
  <testcase name="testWaitObjectTimeout" classname="org.apache.kafka.common.utils.SystemTimeTest" time="0.104"/>
  <testcase name="testWaitObjectConditionSatisfied" classname="org.apache.kafka.common.utils.SystemTimeTest" time="0.003"/>
  <system-out><![CDATA[]]></system-out>
  <system-err><![CDATA[]]></system-err>
</testsuite>
