<?xml version="1.0" encoding="UTF-8"?>
<testsuite name="org.apache.kafka.common.utils.MappedIteratorTest" tests="2" skipped="0" failures="0" errors="0" timestamp="2020-01-15T02:08:32" hostname="localhost" time="0.005">
  <properties/>
  <testcase name="testEmptyList" classname="org.apache.kafka.common.utils.MappedIteratorTest" time="0.003"/>
  <testcase name="testStringToInteger" classname="org.apache.kafka.common.utils.MappedIteratorTest" time="0.002"/>
  <system-out><![CDATA[]]></system-out>
  <system-err><![CDATA[]]></system-err>
</testsuite>
