<?xml version="1.0" encoding="UTF-8"?>
<testsuite name="org.apache.kafka.clients.consumer.OffsetAndMetadataTest" tests="4" skipped="0" failures="0" errors="0" timestamp="2020-01-15T02:08:41" hostname="localhost" time="0.006">
  <properties/>
  <testcase name="testSerializationRoundtrip" classname="org.apache.kafka.clients.consumer.OffsetAndMetadataTest" time="0.005"/>
  <testcase name="testInvalidNegativeOffset" classname="org.apache.kafka.clients.consumer.OffsetAndMetadataTest" time="0.0"/>
  <testcase name="testDeserializationCompatibilityBeforeLeaderEpoch" classname="org.apache.kafka.clients.consumer.OffsetAndMetadataTest" time="0.0"/>
  <testcase name="testDeserializationCompatibilityWithLeaderEpoch" classname="org.apache.kafka.clients.consumer.OffsetAndMetadataTest" time="0.0"/>
  <system-out><![CDATA[]]></system-out>
  <system-err><![CDATA[]]></system-err>
</testsuite>
