<?xml version="1.0" encoding="UTF-8"?>
<testsuite name="org.apache.kafka.clients.producer.internals.DefaultPartitionerTest" tests="1" skipped="0" failures="0" errors="0" timestamp="2020-01-15T02:08:13" hostname="localhost" time="0.012">
  <properties/>
  <testcase name="testKeyPartitionIsStable" classname="org.apache.kafka.clients.producer.internals.DefaultPartitionerTest" time="0.012"/>
  <system-out><![CDATA[]]></system-out>
  <system-err><![CDATA[]]></system-err>
</testsuite>
