<?xml version="1.0" encoding="UTF-8"?>
<testsuite name="org.apache.kafka.common.metrics.stats.HistogramTest" tests="4" skipped="0" failures="0" errors="0" timestamp="2020-01-15T02:08:14" hostname="localhost" time="0.004">
  <properties/>
  <testcase name="testHistogram" classname="org.apache.kafka.common.metrics.stats.HistogramTest" time="0.002"/>
  <testcase name="testConstantBinScheme" classname="org.apache.kafka.common.metrics.stats.HistogramTest" time="0.0"/>
  <testcase name="testLinearBinScheme" classname="org.apache.kafka.common.metrics.stats.HistogramTest" time="0.001"/>
  <testcase name="testConstantBinSchemeWithPositiveRange" classname="org.apache.kafka.common.metrics.stats.HistogramTest" time="0.0"/>
  <system-out><![CDATA[]]></system-out>
  <system-err><![CDATA[]]></system-err>
</testsuite>
