<?xml version="1.0" encoding="UTF-8"?>
<testsuite name="org.apache.kafka.common.network.ChannelBuildersTest" tests="3" skipped="0" failures="0" errors="0" timestamp="2020-01-15T02:08:20" hostname="localhost" time="2.304">
  <properties/>
  <testcase name="testChannelBuilderConfigs" classname="org.apache.kafka.common.network.ChannelBuildersTest" time="0.033"/>
  <testcase name="testCreateConfigurableKafkaPrincipalBuilder" classname="org.apache.kafka.common.network.ChannelBuildersTest" time="0.018"/>
  <testcase name="testCreateOldPrincipalBuilder" classname="org.apache.kafka.common.network.ChannelBuildersTest" time="2.251"/>
  <system-out><![CDATA[]]></system-out>
  <system-err><![CDATA[]]></system-err>
</testsuite>
