<?xml version="1.0" encoding="UTF-8"?>
<testsuite name="org.apache.kafka.clients.producer.RecordMetadataTest" tests="3" skipped="0" failures="0" errors="0" timestamp="2020-01-15T02:08:24" hostname="localhost" time="0.002">
  <properties/>
  <testcase name="testNullChecksum" classname="org.apache.kafka.clients.producer.RecordMetadataTest" time="0.001"/>
  <testcase name="testConstructionWithRelativeOffset" classname="org.apache.kafka.clients.producer.RecordMetadataTest" time="0.001"/>
  <testcase name="testConstructionWithMissingRelativeOffset" classname="org.apache.kafka.clients.producer.RecordMetadataTest" time="0.0"/>
  <system-out><![CDATA[]]></system-out>
  <system-err><![CDATA[]]></system-err>
</testsuite>
