<?xml version="1.0" encoding="UTF-8"?>
<testsuite name="org.apache.kafka.common.requests.LeaderAndIsrRequestTest" tests="4" skipped="0" failures="0" errors="0" timestamp="2020-01-15T02:09:03" hostname="localhost" time="0.009">
  <properties/>
  <testcase name="testUnsupportedVersion" classname="org.apache.kafka.common.requests.LeaderAndIsrRequestTest" time="0.003"/>
  <testcase name="testTopicPartitionGroupingSizeReduction" classname="org.apache.kafka.common.requests.LeaderAndIsrRequestTest" time="0.002"/>
  <testcase name="testGetErrorResponse" classname="org.apache.kafka.common.requests.LeaderAndIsrRequestTest" time="0.002"/>
  <testcase name="testVersionLogic" classname="org.apache.kafka.common.requests.LeaderAndIsrRequestTest" time="0.002"/>
  <system-out><![CDATA[]]></system-out>
  <system-err><![CDATA[]]></system-err>
</testsuite>
