<?xml version="1.0" encoding="UTF-8"?>
<testsuite name="org.apache.kafka.clients.ApiVersionsTest" tests="1" skipped="0" failures="0" errors="0" timestamp="2020-01-15T02:08:09" hostname="localhost" time="2.24">
  <properties/>
  <testcase name="testMaxUsableProduceMagic" classname="org.apache.kafka.clients.ApiVersionsTest" time="2.24"/>
  <system-out><![CDATA[]]></system-out>
  <system-err><![CDATA[]]></system-err>
</testsuite>
