<?xml version="1.0" encoding="UTF-8"?>
<testsuite name="org.apache.kafka.common.message.MessageTest" tests="26" skipped="0" failures="0" errors="0" timestamp="2020-01-15T02:08:13" hostname="localhost" time="0.134">
  <properties/>
  <testcase name="testOffsetCommitDefaultGroupInstanceId" classname="org.apache.kafka.common.message.MessageTest" time="0.018"/>
  <testcase name="testResponseSchemas" classname="org.apache.kafka.common.message.MessageTest" time="0.005"/>
  <testcase name="testJoinGroupRequestVersions" classname="org.apache.kafka.common.message.MessageTest" time="0.008"/>
  <testcase name="testJoinGroupResponseVersions" classname="org.apache.kafka.common.message.MessageTest" time="0.006"/>
  <testcase name="testAddPartitionsToTxnVersions" classname="org.apache.kafka.common.message.MessageTest" time="0.003"/>
  <testcase name="testMessageVersions" classname="org.apache.kafka.common.message.MessageTest" time="0.008"/>
  <testcase name="testDefaultValues" classname="org.apache.kafka.common.message.MessageTest" time="0.005"/>
  <testcase name="testRequestSchemas" classname="org.apache.kafka.common.message.MessageTest" time="0.002"/>
  <testcase name="testProduceResponseVersions" classname="org.apache.kafka.common.message.MessageTest" time="0.007"/>
  <testcase name="testLeaveGroupResponseVersions" classname="org.apache.kafka.common.message.MessageTest" time="0.003"/>
  <testcase name="testTxnOffsetCommitRequestVersions" classname="org.apache.kafka.common.message.MessageTest" time="0.015"/>
  <testcase name="testMetadataVersions" classname="org.apache.kafka.common.message.MessageTest" time="0.004"/>
  <testcase name="testTxnOffsetCommitResponseVersions" classname="org.apache.kafka.common.message.MessageTest" time="0.002"/>
  <testcase name="testSyncGroupDefaultGroupInstanceId" classname="org.apache.kafka.common.message.MessageTest" time="0.004"/>
  <testcase name="testHeartbeatVersions" classname="org.apache.kafka.common.message.MessageTest" time="0.003"/>
  <testcase name="testOffsetCommitResponseVersions" classname="org.apache.kafka.common.message.MessageTest" time="0.006"/>
  <testcase name="testAddOffsetsToTxnVersions" classname="org.apache.kafka.common.message.MessageTest" time="0.002"/>
  <testcase name="testDescribeAclsRequest" classname="org.apache.kafka.common.message.MessageTest" time="0.001"/>
  <testcase name="testLeaderAndIsrVersions" classname="org.apache.kafka.common.message.MessageTest" time="0.003"/>
  <testcase name="testOffsetCommitRequestVersions" classname="org.apache.kafka.common.message.MessageTest" time="0.008"/>
  <testcase name="testUnknownTaggedFields" classname="org.apache.kafka.common.message.MessageTest" time="0.002"/>
  <testcase name="testCreateTopicsVersions" classname="org.apache.kafka.common.message.MessageTest" time="0.002"/>
  <testcase name="testNonIgnorableFieldWithDefaultNull" classname="org.apache.kafka.common.message.MessageTest" time="0.002"/>
  <testcase name="testWriteNullForNonNullableFieldRaisesException" classname="org.apache.kafka.common.message.MessageTest" time="0.002"/>
  <testcase name="testOffsetFetchVersions" classname="org.apache.kafka.common.message.MessageTest" time="0.01"/>
  <testcase name="testOffsetForLeaderEpochVersions" classname="org.apache.kafka.common.message.MessageTest" time="0.002"/>
  <system-out><![CDATA[]]></system-out>
  <system-err><![CDATA[]]></system-err>
</testsuite>
