<?xml version="1.0" encoding="UTF-8"?>
<testsuite name="org.apache.kafka.common.metrics.MetricsTest" tests="23" skipped="0" failures="0" errors="0" timestamp="2020-01-15T02:08:19" hostname="localhost" time="2.306">
  <properties/>
  <testcase name="testSimpleRate" classname="org.apache.kafka.common.metrics.MetricsTest" time="0.199"/>
  <testcase name="testSimpleStats" classname="org.apache.kafka.common.metrics.MetricsTest" time="0.014"/>
  <testcase name="testOldDataHasNoEffect" classname="org.apache.kafka.common.metrics.MetricsTest" time="0.001"/>
  <testcase name="testQuotasEquality" classname="org.apache.kafka.common.metrics.MetricsTest" time="0.005"/>
  <testcase name="testRemoveInactiveMetrics" classname="org.apache.kafka.common.metrics.MetricsTest" time="0.004"/>
  <testcase name="testRemoveChildSensor" classname="org.apache.kafka.common.metrics.MetricsTest" time="0.002"/>
  <testcase name="testMetricName" classname="org.apache.kafka.common.metrics.MetricsTest" time="0.002"/>
  <testcase name="testSampledStatReturnsInitialValueWhenNoValuesExist" classname="org.apache.kafka.common.metrics.MetricsTest" time="0.004"/>
  <testcase name="testDeprecatedMetricValueMethod" classname="org.apache.kafka.common.metrics.MetricsTest" time="0.003"/>
  <testcase name="testRateWindowing" classname="org.apache.kafka.common.metrics.MetricsTest" time="0.002"/>
  <testcase name="testMetricInstances" classname="org.apache.kafka.common.metrics.MetricsTest" time="0.003"/>
  <testcase name="testTimeWindowing" classname="org.apache.kafka.common.metrics.MetricsTest" time="0.001"/>
  <testcase name="testEventWindowing" classname="org.apache.kafka.common.metrics.MetricsTest" time="0.001"/>
  <testcase name="testSampledStatReturnsNaNWhenNoValuesExist" classname="org.apache.kafka.common.metrics.MetricsTest" time="0.001"/>
  <testcase name="testConcurrentReadUpdate" classname="org.apache.kafka.common.metrics.MetricsTest" time="0.483"/>
  <testcase name="testRemoveMetric" classname="org.apache.kafka.common.metrics.MetricsTest" time="0.003"/>
  <testcase name="testBadSensorHierarchy" classname="org.apache.kafka.common.metrics.MetricsTest" time="0.003"/>
  <testcase name="testRemoveSensor" classname="org.apache.kafka.common.metrics.MetricsTest" time="0.003"/>
  <testcase name="testConcurrentReadUpdateReport" classname="org.apache.kafka.common.metrics.MetricsTest" time="1.558"/>
  <testcase name="testPercentiles" classname="org.apache.kafka.common.metrics.MetricsTest" time="0.001"/>
  <testcase name="testDuplicateMetricName" classname="org.apache.kafka.common.metrics.MetricsTest" time="0.002"/>
  <testcase name="testQuotas" classname="org.apache.kafka.common.metrics.MetricsTest" time="0.002"/>
  <testcase name="testHierarchicalSensors" classname="org.apache.kafka.common.metrics.MetricsTest" time="0.002"/>
  <system-out><![CDATA[]]></system-out>
  <system-err><![CDATA[]]></system-err>
</testsuite>
