<?xml version="1.0" encoding="UTF-8"?>
<testsuite name="org.apache.kafka.common.requests.OffsetsForLeaderEpochRequestTest" tests="2" skipped="0" failures="0" errors="0" timestamp="2020-01-15T02:08:30" hostname="localhost" time="0.009">
  <properties/>
  <testcase name="testForConsumerRequiresVersion3" classname="org.apache.kafka.common.requests.OffsetsForLeaderEpochRequestTest" time="0.003"/>
  <testcase name="testDefaultReplicaId" classname="org.apache.kafka.common.requests.OffsetsForLeaderEpochRequestTest" time="0.006"/>
  <system-out><![CDATA[]]></system-out>
  <system-err><![CDATA[]]></system-err>
</testsuite>
