<?xml version="1.0" encoding="UTF-8"?>
<testsuite name="org.apache.kafka.common.security.oauthbearer.internals.unsecured.OAuthBearerUnsecuredJwsTest" tests="4" skipped="0" failures="0" errors="0" timestamp="2020-01-15T02:08:58" hostname="localhost" time="0.287">
  <properties/>
  <testcase name="blankPrincipalName" classname="org.apache.kafka.common.security.oauthbearer.internals.unsecured.OAuthBearerUnsecuredJwsTest" time="0.284"/>
  <testcase name="validCompactSerialization" classname="org.apache.kafka.common.security.oauthbearer.internals.unsecured.OAuthBearerUnsecuredJwsTest" time="0.0"/>
  <testcase name="missingPrincipal" classname="org.apache.kafka.common.security.oauthbearer.internals.unsecured.OAuthBearerUnsecuredJwsTest" time="0.001"/>
  <testcase name="validClaims" classname="org.apache.kafka.common.security.oauthbearer.internals.unsecured.OAuthBearerUnsecuredJwsTest" time="0.002"/>
  <system-out><![CDATA[]]></system-out>
  <system-err><![CDATA[]]></system-err>
</testsuite>
