<?xml version="1.0" encoding="UTF-8"?>
<testsuite name="org.apache.kafka.common.utils.MockTimeTest" tests="4" skipped="0" failures="0" errors="0" timestamp="2020-01-15T02:08:36" hostname="localhost" time="0.013">
  <properties/>
  <testcase name="testAutoTickMs" classname="org.apache.kafka.common.utils.MockTimeTest" time="0.004"/>
  <testcase name="testAdvanceClock" classname="org.apache.kafka.common.utils.MockTimeTest" time="0.0"/>
  <testcase name="testWaitObjectTimeout" classname="org.apache.kafka.common.utils.MockTimeTest" time="0.004"/>
  <testcase name="testWaitObjectConditionSatisfied" classname="org.apache.kafka.common.utils.MockTimeTest" time="0.004"/>
  <system-out><![CDATA[]]></system-out>
  <system-err><![CDATA[]]></system-err>
</testsuite>
