<?xml version="1.0" encoding="UTF-8"?>
<testsuite name="org.apache.kafka.common.utils.ByteUtilsTest" tests="10" skipped="0" failures="0" errors="0" timestamp="2020-01-15T02:08:58" hostname="localhost" time="0.003">
  <properties/>
  <testcase name="testInvalidVarlong" classname="org.apache.kafka.common.utils.ByteUtilsTest" time="0.0"/>
  <testcase name="testUnsignedVarintSerde" classname="org.apache.kafka.common.utils.ByteUtilsTest" time="0.001"/>
  <testcase name="testVarlongSerde" classname="org.apache.kafka.common.utils.ByteUtilsTest" time="0.0"/>
  <testcase name="testReadUnsignedInt" classname="org.apache.kafka.common.utils.ByteUtilsTest" time="0.0"/>
  <testcase name="testWriteUnsignedIntLEToArray" classname="org.apache.kafka.common.utils.ByteUtilsTest" time="0.001"/>
  <testcase name="testInvalidVarint" classname="org.apache.kafka.common.utils.ByteUtilsTest" time="0.0"/>
  <testcase name="testVarintSerde" classname="org.apache.kafka.common.utils.ByteUtilsTest" time="0.001"/>
  <testcase name="testReadUnsignedIntLEFromArray" classname="org.apache.kafka.common.utils.ByteUtilsTest" time="0.0"/>
  <testcase name="testReadUnsignedIntLEFromInputStream" classname="org.apache.kafka.common.utils.ByteUtilsTest" time="0.0"/>
  <testcase name="testWriteUnsignedIntLEToOutputStream" classname="org.apache.kafka.common.utils.ByteUtilsTest" time="0.0"/>
  <system-out><![CDATA[]]></system-out>
  <system-err><![CDATA[]]></system-err>
</testsuite>
