<?xml version="1.0" encoding="UTF-8"?>
<testsuite name="org.apache.kafka.common.network.SslSelectorTest" tests="35" skipped="0" failures="0" errors="0" timestamp="2020-01-15T02:08:24" hostname="localhost" time="22.121">
  <properties/>
  <testcase name="testBytesBufferedChannelAfterMute" classname="org.apache.kafka.common.network.SslSelectorTest" time="2.979"/>
  <testcase name="testBytesBufferedChannelWithNoIncomingBytes" classname="org.apache.kafka.common.network.SslSelectorTest" time="0.45"/>
  <testcase name="testRenegotiationFails" classname="org.apache.kafka.common.network.SslSelectorTest" time="0.254"/>
  <testcase name="testDisconnectWithIntermediateBufferedBytes" classname="org.apache.kafka.common.network.SslSelectorTest" time="0.416"/>
  <testcase name="testConnectionWithCustomKeyManager" classname="org.apache.kafka.common.network.SslSelectorTest" time="1.573"/>
  <testcase name="testGracefulClose" classname="org.apache.kafka.common.network.SslSelectorTest" time="0.255"/>
  <testcase name="testSendLargeRequest" classname="org.apache.kafka.common.network.SslSelectorTest" time="0.205"/>
  <testcase name="testLargeMessageSequence" classname="org.apache.kafka.common.network.SslSelectorTest" time="2.105"/>
  <testcase name="testLowestPriorityChannel" classname="org.apache.kafka.common.network.SslSelectorTest" time="0.454"/>
  <testcase name="testConnectDisconnectDuringInSinglePoll" classname="org.apache.kafka.common.network.SslSelectorTest" time="1.72"/>
  <testcase name="testConnectException" classname="org.apache.kafka.common.network.SslSelectorTest" time="0.161"/>
  <testcase name="registerFailure" classname="org.apache.kafka.common.network.SslSelectorTest" time="0.124"/>
  <testcase name="testMute" classname="org.apache.kafka.common.network.SslSelectorTest" time="0.433"/>
  <testcase name="testExpireConnectionWithPendingReceives" classname="org.apache.kafka.common.network.SslSelectorTest" time="0.139"/>
  <testcase name="testCantSendWithInProgress" classname="org.apache.kafka.common.network.SslSelectorTest" time="0.38"/>
  <testcase name="testOutboundConnectionsCountInConnectionCreationMetric" classname="org.apache.kafka.common.network.SslSelectorTest" time="1.218"/>
  <testcase name="testImmediatelyConnectedCleaned" classname="org.apache.kafka.common.network.SslSelectorTest" time="0.136"/>
  <testcase name="testExistingConnectionId" classname="org.apache.kafka.common.network.SslSelectorTest" time="0.156"/>
  <testcase name="testCantSendWithoutConnecting" classname="org.apache.kafka.common.network.SslSelectorTest" time="0.208"/>
  <testcase name="testCloseOldestConnection" classname="org.apache.kafka.common.network.SslSelectorTest" time="0.074"/>
  <testcase name="testServerDisconnect" classname="org.apache.kafka.common.network.SslSelectorTest" time="0.379"/>
  <testcase name="testMetricsCleanupOnSelectorClose" classname="org.apache.kafka.common.network.SslSelectorTest" time="0.202"/>
  <testcase name="testPartialSendAndReceiveReflectedInMetrics" classname="org.apache.kafka.common.network.SslSelectorTest" time="0.205"/>
  <testcase name="testWriteCompletesSendWithNoBytesWritten" classname="org.apache.kafka.common.network.SslSelectorTest" time="0.479"/>
  <testcase name="testIdleExpiryWithoutReadyKeys" classname="org.apache.kafka.common.network.SslSelectorTest" time="0.226"/>
  <testcase name="testConnectionsByClientMetric" classname="org.apache.kafka.common.network.SslSelectorTest" time="0.163"/>
  <testcase name="testInboundConnectionsCountInConnectionCreationMetric" classname="org.apache.kafka.common.network.SslSelectorTest" time="0.145"/>
  <testcase name="testNoRouteToHost" classname="org.apache.kafka.common.network.SslSelectorTest" time="5.215"/>
  <testcase name="testPartialReceiveGracefulClose" classname="org.apache.kafka.common.network.SslSelectorTest" time="0.072"/>
  <testcase name="testNormalOperation" classname="org.apache.kafka.common.network.SslSelectorTest" time="0.731"/>
  <testcase name="testMuteOnOOM" classname="org.apache.kafka.common.network.SslSelectorTest" time="0.37"/>
  <testcase name="testCloseOldestConnectionWithMultiplePendingReceives" classname="org.apache.kafka.common.network.SslSelectorTest" time="0.101"/>
  <testcase name="testExpireClosedConnectionWithPendingReceives" classname="org.apache.kafka.common.network.SslSelectorTest" time="0.202"/>
  <testcase name="testConnectionRefused" classname="org.apache.kafka.common.network.SslSelectorTest" time="0.062"/>
  <testcase name="testEmptyRequest" classname="org.apache.kafka.common.network.SslSelectorTest" time="0.126"/>
  <system-out><![CDATA[[2020-01-15 10:08:28,289] ERROR [SslTransportLayer channelId=0 key=sun.nio.ch.SelectionKeyImpl@178e218c] Renegotiation requested, but it is not supported, channelId 0, appReadBuffer pos 0, netReadBuffer pos 0, netWriteBuffer pos 85 handshakeStatus NEED_TASK (org.apache.kafka.common.network.SslTransportLayer:580)
[2020-01-15 10:08:28,297] ERROR [SslTransportLayer channelId=0 key=sun.nio.ch.SelectionKeyImpl@178e218c] Renegotiation requested, but it is not supported, channelId 0, appReadBuffer pos 0, netReadBuffer pos 425, netWriteBuffer pos 85 handshakeStatus NEED_TASK (org.apache.kafka.common.network.SslTransportLayer:580)
[2020-01-15 10:08:36,294] ERROR Unexpected exception during send, closing connection 0 and rethrowing exception {} (org.apache.kafka.common.network.Selector:406)
java.lang.IllegalStateException: Attempt to begin a send operation with prior send operation still in progress, connection id is 0
	at org.apache.kafka.common.network.KafkaChannel.setSend(KafkaChannel.java:377)
	at org.apache.kafka.common.network.Selector.send(Selector.java:398)
	at org.apache.kafka.common.network.SelectorTest.testCantSendWithInProgress(SelectorTest.java:164)
	at sun.reflect.NativeMethodAccessorImpl.invoke0(Native Method)
	at sun.reflect.NativeMethodAccessorImpl.invoke(NativeMethodAccessorImpl.java:62)
	at sun.reflect.DelegatingMethodAccessorImpl.invoke(DelegatingMethodAccessorImpl.java:43)
	at java.lang.reflect.Method.invoke(Method.java:498)
	at org.junit.runners.model.FrameworkMethod$1.runReflectiveCall(FrameworkMethod.java:59)
	at org.junit.internal.runners.model.ReflectiveCallable.run(ReflectiveCallable.java:12)
	at org.junit.runners.model.FrameworkMethod.invokeExplosively(FrameworkMethod.java:56)
	at org.junit.internal.runners.statements.InvokeMethod.evaluate(InvokeMethod.java:17)
	at org.junit.internal.runners.statements.RunBefores.evaluate(RunBefores.java:26)
	at org.junit.internal.runners.statements.RunAfters.evaluate(RunAfters.java:27)
	at org.junit.internal.runners.statements.FailOnTimeout$CallableStatement.call(FailOnTimeout.java:288)
	at org.junit.internal.runners.statements.FailOnTimeout$CallableStatement.call(FailOnTimeout.java:282)
	at java.util.concurrent.FutureTask.run(FutureTask.java:266)
	at java.lang.Thread.run(Thread.java:748)
]]></system-out>
  <system-err><![CDATA[]]></system-err>
</testsuite>
