<?xml version="1.0" encoding="UTF-8"?>
<testsuite name="org.apache.kafka.common.utils.BytesTest" tests="3" skipped="0" failures="0" errors="0" timestamp="2020-01-15T02:08:36" hostname="localhost" time="0.006">
  <properties/>
  <testcase name="testIncrementWithSubmap" classname="org.apache.kafka.common.utils.BytesTest" time="0.002"/>
  <testcase name="testIncrement" classname="org.apache.kafka.common.utils.BytesTest" time="0.002"/>
  <testcase name="testIncrementUpperBoundary" classname="org.apache.kafka.common.utils.BytesTest" time="0.0"/>
  <system-out><![CDATA[]]></system-out>
  <system-err><![CDATA[]]></system-err>
</testsuite>
