<?xml version="1.0" encoding="UTF-8"?>
<testsuite name="org.apache.kafka.common.requests.LeaveGroupRequestTest" tests="3" skipped="0" failures="0" errors="0" timestamp="2020-01-15T02:08:28" hostname="localhost" time="0.002">
  <properties/>
  <testcase name="testSingleLeaveConstructor" classname="org.apache.kafka.common.requests.LeaveGroupRequestTest" time="0.002"/>
  <testcase name="testBuildEmptyMembers" classname="org.apache.kafka.common.requests.LeaveGroupRequestTest" time="0.0"/>
  <testcase name="testMultiLeaveConstructor" classname="org.apache.kafka.common.requests.LeaveGroupRequestTest" time="0.0"/>
  <system-out><![CDATA[]]></system-out>
  <system-err><![CDATA[]]></system-err>
</testsuite>
