<?xml version="1.0" encoding="UTF-8"?>
<testsuite name="org.apache.kafka.common.network.SaslChannelBuilderTest" tests="4" skipped="0" failures="0" errors="0" timestamp="2020-01-15T02:08:21" hostname="localhost" time="1.913">
  <properties/>
  <testcase name="testNativeGssapiCredentials" classname="org.apache.kafka.common.network.SaslChannelBuilderTest" time="1.78"/>
  <testcase name="testCloseBeforeConfigureIsIdempotent" classname="org.apache.kafka.common.network.SaslChannelBuilderTest" time="0.001"/>
  <testcase name="testCloseAfterConfigIsIdempotent" classname="org.apache.kafka.common.network.SaslChannelBuilderTest" time="0.127"/>
  <testcase name="testLoginManagerReleasedIfConfigureThrowsException" classname="org.apache.kafka.common.network.SaslChannelBuilderTest" time="0.005"/>
  <system-out><![CDATA[]]></system-out>
  <system-err><![CDATA[]]></system-err>
</testsuite>
