<?xml version="1.0" encoding="UTF-8"?>
<testsuite name="org.apache.kafka.common.security.authenticator.LoginManagerTest" tests="2" skipped="0" failures="0" errors="0" timestamp="2020-01-15T02:08:30" hostname="localhost" time="0.319">
  <properties/>
  <testcase name="testClientLoginManager" classname="org.apache.kafka.common.security.authenticator.LoginManagerTest" time="0.317"/>
  <testcase name="testServerLoginManager" classname="org.apache.kafka.common.security.authenticator.LoginManagerTest" time="0.001"/>
  <system-out><![CDATA[]]></system-out>
  <system-err><![CDATA[]]></system-err>
</testsuite>
