<?xml version="1.0" encoding="UTF-8"?>
<testsuite name="org.apache.kafka.common.requests.UpdateMetadataRequestTest" tests="4" skipped="0" failures="0" errors="0" timestamp="2020-01-15T02:08:47" hostname="localhost" time="0.047">
  <properties/>
  <testcase name="testUnsupportedVersion" classname="org.apache.kafka.common.requests.UpdateMetadataRequestTest" time="0.002"/>
  <testcase name="testTopicPartitionGroupingSizeReduction" classname="org.apache.kafka.common.requests.UpdateMetadataRequestTest" time="0.003"/>
  <testcase name="testGetErrorResponse" classname="org.apache.kafka.common.requests.UpdateMetadataRequestTest" time="0.031"/>
  <testcase name="testVersionLogic" classname="org.apache.kafka.common.requests.UpdateMetadataRequestTest" time="0.011"/>
  <system-out><![CDATA[]]></system-out>
  <system-err><![CDATA[]]></system-err>
</testsuite>
