<?xml version="1.0" encoding="UTF-8"?>
<testsuite name="org.apache.kafka.common.protocol.MessageUtilTest" tests="2" skipped="0" failures="0" errors="0" timestamp="2020-01-15T02:08:30" hostname="localhost" time="0.015">
  <properties/>
  <testcase name="testDeepToString" classname="org.apache.kafka.common.protocol.MessageUtilTest" time="0.01"/>
  <testcase name="testByteBufferToArray" classname="org.apache.kafka.common.protocol.MessageUtilTest" time="0.004"/>
  <system-out><![CDATA[]]></system-out>
  <system-err><![CDATA[]]></system-err>
</testsuite>
