<?xml version="1.0" encoding="UTF-8"?>
<testsuite name="org.apache.kafka.clients.producer.internals.ProducerMetadataTest" tests="6" skipped="0" failures="0" errors="0" timestamp="2020-01-15T02:08:22" hostname="localhost" time="2.014">
  <properties/>
  <testcase name="testMetadataAwaitAfterClose" classname="org.apache.kafka.clients.producer.internals.ProducerMetadataTest" time="0.006"/>
  <testcase name="testTopicExpiry" classname="org.apache.kafka.clients.producer.internals.ProducerMetadataTest" time="0.003"/>
  <testcase name="testMetadataUpdateWaitTime" classname="org.apache.kafka.clients.producer.internals.ProducerMetadataTest" time="2.001"/>
  <testcase name="testMetadataWaitAbortedOnFatalException" classname="org.apache.kafka.clients.producer.internals.ProducerMetadataTest" time="0.0"/>
  <testcase name="testMetadata" classname="org.apache.kafka.clients.producer.internals.ProducerMetadataTest" time="0.002"/>
  <testcase name="testTimeToNextUpdateOverwriteBackoff" classname="org.apache.kafka.clients.producer.internals.ProducerMetadataTest" time="0.001"/>
  <system-out><![CDATA[]]></system-out>
  <system-err><![CDATA[]]></system-err>
</testsuite>
