<?xml version="1.0" encoding="UTF-8"?>
<testsuite name="org.apache.kafka.common.requests.DescribeAclsResponseTest" tests="4" skipped="0" failures="0" errors="0" timestamp="2020-01-15T02:08:47" hostname="localhost" time="0.016">
  <properties/>
  <testcase name="shouldThrowIfUnknown" classname="org.apache.kafka.common.requests.DescribeAclsResponseTest" time="0.014"/>
  <testcase name="shouldThrowOnV0IfNotLiteral" classname="org.apache.kafka.common.requests.DescribeAclsResponseTest" time="0.0"/>
  <testcase name="shouldRoundTripV0" classname="org.apache.kafka.common.requests.DescribeAclsResponseTest" time="0.001"/>
  <testcase name="shouldRoundTripV1" classname="org.apache.kafka.common.requests.DescribeAclsResponseTest" time="0.001"/>
  <system-out><![CDATA[]]></system-out>
  <system-err><![CDATA[]]></system-err>
</testsuite>
