<?xml version="1.0" encoding="UTF-8"?>
<testsuite name="org.apache.kafka.clients.producer.KafkaProducerTest" tests="33" skipped="0" failures="0" errors="0" timestamp="2020-01-15T02:08:41" hostname="localhost" time="9.044">
  <properties/>
  <testcase name="testCloseIsForcedOnPendingAddOffsetRequest" classname="org.apache.kafka.clients.producer.KafkaProducerTest" time="1.185"/>
  <testcase name="closeShouldBeIdempotent" classname="org.apache.kafka.clients.producer.KafkaProducerTest" time="0.027"/>
  <testcase name="testCloseIsForcedOnPendingInitProducerId" classname="org.apache.kafka.clients.producer.KafkaProducerTest" time="1.111"/>
  <testcase name="testPartitionerClose" classname="org.apache.kafka.clients.producer.KafkaProducerTest" time="0.008"/>
  <testcase name="testMetricConfigRecordingLevel" classname="org.apache.kafka.clients.producer.KafkaProducerTest" time="0.009"/>
  <testcase name="testCloseIsForcedOnPendingFindCoordinator" classname="org.apache.kafka.clients.producer.KafkaProducerTest" time="1.108"/>
  <testcase name="testHeadersWithExtendedClasses" classname="org.apache.kafka.clients.producer.KafkaProducerTest" time="0.057"/>
  <testcase name="testCloseWhenWaitingForMetadataUpdate" classname="org.apache.kafka.clients.producer.KafkaProducerTest" time="0.006"/>
  <testcase name="testMetadataWithPartitionOutOfRange" classname="org.apache.kafka.clients.producer.KafkaProducerTest" time="0.09"/>
  <testcase name="testTopicRefreshInMetadata" classname="org.apache.kafka.clients.producer.KafkaProducerTest" time="0.108"/>
  <testcase name="testNoSerializerProvided" classname="org.apache.kafka.clients.producer.KafkaProducerTest" time="0.001"/>
  <testcase name="testInitTransactionTimeout" classname="org.apache.kafka.clients.producer.KafkaProducerTest" time="0.012"/>
  <testcase name="testInvalidSocketSendBufferSize" classname="org.apache.kafka.clients.producer.KafkaProducerTest" time="0.0"/>
  <testcase name="shouldCloseProperlyAndThrowIfInterrupted" classname="org.apache.kafka.clients.producer.KafkaProducerTest" time="0.208"/>
  <testcase name="testTransactionalMethodThrowsWhenSenderClosed" classname="org.apache.kafka.clients.producer.KafkaProducerTest" time="0.002"/>
  <testcase name="testOsDefaultSocketBufferSizes" classname="org.apache.kafka.clients.producer.KafkaProducerTest" time="0.004"/>
  <testcase name="testInterceptorConstructClose" classname="org.apache.kafka.clients.producer.KafkaProducerTest" time="0.004"/>
  <testcase name="testPartitionsForWithNullTopic" classname="org.apache.kafka.clients.producer.KafkaProducerTest" time="0.004"/>
  <testcase name="testInterceptorPartitionSetOnTooLargeRecord" classname="org.apache.kafka.clients.producer.KafkaProducerTest" time="0.026"/>
  <testcase name="testMetricsReporterAutoGeneratedClientId" classname="org.apache.kafka.clients.producer.KafkaProducerTest" time="0.004"/>
  <testcase name="testMetadataFetch" classname="org.apache.kafka.clients.producer.KafkaProducerTest" time="0.009"/>
  <testcase name="testOnlyCanExecuteCloseAfterInitTransactionsTimeout" classname="org.apache.kafka.clients.producer.KafkaProducerTest" time="0.009"/>
  <testcase name="testConstructorWithSerializers" classname="org.apache.kafka.clients.producer.KafkaProducerTest" time="0.003"/>
  <testcase name="testHeaders" classname="org.apache.kafka.clients.producer.KafkaProducerTest" time="0.023"/>
  <testcase name="testInvalidSocketReceiveBufferSize" classname="org.apache.kafka.clients.producer.KafkaProducerTest" time="0.0"/>
  <testcase name="testConstructorWithNotStringKey" classname="org.apache.kafka.clients.producer.KafkaProducerTest" time="0.001"/>
  <testcase name="testSerializerClose" classname="org.apache.kafka.clients.producer.KafkaProducerTest" time="0.004"/>
  <testcase name="testInitTransactionWhileThrottled" classname="org.apache.kafka.clients.producer.KafkaProducerTest" time="0.004"/>
  <testcase name="testMetadataTimeoutWithPartitionOutOfRange" classname="org.apache.kafka.clients.producer.KafkaProducerTest" time="0.006"/>
  <testcase name="testMetadataTimeoutWithMissingTopic" classname="org.apache.kafka.clients.producer.KafkaProducerTest" time="0.004"/>
  <testcase name="testOverwriteAcksAndRetriesForIdempotentProducers" classname="org.apache.kafka.clients.producer.KafkaProducerTest" time="0.0"/>
  <testcase name="testConstructorFailureCloseResource" classname="org.apache.kafka.clients.producer.KafkaProducerTest" time="5.003"/>
  <testcase name="testSendToInvalidTopic" classname="org.apache.kafka.clients.producer.KafkaProducerTest" time="0.002"/>
  <system-out><![CDATA[[2020-01-15 10:08:44,921] ERROR [Producer clientId=producer-6] Uncaught error in kafka producer I/O thread:  (org.apache.kafka.clients.producer.internals.Sender:247)
java.lang.IllegalStateException: No previous metadata update to use
	at org.apache.kafka.clients.MockClient$DefaultMockMetadataUpdater.updateWithCurrentMetadata(MockClient.java:623)
	at org.apache.kafka.clients.MockClient.poll(MockClient.java:287)
	at org.apache.kafka.clients.producer.internals.Sender.runOnce(Sender.java:334)
	at org.apache.kafka.clients.producer.internals.Sender.run(Sender.java:245)
	at java.lang.Thread.run(Thread.java:748)
[2020-01-15 10:08:45,024] ERROR [Producer clientId=producer-8] Uncaught error in kafka producer I/O thread:  (org.apache.kafka.clients.producer.internals.Sender:247)
java.lang.IllegalStateException: No previous metadata update to use
	at org.apache.kafka.clients.MockClient$DefaultMockMetadataUpdater.updateWithCurrentMetadata(MockClient.java:623)
	at org.apache.kafka.clients.MockClient.poll(MockClient.java:287)
	at org.apache.kafka.clients.producer.internals.Sender.runOnce(Sender.java:334)
	at org.apache.kafka.clients.producer.internals.Sender.run(Sender.java:245)
	at java.lang.Thread.run(Thread.java:748)
[2020-01-15 10:08:45,239] ERROR [Producer clientId=producer-9] Interrupted while joining ioThread (org.apache.kafka.clients.producer.KafkaProducer:1159)
java.lang.InterruptedException
	at java.lang.Object.wait(Native Method)
	at java.lang.Thread.join(Thread.java:1260)
	at org.apache.kafka.clients.producer.KafkaProducer.close(KafkaProducer.java:1156)
	at org.apache.kafka.clients.producer.KafkaProducer.close(KafkaProducer.java:1133)
	at org.apache.kafka.clients.producer.KafkaProducer.close(KafkaProducer.java:1111)
	at org.apache.kafka.clients.producer.KafkaProducerTest.lambda$shouldCloseProperlyAndThrowIfInterrupted$1(KafkaProducerTest.java:280)
	at java.util.concurrent.Executors$RunnableAdapter.call(Executors.java:511)
	at java.util.concurrent.FutureTask.run(FutureTask.java:266)
	at java.util.concurrent.ThreadPoolExecutor.runWorker(ThreadPoolExecutor.java:1149)
	at java.util.concurrent.ThreadPoolExecutor$Worker.run(ThreadPoolExecutor.java:624)
	at java.lang.Thread.run(Thread.java:748)
[2020-01-15 10:08:50,455] ERROR Metadata response reported invalid topics [topic abc] (org.apache.kafka.clients.Metadata:274)
]]></system-out>
  <system-err><![CDATA[]]></system-err>
</testsuite>
