<?xml version="1.0" encoding="UTF-8"?>
<testsuite name="org.apache.kafka.clients.admin.internals.AdminMetadataManagerTest" tests="3" skipped="0" failures="0" errors="0" timestamp="2020-01-15T02:08:09" hostname="localhost" time="0.519">
  <properties/>
  <testcase name="testAuthenticationFailure" classname="org.apache.kafka.clients.admin.internals.AdminMetadataManagerTest" time="0.513"/>
  <testcase name="testMetadataReady" classname="org.apache.kafka.clients.admin.internals.AdminMetadataManagerTest" time="0.005"/>
  <testcase name="testMetadataRefreshBackoff" classname="org.apache.kafka.clients.admin.internals.AdminMetadataManagerTest" time="0.001"/>
  <system-out><![CDATA[]]></system-out>
  <system-err><![CDATA[]]></system-err>
</testsuite>
