<?xml version="1.0" encoding="UTF-8"?>
<testsuite name="org.apache.kafka.common.metrics.JmxReporterTest" tests="2" skipped="0" failures="0" errors="0" timestamp="2020-01-15T02:08:42" hostname="localhost" time="0.056">
  <properties/>
  <testcase name="testJmxRegistration" classname="org.apache.kafka.common.metrics.JmxReporterTest" time="0.054"/>
  <testcase name="testJmxRegistrationSanitization" classname="org.apache.kafka.common.metrics.JmxReporterTest" time="0.002"/>
  <system-out><![CDATA[]]></system-out>
  <system-err><![CDATA[]]></system-err>
</testsuite>
