<?xml version="1.0" encoding="UTF-8"?>
<testsuite name="org.apache.kafka.common.requests.ControlledShutdownRequestTest" tests="2" skipped="0" failures="0" errors="0" timestamp="2020-01-15T02:08:28" hostname="localhost" time="0.003">
  <properties/>
  <testcase name="testUnsupportedVersion" classname="org.apache.kafka.common.requests.ControlledShutdownRequestTest" time="0.002"/>
  <testcase name="testGetErrorResponse" classname="org.apache.kafka.common.requests.ControlledShutdownRequestTest" time="0.001"/>
  <system-out><![CDATA[]]></system-out>
  <system-err><![CDATA[]]></system-err>
</testsuite>
