<?xml version="1.0" encoding="UTF-8"?>
<testsuite name="org.apache.kafka.common.security.authenticator.SaslServerAuthenticatorTest" tests="4" skipped="0" failures="0" errors="0" timestamp="2020-01-15T02:08:36" hostname="localhost" time="0.498">
  <properties/>
  <testcase name="testUnexpectedRequestType" classname="org.apache.kafka.common.security.authenticator.SaslServerAuthenticatorTest" time="0.115"/>
  <testcase name="testOversizeRequest" classname="org.apache.kafka.common.security.authenticator.SaslServerAuthenticatorTest" time="0.003"/>
  <testcase name="testOldestApiVersionsRequest" classname="org.apache.kafka.common.security.authenticator.SaslServerAuthenticatorTest" time="0.372"/>
  <testcase name="testLatestApiVersionsRequest" classname="org.apache.kafka.common.security.authenticator.SaslServerAuthenticatorTest" time="0.007"/>
  <system-out><![CDATA[]]></system-out>
  <system-err><![CDATA[]]></system-err>
</testsuite>
