<?xml version="1.0" encoding="UTF-8"?>
<testsuite name="org.apache.kafka.common.requests.OffsetCommitRequestTest" tests="3" skipped="0" failures="0" errors="0" timestamp="2020-01-15T02:08:28" hostname="localhost" time="0.002">
  <properties/>
  <testcase name="testGetErrorResponseTopics" classname="org.apache.kafka.common.requests.OffsetCommitRequestTest" time="0.0"/>
  <testcase name="testVersionSupportForGroupInstanceId" classname="org.apache.kafka.common.requests.OffsetCommitRequestTest" time="0.001"/>
  <testcase name="testConstructor" classname="org.apache.kafka.common.requests.OffsetCommitRequestTest" time="0.0"/>
  <system-out><![CDATA[]]></system-out>
  <system-err><![CDATA[]]></system-err>
</testsuite>
