<?xml version="1.0" encoding="UTF-8"?>
<testsuite name="org.apache.kafka.common.requests.MetadataRequestTest" tests="3" skipped="0" failures="0" errors="0" timestamp="2020-01-15T02:08:36" hostname="localhost" time="0.002">
  <properties/>
  <testcase name="testEmptyMeansAllTopicsV0" classname="org.apache.kafka.common.requests.MetadataRequestTest" time="0.001"/>
  <testcase name="testEmptyMeansEmptyForVersionsAboveV0" classname="org.apache.kafka.common.requests.MetadataRequestTest" time="0.001"/>
  <testcase name="testMetadataRequestVersion" classname="org.apache.kafka.common.requests.MetadataRequestTest" time="0.0"/>
  <system-out><![CDATA[]]></system-out>
  <system-err><![CDATA[]]></system-err>
</testsuite>
