<?xml version="1.0" encoding="UTF-8"?>
<testsuite name="org.apache.kafka.common.security.oauthbearer.internals.unsecured.OAuthBearerValidationUtilsTest" tests="5" skipped="0" failures="0" errors="0" timestamp="2020-01-15T02:08:30" hostname="localhost" time="1.052">
  <properties/>
  <testcase name="validateClaimForExistenceAndType" classname="org.apache.kafka.common.security.oauthbearer.internals.unsecured.OAuthBearerValidationUtilsTest" time="1.031"/>
  <testcase name="validateExpirationTimeAndIssuedAtConsistency" classname="org.apache.kafka.common.security.oauthbearer.internals.unsecured.OAuthBearerValidationUtilsTest" time="0.006"/>
  <testcase name="validateScope" classname="org.apache.kafka.common.security.oauthbearer.internals.unsecured.OAuthBearerValidationUtilsTest" time="0.01"/>
  <testcase name="validateIssuedAt" classname="org.apache.kafka.common.security.oauthbearer.internals.unsecured.OAuthBearerValidationUtilsTest" time="0.003"/>
  <testcase name="validateExpirationTime" classname="org.apache.kafka.common.security.oauthbearer.internals.unsecured.OAuthBearerValidationUtilsTest" time="0.002"/>
  <system-out><![CDATA[]]></system-out>
  <system-err><![CDATA[]]></system-err>
</testsuite>
