<?xml version="1.0" encoding="UTF-8"?>
<testsuite name="org.apache.kafka.common.security.oauthbearer.OAuthBearerValidatorCallbackTest" tests="2" skipped="0" failures="0" errors="0" timestamp="2020-01-15T02:08:58" hostname="localhost" time="0.001">
  <properties/>
  <testcase name="testError" classname="org.apache.kafka.common.security.oauthbearer.OAuthBearerValidatorCallbackTest" time="0.001"/>
  <testcase name="testToken" classname="org.apache.kafka.common.security.oauthbearer.OAuthBearerValidatorCallbackTest" time="0.0"/>
  <system-out><![CDATA[]]></system-out>
  <system-err><![CDATA[]]></system-err>
</testsuite>
