<?xml version="1.0" encoding="UTF-8"?>
<testsuite name="org.apache.kafka.common.security.auth.DefaultKafkaPrincipalBuilderTest" tests="8" skipped="0" failures="0" errors="0" timestamp="2020-01-15T02:08:57" hostname="localhost" time="0.116">
  <properties/>
  <testcase name="testUseOldPrincipalBuilderForPlaintextIfProvided" classname="org.apache.kafka.common.security.auth.DefaultKafkaPrincipalBuilderTest" time="0.054"/>
  <testcase name="testPrincipalBuilderScram" classname="org.apache.kafka.common.security.auth.DefaultKafkaPrincipalBuilderTest" time="0.015"/>
  <testcase name="testPrincipalWithSslPrincipalMapper" classname="org.apache.kafka.common.security.auth.DefaultKafkaPrincipalBuilderTest" time="0.03"/>
  <testcase name="testPrincipalIfSSLPeerIsNotAuthenticated" classname="org.apache.kafka.common.security.auth.DefaultKafkaPrincipalBuilderTest" time="0.001"/>
  <testcase name="testPrincipalBuilderGssapi" classname="org.apache.kafka.common.security.auth.DefaultKafkaPrincipalBuilderTest" time="0.012"/>
  <testcase name="testUseSessionPeerPrincipalForSsl" classname="org.apache.kafka.common.security.auth.DefaultKafkaPrincipalBuilderTest" time="0.0"/>
  <testcase name="testUseOldPrincipalBuilderForSslIfProvided" classname="org.apache.kafka.common.security.auth.DefaultKafkaPrincipalBuilderTest" time="0.001"/>
  <testcase name="testReturnAnonymousPrincipalForPlaintext" classname="org.apache.kafka.common.security.auth.DefaultKafkaPrincipalBuilderTest" time="0.001"/>
  <system-out><![CDATA[]]></system-out>
  <system-err><![CDATA[]]></system-err>
</testsuite>
