<?xml version="1.0" encoding="UTF-8"?>
<testsuite name="org.apache.kafka.clients.producer.ProducerRecordTest" tests="2" skipped="0" failures="0" errors="0" timestamp="2020-01-15T02:08:13" hostname="localhost" time="0.002">
  <properties/>
  <testcase name="testInvalidRecords" classname="org.apache.kafka.clients.producer.ProducerRecordTest" time="0.001"/>
  <testcase name="testEqualsAndHashCode" classname="org.apache.kafka.clients.producer.ProducerRecordTest" time="0.001"/>
  <system-out><![CDATA[]]></system-out>
  <system-err><![CDATA[]]></system-err>
</testsuite>
