<?xml version="1.0" encoding="UTF-8"?>
<testsuite name="org.apache.kafka.common.security.scram.internals.ScramCredentialUtilsTest" tests="6" skipped="0" failures="0" errors="0" timestamp="2020-01-15T02:08:31" hostname="localhost" time="0.729">
  <properties/>
  <testcase name="missingFields" classname="org.apache.kafka.common.security.scram.internals.ScramCredentialUtilsTest" time="0.37"/>
  <testcase name="stringConversion" classname="org.apache.kafka.common.security.scram.internals.ScramCredentialUtilsTest" time="0.036"/>
  <testcase name="generateCredential" classname="org.apache.kafka.common.security.scram.internals.ScramCredentialUtilsTest" time="0.08"/>
  <testcase name="extraneousFields" classname="org.apache.kafka.common.security.scram.internals.ScramCredentialUtilsTest" time="0.024"/>
  <testcase name="scramCredentialCache" classname="org.apache.kafka.common.security.scram.internals.ScramCredentialUtilsTest" time="0.217"/>
  <testcase name="invalidCredential" classname="org.apache.kafka.common.security.scram.internals.ScramCredentialUtilsTest" time="0.0"/>
  <system-out><![CDATA[]]></system-out>
  <system-err><![CDATA[]]></system-err>
</testsuite>
