<?xml version="1.0" encoding="UTF-8"?>
<testsuite name="org.apache.kafka.common.utils.AbstractIteratorTest" tests="2" skipped="0" failures="0" errors="0" timestamp="2020-01-15T02:08:32" hostname="localhost" time="0.003">
  <properties/>
  <testcase name="testEmptyIterator" classname="org.apache.kafka.common.utils.AbstractIteratorTest" time="0.001"/>
  <testcase name="testIterator" classname="org.apache.kafka.common.utils.AbstractIteratorTest" time="0.001"/>
  <system-out><![CDATA[]]></system-out>
  <system-err><![CDATA[]]></system-err>
</testsuite>
