<?xml version="1.0" encoding="UTF-8"?>
<testsuite name="org.apache.kafka.clients.consumer.ConsumerRecordTest" tests="2" skipped="0" failures="0" errors="0" timestamp="2020-01-15T02:08:10" hostname="localhost" time="0.076">
  <properties/>
  <testcase name="testNullChecksumInConstructor" classname="org.apache.kafka.clients.consumer.ConsumerRecordTest" time="0.074"/>
  <testcase name="testOldConstructor" classname="org.apache.kafka.clients.consumer.ConsumerRecordTest" time="0.002"/>
  <system-out><![CDATA[]]></system-out>
  <system-err><![CDATA[]]></system-err>
</testsuite>
