<?xml version="1.0" encoding="UTF-8"?>
<testsuite name="org.apache.kafka.common.network.NetworkReceiveTest" tests="1" skipped="0" failures="0" errors="0" timestamp="2020-01-15T02:08:30" hostname="localhost" time="0.045">
  <properties/>
  <testcase name="testBytesRead" classname="org.apache.kafka.common.network.NetworkReceiveTest" time="0.045"/>
  <system-out><![CDATA[]]></system-out>
  <system-err><![CDATA[]]></system-err>
</testsuite>
