<?xml version="1.0" encoding="UTF-8"?>
<testsuite name="org.apache.kafka.common.requests.StopReplicaRequestTest" tests="3" skipped="0" failures="0" errors="0" timestamp="2020-01-15T02:08:57" hostname="localhost" time="0.007">
  <properties/>
  <testcase name="testUnsupportedVersion" classname="org.apache.kafka.common.requests.StopReplicaRequestTest" time="0.003"/>
  <testcase name="testGetErrorResponse" classname="org.apache.kafka.common.requests.StopReplicaRequestTest" time="0.002"/>
  <testcase name="testStopReplicaRequestNormalization" classname="org.apache.kafka.common.requests.StopReplicaRequestTest" time="0.002"/>
  <system-out><![CDATA[]]></system-out>
  <system-err><![CDATA[]]></system-err>
</testsuite>
