<?xml version="1.0" encoding="UTF-8"?>
<testsuite name="org.apache.kafka.common.record.LazyDownConversionRecordsTest" tests="1" skipped="0" failures="0" errors="0" timestamp="2020-01-15T02:08:23" hostname="localhost" time="5.172">
  <properties/>
  <testcase name="testConversionOfCommitMarker" classname="org.apache.kafka.common.record.LazyDownConversionRecordsTest" time="5.172"/>
  <system-out><![CDATA[]]></system-out>
  <system-err><![CDATA[]]></system-err>
</testsuite>
