<?xml version="1.0" encoding="UTF-8"?>
<testsuite name="org.apache.kafka.clients.producer.internals.FutureRecordMetadataTest" tests="2" skipped="0" failures="0" errors="0" timestamp="2020-01-15T02:08:40" hostname="localhost" time="0.984">
  <properties/>
  <testcase name="testFutureGetWithSeconds" classname="org.apache.kafka.clients.producer.internals.FutureRecordMetadataTest" time="0.982"/>
  <testcase name="testFutureGetWithMilliSeconds" classname="org.apache.kafka.clients.producer.internals.FutureRecordMetadataTest" time="0.002"/>
  <system-out><![CDATA[]]></system-out>
  <system-err><![CDATA[]]></system-err>
</testsuite>
