<?xml version="1.0" encoding="UTF-8"?>
<testsuite name="org.apache.kafka.common.ClusterTest" tests="2" skipped="0" failures="0" errors="0" timestamp="2020-01-15T02:08:42" hostname="localhost" time="0.004">
  <properties/>
  <testcase name="testReturnUnmodifiableCollections" classname="org.apache.kafka.common.ClusterTest" time="0.003"/>
  <testcase name="testBootstrap" classname="org.apache.kafka.common.ClusterTest" time="0.001"/>
  <system-out><![CDATA[]]></system-out>
  <system-err><![CDATA[]]></system-err>
</testsuite>
