<?xml version="1.0" encoding="UTF-8"?>
<testsuite name="org.apache.kafka.common.utils.AppInfoParserTest" tests="2" skipped="0" failures="0" errors="0" timestamp="2020-01-15T02:08:36" hostname="localhost" time="0.078">
  <properties/>
  <testcase name="testUnregisterAppInfoUnregistersMetrics" classname="org.apache.kafka.common.utils.AppInfoParserTest" time="0.078"/>
  <testcase name="testRegisterAppInfoRegistersMetrics" classname="org.apache.kafka.common.utils.AppInfoParserTest" time="0.0"/>
  <system-out><![CDATA[]]></system-out>
  <system-err><![CDATA[]]></system-err>
</testsuite>
