<?xml version="1.0" encoding="UTF-8"?>
<testsuite name="org.apache.kafka.common.utils.SanitizerTest" tests="2" skipped="0" failures="0" errors="0" timestamp="2020-01-15T02:09:30" hostname="localhost" time="0.438">
  <properties/>
  <testcase name="testSanitize" classname="org.apache.kafka.common.utils.SanitizerTest" time="0.001"/>
  <testcase name="testJmxSanitize" classname="org.apache.kafka.common.utils.SanitizerTest" time="0.437"/>
  <system-out><![CDATA[]]></system-out>
  <system-err><![CDATA[]]></system-err>
</testsuite>
