<?xml version="1.0" encoding="UTF-8"?>
<testsuite name="org.apache.kafka.common.requests.OffsetFetchRequestTest" tests="2" skipped="0" failures="0" errors="0" timestamp="2020-01-15T02:08:49" hostname="localhost" time="0.002">
  <properties/>
  <testcase name="testConstructorFailForUnsupportedRequireStable" classname="org.apache.kafka.common.requests.OffsetFetchRequestTest" time="0.001"/>
  <testcase name="testConstructor" classname="org.apache.kafka.common.requests.OffsetFetchRequestTest" time="0.001"/>
  <system-out><![CDATA[]]></system-out>
  <system-err><![CDATA[]]></system-err>
</testsuite>
