<?xml version="1.0" encoding="UTF-8"?>
<testsuite name="org.apache.kafka.common.header.internals.RecordHeadersTest" tests="8" skipped="0" failures="0" errors="0" timestamp="2020-01-15T02:08:20" hostname="localhost" time="0.008">
  <properties/>
  <testcase name="shouldThrowNpeWhenAddingNullHeader" classname="org.apache.kafka.common.header.internals.RecordHeadersTest" time="0.0"/>
  <testcase name="testAdd" classname="org.apache.kafka.common.header.internals.RecordHeadersTest" time="0.002"/>
  <testcase name="testNew" classname="org.apache.kafka.common.header.internals.RecordHeadersTest" time="0.0"/>
  <testcase name="testReadOnly" classname="org.apache.kafka.common.header.internals.RecordHeadersTest" time="0.001"/>
  <testcase name="testHeaders" classname="org.apache.kafka.common.header.internals.RecordHeadersTest" time="0.003"/>
  <testcase name="testLastHeader" classname="org.apache.kafka.common.header.internals.RecordHeadersTest" time="0.001"/>
  <testcase name="testRemove" classname="org.apache.kafka.common.header.internals.RecordHeadersTest" time="0.001"/>
  <testcase name="testAddRemoveInterleaved" classname="org.apache.kafka.common.header.internals.RecordHeadersTest" time="0.0"/>
  <system-out><![CDATA[]]></system-out>
  <system-err><![CDATA[]]></system-err>
</testsuite>
