<?xml version="1.0" encoding="UTF-8"?>
<testsuite name="org.apache.kafka.clients.consumer.ConsumerConfigTest" tests="2" skipped="0" failures="0" errors="0" timestamp="2020-01-15T02:08:18" hostname="localhost" time="0.007">
  <properties/>
  <testcase name="testDeserializerToPropertyConfig" classname="org.apache.kafka.clients.consumer.ConsumerConfigTest" time="0.007"/>
  <testcase name="testDeserializerToMapConfig" classname="org.apache.kafka.clients.consumer.ConsumerConfigTest" time="0.0"/>
  <system-out><![CDATA[]]></system-out>
  <system-err><![CDATA[]]></system-err>
</testsuite>
