<?xml version="1.0" encoding="UTF-8"?>
<testsuite name="org.apache.kafka.clients.FetchSessionHandlerTest" tests="6" skipped="0" failures="0" errors="0" timestamp="2020-01-15T02:08:18" hostname="localhost" time="0.011">
  <properties/>
  <testcase name="testSessionless" classname="org.apache.kafka.clients.FetchSessionHandlerTest" time="0.006"/>
  <testcase name="testVerifyFullFetchResponsePartitions" classname="org.apache.kafka.clients.FetchSessionHandlerTest" time="0.001"/>
  <testcase name="testIncrementals" classname="org.apache.kafka.clients.FetchSessionHandlerTest" time="0.001"/>
  <testcase name="testIncrementalPartitionRemoval" classname="org.apache.kafka.clients.FetchSessionHandlerTest" time="0.001"/>
  <testcase name="testFindMissing" classname="org.apache.kafka.clients.FetchSessionHandlerTest" time="0.001"/>
  <testcase name="testDoubleBuild" classname="org.apache.kafka.clients.FetchSessionHandlerTest" time="0.001"/>
  <system-out><![CDATA[]]></system-out>
  <system-err><![CDATA[]]></system-err>
</testsuite>
