<?xml version="1.0" encoding="UTF-8"?>
<testsuite name="org.apache.kafka.clients.InFlightRequestsTest" tests="6" skipped="0" failures="0" errors="0" timestamp="2020-01-15T02:08:12" hostname="localhost" time="0.63">
  <properties/>
  <testcase name="testCompleteNextThrowsIfNoInflights" classname="org.apache.kafka.clients.InFlightRequestsTest" time="0.0"/>
  <testcase name="testCompleteLastSentThrowsIfNoInFlights" classname="org.apache.kafka.clients.InFlightRequestsTest" time="0.0"/>
  <testcase name="testCompleteNext" classname="org.apache.kafka.clients.InFlightRequestsTest" time="0.591"/>
  <testcase name="testCompleteLastSent" classname="org.apache.kafka.clients.InFlightRequestsTest" time="0.002"/>
  <testcase name="testClearAll" classname="org.apache.kafka.clients.InFlightRequestsTest" time="0.007"/>
  <testcase name="testTimedOutNodes" classname="org.apache.kafka.clients.InFlightRequestsTest" time="0.029"/>
  <system-out><![CDATA[]]></system-out>
  <system-err><![CDATA[]]></system-err>
</testsuite>
