<?xml version="1.0" encoding="UTF-8"?>
<testsuite name="org.apache.kafka.clients.consumer.internals.ConsumerInterceptorsTest" tests="2" skipped="0" failures="0" errors="0" timestamp="2020-01-15T02:08:18" hostname="localhost" time="0.006">
  <properties/>
  <testcase name="testOnCommitChain" classname="org.apache.kafka.clients.consumer.internals.ConsumerInterceptorsTest" time="0.005"/>
  <testcase name="testOnConsumeChain" classname="org.apache.kafka.clients.consumer.internals.ConsumerInterceptorsTest" time="0.001"/>
  <system-out><![CDATA[]]></system-out>
  <system-err><![CDATA[]]></system-err>
</testsuite>
