<?xml version="1.0" encoding="UTF-8"?>
<testsuite name="org.apache.kafka.common.metrics.stats.MeterTest" tests="1" skipped="0" failures="0" errors="0" timestamp="2020-01-15T02:08:29" hostname="localhost" time="0.003">
  <properties/>
  <testcase name="testMeter" classname="org.apache.kafka.common.metrics.stats.MeterTest" time="0.003"/>
  <system-out><![CDATA[]]></system-out>
  <system-err><![CDATA[]]></system-err>
</testsuite>
