<?xml version="1.0" encoding="UTF-8"?>
<testsuite name="org.apache.kafka.common.security.oauthbearer.internals.expiring.ExpiringCredentialRefreshingLoginTest" tests="6" skipped="0" failures="0" errors="0" timestamp="2020-01-15T02:08:30" hostname="localhost" time="0.186">
  <properties/>
  <testcase name="testRefreshWithExpirationSmallerThanConfiguredBuffers" classname="org.apache.kafka.common.security.oauthbearer.internals.expiring.ExpiringCredentialRefreshingLoginTest" time="0.144"/>
  <testcase name="testRefreshWithMinPeriodIntrusion" classname="org.apache.kafka.common.security.oauthbearer.internals.expiring.ExpiringCredentialRefreshingLoginTest" time="0.004"/>
  <testcase name="testRefreshWithPreExpirationBufferIntrusion" classname="org.apache.kafka.common.security.oauthbearer.internals.expiring.ExpiringCredentialRefreshingLoginTest" time="0.005"/>
  <testcase name="testLoginExceptionCausesCorrectLogout" classname="org.apache.kafka.common.security.oauthbearer.internals.expiring.ExpiringCredentialRefreshingLoginTest" time="0.007"/>
  <testcase name="testRefresh" classname="org.apache.kafka.common.security.oauthbearer.internals.expiring.ExpiringCredentialRefreshingLoginTest" time="0.019"/>
  <testcase name="testRefreshWithExpirationSmallerThanConfiguredBuffersAndOlderCreateTime" classname="org.apache.kafka.common.security.oauthbearer.internals.expiring.ExpiringCredentialRefreshingLoginTest" time="0.007"/>
  <system-out><![CDATA[]]></system-out>
  <system-err><![CDATA[]]></system-err>
</testsuite>
