<?xml version="1.0" encoding="UTF-8"?>
<testsuite name="org.apache.kafka.common.utils.ShellTest" tests="4" skipped="0" failures="0" errors="0" timestamp="2020-01-15T02:08:36" hostname="localhost" time="0.06">
  <properties/>
  <testcase name="testEchoHello" classname="org.apache.kafka.common.utils.ShellTest" time="0.025"/>
  <testcase name="testRunProgramWithErrorReturn" classname="org.apache.kafka.common.utils.ShellTest" time="0.014"/>
  <testcase name="testHeadDevZero" classname="org.apache.kafka.common.utils.ShellTest" time="0.015"/>
  <testcase name="testAttemptToRunNonExistentProgram" classname="org.apache.kafka.common.utils.ShellTest" time="0.006"/>
  <system-out><![CDATA[]]></system-out>
  <system-err><![CDATA[]]></system-err>
</testsuite>
