<?xml version="1.0" encoding="UTF-8"?>
<testsuite name="org.apache.kafka.clients.consumer.CooperativeStickyAssignorTest" tests="23" skipped="0" failures="0" errors="0" timestamp="2020-01-15T02:08:12" hostname="localhost" time="21.519">
  <properties/>
  <testcase name="testNoExceptionThrownWhenOnlySubscribedTopicDeleted" classname="org.apache.kafka.clients.consumer.CooperativeStickyAssignorTest" time="0.036"/>
  <testcase name="testStickiness" classname="org.apache.kafka.clients.consumer.CooperativeStickyAssignorTest" time="0.038"/>
  <testcase name="testOneConsumerNoTopic" classname="org.apache.kafka.clients.consumer.CooperativeStickyAssignorTest" time="0.0"/>
  <testcase name="testAddRemoveConsumerOneTopic" classname="org.apache.kafka.clients.consumer.CooperativeStickyAssignorTest" time="0.017"/>
  <testcase name="testTwoConsumersTwoTopicsSixPartitions" classname="org.apache.kafka.clients.consumer.CooperativeStickyAssignorTest" time="0.001"/>
  <testcase name="testAssignmentUpdatedForDeletedTopic" classname="org.apache.kafka.clients.consumer.CooperativeStickyAssignorTest" time="0.008"/>
  <testcase name="testReassignmentWithRandomSubscriptionsAndChanges" classname="org.apache.kafka.clients.consumer.CooperativeStickyAssignorTest" time="13.064"/>
  <testcase name="testNewSubscription" classname="org.apache.kafka.clients.consumer.CooperativeStickyAssignorTest" time="0.0"/>
  <testcase name="testAddRemoveTopicTwoConsumers" classname="org.apache.kafka.clients.consumer.CooperativeStickyAssignorTest" time="0.001"/>
  <testcase name="testMoveExistingAssignments" classname="org.apache.kafka.clients.consumer.CooperativeStickyAssignorTest" time="0.0"/>
  <testcase name="testConflictingPreviousAssignments" classname="org.apache.kafka.clients.consumer.CooperativeStickyAssignorTest" time="0.0"/>
  <testcase name="testMultipleConsumersMixedTopicSubscriptions" classname="org.apache.kafka.clients.consumer.CooperativeStickyAssignorTest" time="0.0"/>
  <testcase name="testOneConsumerOneTopic" classname="org.apache.kafka.clients.consumer.CooperativeStickyAssignorTest" time="0.001"/>
  <testcase name="testPoorRoundRobinAssignmentScenario" classname="org.apache.kafka.clients.consumer.CooperativeStickyAssignorTest" time="0.0"/>
  <testcase name="testReassignmentAfterOneConsumerLeaves" classname="org.apache.kafka.clients.consumer.CooperativeStickyAssignorTest" time="0.055"/>
  <testcase name="testSameSubscriptions" classname="org.apache.kafka.clients.consumer.CooperativeStickyAssignorTest" time="0.018"/>
  <testcase name="testLargeAssignmentWithMultipleConsumersLeaving" classname="org.apache.kafka.clients.consumer.CooperativeStickyAssignorTest" time="8.268"/>
  <testcase name="testReassignmentAfterOneConsumerAdded" classname="org.apache.kafka.clients.consumer.CooperativeStickyAssignorTest" time="0.001"/>
  <testcase name="testTwoConsumersOneTopicOnePartition" classname="org.apache.kafka.clients.consumer.CooperativeStickyAssignorTest" time="0.0"/>
  <testcase name="testOneConsumerMultipleTopics" classname="org.apache.kafka.clients.consumer.CooperativeStickyAssignorTest" time="0.001"/>
  <testcase name="testOnlyAssignsPartitionsFromSubscribedTopics" classname="org.apache.kafka.clients.consumer.CooperativeStickyAssignorTest" time="0.001"/>
  <testcase name="testTwoConsumersOneTopicTwoPartitions" classname="org.apache.kafka.clients.consumer.CooperativeStickyAssignorTest" time="0.0"/>
  <testcase name="testOneConsumerNonexistentTopic" classname="org.apache.kafka.clients.consumer.CooperativeStickyAssignorTest" time="0.0"/>
  <system-out><![CDATA[]]></system-out>
  <system-err><![CDATA[]]></system-err>
</testsuite>
