<?xml version="1.0" encoding="UTF-8"?>
<testsuite name="org.apache.kafka.common.security.oauthbearer.OAuthBearerTokenCallbackTest" tests="2" skipped="0" failures="0" errors="0" timestamp="2020-01-15T02:08:29" hostname="localhost" time="0.013">
  <properties/>
  <testcase name="testError" classname="org.apache.kafka.common.security.oauthbearer.OAuthBearerTokenCallbackTest" time="0.012"/>
  <testcase name="testToken" classname="org.apache.kafka.common.security.oauthbearer.OAuthBearerTokenCallbackTest" time="0.0"/>
  <system-out><![CDATA[]]></system-out>
  <system-err><![CDATA[]]></system-err>
</testsuite>
