<?xml version="1.0" encoding="UTF-8"?>
<testsuite name="org.apache.kafka.clients.producer.RoundRobinPartitionerTest" tests="3" skipped="0" failures="0" errors="0" timestamp="2020-01-15T02:08:42" hostname="localhost" time="0.002">
  <properties/>
  <testcase name="testRoundRobinWithNullKeyBytes" classname="org.apache.kafka.clients.producer.RoundRobinPartitionerTest" time="0.002"/>
  <testcase name="testRoundRobinWithKeyBytes" classname="org.apache.kafka.clients.producer.RoundRobinPartitionerTest" time="0.0"/>
  <testcase name="testRoundRobinWithUnavailablePartitions" classname="org.apache.kafka.clients.producer.RoundRobinPartitionerTest" time="0.0"/>
  <system-out><![CDATA[]]></system-out>
  <system-err><![CDATA[]]></system-err>
</testsuite>
