<?xml version="1.0" encoding="UTF-8"?>
<testsuite name="org.apache.kafka.common.acl.ResourcePatternTest" tests="4" skipped="0" failures="0" errors="0" timestamp="2020-01-15T02:08:24" hostname="localhost" time="0.003">
  <properties/>
  <testcase name="shouldThrowIfResourceNameIsNull" classname="org.apache.kafka.common.acl.ResourcePatternTest" time="0.002"/>
  <testcase name="shouldThrowIfPatternTypeIsAny" classname="org.apache.kafka.common.acl.ResourcePatternTest" time="0.0"/>
  <testcase name="shouldThrowIfResourceTypeIsAny" classname="org.apache.kafka.common.acl.ResourcePatternTest" time="0.0"/>
  <testcase name="shouldThrowIfPatternTypeIsMatch" classname="org.apache.kafka.common.acl.ResourcePatternTest" time="0.0"/>
  <system-out><![CDATA[]]></system-out>
  <system-err><![CDATA[]]></system-err>
</testsuite>
