<?xml version="1.0" encoding="UTF-8"?>
<testsuite name="org.apache.kafka.common.metrics.SensorTest" tests="6" skipped="0" failures="0" errors="0" timestamp="2020-01-15T02:08:50" hostname="localhost" time="0.012">
  <properties/>
  <testcase name="testIdempotentAdd" classname="org.apache.kafka.common.metrics.SensorTest" time="0.0"/>
  <testcase name="testExpiredSensor" classname="org.apache.kafka.common.metrics.SensorTest" time="0.003"/>
  <testcase name="testShouldRecord" classname="org.apache.kafka.common.metrics.SensorTest" time="0.0"/>
  <testcase name="testCheckQuotasInMultiThreads" classname="org.apache.kafka.common.metrics.SensorTest" time="0.006"/>
  <testcase name="shouldReturnPresenceOfMetrics" classname="org.apache.kafka.common.metrics.SensorTest" time="0.003"/>
  <testcase name="testRecordLevelEnum" classname="org.apache.kafka.common.metrics.SensorTest" time="0.0"/>
  <system-out><![CDATA[]]></system-out>
  <system-err><![CDATA[]]></system-err>
</testsuite>
