<?xml version="1.0" encoding="UTF-8"?>
<testsuite name="org.apache.kafka.common.requests.JoinGroupRequestTest" tests="5" skipped="0" failures="0" errors="0" timestamp="2020-01-15T02:08:49" hostname="localhost" time="0.002">
  <properties/>
  <testcase name="shouldRecognizeInvalidCharactersInGroupInstanceIds" classname="org.apache.kafka.common.requests.JoinGroupRequestTest" time="0.0"/>
  <testcase name="testRebalanceTimeoutDefaultsToSessionTimeoutV0" classname="org.apache.kafka.common.requests.JoinGroupRequestTest" time="0.001"/>
  <testcase name="shouldAcceptValidGroupInstanceIds" classname="org.apache.kafka.common.requests.JoinGroupRequestTest" time="0.0"/>
  <testcase name="testRequestVersionCompatibilityFailBuild" classname="org.apache.kafka.common.requests.JoinGroupRequestTest" time="0.001"/>
  <testcase name="shouldThrowOnInvalidGroupInstanceIds" classname="org.apache.kafka.common.requests.JoinGroupRequestTest" time="0.0"/>
  <system-out><![CDATA[]]></system-out>
  <system-err><![CDATA[]]></system-err>
</testsuite>
