<?xml version="1.0" encoding="UTF-8"?>
<testsuite name="org.apache.kafka.common.metrics.stats.FrequenciesTest" tests="5" skipped="0" failures="0" errors="0" timestamp="2020-01-15T02:08:24" hostname="localhost" time="0.034">
  <properties/>
  <testcase name="testFrequencyCenterValueAboveMax" classname="org.apache.kafka.common.metrics.stats.FrequenciesTest" time="0.019"/>
  <testcase name="testFrequencyCenterValueBelowMin" classname="org.apache.kafka.common.metrics.stats.FrequenciesTest" time="0.003"/>
  <testcase name="testUseWithMetrics" classname="org.apache.kafka.common.metrics.stats.FrequenciesTest" time="0.008"/>
  <testcase name="testMoreFrequencyParametersThanBuckets" classname="org.apache.kafka.common.metrics.stats.FrequenciesTest" time="0.002"/>
  <testcase name="testBooleanFrequencies" classname="org.apache.kafka.common.metrics.stats.FrequenciesTest" time="0.002"/>
  <system-out><![CDATA[]]></system-out>
  <system-err><![CDATA[]]></system-err>
</testsuite>
