<?xml version="1.0" encoding="UTF-8"?>
<testsuite name="org.apache.kafka.clients.producer.internals.ProducerInterceptorsTest" tests="3" skipped="0" failures="0" errors="0" timestamp="2020-01-15T02:08:13" hostname="localhost" time="0.008">
  <properties/>
  <testcase name="testOnAcknowledgementWithErrorChain" classname="org.apache.kafka.clients.producer.internals.ProducerInterceptorsTest" time="0.007"/>
  <testcase name="testOnAcknowledgementChain" classname="org.apache.kafka.clients.producer.internals.ProducerInterceptorsTest" time="0.001"/>
  <testcase name="testOnSendChain" classname="org.apache.kafka.clients.producer.internals.ProducerInterceptorsTest" time="0.0"/>
  <system-out><![CDATA[]]></system-out>
  <system-err><![CDATA[]]></system-err>
</testsuite>
