<?xml version="1.0" encoding="UTF-8"?>
<testsuite name="org.apache.kafka.common.network.KafkaChannelTest" tests="2" skipped="0" failures="0" errors="0" timestamp="2020-01-15T02:08:42" hostname="localhost" time="0.083">
  <properties/>
  <testcase name="testReceiving" classname="org.apache.kafka.common.network.KafkaChannelTest" time="0.08"/>
  <testcase name="testSending" classname="org.apache.kafka.common.network.KafkaChannelTest" time="0.003"/>
  <system-out><![CDATA[]]></system-out>
  <system-err><![CDATA[]]></system-err>
</testsuite>
