<?xml version="1.0" encoding="UTF-8"?>
<testsuite name="org.apache.kafka.clients.producer.RecordSendTest" tests="3" skipped="0" failures="0" errors="0" timestamp="2020-01-15T02:08:20" hostname="localhost" time="0.111">
  <properties/>
  <testcase name="testTimeout" classname="org.apache.kafka.clients.producer.RecordSendTest" time="0.008"/>
  <testcase name="testError" classname="org.apache.kafka.clients.producer.RecordSendTest" time="0.052"/>
  <testcase name="testBlocking" classname="org.apache.kafka.clients.producer.RecordSendTest" time="0.051"/>
  <system-out><![CDATA[]]></system-out>
  <system-err><![CDATA[]]></system-err>
</testsuite>
