<?xml version="1.0" encoding="UTF-8"?>
<testsuite name="kafka.server.SimpleFetchTest" tests="1" skipped="0" failures="0" errors="0" timestamp="2020-01-15T02:40:20" hostname="localhost" time="0.819">
  <properties/>
  <testcase name="testReadFromLog" classname="kafka.server.SimpleFetchTest" time="0.819"/>
  <system-out><![CDATA[]]></system-out>
  <system-err><![CDATA[]]></system-err>
</testsuite>
