<?xml version="1.0" encoding="UTF-8"?>
<testsuite name="kafka.integration.MinIsrConfigTest" tests="1" skipped="0" failures="0" errors="0" timestamp="2020-01-15T02:27:37" hostname="localhost" time="4.869">
  <properties/>
  <testcase name="testDefaultKafkaConfig" classname="kafka.integration.MinIsrConfigTest" time="4.869"/>
  <system-out><![CDATA[]]></system-out>
  <system-err><![CDATA[]]></system-err>
</testsuite>
