<?xml version="1.0" encoding="UTF-8"?>
<testsuite name="kafka.api.ApiUtilsTest" tests="2" skipped="0" failures="0" errors="0" timestamp="2020-01-15T02:13:25" hostname="localhost" time="0.151">
  <properties/>
  <testcase name="testShortStringNonASCII" classname="kafka.api.ApiUtilsTest" time="0.113"/>
  <testcase name="testShortStringASCII" classname="kafka.api.ApiUtilsTest" time="0.038"/>
  <system-out><![CDATA[]]></system-out>
  <system-err><![CDATA[]]></system-err>
</testsuite>
