<?xml version="1.0" encoding="UTF-8"?>
<testsuite name="kafka.api.SaslPlainPlaintextConsumerTest" tests="3" skipped="0" failures="0" errors="0" timestamp="2020-01-15T02:17:15" hostname="localhost" time="49.387">
  <properties/>
  <testcase name="testZkAclsDisabled" classname="kafka.api.SaslPlainPlaintextConsumerTest" time="8.088"/>
  <testcase name="testCoordinatorFailover" classname="kafka.api.SaslPlainPlaintextConsumerTest" time="20.603"/>
  <testcase name="testSimpleConsumption" classname="kafka.api.SaslPlainPlaintextConsumerTest" time="20.696"/>
  <system-out><![CDATA[[2020-01-15 10:17:16,464] ERROR [ReplicaFetcher replicaId=0, leaderId=1, fetcherId=0] Error for partition __consumer_offsets-0 at offset 0 (kafka.server.ReplicaFetcherThread:76)
org.apache.kafka.common.errors.UnknownTopicOrPartitionException: This server does not host this topic-partition.
[2020-01-15 10:17:16,464] ERROR [ReplicaFetcher replicaId=2, leaderId=1, fetcherId=0] Error for partition __consumer_offsets-0 at offset 0 (kafka.server.ReplicaFetcherThread:76)
org.apache.kafka.common.errors.UnknownTopicOrPartitionException: This server does not host this topic-partition.
[2020-01-15 10:17:16,999] ERROR [ReplicaFetcher replicaId=1, leaderId=2, fetcherId=0] Error for partition topic-0 at offset 0 (kafka.server.ReplicaFetcherThread:76)
org.apache.kafka.common.errors.UnknownTopicOrPartitionException: This server does not host this topic-partition.
[2020-01-15 10:17:17,002] ERROR [ReplicaFetcher replicaId=1, leaderId=0, fetcherId=0] Error for partition topic-1 at offset 0 (kafka.server.ReplicaFetcherThread:76)
org.apache.kafka.common.errors.UnknownTopicOrPartitionException: This server does not host this topic-partition.
[2020-01-15 10:17:27,452] ERROR [ReplicaFetcher replicaId=1, leaderId=0, fetcherId=0] Error for partition __consumer_offsets-0 at offset 0 (kafka.server.ReplicaFetcherThread:76)
org.apache.kafka.common.errors.UnknownTopicOrPartitionException: This server does not host this topic-partition.
[2020-01-15 10:17:27,543] ERROR [ReplicaFetcher replicaId=2, leaderId=0, fetcherId=0] Error for partition __consumer_offsets-0 at offset 0 (kafka.server.ReplicaFetcherThread:76)
org.apache.kafka.common.errors.UnknownTopicOrPartitionException: This server does not host this topic-partition.
[2020-01-15 10:17:29,542] ERROR [ReplicaFetcher replicaId=0, leaderId=2, fetcherId=0] Error for partition topic-1 at offset 0 (kafka.server.ReplicaFetcherThread:76)
org.apache.kafka.common.errors.UnknownTopicOrPartitionException: This server does not host this topic-partition.
[2020-01-15 10:17:29,543] ERROR [ReplicaFetcher replicaId=0, leaderId=1, fetcherId=0] Error for partition topic-0 at offset 0 (kafka.server.ReplicaFetcherThread:76)
org.apache.kafka.common.errors.UnknownTopicOrPartitionException: This server does not host this topic-partition.
[2020-01-15 10:17:29,786] ERROR [ReplicaFetcher replicaId=1, leaderId=2, fetcherId=0] Error for partition topic-1 at offset 0 (kafka.server.ReplicaFetcherThread:76)
org.apache.kafka.common.errors.UnknownTopicOrPartitionException: This server does not host this topic-partition.
[2020-01-15 10:17:47,034] ERROR [ReplicaFetcher replicaId=0, leaderId=1, fetcherId=0] Error for partition __consumer_offsets-0 at offset 0 (kafka.server.ReplicaFetcherThread:76)
org.apache.kafka.common.errors.UnknownTopicOrPartitionException: This server does not host this topic-partition.
[2020-01-15 10:17:47,122] ERROR [ReplicaFetcher replicaId=2, leaderId=1, fetcherId=0] Error for partition __consumer_offsets-0 at offset 0 (kafka.server.ReplicaFetcherThread:76)
org.apache.kafka.common.errors.UnknownTopicOrPartitionException: This server does not host this topic-partition.
[2020-01-15 10:17:50,288] ERROR [ReplicaFetcher replicaId=2, leaderId=0, fetcherId=0] Error for partition topic-1 at offset 0 (kafka.server.ReplicaFetcherThread:76)
org.apache.kafka.common.errors.UnknownTopicOrPartitionException: This server does not host this topic-partition.
]]></system-out>
  <system-err><![CDATA[]]></system-err>
</testsuite>
