<?xml version="1.0" encoding="UTF-8"?>
<testsuite name="kafka.server.DynamicConfigTest" tests="4" skipped="0" failures="0" errors="0" timestamp="2020-01-15T02:28:12" hostname="localhost" time="2.051">
  <properties/>
  <testcase name="shouldFailFollowerConfigsWithInvalidValues" classname="kafka.server.DynamicConfigTest" time="0.498"/>
  <testcase name="shouldFailWhenChangingUserUnknownConfig" classname="kafka.server.DynamicConfigTest" time="0.446"/>
  <testcase name="shouldFailLeaderConfigsWithInvalidValues" classname="kafka.server.DynamicConfigTest" time="0.465"/>
  <testcase name="shouldFailWhenChangingClientIdUnknownConfig" classname="kafka.server.DynamicConfigTest" time="0.642"/>
  <system-out><![CDATA[]]></system-out>
  <system-err><![CDATA[]]></system-err>
</testsuite>
