<?xml version="1.0" encoding="UTF-8"?>
<testsuite name="kafka.log.LogTest" tests="141" skipped="0" failures="0" errors="0" timestamp="2020-01-15T02:33:00" hostname="localhost" time="146.73">
  <properties/>
  <testcase name="testLogDelete" classname="kafka.log.LogTest" time="2.226"/>
  <testcase name="testAbortedTransactionSpanningMultipleSegments" classname="kafka.log.LogTest" time="0.088"/>
  <testcase name="testSkipTruncateAndReloadIfOldMessageFormatAndCleanShutdown" classname="kafka.log.LogTest" time="0.014"/>
  <testcase name="testProducerIdMapTruncateFullyAndStartAt" classname="kafka.log.LogTest" time="0.012"/>
  <testcase name="testAppendBelowExpectedOffsetThrowsException" classname="kafka.log.LogTest" time="0.024"/>
  <testcase name="testParseTopicPartitionNameForMissingTopic" classname="kafka.log.LogTest" time="0.002"/>
  <testcase name="shouldNotDeleteTimeBasedSegmentsWhenNoneReadyToBeDeleted" classname="kafka.log.LogTest" time="0.008"/>
  <testcase name="testMultipleProducerIdsPerMemoryRecord" classname="kafka.log.LogTest" time="0.005"/>
  <testcase name="testSplitOnOffsetOverflow" classname="kafka.log.LogTest" time="0.193"/>
  <testcase name="testAppendWithNoTimestamp" classname="kafka.log.LogTest" time="0.077"/>
  <testcase name="testFetchUpToHighWatermark" classname="kafka.log.LogTest" time="0.187"/>
  <testcase name="testLastStableOffsetWithMixedProducerData" classname="kafka.log.LogTest" time="0.007"/>
  <testcase name="testReadWithMinMessage" classname="kafka.log.LogTest" time="1.146"/>
  <testcase name="testIndexRebuild" classname="kafka.log.LogTest" time="29.711"/>
  <testcase name="testZombieCoordinatorFencedEmptyTransaction" classname="kafka.log.LogTest" time="0.076"/>
  <testcase name="testLogRolls" classname="kafka.log.LogTest" time="14.391"/>
  <testcase name="testMessageSizeCheck" classname="kafka.log.LogTest" time="0.075"/>
  <testcase name="testAsyncDelete" classname="kafka.log.LogTest" time="0.039"/>
  <testcase name="testLogRollAfterLogHandlerClosed" classname="kafka.log.LogTest" time="0.131"/>
  <testcase name="shouldTruncateLeaderEpochsWhenDeletingSegments" classname="kafka.log.LogTest" time="0.296"/>
  <testcase name="testFirstUnstableOffsetWithTransactionalData" classname="kafka.log.LogTest" time="0.082"/>
  <testcase name="shouldNotDeleteSegmentsWhenPolicyDoesNotIncludeDelete" classname="kafka.log.LogTest" time="0.252"/>
  <testcase name="testLastStableOffsetDoesNotExceedLogStartOffsetAfterSegmentDeletion" classname="kafka.log.LogTest" time="0.387"/>
  <testcase name="testAppendToTransactionIndexFailure" classname="kafka.log.LogTest" time="0.526"/>
  <testcase name="testParseTopicPartitionNameForInvalidPartition" classname="kafka.log.LogTest" time="0.002"/>
  <testcase name="testUpdateProducerIdMapWithCompactedData" classname="kafka.log.LogTest" time="0.141"/>
  <testcase name="testPeriodicProducerIdExpiration" classname="kafka.log.LogTest" time="0.146"/>
  <testcase name="testReadOutOfRange" classname="kafka.log.LogTest" time="0.548"/>
  <testcase name="testAppendWithOutOfOrderOffsetsThrowsException" classname="kafka.log.LogTest" time="0.04"/>
  <testcase name="testHighWatermarkMetadataUpdatedAfterSegmentRoll" classname="kafka.log.LogTest" time="0.177"/>
  <testcase name="testProducerIdExpirationOnSegmentDeletion" classname="kafka.log.LogTest" time="1.075"/>
  <testcase name="shouldDeleteSegmentsReadyToBeDeletedWhenCleanupPolicyIsCompactAndDelete" classname="kafka.log.LogTest" time="0.406"/>
  <testcase name="testHighWatermarkMaintenance" classname="kafka.log.LogTest" time="0.398"/>
  <testcase name="testFetchOffsetByTimestampIncludesLeaderEpoch" classname="kafka.log.LogTest" time="0.119"/>
  <testcase name="testLogReinitializeAfterManualDelete" classname="kafka.log.LogTest" time="0.091"/>
  <testcase name="testFirstUnstableOffsetNoTransactionalData" classname="kafka.log.LogTest" time="0.119"/>
  <testcase name="testReadAtLogGap" classname="kafka.log.LogTest" time="0.383"/>
  <testcase name="testSizeForLargeLogs" classname="kafka.log.LogTest" time="0.037"/>
  <testcase name="testTimeBasedLogRoll" classname="kafka.log.LogTest" time="0.948"/>
  <testcase name="testProducerIdMapOffsetUpdatedForNonIdempotentData" classname="kafka.log.LogTest" time="0.074"/>
  <testcase name="testMultipleProducersWithDuplicatesInSingleAppend" classname="kafka.log.LogTest" time="0.077"/>
  <testcase name="testNonActiveSegmentsFrom" classname="kafka.log.LogTest" time="0.482"/>
  <testcase name="testLeaderEpochCacheClearedAfterDynamicMessageFormatDowngrade" classname="kafka.log.LogTest" time="0.077"/>
  <testcase name="testNonSequentialAppend" classname="kafka.log.LogTest" time="0.083"/>
  <testcase name="testLoadEmptyLog" classname="kafka.log.LogTest" time="0.262"/>
  <testcase name="testMessageSetSizeCheck" classname="kafka.log.LogTest" time="0.25"/>
  <testcase name="testLeaderEpochCacheClearedAfterDowngradeInAppendedMessages" classname="kafka.log.LogTest" time="0.442"/>
  <testcase name="testInconsistentLogSegmentRange" classname="kafka.log.LogTest" time="0.65"/>
  <testcase name="testRecoverOnlyLastSegment" classname="kafka.log.LogTest" time="0.924"/>
  <testcase name="testIndexResizingAtTruncation" classname="kafka.log.LogTest" time="0.602"/>
  <testcase name="testCompactedTopicConstraints" classname="kafka.log.LogTest" time="0.392"/>
  <testcase name="followerShouldSaveEpochInformationFromReplicatedMessagesToTheEpochCache" classname="kafka.log.LogTest" time="0.106"/>
  <testcase name="testRebuildTransactionalState" classname="kafka.log.LogTest" time="0.269"/>
  <testcase name="testProducerIdMapTruncateToWithNoSnapshots" classname="kafka.log.LogTest" time="0.154"/>
  <testcase name="testOverCompactedLogRecoveryMultiRecordV1" classname="kafka.log.LogTest" time="0.359"/>
  <testcase name="testDuplicateAppendToFollower" classname="kafka.log.LogTest" time="0.075"/>
  <testcase name="testThatGarbageCollectingSegmentsDoesntChangeOffset" classname="kafka.log.LogTest" time="2.572"/>
  <testcase name="testSkipTruncateAndReloadIfOldMessageFormatAndNoCleanShutdown" classname="kafka.log.LogTest" time="0.068"/>
  <testcase name="testAppendAndReadWithSequentialOffsets" classname="kafka.log.LogTest" time="5.882"/>
  <testcase name="testOffsetFromFile" classname="kafka.log.LogTest" time="0.001"/>
  <testcase name="testProducerSnapshotAfterSegmentRollOnAppend" classname="kafka.log.LogTest" time="0.323"/>
  <testcase name="testRecoveryAfterCrashDuringSplitPhase1" classname="kafka.log.LogTest" time="1.128"/>
  <testcase name="testRecoveryAfterCrashDuringSplitPhase2" classname="kafka.log.LogTest" time="1.324"/>
  <testcase name="testRecoveryAfterCrashDuringSplitPhase3" classname="kafka.log.LogTest" time="2.278"/>
  <testcase name="testRecoveryAfterCrashDuringSplitPhase4" classname="kafka.log.LogTest" time="1.05"/>
  <testcase name="testRecoveryAfterCrashDuringSplitPhase5" classname="kafka.log.LogTest" time="0.761"/>
  <testcase name="testFullTransactionIndexRecovery" classname="kafka.log.LogTest" time="1.047"/>
  <testcase name="testAppendEmptyLogBelowLogStartOffsetThrowsException" classname="kafka.log.LogTest" time="0.194"/>
  <testcase name="testDegenerateSegmentSplitWithOutOfRangeBatchLastOffset" classname="kafka.log.LogTest" time="0.16"/>
  <testcase name="shouldDeleteSizeBasedSegments" classname="kafka.log.LogTest" time="0.26"/>
  <testcase name="testRebuildProducerStateWithEmptyCompactedBatch" classname="kafka.log.LogTest" time="0.077"/>
  <testcase name="testParseTopicPartitionNameForNull" classname="kafka.log.LogTest" time="0.001"/>
  <testcase name="testLogDeletionAfterDeleteRecords" classname="kafka.log.LogTest" time="0.342"/>
  <testcase name="testProducerSnapshotsRecoveryAfterUncleanShutdownCurrentMessageFormat" classname="kafka.log.LogTest" time="2.321"/>
  <testcase name="testAppendAndReadWithNonSequentialOffsets" classname="kafka.log.LogTest" time="9.429"/>
  <testcase name="shouldTruncateLeaderEpochCheckpointFileWhenTruncatingLog" classname="kafka.log.LogTest" time="0.231"/>
  <testcase name="testDuplicateAppends" classname="kafka.log.LogTest" time="0.115"/>
  <testcase name="testRollSegmentThatAlreadyExists" classname="kafka.log.LogTest" time="0.426"/>
  <testcase name="testParseTopicPartitionNameForExistingInvalidDir" classname="kafka.log.LogTest" time="0.041"/>
  <testcase name="testTruncateToEmptySegment" classname="kafka.log.LogTest" time="0.524"/>
  <testcase name="testLoadPartitionDirWithNoSegmentsShouldNotThrow" classname="kafka.log.LogTest" time="0.004"/>
  <testcase name="testParseTopicPartitionNameForMissingSeparator" classname="kafka.log.LogTest" time="0.001"/>
  <testcase name="testParseTopicPartitionNameWithPeriodForDeletedTopic" classname="kafka.log.LogTest" time="0.002"/>
  <testcase name="testRecoverLastSegmentWithNoSnapshots" classname="kafka.log.LogTest" time="0.933"/>
  <testcase name="testFetchUpToLastStableOffset" classname="kafka.log.LogTest" time="0.087"/>
  <testcase name="testLeaderEpochCacheCreatedAfterMessageFormatUpgrade" classname="kafka.log.LogTest" time="0.071"/>
  <testcase name="testFetchUpToLogEndOffset" classname="kafka.log.LogTest" time="0.073"/>
  <testcase name="testLastStableOffsetDoesNotExceedLogStartOffsetMidSegment" classname="kafka.log.LogTest" time="0.151"/>
  <testcase name="testDeleteSnapshotsOnIncrementLogStartOffset" classname="kafka.log.LogTest" time="0.157"/>
  <testcase name="testCorruptIndexRebuild" classname="kafka.log.LogTest" time="19.787"/>
  <testcase name="shouldDeleteTimeBasedSegmentsReadyToBeDeleted" classname="kafka.log.LogTest" time="0.26"/>
  <testcase name="testReadWithTooSmallMaxLength" classname="kafka.log.LogTest" time="6.421"/>
  <testcase name="testOverCompactedLogRecovery" classname="kafka.log.LogTest" time="0.165"/>
  <testcase name="testBogusIndexSegmentsAreRemoved" classname="kafka.log.LogTest" time="0.007"/>
  <testcase name="testMetricsRemovedOnLogDeletion" classname="kafka.log.LogTest" time="0.204"/>
  <testcase name="testLeaderEpochCacheClearedAfterStaticMessageFormatDowngrade" classname="kafka.log.LogTest" time="0.26"/>
  <testcase name="testCompressedMessages" classname="kafka.log.LogTest" time="0.19"/>
  <testcase name="testAppendMessageWithNullPayload" classname="kafka.log.LogTest" time="0.074"/>
  <testcase name="testCorruptLog" classname="kafka.log.LogTest" time="9.973"/>
  <testcase name="testLogRecoversToCorrectOffset" classname="kafka.log.LogTest" time="0.119"/>
  <testcase name="testReopenThenTruncate" classname="kafka.log.LogTest" time="0.087"/>
  <testcase name="testZombieCoordinatorFenced" classname="kafka.log.LogTest" time="0.133"/>
  <testcase name="testOldProducerEpoch" classname="kafka.log.LogTest" time="0.149"/>
  <testcase name="testProducerSnapshotsRecoveryAfterUncleanShutdownV1" classname="kafka.log.LogTest" time="1.646"/>
  <testcase name="testDegenerateSegmentSplit" classname="kafka.log.LogTest" time="0.277"/>
  <testcase name="testParseTopicPartitionNameForMissingPartition" classname="kafka.log.LogTest" time="0.001"/>
  <testcase name="testParseTopicPartitionNameForEmptyName" classname="kafka.log.LogTest" time="0.002"/>
  <testcase name="testOffsetSnapshot" classname="kafka.log.LogTest" time="0.16"/>
  <testcase name="testOpenDeletesObsoleteFiles" classname="kafka.log.LogTest" time="0.038"/>
  <testcase name="shouldUpdateOffsetForLeaderEpochsWhenDeletingSegments" classname="kafka.log.LogTest" time="0.467"/>
  <testcase name="testLogDeleteDirName" classname="kafka.log.LogTest" time="0.002"/>
  <testcase name="testDeleteOldSegments" classname="kafka.log.LogTest" time="0.068"/>
  <testcase name="testRebuildTimeIndexForOldMessages" classname="kafka.log.LogTest" time="5.367"/>
  <testcase name="testProducerIdMapTruncateTo" classname="kafka.log.LogTest" time="0.144"/>
  <testcase name="testTakeSnapshotOnRollAndDeleteSnapshotOnRecoveryPointCheckpoint" classname="kafka.log.LogTest" time="0.328"/>
  <testcase name="testLogEndLessThanStartAfterReopen" classname="kafka.log.LogTest" time="0.728"/>
  <testcase name="testLogRecoversForLeaderEpoch" classname="kafka.log.LogTest" time="0.338"/>
  <testcase name="testWriteLeaderEpochCheckpointAfterDirectoryRename" classname="kafka.log.LogTest" time="0.074"/>
  <testcase name="testOverCompactedLogRecoveryMultiRecord" classname="kafka.log.LogTest" time="0.159"/>
  <testcase name="testSizeBasedLogRoll" classname="kafka.log.LogTest" time="0.162"/>
  <testcase name="testRebuildProducerIdMapWithCompactedData" classname="kafka.log.LogTest" time="0.075"/>
  <testcase name="shouldNotDeleteSizeBasedSegmentsWhenUnderRetentionSize" classname="kafka.log.LogTest" time="0.232"/>
  <testcase name="testTransactionIndexUpdatedThroughReplication" classname="kafka.log.LogTest" time="0.078"/>
  <testcase name="testTimeBasedLogRollJitter" classname="kafka.log.LogTest" time="0.152"/>
  <testcase name="testParseTopicPartitionName" classname="kafka.log.LogTest" time="0.001"/>
  <testcase name="testEndTxnWithFencedProducerEpoch" classname="kafka.log.LogTest" time="0.083"/>
  <testcase name="testRecoveryOfSegmentWithOffsetOverflow" classname="kafka.log.LogTest" time="1.071"/>
  <testcase name="testRecoverAfterNonMonotonicCoordinatorEpochWrite" classname="kafka.log.LogTest" time="0.44"/>
  <testcase name="testLoadProducersAfterDeleteRecordsMidSegment" classname="kafka.log.LogTest" time="0.219"/>
  <testcase name="testInitializationOfProducerSnapshotsUpgradePath" classname="kafka.log.LogTest" time="2.443"/>
  <testcase name="shouldDeleteStartOffsetBreachedSegmentsWhenPolicyDoesNotIncludeDelete" classname="kafka.log.LogTest" time="0.304"/>
  <testcase name="testSkipLoadingIfEmptyProducerStateBeforeTruncation" classname="kafka.log.LogTest" time="0.085"/>
  <testcase name="testTruncateTo" classname="kafka.log.LogTest" time="0.226"/>
  <testcase name="testSkipTruncateAndReloadIfNewMessageFormatAndCleanShutdown" classname="kafka.log.LogTest" time="0.09"/>
  <testcase name="shouldApplyEpochToMessageOnAppendIfLeader" classname="kafka.log.LogTest" time="0.097"/>
  <testcase name="testLogDeletionAfterClose" classname="kafka.log.LogTest" time="0.008"/>
  <testcase name="testLoadProducersAfterDeleteRecordsOnSegment" classname="kafka.log.LogTest" time="0.352"/>
  <testcase name="testCleanShutdownFile" classname="kafka.log.LogTest" time="0.764"/>
  <testcase name="testTransactionIndexUpdated" classname="kafka.log.LogTest" time="0.083"/>
  <testcase name="testBuildTimeIndexWhenNotAssigningOffsets" classname="kafka.log.LogTest" time="0.075"/>
  <testcase name="testProducerExpireCheckAfterDelete" classname="kafka.log.LogTest" time="0.157"/>
  <system-out><![CDATA[[2020-01-15 10:33:07,940] ERROR [Log partition=kafka-970527, dir=/var/folders/b3/bhnnh3l53jjdfgphtx91qd1h0000gn/T/kafka-2631283001011710937] Could not find offset index file corresponding to log file /var/folders/b3/bhnnh3l53jjdfgphtx91qd1h0000gn/T/kafka-2631283001011710937/kafka-970527/00000000000000000000.log, recovering segment and rebuilding index files... (kafka.log.Log:74)
[2020-01-15 10:33:07,953] ERROR [Log partition=kafka-970527, dir=/var/folders/b3/bhnnh3l53jjdfgphtx91qd1h0000gn/T/kafka-2631283001011710937] Could not find offset index file corresponding to log file /var/folders/b3/bhnnh3l53jjdfgphtx91qd1h0000gn/T/kafka-2631283001011710937/kafka-970527/00000000000000000002.log, recovering segment and rebuilding index files... (kafka.log.Log:74)
[2020-01-15 10:33:08,051] ERROR [Log partition=kafka-970527, dir=/var/folders/b3/bhnnh3l53jjdfgphtx91qd1h0000gn/T/kafka-2631283001011710937] Could not find offset index file corresponding to log file /var/folders/b3/bhnnh3l53jjdfgphtx91qd1h0000gn/T/kafka-2631283001011710937/kafka-970527/00000000000000000004.log, recovering segment and rebuilding index files... (kafka.log.Log:74)
[2020-01-15 10:33:08,181] ERROR [Log partition=kafka-970527, dir=/var/folders/b3/bhnnh3l53jjdfgphtx91qd1h0000gn/T/kafka-2631283001011710937] Could not find offset index file corresponding to log file /var/folders/b3/bhnnh3l53jjdfgphtx91qd1h0000gn/T/kafka-2631283001011710937/kafka-970527/00000000000000000006.log, recovering segment and rebuilding index files... (kafka.log.Log:74)
[2020-01-15 10:33:08,373] ERROR [Log partition=kafka-970527, dir=/var/folders/b3/bhnnh3l53jjdfgphtx91qd1h0000gn/T/kafka-2631283001011710937] Could not find offset index file corresponding to log file /var/folders/b3/bhnnh3l53jjdfgphtx91qd1h0000gn/T/kafka-2631283001011710937/kafka-970527/00000000000000000008.log, recovering segment and rebuilding index files... (kafka.log.Log:74)
[2020-01-15 10:33:08,657] ERROR [Log partition=kafka-970527, dir=/var/folders/b3/bhnnh3l53jjdfgphtx91qd1h0000gn/T/kafka-2631283001011710937] Could not find offset index file corresponding to log file /var/folders/b3/bhnnh3l53jjdfgphtx91qd1h0000gn/T/kafka-2631283001011710937/kafka-970527/00000000000000000010.log, recovering segment and rebuilding index files... (kafka.log.Log:74)
[2020-01-15 10:33:08,800] ERROR [Log partition=kafka-970527, dir=/var/folders/b3/bhnnh3l53jjdfgphtx91qd1h0000gn/T/kafka-2631283001011710937] Could not find offset index file corresponding to log file /var/folders/b3/bhnnh3l53jjdfgphtx91qd1h0000gn/T/kafka-2631283001011710937/kafka-970527/00000000000000000012.log, recovering segment and rebuilding index files... (kafka.log.Log:74)
[2020-01-15 10:33:08,981] ERROR [Log partition=kafka-970527, dir=/var/folders/b3/bhnnh3l53jjdfgphtx91qd1h0000gn/T/kafka-2631283001011710937] Could not find offset index file corresponding to log file /var/folders/b3/bhnnh3l53jjdfgphtx91qd1h0000gn/T/kafka-2631283001011710937/kafka-970527/00000000000000000014.log, recovering segment and rebuilding index files... (kafka.log.Log:74)
[2020-01-15 10:33:09,055] ERROR [Log partition=kafka-970527, dir=/var/folders/b3/bhnnh3l53jjdfgphtx91qd1h0000gn/T/kafka-2631283001011710937] Could not find offset index file corresponding to log file /var/folders/b3/bhnnh3l53jjdfgphtx91qd1h0000gn/T/kafka-2631283001011710937/kafka-970527/00000000000000000016.log, recovering segment and rebuilding index files... (kafka.log.Log:74)
[2020-01-15 10:33:09,196] ERROR [Log partition=kafka-970527, dir=/var/folders/b3/bhnnh3l53jjdfgphtx91qd1h0000gn/T/kafka-2631283001011710937] Could not find offset index file corresponding to log file /var/folders/b3/bhnnh3l53jjdfgphtx91qd1h0000gn/T/kafka-2631283001011710937/kafka-970527/00000000000000000018.log, recovering segment and rebuilding index files... (kafka.log.Log:74)
[2020-01-15 10:33:09,449] ERROR [Log partition=kafka-970527, dir=/var/folders/b3/bhnnh3l53jjdfgphtx91qd1h0000gn/T/kafka-2631283001011710937] Could not find offset index file corresponding to log file /var/folders/b3/bhnnh3l53jjdfgphtx91qd1h0000gn/T/kafka-2631283001011710937/kafka-970527/00000000000000000020.log, recovering segment and rebuilding index files... (kafka.log.Log:74)
[2020-01-15 10:33:09,574] ERROR [Log partition=kafka-970527, dir=/var/folders/b3/bhnnh3l53jjdfgphtx91qd1h0000gn/T/kafka-2631283001011710937] Could not find offset index file corresponding to log file /var/folders/b3/bhnnh3l53jjdfgphtx91qd1h0000gn/T/kafka-2631283001011710937/kafka-970527/00000000000000000022.log, recovering segment and rebuilding index files... (kafka.log.Log:74)
[2020-01-15 10:33:09,649] ERROR [Log partition=kafka-970527, dir=/var/folders/b3/bhnnh3l53jjdfgphtx91qd1h0000gn/T/kafka-2631283001011710937] Could not find offset index file corresponding to log file /var/folders/b3/bhnnh3l53jjdfgphtx91qd1h0000gn/T/kafka-2631283001011710937/kafka-970527/00000000000000000024.log, recovering segment and rebuilding index files... (kafka.log.Log:74)
[2020-01-15 10:33:09,821] ERROR [Log partition=kafka-970527, dir=/var/folders/b3/bhnnh3l53jjdfgphtx91qd1h0000gn/T/kafka-2631283001011710937] Could not find offset index file corresponding to log file /var/folders/b3/bhnnh3l53jjdfgphtx91qd1h0000gn/T/kafka-2631283001011710937/kafka-970527/00000000000000000026.log, recovering segment and rebuilding index files... (kafka.log.Log:74)
[2020-01-15 10:33:09,965] ERROR [Log partition=kafka-970527, dir=/var/folders/b3/bhnnh3l53jjdfgphtx91qd1h0000gn/T/kafka-2631283001011710937] Could not find offset index file corresponding to log file /var/folders/b3/bhnnh3l53jjdfgphtx91qd1h0000gn/T/kafka-2631283001011710937/kafka-970527/00000000000000000028.log, recovering segment and rebuilding index files... (kafka.log.Log:74)
[2020-01-15 10:33:10,108] ERROR [Log partition=kafka-970527, dir=/var/folders/b3/bhnnh3l53jjdfgphtx91qd1h0000gn/T/kafka-2631283001011710937] Could not find offset index file corresponding to log file /var/folders/b3/bhnnh3l53jjdfgphtx91qd1h0000gn/T/kafka-2631283001011710937/kafka-970527/00000000000000000030.log, recovering segment and rebuilding index files... (kafka.log.Log:74)
[2020-01-15 10:33:10,353] ERROR [Log partition=kafka-970527, dir=/var/folders/b3/bhnnh3l53jjdfgphtx91qd1h0000gn/T/kafka-2631283001011710937] Could not find offset index file corresponding to log file /var/folders/b3/bhnnh3l53jjdfgphtx91qd1h0000gn/T/kafka-2631283001011710937/kafka-970527/00000000000000000032.log, recovering segment and rebuilding index files... (kafka.log.Log:74)
[2020-01-15 10:33:10,632] ERROR [Log partition=kafka-970527, dir=/var/folders/b3/bhnnh3l53jjdfgphtx91qd1h0000gn/T/kafka-2631283001011710937] Could not find offset index file corresponding to log file /var/folders/b3/bhnnh3l53jjdfgphtx91qd1h0000gn/T/kafka-2631283001011710937/kafka-970527/00000000000000000034.log, recovering segment and rebuilding index files... (kafka.log.Log:74)
[2020-01-15 10:33:10,713] ERROR [Log partition=kafka-970527, dir=/var/folders/b3/bhnnh3l53jjdfgphtx91qd1h0000gn/T/kafka-2631283001011710937] Could not find offset index file corresponding to log file /var/folders/b3/bhnnh3l53jjdfgphtx91qd1h0000gn/T/kafka-2631283001011710937/kafka-970527/00000000000000000036.log, recovering segment and rebuilding index files... (kafka.log.Log:74)
[2020-01-15 10:33:10,827] ERROR [Log partition=kafka-970527, dir=/var/folders/b3/bhnnh3l53jjdfgphtx91qd1h0000gn/T/kafka-2631283001011710937] Could not find offset index file corresponding to log file /var/folders/b3/bhnnh3l53jjdfgphtx91qd1h0000gn/T/kafka-2631283001011710937/kafka-970527/00000000000000000038.log, recovering segment and rebuilding index files... (kafka.log.Log:74)
[2020-01-15 10:33:10,868] ERROR [Log partition=kafka-970527, dir=/var/folders/b3/bhnnh3l53jjdfgphtx91qd1h0000gn/T/kafka-2631283001011710937] Could not find offset index file corresponding to log file /var/folders/b3/bhnnh3l53jjdfgphtx91qd1h0000gn/T/kafka-2631283001011710937/kafka-970527/00000000000000000040.log, recovering segment and rebuilding index files... (kafka.log.Log:74)
[2020-01-15 10:33:10,979] ERROR [Log partition=kafka-970527, dir=/var/folders/b3/bhnnh3l53jjdfgphtx91qd1h0000gn/T/kafka-2631283001011710937] Could not find offset index file corresponding to log file /var/folders/b3/bhnnh3l53jjdfgphtx91qd1h0000gn/T/kafka-2631283001011710937/kafka-970527/00000000000000000042.log, recovering segment and rebuilding index files... (kafka.log.Log:74)
[2020-01-15 10:33:11,256] ERROR [Log partition=kafka-970527, dir=/var/folders/b3/bhnnh3l53jjdfgphtx91qd1h0000gn/T/kafka-2631283001011710937] Could not find offset index file corresponding to log file /var/folders/b3/bhnnh3l53jjdfgphtx91qd1h0000gn/T/kafka-2631283001011710937/kafka-970527/00000000000000000044.log, recovering segment and rebuilding index files... (kafka.log.Log:74)
[2020-01-15 10:33:11,297] ERROR [Log partition=kafka-970527, dir=/var/folders/b3/bhnnh3l53jjdfgphtx91qd1h0000gn/T/kafka-2631283001011710937] Could not find offset index file corresponding to log file /var/folders/b3/bhnnh3l53jjdfgphtx91qd1h0000gn/T/kafka-2631283001011710937/kafka-970527/00000000000000000046.log, recovering segment and rebuilding index files... (kafka.log.Log:74)
[2020-01-15 10:33:11,439] ERROR [Log partition=kafka-970527, dir=/var/folders/b3/bhnnh3l53jjdfgphtx91qd1h0000gn/T/kafka-2631283001011710937] Could not find offset index file corresponding to log file /var/folders/b3/bhnnh3l53jjdfgphtx91qd1h0000gn/T/kafka-2631283001011710937/kafka-970527/00000000000000000048.log, recovering segment and rebuilding index files... (kafka.log.Log:74)
[2020-01-15 10:33:11,758] ERROR [Log partition=kafka-970527, dir=/var/folders/b3/bhnnh3l53jjdfgphtx91qd1h0000gn/T/kafka-2631283001011710937] Could not find offset index file corresponding to log file /var/folders/b3/bhnnh3l53jjdfgphtx91qd1h0000gn/T/kafka-2631283001011710937/kafka-970527/00000000000000000050.log, recovering segment and rebuilding index files... (kafka.log.Log:74)
[2020-01-15 10:33:11,799] ERROR [Log partition=kafka-970527, dir=/var/folders/b3/bhnnh3l53jjdfgphtx91qd1h0000gn/T/kafka-2631283001011710937] Could not find offset index file corresponding to log file /var/folders/b3/bhnnh3l53jjdfgphtx91qd1h0000gn/T/kafka-2631283001011710937/kafka-970527/00000000000000000052.log, recovering segment and rebuilding index files... (kafka.log.Log:74)
[2020-01-15 10:33:11,876] ERROR [Log partition=kafka-970527, dir=/var/folders/b3/bhnnh3l53jjdfgphtx91qd1h0000gn/T/kafka-2631283001011710937] Could not find offset index file corresponding to log file /var/folders/b3/bhnnh3l53jjdfgphtx91qd1h0000gn/T/kafka-2631283001011710937/kafka-970527/00000000000000000054.log, recovering segment and rebuilding index files... (kafka.log.Log:74)
[2020-01-15 10:33:12,078] ERROR [Log partition=kafka-970527, dir=/var/folders/b3/bhnnh3l53jjdfgphtx91qd1h0000gn/T/kafka-2631283001011710937] Could not find offset index file corresponding to log file /var/folders/b3/bhnnh3l53jjdfgphtx91qd1h0000gn/T/kafka-2631283001011710937/kafka-970527/00000000000000000056.log, recovering segment and rebuilding index files... (kafka.log.Log:74)
[2020-01-15 10:33:12,084] ERROR [Log partition=kafka-970527, dir=/var/folders/b3/bhnnh3l53jjdfgphtx91qd1h0000gn/T/kafka-2631283001011710937] Could not find offset index file corresponding to log file /var/folders/b3/bhnnh3l53jjdfgphtx91qd1h0000gn/T/kafka-2631283001011710937/kafka-970527/00000000000000000058.log, recovering segment and rebuilding index files... (kafka.log.Log:74)
[2020-01-15 10:33:12,092] ERROR [Log partition=kafka-970527, dir=/var/folders/b3/bhnnh3l53jjdfgphtx91qd1h0000gn/T/kafka-2631283001011710937] Could not find offset index file corresponding to log file /var/folders/b3/bhnnh3l53jjdfgphtx91qd1h0000gn/T/kafka-2631283001011710937/kafka-970527/00000000000000000060.log, recovering segment and rebuilding index files... (kafka.log.Log:74)
[2020-01-15 10:33:12,125] ERROR [Log partition=kafka-970527, dir=/var/folders/b3/bhnnh3l53jjdfgphtx91qd1h0000gn/T/kafka-2631283001011710937] Could not find offset index file corresponding to log file /var/folders/b3/bhnnh3l53jjdfgphtx91qd1h0000gn/T/kafka-2631283001011710937/kafka-970527/00000000000000000062.log, recovering segment and rebuilding index files... (kafka.log.Log:74)
[2020-01-15 10:33:12,133] ERROR [Log partition=kafka-970527, dir=/var/folders/b3/bhnnh3l53jjdfgphtx91qd1h0000gn/T/kafka-2631283001011710937] Could not find offset index file corresponding to log file /var/folders/b3/bhnnh3l53jjdfgphtx91qd1h0000gn/T/kafka-2631283001011710937/kafka-970527/00000000000000000064.log, recovering segment and rebuilding index files... (kafka.log.Log:74)
[2020-01-15 10:33:12,174] ERROR [Log partition=kafka-970527, dir=/var/folders/b3/bhnnh3l53jjdfgphtx91qd1h0000gn/T/kafka-2631283001011710937] Could not find offset index file corresponding to log file /var/folders/b3/bhnnh3l53jjdfgphtx91qd1h0000gn/T/kafka-2631283001011710937/kafka-970527/00000000000000000066.log, recovering segment and rebuilding index files... (kafka.log.Log:74)
[2020-01-15 10:33:12,384] ERROR [Log partition=kafka-970527, dir=/var/folders/b3/bhnnh3l53jjdfgphtx91qd1h0000gn/T/kafka-2631283001011710937] Could not find offset index file corresponding to log file /var/folders/b3/bhnnh3l53jjdfgphtx91qd1h0000gn/T/kafka-2631283001011710937/kafka-970527/00000000000000000068.log, recovering segment and rebuilding index files... (kafka.log.Log:74)
[2020-01-15 10:33:12,418] ERROR [Log partition=kafka-970527, dir=/var/folders/b3/bhnnh3l53jjdfgphtx91qd1h0000gn/T/kafka-2631283001011710937] Could not find offset index file corresponding to log file /var/folders/b3/bhnnh3l53jjdfgphtx91qd1h0000gn/T/kafka-2631283001011710937/kafka-970527/00000000000000000070.log, recovering segment and rebuilding index files... (kafka.log.Log:74)
[2020-01-15 10:33:12,428] ERROR [Log partition=kafka-970527, dir=/var/folders/b3/bhnnh3l53jjdfgphtx91qd1h0000gn/T/kafka-2631283001011710937] Could not find offset index file corresponding to log file /var/folders/b3/bhnnh3l53jjdfgphtx91qd1h0000gn/T/kafka-2631283001011710937/kafka-970527/00000000000000000072.log, recovering segment and rebuilding index files... (kafka.log.Log:74)
[2020-01-15 10:33:12,506] ERROR [Log partition=kafka-970527, dir=/var/folders/b3/bhnnh3l53jjdfgphtx91qd1h0000gn/T/kafka-2631283001011710937] Could not find offset index file corresponding to log file /var/folders/b3/bhnnh3l53jjdfgphtx91qd1h0000gn/T/kafka-2631283001011710937/kafka-970527/00000000000000000074.log, recovering segment and rebuilding index files... (kafka.log.Log:74)
[2020-01-15 10:33:12,616] ERROR [Log partition=kafka-970527, dir=/var/folders/b3/bhnnh3l53jjdfgphtx91qd1h0000gn/T/kafka-2631283001011710937] Could not find offset index file corresponding to log file /var/folders/b3/bhnnh3l53jjdfgphtx91qd1h0000gn/T/kafka-2631283001011710937/kafka-970527/00000000000000000076.log, recovering segment and rebuilding index files... (kafka.log.Log:74)
[2020-01-15 10:33:12,866] ERROR [Log partition=kafka-970527, dir=/var/folders/b3/bhnnh3l53jjdfgphtx91qd1h0000gn/T/kafka-2631283001011710937] Could not find offset index file corresponding to log file /var/folders/b3/bhnnh3l53jjdfgphtx91qd1h0000gn/T/kafka-2631283001011710937/kafka-970527/00000000000000000078.log, recovering segment and rebuilding index files... (kafka.log.Log:74)
[2020-01-15 10:33:12,874] ERROR [Log partition=kafka-970527, dir=/var/folders/b3/bhnnh3l53jjdfgphtx91qd1h0000gn/T/kafka-2631283001011710937] Could not find offset index file corresponding to log file /var/folders/b3/bhnnh3l53jjdfgphtx91qd1h0000gn/T/kafka-2631283001011710937/kafka-970527/00000000000000000080.log, recovering segment and rebuilding index files... (kafka.log.Log:74)
[2020-01-15 10:33:12,949] ERROR [Log partition=kafka-970527, dir=/var/folders/b3/bhnnh3l53jjdfgphtx91qd1h0000gn/T/kafka-2631283001011710937] Could not find offset index file corresponding to log file /var/folders/b3/bhnnh3l53jjdfgphtx91qd1h0000gn/T/kafka-2631283001011710937/kafka-970527/00000000000000000082.log, recovering segment and rebuilding index files... (kafka.log.Log:74)
[2020-01-15 10:33:13,083] ERROR [Log partition=kafka-970527, dir=/var/folders/b3/bhnnh3l53jjdfgphtx91qd1h0000gn/T/kafka-2631283001011710937] Could not find offset index file corresponding to log file /var/folders/b3/bhnnh3l53jjdfgphtx91qd1h0000gn/T/kafka-2631283001011710937/kafka-970527/00000000000000000084.log, recovering segment and rebuilding index files... (kafka.log.Log:74)
[2020-01-15 10:33:13,294] ERROR [Log partition=kafka-970527, dir=/var/folders/b3/bhnnh3l53jjdfgphtx91qd1h0000gn/T/kafka-2631283001011710937] Could not find offset index file corresponding to log file /var/folders/b3/bhnnh3l53jjdfgphtx91qd1h0000gn/T/kafka-2631283001011710937/kafka-970527/00000000000000000086.log, recovering segment and rebuilding index files... (kafka.log.Log:74)
[2020-01-15 10:33:13,303] ERROR [Log partition=kafka-970527, dir=/var/folders/b3/bhnnh3l53jjdfgphtx91qd1h0000gn/T/kafka-2631283001011710937] Could not find offset index file corresponding to log file /var/folders/b3/bhnnh3l53jjdfgphtx91qd1h0000gn/T/kafka-2631283001011710937/kafka-970527/00000000000000000088.log, recovering segment and rebuilding index files... (kafka.log.Log:74)
[2020-01-15 10:33:13,345] ERROR [Log partition=kafka-970527, dir=/var/folders/b3/bhnnh3l53jjdfgphtx91qd1h0000gn/T/kafka-2631283001011710937] Could not find offset index file corresponding to log file /var/folders/b3/bhnnh3l53jjdfgphtx91qd1h0000gn/T/kafka-2631283001011710937/kafka-970527/00000000000000000090.log, recovering segment and rebuilding index files... (kafka.log.Log:74)
[2020-01-15 10:33:13,424] ERROR [Log partition=kafka-970527, dir=/var/folders/b3/bhnnh3l53jjdfgphtx91qd1h0000gn/T/kafka-2631283001011710937] Could not find offset index file corresponding to log file /var/folders/b3/bhnnh3l53jjdfgphtx91qd1h0000gn/T/kafka-2631283001011710937/kafka-970527/00000000000000000092.log, recovering segment and rebuilding index files... (kafka.log.Log:74)
[2020-01-15 10:33:13,510] ERROR [Log partition=kafka-970527, dir=/var/folders/b3/bhnnh3l53jjdfgphtx91qd1h0000gn/T/kafka-2631283001011710937] Could not find offset index file corresponding to log file /var/folders/b3/bhnnh3l53jjdfgphtx91qd1h0000gn/T/kafka-2631283001011710937/kafka-970527/00000000000000000094.log, recovering segment and rebuilding index files... (kafka.log.Log:74)
[2020-01-15 10:33:13,764] ERROR [Log partition=kafka-970527, dir=/var/folders/b3/bhnnh3l53jjdfgphtx91qd1h0000gn/T/kafka-2631283001011710937] Could not find offset index file corresponding to log file /var/folders/b3/bhnnh3l53jjdfgphtx91qd1h0000gn/T/kafka-2631283001011710937/kafka-970527/00000000000000000096.log, recovering segment and rebuilding index files... (kafka.log.Log:74)
[2020-01-15 10:33:13,774] ERROR [Log partition=kafka-970527, dir=/var/folders/b3/bhnnh3l53jjdfgphtx91qd1h0000gn/T/kafka-2631283001011710937] Could not find offset index file corresponding to log file /var/folders/b3/bhnnh3l53jjdfgphtx91qd1h0000gn/T/kafka-2631283001011710937/kafka-970527/00000000000000000098.log, recovering segment and rebuilding index files... (kafka.log.Log:74)
[2020-01-15 10:33:14,071] ERROR [Log partition=kafka-970527, dir=/var/folders/b3/bhnnh3l53jjdfgphtx91qd1h0000gn/T/kafka-2631283001011710937] Could not find offset index file corresponding to log file /var/folders/b3/bhnnh3l53jjdfgphtx91qd1h0000gn/T/kafka-2631283001011710937/kafka-970527/00000000000000000100.log, recovering segment and rebuilding index files... (kafka.log.Log:74)
[2020-01-15 10:33:14,081] ERROR [Log partition=kafka-970527, dir=/var/folders/b3/bhnnh3l53jjdfgphtx91qd1h0000gn/T/kafka-2631283001011710937] Could not find offset index file corresponding to log file /var/folders/b3/bhnnh3l53jjdfgphtx91qd1h0000gn/T/kafka-2631283001011710937/kafka-970527/00000000000000000102.log, recovering segment and rebuilding index files... (kafka.log.Log:74)
[2020-01-15 10:33:14,341] ERROR [Log partition=kafka-970527, dir=/var/folders/b3/bhnnh3l53jjdfgphtx91qd1h0000gn/T/kafka-2631283001011710937] Could not find offset index file corresponding to log file /var/folders/b3/bhnnh3l53jjdfgphtx91qd1h0000gn/T/kafka-2631283001011710937/kafka-970527/00000000000000000104.log, recovering segment and rebuilding index files... (kafka.log.Log:74)
[2020-01-15 10:33:14,473] ERROR [Log partition=kafka-970527, dir=/var/folders/b3/bhnnh3l53jjdfgphtx91qd1h0000gn/T/kafka-2631283001011710937] Could not find offset index file corresponding to log file /var/folders/b3/bhnnh3l53jjdfgphtx91qd1h0000gn/T/kafka-2631283001011710937/kafka-970527/00000000000000000106.log, recovering segment and rebuilding index files... (kafka.log.Log:74)
[2020-01-15 10:33:14,640] ERROR [Log partition=kafka-970527, dir=/var/folders/b3/bhnnh3l53jjdfgphtx91qd1h0000gn/T/kafka-2631283001011710937] Could not find offset index file corresponding to log file /var/folders/b3/bhnnh3l53jjdfgphtx91qd1h0000gn/T/kafka-2631283001011710937/kafka-970527/00000000000000000108.log, recovering segment and rebuilding index files... (kafka.log.Log:74)
[2020-01-15 10:33:14,893] ERROR [Log partition=kafka-970527, dir=/var/folders/b3/bhnnh3l53jjdfgphtx91qd1h0000gn/T/kafka-2631283001011710937] Could not find offset index file corresponding to log file /var/folders/b3/bhnnh3l53jjdfgphtx91qd1h0000gn/T/kafka-2631283001011710937/kafka-970527/00000000000000000110.log, recovering segment and rebuilding index files... (kafka.log.Log:74)
[2020-01-15 10:33:14,933] ERROR [Log partition=kafka-970527, dir=/var/folders/b3/bhnnh3l53jjdfgphtx91qd1h0000gn/T/kafka-2631283001011710937] Could not find offset index file corresponding to log file /var/folders/b3/bhnnh3l53jjdfgphtx91qd1h0000gn/T/kafka-2631283001011710937/kafka-970527/00000000000000000112.log, recovering segment and rebuilding index files... (kafka.log.Log:74)
[2020-01-15 10:33:15,128] ERROR [Log partition=kafka-970527, dir=/var/folders/b3/bhnnh3l53jjdfgphtx91qd1h0000gn/T/kafka-2631283001011710937] Could not find offset index file corresponding to log file /var/folders/b3/bhnnh3l53jjdfgphtx91qd1h0000gn/T/kafka-2631283001011710937/kafka-970527/00000000000000000114.log, recovering segment and rebuilding index files... (kafka.log.Log:74)
[2020-01-15 10:33:15,210] ERROR [Log partition=kafka-970527, dir=/var/folders/b3/bhnnh3l53jjdfgphtx91qd1h0000gn/T/kafka-2631283001011710937] Could not find offset index file corresponding to log file /var/folders/b3/bhnnh3l53jjdfgphtx91qd1h0000gn/T/kafka-2631283001011710937/kafka-970527/00000000000000000116.log, recovering segment and rebuilding index files... (kafka.log.Log:74)
[2020-01-15 10:33:15,289] ERROR [Log partition=kafka-970527, dir=/var/folders/b3/bhnnh3l53jjdfgphtx91qd1h0000gn/T/kafka-2631283001011710937] Could not find offset index file corresponding to log file /var/folders/b3/bhnnh3l53jjdfgphtx91qd1h0000gn/T/kafka-2631283001011710937/kafka-970527/00000000000000000118.log, recovering segment and rebuilding index files... (kafka.log.Log:74)
[2020-01-15 10:33:15,374] ERROR [Log partition=kafka-970527, dir=/var/folders/b3/bhnnh3l53jjdfgphtx91qd1h0000gn/T/kafka-2631283001011710937] Could not find offset index file corresponding to log file /var/folders/b3/bhnnh3l53jjdfgphtx91qd1h0000gn/T/kafka-2631283001011710937/kafka-970527/00000000000000000120.log, recovering segment and rebuilding index files... (kafka.log.Log:74)
[2020-01-15 10:33:15,523] ERROR [Log partition=kafka-970527, dir=/var/folders/b3/bhnnh3l53jjdfgphtx91qd1h0000gn/T/kafka-2631283001011710937] Could not find offset index file corresponding to log file /var/folders/b3/bhnnh3l53jjdfgphtx91qd1h0000gn/T/kafka-2631283001011710937/kafka-970527/00000000000000000122.log, recovering segment and rebuilding index files... (kafka.log.Log:74)
[2020-01-15 10:33:15,604] ERROR [Log partition=kafka-970527, dir=/var/folders/b3/bhnnh3l53jjdfgphtx91qd1h0000gn/T/kafka-2631283001011710937] Could not find offset index file corresponding to log file /var/folders/b3/bhnnh3l53jjdfgphtx91qd1h0000gn/T/kafka-2631283001011710937/kafka-970527/00000000000000000124.log, recovering segment and rebuilding index files... (kafka.log.Log:74)
[2020-01-15 10:33:15,848] ERROR [Log partition=kafka-970527, dir=/var/folders/b3/bhnnh3l53jjdfgphtx91qd1h0000gn/T/kafka-2631283001011710937] Could not find offset index file corresponding to log file /var/folders/b3/bhnnh3l53jjdfgphtx91qd1h0000gn/T/kafka-2631283001011710937/kafka-970527/00000000000000000126.log, recovering segment and rebuilding index files... (kafka.log.Log:74)
[2020-01-15 10:33:16,266] ERROR [Log partition=kafka-970527, dir=/var/folders/b3/bhnnh3l53jjdfgphtx91qd1h0000gn/T/kafka-2631283001011710937] Could not find offset index file corresponding to log file /var/folders/b3/bhnnh3l53jjdfgphtx91qd1h0000gn/T/kafka-2631283001011710937/kafka-970527/00000000000000000128.log, recovering segment and rebuilding index files... (kafka.log.Log:74)
[2020-01-15 10:33:16,450] ERROR [Log partition=kafka-970527, dir=/var/folders/b3/bhnnh3l53jjdfgphtx91qd1h0000gn/T/kafka-2631283001011710937] Could not find offset index file corresponding to log file /var/folders/b3/bhnnh3l53jjdfgphtx91qd1h0000gn/T/kafka-2631283001011710937/kafka-970527/00000000000000000130.log, recovering segment and rebuilding index files... (kafka.log.Log:74)
[2020-01-15 10:33:16,594] ERROR [Log partition=kafka-970527, dir=/var/folders/b3/bhnnh3l53jjdfgphtx91qd1h0000gn/T/kafka-2631283001011710937] Could not find offset index file corresponding to log file /var/folders/b3/bhnnh3l53jjdfgphtx91qd1h0000gn/T/kafka-2631283001011710937/kafka-970527/00000000000000000132.log, recovering segment and rebuilding index files... (kafka.log.Log:74)
[2020-01-15 10:33:16,703] ERROR [Log partition=kafka-970527, dir=/var/folders/b3/bhnnh3l53jjdfgphtx91qd1h0000gn/T/kafka-2631283001011710937] Could not find offset index file corresponding to log file /var/folders/b3/bhnnh3l53jjdfgphtx91qd1h0000gn/T/kafka-2631283001011710937/kafka-970527/00000000000000000134.log, recovering segment and rebuilding index files... (kafka.log.Log:74)
[2020-01-15 10:33:16,779] ERROR [Log partition=kafka-970527, dir=/var/folders/b3/bhnnh3l53jjdfgphtx91qd1h0000gn/T/kafka-2631283001011710937] Could not find offset index file corresponding to log file /var/folders/b3/bhnnh3l53jjdfgphtx91qd1h0000gn/T/kafka-2631283001011710937/kafka-970527/00000000000000000136.log, recovering segment and rebuilding index files... (kafka.log.Log:74)
[2020-01-15 10:33:16,923] ERROR [Log partition=kafka-970527, dir=/var/folders/b3/bhnnh3l53jjdfgphtx91qd1h0000gn/T/kafka-2631283001011710937] Could not find offset index file corresponding to log file /var/folders/b3/bhnnh3l53jjdfgphtx91qd1h0000gn/T/kafka-2631283001011710937/kafka-970527/00000000000000000138.log, recovering segment and rebuilding index files... (kafka.log.Log:74)
[2020-01-15 10:33:17,309] ERROR [Log partition=kafka-970527, dir=/var/folders/b3/bhnnh3l53jjdfgphtx91qd1h0000gn/T/kafka-2631283001011710937] Could not find offset index file corresponding to log file /var/folders/b3/bhnnh3l53jjdfgphtx91qd1h0000gn/T/kafka-2631283001011710937/kafka-970527/00000000000000000140.log, recovering segment and rebuilding index files... (kafka.log.Log:74)
[2020-01-15 10:33:17,319] ERROR [Log partition=kafka-970527, dir=/var/folders/b3/bhnnh3l53jjdfgphtx91qd1h0000gn/T/kafka-2631283001011710937] Could not find offset index file corresponding to log file /var/folders/b3/bhnnh3l53jjdfgphtx91qd1h0000gn/T/kafka-2631283001011710937/kafka-970527/00000000000000000142.log, recovering segment and rebuilding index files... (kafka.log.Log:74)
[2020-01-15 10:33:17,458] ERROR [Log partition=kafka-970527, dir=/var/folders/b3/bhnnh3l53jjdfgphtx91qd1h0000gn/T/kafka-2631283001011710937] Could not find offset index file corresponding to log file /var/folders/b3/bhnnh3l53jjdfgphtx91qd1h0000gn/T/kafka-2631283001011710937/kafka-970527/00000000000000000144.log, recovering segment and rebuilding index files... (kafka.log.Log:74)
[2020-01-15 10:33:17,785] ERROR [Log partition=kafka-970527, dir=/var/folders/b3/bhnnh3l53jjdfgphtx91qd1h0000gn/T/kafka-2631283001011710937] Could not find offset index file corresponding to log file /var/folders/b3/bhnnh3l53jjdfgphtx91qd1h0000gn/T/kafka-2631283001011710937/kafka-970527/00000000000000000146.log, recovering segment and rebuilding index files... (kafka.log.Log:74)
[2020-01-15 10:33:17,828] ERROR [Log partition=kafka-970527, dir=/var/folders/b3/bhnnh3l53jjdfgphtx91qd1h0000gn/T/kafka-2631283001011710937] Could not find offset index file corresponding to log file /var/folders/b3/bhnnh3l53jjdfgphtx91qd1h0000gn/T/kafka-2631283001011710937/kafka-970527/00000000000000000148.log, recovering segment and rebuilding index files... (kafka.log.Log:74)
[2020-01-15 10:33:17,911] ERROR [Log partition=kafka-970527, dir=/var/folders/b3/bhnnh3l53jjdfgphtx91qd1h0000gn/T/kafka-2631283001011710937] Could not find offset index file corresponding to log file /var/folders/b3/bhnnh3l53jjdfgphtx91qd1h0000gn/T/kafka-2631283001011710937/kafka-970527/00000000000000000150.log, recovering segment and rebuilding index files... (kafka.log.Log:74)
[2020-01-15 10:33:18,111] ERROR [Log partition=kafka-970527, dir=/var/folders/b3/bhnnh3l53jjdfgphtx91qd1h0000gn/T/kafka-2631283001011710937] Could not find offset index file corresponding to log file /var/folders/b3/bhnnh3l53jjdfgphtx91qd1h0000gn/T/kafka-2631283001011710937/kafka-970527/00000000000000000152.log, recovering segment and rebuilding index files... (kafka.log.Log:74)
[2020-01-15 10:33:18,120] ERROR [Log partition=kafka-970527, dir=/var/folders/b3/bhnnh3l53jjdfgphtx91qd1h0000gn/T/kafka-2631283001011710937] Could not find offset index file corresponding to log file /var/folders/b3/bhnnh3l53jjdfgphtx91qd1h0000gn/T/kafka-2631283001011710937/kafka-970527/00000000000000000154.log, recovering segment and rebuilding index files... (kafka.log.Log:74)
[2020-01-15 10:33:18,260] ERROR [Log partition=kafka-970527, dir=/var/folders/b3/bhnnh3l53jjdfgphtx91qd1h0000gn/T/kafka-2631283001011710937] Could not find offset index file corresponding to log file /var/folders/b3/bhnnh3l53jjdfgphtx91qd1h0000gn/T/kafka-2631283001011710937/kafka-970527/00000000000000000156.log, recovering segment and rebuilding index files... (kafka.log.Log:74)
[2020-01-15 10:33:18,402] ERROR [Log partition=kafka-970527, dir=/var/folders/b3/bhnnh3l53jjdfgphtx91qd1h0000gn/T/kafka-2631283001011710937] Could not find offset index file corresponding to log file /var/folders/b3/bhnnh3l53jjdfgphtx91qd1h0000gn/T/kafka-2631283001011710937/kafka-970527/00000000000000000158.log, recovering segment and rebuilding index files... (kafka.log.Log:74)
[2020-01-15 10:33:18,641] ERROR [Log partition=kafka-970527, dir=/var/folders/b3/bhnnh3l53jjdfgphtx91qd1h0000gn/T/kafka-2631283001011710937] Could not find offset index file corresponding to log file /var/folders/b3/bhnnh3l53jjdfgphtx91qd1h0000gn/T/kafka-2631283001011710937/kafka-970527/00000000000000000160.log, recovering segment and rebuilding index files... (kafka.log.Log:74)
[2020-01-15 10:33:18,716] ERROR [Log partition=kafka-970527, dir=/var/folders/b3/bhnnh3l53jjdfgphtx91qd1h0000gn/T/kafka-2631283001011710937] Could not find offset index file corresponding to log file /var/folders/b3/bhnnh3l53jjdfgphtx91qd1h0000gn/T/kafka-2631283001011710937/kafka-970527/00000000000000000162.log, recovering segment and rebuilding index files... (kafka.log.Log:74)
[2020-01-15 10:33:18,861] ERROR [Log partition=kafka-970527, dir=/var/folders/b3/bhnnh3l53jjdfgphtx91qd1h0000gn/T/kafka-2631283001011710937] Could not find offset index file corresponding to log file /var/folders/b3/bhnnh3l53jjdfgphtx91qd1h0000gn/T/kafka-2631283001011710937/kafka-970527/00000000000000000164.log, recovering segment and rebuilding index files... (kafka.log.Log:74)
[2020-01-15 10:33:19,257] ERROR [Log partition=kafka-970527, dir=/var/folders/b3/bhnnh3l53jjdfgphtx91qd1h0000gn/T/kafka-2631283001011710937] Could not find offset index file corresponding to log file /var/folders/b3/bhnnh3l53jjdfgphtx91qd1h0000gn/T/kafka-2631283001011710937/kafka-970527/00000000000000000166.log, recovering segment and rebuilding index files... (kafka.log.Log:74)
[2020-01-15 10:33:19,300] ERROR [Log partition=kafka-970527, dir=/var/folders/b3/bhnnh3l53jjdfgphtx91qd1h0000gn/T/kafka-2631283001011710937] Could not find offset index file corresponding to log file /var/folders/b3/bhnnh3l53jjdfgphtx91qd1h0000gn/T/kafka-2631283001011710937/kafka-970527/00000000000000000168.log, recovering segment and rebuilding index files... (kafka.log.Log:74)
[2020-01-15 10:33:19,448] ERROR [Log partition=kafka-970527, dir=/var/folders/b3/bhnnh3l53jjdfgphtx91qd1h0000gn/T/kafka-2631283001011710937] Could not find offset index file corresponding to log file /var/folders/b3/bhnnh3l53jjdfgphtx91qd1h0000gn/T/kafka-2631283001011710937/kafka-970527/00000000000000000170.log, recovering segment and rebuilding index files... (kafka.log.Log:74)
[2020-01-15 10:33:19,563] ERROR [Log partition=kafka-970527, dir=/var/folders/b3/bhnnh3l53jjdfgphtx91qd1h0000gn/T/kafka-2631283001011710937] Could not find offset index file corresponding to log file /var/folders/b3/bhnnh3l53jjdfgphtx91qd1h0000gn/T/kafka-2631283001011710937/kafka-970527/00000000000000000172.log, recovering segment and rebuilding index files... (kafka.log.Log:74)
[2020-01-15 10:33:19,725] ERROR [Log partition=kafka-970527, dir=/var/folders/b3/bhnnh3l53jjdfgphtx91qd1h0000gn/T/kafka-2631283001011710937] Could not find offset index file corresponding to log file /var/folders/b3/bhnnh3l53jjdfgphtx91qd1h0000gn/T/kafka-2631283001011710937/kafka-970527/00000000000000000174.log, recovering segment and rebuilding index files... (kafka.log.Log:74)
[2020-01-15 10:33:19,941] ERROR [Log partition=kafka-970527, dir=/var/folders/b3/bhnnh3l53jjdfgphtx91qd1h0000gn/T/kafka-2631283001011710937] Could not find offset index file corresponding to log file /var/folders/b3/bhnnh3l53jjdfgphtx91qd1h0000gn/T/kafka-2631283001011710937/kafka-970527/00000000000000000176.log, recovering segment and rebuilding index files... (kafka.log.Log:74)
[2020-01-15 10:33:20,092] ERROR [Log partition=kafka-970527, dir=/var/folders/b3/bhnnh3l53jjdfgphtx91qd1h0000gn/T/kafka-2631283001011710937] Could not find offset index file corresponding to log file /var/folders/b3/bhnnh3l53jjdfgphtx91qd1h0000gn/T/kafka-2631283001011710937/kafka-970527/00000000000000000178.log, recovering segment and rebuilding index files... (kafka.log.Log:74)
[2020-01-15 10:33:20,245] ERROR [Log partition=kafka-970527, dir=/var/folders/b3/bhnnh3l53jjdfgphtx91qd1h0000gn/T/kafka-2631283001011710937] Could not find offset index file corresponding to log file /var/folders/b3/bhnnh3l53jjdfgphtx91qd1h0000gn/T/kafka-2631283001011710937/kafka-970527/00000000000000000180.log, recovering segment and rebuilding index files... (kafka.log.Log:74)
[2020-01-15 10:33:20,433] ERROR [Log partition=kafka-970527, dir=/var/folders/b3/bhnnh3l53jjdfgphtx91qd1h0000gn/T/kafka-2631283001011710937] Could not find offset index file corresponding to log file /var/folders/b3/bhnnh3l53jjdfgphtx91qd1h0000gn/T/kafka-2631283001011710937/kafka-970527/00000000000000000182.log, recovering segment and rebuilding index files... (kafka.log.Log:74)
[2020-01-15 10:33:20,613] ERROR [Log partition=kafka-970527, dir=/var/folders/b3/bhnnh3l53jjdfgphtx91qd1h0000gn/T/kafka-2631283001011710937] Could not find offset index file corresponding to log file /var/folders/b3/bhnnh3l53jjdfgphtx91qd1h0000gn/T/kafka-2631283001011710937/kafka-970527/00000000000000000184.log, recovering segment and rebuilding index files... (kafka.log.Log:74)
[2020-01-15 10:33:20,927] ERROR [Log partition=kafka-970527, dir=/var/folders/b3/bhnnh3l53jjdfgphtx91qd1h0000gn/T/kafka-2631283001011710937] Could not find offset index file corresponding to log file /var/folders/b3/bhnnh3l53jjdfgphtx91qd1h0000gn/T/kafka-2631283001011710937/kafka-970527/00000000000000000186.log, recovering segment and rebuilding index files... (kafka.log.Log:74)
[2020-01-15 10:33:20,947] ERROR [Log partition=kafka-970527, dir=/var/folders/b3/bhnnh3l53jjdfgphtx91qd1h0000gn/T/kafka-2631283001011710937] Could not find offset index file corresponding to log file /var/folders/b3/bhnnh3l53jjdfgphtx91qd1h0000gn/T/kafka-2631283001011710937/kafka-970527/00000000000000000188.log, recovering segment and rebuilding index files... (kafka.log.Log:74)
[2020-01-15 10:33:21,097] ERROR [Log partition=kafka-970527, dir=/var/folders/b3/bhnnh3l53jjdfgphtx91qd1h0000gn/T/kafka-2631283001011710937] Could not find offset index file corresponding to log file /var/folders/b3/bhnnh3l53jjdfgphtx91qd1h0000gn/T/kafka-2631283001011710937/kafka-970527/00000000000000000190.log, recovering segment and rebuilding index files... (kafka.log.Log:74)
[2020-01-15 10:33:21,380] ERROR [Log partition=kafka-970527, dir=/var/folders/b3/bhnnh3l53jjdfgphtx91qd1h0000gn/T/kafka-2631283001011710937] Could not find offset index file corresponding to log file /var/folders/b3/bhnnh3l53jjdfgphtx91qd1h0000gn/T/kafka-2631283001011710937/kafka-970527/00000000000000000192.log, recovering segment and rebuilding index files... (kafka.log.Log:74)
[2020-01-15 10:33:21,530] ERROR [Log partition=kafka-970527, dir=/var/folders/b3/bhnnh3l53jjdfgphtx91qd1h0000gn/T/kafka-2631283001011710937] Could not find offset index file corresponding to log file /var/folders/b3/bhnnh3l53jjdfgphtx91qd1h0000gn/T/kafka-2631283001011710937/kafka-970527/00000000000000000194.log, recovering segment and rebuilding index files... (kafka.log.Log:74)
[2020-01-15 10:33:22,071] ERROR [Log partition=kafka-970527, dir=/var/folders/b3/bhnnh3l53jjdfgphtx91qd1h0000gn/T/kafka-2631283001011710937] Could not find offset index file corresponding to log file /var/folders/b3/bhnnh3l53jjdfgphtx91qd1h0000gn/T/kafka-2631283001011710937/kafka-970527/00000000000000000196.log, recovering segment and rebuilding index files... (kafka.log.Log:74)
[2020-01-15 10:33:22,379] ERROR [Log partition=kafka-970527, dir=/var/folders/b3/bhnnh3l53jjdfgphtx91qd1h0000gn/T/kafka-2631283001011710937] Could not find offset index file corresponding to log file /var/folders/b3/bhnnh3l53jjdfgphtx91qd1h0000gn/T/kafka-2631283001011710937/kafka-970527/00000000000000000198.log, recovering segment and rebuilding index files... (kafka.log.Log:74)
[2020-01-15 10:33:50,305] ERROR Error while appending records to kafka-269001 in dir /var/folders/b3/bhnnh3l53jjdfgphtx91qd1h0000gn/T/kafka-7187846570492180085 (kafka.server.LogDirFailureChannel:76)
java.nio.file.FileSystemException: /var/folders/b3/bhnnh3l53jjdfgphtx91qd1h0000gn/T/kafka-7187846570492180085/kafka-269001: Is a directory
	at sun.nio.fs.UnixException.translateToIOException(UnixException.java:91)
	at sun.nio.fs.UnixException.rethrowAsIOException(UnixException.java:102)
	at sun.nio.fs.UnixException.rethrowAsIOException(UnixException.java:107)
	at sun.nio.fs.UnixFileSystemProvider.newFileChannel(UnixFileSystemProvider.java:177)
	at java.nio.channels.FileChannel.open(FileChannel.java:287)
	at java.nio.channels.FileChannel.open(FileChannel.java:335)
	at kafka.log.TransactionIndex.openChannel(TransactionIndex.scala:86)
	at kafka.log.TransactionIndex.channel(TransactionIndex.scala:80)
	at kafka.log.TransactionIndex.append(TransactionIndex.scala:60)
	at kafka.log.LogSegment.updateTxnIndex(LogSegment.scala:241)
	at kafka.log.Log.$anonfun$append$12(Log.scala:1171)
	at kafka.log.Log.$anonfun$append$2(Log.scala:1169)
	at kafka.log.Log.append(Log.scala:2302)
	at kafka.log.Log.appendAsLeader(Log.scala:983)
	at kafka.log.LogTest.appendEndTxnMarkerAsLeader(LogTest.scala:4258)
	at kafka.log.LogTest.$anonfun$testAppendToTransactionIndexFailure$1(LogTest.scala:4064)
	at org.scalatest.Assertions.assertThrows(Assertions.scala:866)
	at org.scalatest.Assertions.assertThrows$(Assertions.scala:862)
	at org.scalatest.Assertions$.assertThrows(Assertions.scala:1389)
	at kafka.log.LogTest.testAppendToTransactionIndexFailure(LogTest.scala:4063)
	at sun.reflect.NativeMethodAccessorImpl.invoke0(Native Method)
	at sun.reflect.NativeMethodAccessorImpl.invoke(NativeMethodAccessorImpl.java:62)
	at sun.reflect.DelegatingMethodAccessorImpl.invoke(DelegatingMethodAccessorImpl.java:43)
	at java.lang.reflect.Method.invoke(Method.java:498)
	at org.junit.runners.model.FrameworkMethod$1.runReflectiveCall(FrameworkMethod.java:59)
	at org.junit.internal.runners.model.ReflectiveCallable.run(ReflectiveCallable.java:12)
	at org.junit.runners.model.FrameworkMethod.invokeExplosively(FrameworkMethod.java:56)
	at org.junit.internal.runners.statements.InvokeMethod.evaluate(InvokeMethod.java:17)
	at org.junit.internal.runners.statements.RunBefores.evaluate(RunBefores.java:26)
	at org.junit.internal.runners.statements.RunAfters.evaluate(RunAfters.java:27)
	at org.junit.runners.ParentRunner$3.evaluate(ParentRunner.java:306)
	at org.junit.runners.BlockJUnit4ClassRunner$1.evaluate(BlockJUnit4ClassRunner.java:100)
	at org.junit.runners.ParentRunner.runLeaf(ParentRunner.java:366)
	at org.junit.runners.BlockJUnit4ClassRunner.runChild(BlockJUnit4ClassRunner.java:103)
	at org.junit.runners.BlockJUnit4ClassRunner.runChild(BlockJUnit4ClassRunner.java:63)
	at org.junit.runners.ParentRunner$4.run(ParentRunner.java:331)
	at org.junit.runners.ParentRunner$1.schedule(ParentRunner.java:79)
	at org.junit.runners.ParentRunner.runChildren(ParentRunner.java:329)
	at org.junit.runners.ParentRunner.access$100(ParentRunner.java:66)
	at org.junit.runners.ParentRunner$2.evaluate(ParentRunner.java:293)
	at org.junit.runners.ParentRunner$3.evaluate(ParentRunner.java:306)
	at org.junit.runners.ParentRunner.run(ParentRunner.java:413)
	at org.gradle.api.internal.tasks.testing.junit.JUnitTestClassExecutor.runTestClass(JUnitTestClassExecutor.java:110)
	at org.gradle.api.internal.tasks.testing.junit.JUnitTestClassExecutor.execute(JUnitTestClassExecutor.java:58)
	at org.gradle.api.internal.tasks.testing.junit.JUnitTestClassExecutor.execute(JUnitTestClassExecutor.java:38)
	at org.gradle.api.internal.tasks.testing.junit.AbstractJUnitTestClassProcessor.processTestClass(AbstractJUnitTestClassProcessor.java:62)
	at org.gradle.api.internal.tasks.testing.SuiteTestClassProcessor.processTestClass(SuiteTestClassProcessor.java:51)
	at sun.reflect.NativeMethodAccessorImpl.invoke0(Native Method)
	at sun.reflect.NativeMethodAccessorImpl.invoke(NativeMethodAccessorImpl.java:62)
	at sun.reflect.DelegatingMethodAccessorImpl.invoke(DelegatingMethodAccessorImpl.java:43)
	at java.lang.reflect.Method.invoke(Method.java:498)
	at org.gradle.internal.dispatch.ReflectionDispatch.dispatch(ReflectionDispatch.java:36)
	at org.gradle.internal.dispatch.ReflectionDispatch.dispatch(ReflectionDispatch.java:24)
	at org.gradle.internal.dispatch.ContextClassLoaderDispatch.dispatch(ContextClassLoaderDispatch.java:33)
	at org.gradle.internal.dispatch.ProxyDispatchAdapter$DispatchingInvocationHandler.invoke(ProxyDispatchAdapter.java:94)
	at com.sun.proxy.$Proxy2.processTestClass(Unknown Source)
	at org.gradle.api.internal.tasks.testing.worker.TestWorker.processTestClass(TestWorker.java:118)
	at sun.reflect.NativeMethodAccessorImpl.invoke0(Native Method)
	at sun.reflect.NativeMethodAccessorImpl.invoke(NativeMethodAccessorImpl.java:62)
	at sun.reflect.DelegatingMethodAccessorImpl.invoke(DelegatingMethodAccessorImpl.java:43)
	at java.lang.reflect.Method.invoke(Method.java:498)
	at org.gradle.internal.dispatch.ReflectionDispatch.dispatch(ReflectionDispatch.java:36)
	at org.gradle.internal.dispatch.ReflectionDispatch.dispatch(ReflectionDispatch.java:24)
	at org.gradle.internal.remote.internal.hub.MessageHubBackedObjectConnection$DispatchWrapper.dispatch(MessageHubBackedObjectConnection.java:182)
	at org.gradle.internal.remote.internal.hub.MessageHubBackedObjectConnection$DispatchWrapper.dispatch(MessageHubBackedObjectConnection.java:164)
	at org.gradle.internal.remote.internal.hub.MessageHub$Handler.run(MessageHub.java:412)
	at org.gradle.internal.concurrent.ExecutorPolicy$CatchAndRecordFailures.onExecute(ExecutorPolicy.java:64)
	at org.gradle.internal.concurrent.ManagedExecutorImpl$1.run(ManagedExecutorImpl.java:48)
	at java.util.concurrent.ThreadPoolExecutor.runWorker(ThreadPoolExecutor.java:1149)
	at java.util.concurrent.ThreadPoolExecutor$Worker.run(ThreadPoolExecutor.java:624)
	at org.gradle.internal.concurrent.ThreadFactoryImpl$ManagedThreadRunnable.run(ThreadFactoryImpl.java:56)
	at java.lang.Thread.run(Thread.java:748)
[2020-01-15 10:33:50,307] ERROR Error while appending records to kafka-269001 in dir /var/folders/b3/bhnnh3l53jjdfgphtx91qd1h0000gn/T/kafka-7187846570492180085 (kafka.server.LogDirFailureChannel:76)
java.nio.file.FileSystemException: /var/folders/b3/bhnnh3l53jjdfgphtx91qd1h0000gn/T/kafka-7187846570492180085/kafka-269001: Is a directory
	at sun.nio.fs.UnixException.translateToIOException(UnixException.java:91)
	at sun.nio.fs.UnixException.rethrowAsIOException(UnixException.java:102)
	at sun.nio.fs.UnixException.rethrowAsIOException(UnixException.java:107)
	at sun.nio.fs.UnixFileSystemProvider.newFileChannel(UnixFileSystemProvider.java:177)
	at java.nio.channels.FileChannel.open(FileChannel.java:287)
	at java.nio.channels.FileChannel.open(FileChannel.java:335)
	at kafka.log.TransactionIndex.openChannel(TransactionIndex.scala:86)
	at kafka.log.TransactionIndex.channel(TransactionIndex.scala:80)
	at kafka.log.TransactionIndex.append(TransactionIndex.scala:60)
	at kafka.log.LogSegment.updateTxnIndex(LogSegment.scala:241)
	at kafka.log.Log.$anonfun$append$12(Log.scala:1171)
	at kafka.log.Log.$anonfun$append$2(Log.scala:1169)
	at kafka.log.Log.append(Log.scala:2302)
	at kafka.log.Log.appendAsLeader(Log.scala:983)
	at kafka.log.LogTest.appendEndTxnMarkerAsLeader(LogTest.scala:4258)
	at kafka.log.LogTest.$anonfun$testAppendToTransactionIndexFailure$2(LogTest.scala:4071)
	at org.scalatest.Assertions.assertThrows(Assertions.scala:866)
	at org.scalatest.Assertions.assertThrows$(Assertions.scala:862)
	at org.scalatest.Assertions$.assertThrows(Assertions.scala:1389)
	at kafka.log.LogTest.testAppendToTransactionIndexFailure(LogTest.scala:4070)
	at sun.reflect.NativeMethodAccessorImpl.invoke0(Native Method)
	at sun.reflect.NativeMethodAccessorImpl.invoke(NativeMethodAccessorImpl.java:62)
	at sun.reflect.DelegatingMethodAccessorImpl.invoke(DelegatingMethodAccessorImpl.java:43)
	at java.lang.reflect.Method.invoke(Method.java:498)
	at org.junit.runners.model.FrameworkMethod$1.runReflectiveCall(FrameworkMethod.java:59)
	at org.junit.internal.runners.model.ReflectiveCallable.run(ReflectiveCallable.java:12)
	at org.junit.runners.model.FrameworkMethod.invokeExplosively(FrameworkMethod.java:56)
	at org.junit.internal.runners.statements.InvokeMethod.evaluate(InvokeMethod.java:17)
	at org.junit.internal.runners.statements.RunBefores.evaluate(RunBefores.java:26)
	at org.junit.internal.runners.statements.RunAfters.evaluate(RunAfters.java:27)
	at org.junit.runners.ParentRunner$3.evaluate(ParentRunner.java:306)
	at org.junit.runners.BlockJUnit4ClassRunner$1.evaluate(BlockJUnit4ClassRunner.java:100)
	at org.junit.runners.ParentRunner.runLeaf(ParentRunner.java:366)
	at org.junit.runners.BlockJUnit4ClassRunner.runChild(BlockJUnit4ClassRunner.java:103)
	at org.junit.runners.BlockJUnit4ClassRunner.runChild(BlockJUnit4ClassRunner.java:63)
	at org.junit.runners.ParentRunner$4.run(ParentRunner.java:331)
	at org.junit.runners.ParentRunner$1.schedule(ParentRunner.java:79)
	at org.junit.runners.ParentRunner.runChildren(ParentRunner.java:329)
	at org.junit.runners.ParentRunner.access$100(ParentRunner.java:66)
	at org.junit.runners.ParentRunner$2.evaluate(ParentRunner.java:293)
	at org.junit.runners.ParentRunner$3.evaluate(ParentRunner.java:306)
	at org.junit.runners.ParentRunner.run(ParentRunner.java:413)
	at org.gradle.api.internal.tasks.testing.junit.JUnitTestClassExecutor.runTestClass(JUnitTestClassExecutor.java:110)
	at org.gradle.api.internal.tasks.testing.junit.JUnitTestClassExecutor.execute(JUnitTestClassExecutor.java:58)
	at org.gradle.api.internal.tasks.testing.junit.JUnitTestClassExecutor.execute(JUnitTestClassExecutor.java:38)
	at org.gradle.api.internal.tasks.testing.junit.AbstractJUnitTestClassProcessor.processTestClass(AbstractJUnitTestClassProcessor.java:62)
	at org.gradle.api.internal.tasks.testing.SuiteTestClassProcessor.processTestClass(SuiteTestClassProcessor.java:51)
	at sun.reflect.NativeMethodAccessorImpl.invoke0(Native Method)
	at sun.reflect.NativeMethodAccessorImpl.invoke(NativeMethodAccessorImpl.java:62)
	at sun.reflect.DelegatingMethodAccessorImpl.invoke(DelegatingMethodAccessorImpl.java:43)
	at java.lang.reflect.Method.invoke(Method.java:498)
	at org.gradle.internal.dispatch.ReflectionDispatch.dispatch(ReflectionDispatch.java:36)
	at org.gradle.internal.dispatch.ReflectionDispatch.dispatch(ReflectionDispatch.java:24)
	at org.gradle.internal.dispatch.ContextClassLoaderDispatch.dispatch(ContextClassLoaderDispatch.java:33)
	at org.gradle.internal.dispatch.ProxyDispatchAdapter$DispatchingInvocationHandler.invoke(ProxyDispatchAdapter.java:94)
	at com.sun.proxy.$Proxy2.processTestClass(Unknown Source)
	at org.gradle.api.internal.tasks.testing.worker.TestWorker.processTestClass(TestWorker.java:118)
	at sun.reflect.NativeMethodAccessorImpl.invoke0(Native Method)
	at sun.reflect.NativeMethodAccessorImpl.invoke(NativeMethodAccessorImpl.java:62)
	at sun.reflect.DelegatingMethodAccessorImpl.invoke(DelegatingMethodAccessorImpl.java:43)
	at java.lang.reflect.Method.invoke(Method.java:498)
	at org.gradle.internal.dispatch.ReflectionDispatch.dispatch(ReflectionDispatch.java:36)
	at org.gradle.internal.dispatch.ReflectionDispatch.dispatch(ReflectionDispatch.java:24)
	at org.gradle.internal.remote.internal.hub.MessageHubBackedObjectConnection$DispatchWrapper.dispatch(MessageHubBackedObjectConnection.java:182)
	at org.gradle.internal.remote.internal.hub.MessageHubBackedObjectConnection$DispatchWrapper.dispatch(MessageHubBackedObjectConnection.java:164)
	at org.gradle.internal.remote.internal.hub.MessageHub$Handler.run(MessageHub.java:412)
	at org.gradle.internal.concurrent.ExecutorPolicy$CatchAndRecordFailures.onExecute(ExecutorPolicy.java:64)
	at org.gradle.internal.concurrent.ManagedExecutorImpl$1.run(ManagedExecutorImpl.java:48)
	at java.util.concurrent.ThreadPoolExecutor.runWorker(ThreadPoolExecutor.java:1149)
	at java.util.concurrent.ThreadPoolExecutor$Worker.run(ThreadPoolExecutor.java:624)
	at org.gradle.internal.concurrent.ThreadFactoryImpl$ManagedThreadRunnable.run(ThreadFactoryImpl.java:56)
	at java.lang.Thread.run(Thread.java:748)
[2020-01-15 10:34:12,372] ERROR [Log partition=kafka-711910, dir=/var/folders/b3/bhnnh3l53jjdfgphtx91qd1h0000gn/T/kafka-290492143637468826] Could not find offset index file corresponding to log file /var/folders/b3/bhnnh3l53jjdfgphtx91qd1h0000gn/T/kafka-290492143637468826/kafka-711910/00000000002147483647.log, recovering segment and rebuilding index files... (kafka.log.Log:74)
[2020-01-15 10:34:16,145] ERROR Error unmapping index /var/folders/b3/bhnnh3l53jjdfgphtx91qd1h0000gn/T/kafka-1232176319865706067/kafka-228348/00000000000000000000.index (kafka.log.AbstractIndex:427)
java.lang.NullPointerException
	at org.apache.kafka.common.utils.ByteBufferUnmapper.unmap(ByteBufferUnmapper.java:75)
	at kafka.log.AbstractIndex.forceUnmap(AbstractIndex.scala:320)
	at kafka.log.AbstractIndex.safeForceUnmap(AbstractIndex.scala:310)
	at kafka.log.AbstractIndex.$anonfun$closeHandler$1(AbstractIndex.scala:259)
	at kafka.log.AbstractIndex.closeHandler(AbstractIndex.scala:259)
	at kafka.log.AbstractIndex.close(AbstractIndex.scala:250)
	at kafka.log.LogSegment.$anonfun$close$2(LogSegment.scala:589)
	at kafka.utils.CoreUtils$.swallow(CoreUtils.scala:67)
	at kafka.log.LogSegment.close(LogSegment.scala:589)
	at kafka.log.Log.$anonfun$close$4(Log.scala:932)
	at kafka.log.Log.$anonfun$close$4$adapted(Log.scala:932)
	at scala.collection.Iterator.foreach(Iterator.scala:941)
	at scala.collection.Iterator.foreach$(Iterator.scala:941)
	at scala.collection.AbstractIterator.foreach(Iterator.scala:1429)
	at scala.collection.IterableLike.foreach(IterableLike.scala:74)
	at scala.collection.IterableLike.foreach$(IterableLike.scala:73)
	at scala.collection.AbstractIterable.foreach(Iterable.scala:56)
	at kafka.log.Log.$anonfun$close$3(Log.scala:932)
	at kafka.log.Log.close(Log.scala:2302)
	at kafka.log.LogTest.testFullTransactionIndexRecovery(LogTest.scala:3738)
	at sun.reflect.NativeMethodAccessorImpl.invoke0(Native Method)
	at sun.reflect.NativeMethodAccessorImpl.invoke(NativeMethodAccessorImpl.java:62)
	at sun.reflect.DelegatingMethodAccessorImpl.invoke(DelegatingMethodAccessorImpl.java:43)
	at java.lang.reflect.Method.invoke(Method.java:498)
	at org.junit.runners.model.FrameworkMethod$1.runReflectiveCall(FrameworkMethod.java:59)
	at org.junit.internal.runners.model.ReflectiveCallable.run(ReflectiveCallable.java:12)
	at org.junit.runners.model.FrameworkMethod.invokeExplosively(FrameworkMethod.java:56)
	at org.junit.internal.runners.statements.InvokeMethod.evaluate(InvokeMethod.java:17)
	at org.junit.internal.runners.statements.RunBefores.evaluate(RunBefores.java:26)
	at org.junit.internal.runners.statements.RunAfters.evaluate(RunAfters.java:27)
	at org.junit.runners.ParentRunner$3.evaluate(ParentRunner.java:306)
	at org.junit.runners.BlockJUnit4ClassRunner$1.evaluate(BlockJUnit4ClassRunner.java:100)
	at org.junit.runners.ParentRunner.runLeaf(ParentRunner.java:366)
	at org.junit.runners.BlockJUnit4ClassRunner.runChild(BlockJUnit4ClassRunner.java:103)
	at org.junit.runners.BlockJUnit4ClassRunner.runChild(BlockJUnit4ClassRunner.java:63)
	at org.junit.runners.ParentRunner$4.run(ParentRunner.java:331)
	at org.junit.runners.ParentRunner$1.schedule(ParentRunner.java:79)
	at org.junit.runners.ParentRunner.runChildren(ParentRunner.java:329)
	at org.junit.runners.ParentRunner.access$100(ParentRunner.java:66)
	at org.junit.runners.ParentRunner$2.evaluate(ParentRunner.java:293)
	at org.junit.runners.ParentRunner$3.evaluate(ParentRunner.java:306)
	at org.junit.runners.ParentRunner.run(ParentRunner.java:413)
	at org.gradle.api.internal.tasks.testing.junit.JUnitTestClassExecutor.runTestClass(JUnitTestClassExecutor.java:110)
	at org.gradle.api.internal.tasks.testing.junit.JUnitTestClassExecutor.execute(JUnitTestClassExecutor.java:58)
	at org.gradle.api.internal.tasks.testing.junit.JUnitTestClassExecutor.execute(JUnitTestClassExecutor.java:38)
	at org.gradle.api.internal.tasks.testing.junit.AbstractJUnitTestClassProcessor.processTestClass(AbstractJUnitTestClassProcessor.java:62)
	at org.gradle.api.internal.tasks.testing.SuiteTestClassProcessor.processTestClass(SuiteTestClassProcessor.java:51)
	at sun.reflect.NativeMethodAccessorImpl.invoke0(Native Method)
	at sun.reflect.NativeMethodAccessorImpl.invoke(NativeMethodAccessorImpl.java:62)
	at sun.reflect.DelegatingMethodAccessorImpl.invoke(DelegatingMethodAccessorImpl.java:43)
	at java.lang.reflect.Method.invoke(Method.java:498)
	at org.gradle.internal.dispatch.ReflectionDispatch.dispatch(ReflectionDispatch.java:36)
	at org.gradle.internal.dispatch.ReflectionDispatch.dispatch(ReflectionDispatch.java:24)
	at org.gradle.internal.dispatch.ContextClassLoaderDispatch.dispatch(ContextClassLoaderDispatch.java:33)
	at org.gradle.internal.dispatch.ProxyDispatchAdapter$DispatchingInvocationHandler.invoke(ProxyDispatchAdapter.java:94)
	at com.sun.proxy.$Proxy2.processTestClass(Unknown Source)
	at org.gradle.api.internal.tasks.testing.worker.TestWorker.processTestClass(TestWorker.java:118)
	at sun.reflect.NativeMethodAccessorImpl.invoke0(Native Method)
	at sun.reflect.NativeMethodAccessorImpl.invoke(NativeMethodAccessorImpl.java:62)
	at sun.reflect.DelegatingMethodAccessorImpl.invoke(DelegatingMethodAccessorImpl.java:43)
	at java.lang.reflect.Method.invoke(Method.java:498)
	at org.gradle.internal.dispatch.ReflectionDispatch.dispatch(ReflectionDispatch.java:36)
	at org.gradle.internal.dispatch.ReflectionDispatch.dispatch(ReflectionDispatch.java:24)
	at org.gradle.internal.remote.internal.hub.MessageHubBackedObjectConnection$DispatchWrapper.dispatch(MessageHubBackedObjectConnection.java:182)
	at org.gradle.internal.remote.internal.hub.MessageHubBackedObjectConnection$DispatchWrapper.dispatch(MessageHubBackedObjectConnection.java:164)
	at org.gradle.internal.remote.internal.hub.MessageHub$Handler.run(MessageHub.java:412)
	at org.gradle.internal.concurrent.ExecutorPolicy$CatchAndRecordFailures.onExecute(ExecutorPolicy.java:64)
	at org.gradle.internal.concurrent.ManagedExecutorImpl$1.run(ManagedExecutorImpl.java:48)
	at java.util.concurrent.ThreadPoolExecutor.runWorker(ThreadPoolExecutor.java:1149)
	at java.util.concurrent.ThreadPoolExecutor$Worker.run(ThreadPoolExecutor.java:624)
	at org.gradle.internal.concurrent.ThreadFactoryImpl$ManagedThreadRunnable.run(ThreadFactoryImpl.java:56)
	at java.lang.Thread.run(Thread.java:748)
[2020-01-15 10:34:16,146] ERROR Error unmapping index /var/folders/b3/bhnnh3l53jjdfgphtx91qd1h0000gn/T/kafka-1232176319865706067/kafka-228348/00000000000000000019.index (kafka.log.AbstractIndex:427)
java.lang.NullPointerException
	at org.apache.kafka.common.utils.ByteBufferUnmapper.unmap(ByteBufferUnmapper.java:75)
	at kafka.log.AbstractIndex.forceUnmap(AbstractIndex.scala:320)
	at kafka.log.AbstractIndex.safeForceUnmap(AbstractIndex.scala:310)
	at kafka.log.AbstractIndex.$anonfun$closeHandler$1(AbstractIndex.scala:259)
	at kafka.log.AbstractIndex.closeHandler(AbstractIndex.scala:259)
	at kafka.log.AbstractIndex.close(AbstractIndex.scala:250)
	at kafka.log.LogSegment.$anonfun$close$2(LogSegment.scala:589)
	at kafka.utils.CoreUtils$.swallow(CoreUtils.scala:67)
	at kafka.log.LogSegment.close(LogSegment.scala:589)
	at kafka.log.Log.$anonfun$close$4(Log.scala:932)
	at kafka.log.Log.$anonfun$close$4$adapted(Log.scala:932)
	at scala.collection.Iterator.foreach(Iterator.scala:941)
	at scala.collection.Iterator.foreach$(Iterator.scala:941)
	at scala.collection.AbstractIterator.foreach(Iterator.scala:1429)
	at scala.collection.IterableLike.foreach(IterableLike.scala:74)
	at scala.collection.IterableLike.foreach$(IterableLike.scala:73)
	at scala.collection.AbstractIterable.foreach(Iterable.scala:56)
	at kafka.log.Log.$anonfun$close$3(Log.scala:932)
	at kafka.log.Log.close(Log.scala:2302)
	at kafka.log.LogTest.testFullTransactionIndexRecovery(LogTest.scala:3738)
	at sun.reflect.NativeMethodAccessorImpl.invoke0(Native Method)
	at sun.reflect.NativeMethodAccessorImpl.invoke(NativeMethodAccessorImpl.java:62)
	at sun.reflect.DelegatingMethodAccessorImpl.invoke(DelegatingMethodAccessorImpl.java:43)
	at java.lang.reflect.Method.invoke(Method.java:498)
	at org.junit.runners.model.FrameworkMethod$1.runReflectiveCall(FrameworkMethod.java:59)
	at org.junit.internal.runners.model.ReflectiveCallable.run(ReflectiveCallable.java:12)
	at org.junit.runners.model.FrameworkMethod.invokeExplosively(FrameworkMethod.java:56)
	at org.junit.internal.runners.statements.InvokeMethod.evaluate(InvokeMethod.java:17)
	at org.junit.internal.runners.statements.RunBefores.evaluate(RunBefores.java:26)
	at org.junit.internal.runners.statements.RunAfters.evaluate(RunAfters.java:27)
	at org.junit.runners.ParentRunner$3.evaluate(ParentRunner.java:306)
	at org.junit.runners.BlockJUnit4ClassRunner$1.evaluate(BlockJUnit4ClassRunner.java:100)
	at org.junit.runners.ParentRunner.runLeaf(ParentRunner.java:366)
	at org.junit.runners.BlockJUnit4ClassRunner.runChild(BlockJUnit4ClassRunner.java:103)
	at org.junit.runners.BlockJUnit4ClassRunner.runChild(BlockJUnit4ClassRunner.java:63)
	at org.junit.runners.ParentRunner$4.run(ParentRunner.java:331)
	at org.junit.runners.ParentRunner$1.schedule(ParentRunner.java:79)
	at org.junit.runners.ParentRunner.runChildren(ParentRunner.java:329)
	at org.junit.runners.ParentRunner.access$100(ParentRunner.java:66)
	at org.junit.runners.ParentRunner$2.evaluate(ParentRunner.java:293)
	at org.junit.runners.ParentRunner$3.evaluate(ParentRunner.java:306)
	at org.junit.runners.ParentRunner.run(ParentRunner.java:413)
	at org.gradle.api.internal.tasks.testing.junit.JUnitTestClassExecutor.runTestClass(JUnitTestClassExecutor.java:110)
	at org.gradle.api.internal.tasks.testing.junit.JUnitTestClassExecutor.execute(JUnitTestClassExecutor.java:58)
	at org.gradle.api.internal.tasks.testing.junit.JUnitTestClassExecutor.execute(JUnitTestClassExecutor.java:38)
	at org.gradle.api.internal.tasks.testing.junit.AbstractJUnitTestClassProcessor.processTestClass(AbstractJUnitTestClassProcessor.java:62)
	at org.gradle.api.internal.tasks.testing.SuiteTestClassProcessor.processTestClass(SuiteTestClassProcessor.java:51)
	at sun.reflect.NativeMethodAccessorImpl.invoke0(Native Method)
	at sun.reflect.NativeMethodAccessorImpl.invoke(NativeMethodAccessorImpl.java:62)
	at sun.reflect.DelegatingMethodAccessorImpl.invoke(DelegatingMethodAccessorImpl.java:43)
	at java.lang.reflect.Method.invoke(Method.java:498)
	at org.gradle.internal.dispatch.ReflectionDispatch.dispatch(ReflectionDispatch.java:36)
	at org.gradle.internal.dispatch.ReflectionDispatch.dispatch(ReflectionDispatch.java:24)
	at org.gradle.internal.dispatch.ContextClassLoaderDispatch.dispatch(ContextClassLoaderDispatch.java:33)
	at org.gradle.internal.dispatch.ProxyDispatchAdapter$DispatchingInvocationHandler.invoke(ProxyDispatchAdapter.java:94)
	at com.sun.proxy.$Proxy2.processTestClass(Unknown Source)
	at org.gradle.api.internal.tasks.testing.worker.TestWorker.processTestClass(TestWorker.java:118)
	at sun.reflect.NativeMethodAccessorImpl.invoke0(Native Method)
	at sun.reflect.NativeMethodAccessorImpl.invoke(NativeMethodAccessorImpl.java:62)
	at sun.reflect.DelegatingMethodAccessorImpl.invoke(DelegatingMethodAccessorImpl.java:43)
	at java.lang.reflect.Method.invoke(Method.java:498)
	at org.gradle.internal.dispatch.ReflectionDispatch.dispatch(ReflectionDispatch.java:36)
	at org.gradle.internal.dispatch.ReflectionDispatch.dispatch(ReflectionDispatch.java:24)
	at org.gradle.internal.remote.internal.hub.MessageHubBackedObjectConnection$DispatchWrapper.dispatch(MessageHubBackedObjectConnection.java:182)
	at org.gradle.internal.remote.internal.hub.MessageHubBackedObjectConnection$DispatchWrapper.dispatch(MessageHubBackedObjectConnection.java:164)
	at org.gradle.internal.remote.internal.hub.MessageHub$Handler.run(MessageHub.java:412)
	at org.gradle.internal.concurrent.ExecutorPolicy$CatchAndRecordFailures.onExecute(ExecutorPolicy.java:64)
	at org.gradle.internal.concurrent.ManagedExecutorImpl$1.run(ManagedExecutorImpl.java:48)
	at java.util.concurrent.ThreadPoolExecutor.runWorker(ThreadPoolExecutor.java:1149)
	at java.util.concurrent.ThreadPoolExecutor$Worker.run(ThreadPoolExecutor.java:624)
	at org.gradle.internal.concurrent.ThreadFactoryImpl$ManagedThreadRunnable.run(ThreadFactoryImpl.java:56)
	at java.lang.Thread.run(Thread.java:748)
[2020-01-15 10:34:16,146] ERROR Error unmapping index /var/folders/b3/bhnnh3l53jjdfgphtx91qd1h0000gn/T/kafka-1232176319865706067/kafka-228348/00000000000000000049.index (kafka.log.AbstractIndex:427)
java.lang.NullPointerException
	at org.apache.kafka.common.utils.ByteBufferUnmapper.unmap(ByteBufferUnmapper.java:75)
	at kafka.log.AbstractIndex.forceUnmap(AbstractIndex.scala:320)
	at kafka.log.AbstractIndex.safeForceUnmap(AbstractIndex.scala:310)
	at kafka.log.AbstractIndex.$anonfun$closeHandler$1(AbstractIndex.scala:259)
	at kafka.log.AbstractIndex.closeHandler(AbstractIndex.scala:259)
	at kafka.log.AbstractIndex.close(AbstractIndex.scala:250)
	at kafka.log.LogSegment.$anonfun$close$2(LogSegment.scala:589)
	at kafka.utils.CoreUtils$.swallow(CoreUtils.scala:67)
	at kafka.log.LogSegment.close(LogSegment.scala:589)
	at kafka.log.Log.$anonfun$close$4(Log.scala:932)
	at kafka.log.Log.$anonfun$close$4$adapted(Log.scala:932)
	at scala.collection.Iterator.foreach(Iterator.scala:941)
	at scala.collection.Iterator.foreach$(Iterator.scala:941)
	at scala.collection.AbstractIterator.foreach(Iterator.scala:1429)
	at scala.collection.IterableLike.foreach(IterableLike.scala:74)
	at scala.collection.IterableLike.foreach$(IterableLike.scala:73)
	at scala.collection.AbstractIterable.foreach(Iterable.scala:56)
	at kafka.log.Log.$anonfun$close$3(Log.scala:932)
	at kafka.log.Log.close(Log.scala:2302)
	at kafka.log.LogTest.testFullTransactionIndexRecovery(LogTest.scala:3738)
	at sun.reflect.NativeMethodAccessorImpl.invoke0(Native Method)
	at sun.reflect.NativeMethodAccessorImpl.invoke(NativeMethodAccessorImpl.java:62)
	at sun.reflect.DelegatingMethodAccessorImpl.invoke(DelegatingMethodAccessorImpl.java:43)
	at java.lang.reflect.Method.invoke(Method.java:498)
	at org.junit.runners.model.FrameworkMethod$1.runReflectiveCall(FrameworkMethod.java:59)
	at org.junit.internal.runners.model.ReflectiveCallable.run(ReflectiveCallable.java:12)
	at org.junit.runners.model.FrameworkMethod.invokeExplosively(FrameworkMethod.java:56)
	at org.junit.internal.runners.statements.InvokeMethod.evaluate(InvokeMethod.java:17)
	at org.junit.internal.runners.statements.RunBefores.evaluate(RunBefores.java:26)
	at org.junit.internal.runners.statements.RunAfters.evaluate(RunAfters.java:27)
	at org.junit.runners.ParentRunner$3.evaluate(ParentRunner.java:306)
	at org.junit.runners.BlockJUnit4ClassRunner$1.evaluate(BlockJUnit4ClassRunner.java:100)
	at org.junit.runners.ParentRunner.runLeaf(ParentRunner.java:366)
	at org.junit.runners.BlockJUnit4ClassRunner.runChild(BlockJUnit4ClassRunner.java:103)
	at org.junit.runners.BlockJUnit4ClassRunner.runChild(BlockJUnit4ClassRunner.java:63)
	at org.junit.runners.ParentRunner$4.run(ParentRunner.java:331)
	at org.junit.runners.ParentRunner$1.schedule(ParentRunner.java:79)
	at org.junit.runners.ParentRunner.runChildren(ParentRunner.java:329)
	at org.junit.runners.ParentRunner.access$100(ParentRunner.java:66)
	at org.junit.runners.ParentRunner$2.evaluate(ParentRunner.java:293)
	at org.junit.runners.ParentRunner$3.evaluate(ParentRunner.java:306)
	at org.junit.runners.ParentRunner.run(ParentRunner.java:413)
	at org.gradle.api.internal.tasks.testing.junit.JUnitTestClassExecutor.runTestClass(JUnitTestClassExecutor.java:110)
	at org.gradle.api.internal.tasks.testing.junit.JUnitTestClassExecutor.execute(JUnitTestClassExecutor.java:58)
	at org.gradle.api.internal.tasks.testing.junit.JUnitTestClassExecutor.execute(JUnitTestClassExecutor.java:38)
	at org.gradle.api.internal.tasks.testing.junit.AbstractJUnitTestClassProcessor.processTestClass(AbstractJUnitTestClassProcessor.java:62)
	at org.gradle.api.internal.tasks.testing.SuiteTestClassProcessor.processTestClass(SuiteTestClassProcessor.java:51)
	at sun.reflect.NativeMethodAccessorImpl.invoke0(Native Method)
	at sun.reflect.NativeMethodAccessorImpl.invoke(NativeMethodAccessorImpl.java:62)
	at sun.reflect.DelegatingMethodAccessorImpl.invoke(DelegatingMethodAccessorImpl.java:43)
	at java.lang.reflect.Method.invoke(Method.java:498)
	at org.gradle.internal.dispatch.ReflectionDispatch.dispatch(ReflectionDispatch.java:36)
	at org.gradle.internal.dispatch.ReflectionDispatch.dispatch(ReflectionDispatch.java:24)
	at org.gradle.internal.dispatch.ContextClassLoaderDispatch.dispatch(ContextClassLoaderDispatch.java:33)
	at org.gradle.internal.dispatch.ProxyDispatchAdapter$DispatchingInvocationHandler.invoke(ProxyDispatchAdapter.java:94)
	at com.sun.proxy.$Proxy2.processTestClass(Unknown Source)
	at org.gradle.api.internal.tasks.testing.worker.TestWorker.processTestClass(TestWorker.java:118)
	at sun.reflect.NativeMethodAccessorImpl.invoke0(Native Method)
	at sun.reflect.NativeMethodAccessorImpl.invoke(NativeMethodAccessorImpl.java:62)
	at sun.reflect.DelegatingMethodAccessorImpl.invoke(DelegatingMethodAccessorImpl.java:43)
	at java.lang.reflect.Method.invoke(Method.java:498)
	at org.gradle.internal.dispatch.ReflectionDispatch.dispatch(ReflectionDispatch.java:36)
	at org.gradle.internal.dispatch.ReflectionDispatch.dispatch(ReflectionDispatch.java:24)
	at org.gradle.internal.remote.internal.hub.MessageHubBackedObjectConnection$DispatchWrapper.dispatch(MessageHubBackedObjectConnection.java:182)
	at org.gradle.internal.remote.internal.hub.MessageHubBackedObjectConnection$DispatchWrapper.dispatch(MessageHubBackedObjectConnection.java:164)
	at org.gradle.internal.remote.internal.hub.MessageHub$Handler.run(MessageHub.java:412)
	at org.gradle.internal.concurrent.ExecutorPolicy$CatchAndRecordFailures.onExecute(ExecutorPolicy.java:64)
	at org.gradle.internal.concurrent.ManagedExecutorImpl$1.run(ManagedExecutorImpl.java:48)
	at java.util.concurrent.ThreadPoolExecutor.runWorker(ThreadPoolExecutor.java:1149)
	at java.util.concurrent.ThreadPoolExecutor$Worker.run(ThreadPoolExecutor.java:624)
	at org.gradle.internal.concurrent.ThreadFactoryImpl$ManagedThreadRunnable.run(ThreadFactoryImpl.java:56)
	at java.lang.Thread.run(Thread.java:748)
[2020-01-15 10:34:16,148] ERROR [Log partition=kafka-228348, dir=/var/folders/b3/bhnnh3l53jjdfgphtx91qd1h0000gn/T/kafka-1232176319865706067] Could not find offset index file corresponding to log file /var/folders/b3/bhnnh3l53jjdfgphtx91qd1h0000gn/T/kafka-1232176319865706067/kafka-228348/00000000000000000000.log, recovering segment and rebuilding index files... (kafka.log.Log:74)
[2020-01-15 10:34:16,230] ERROR [Log partition=kafka-228348, dir=/var/folders/b3/bhnnh3l53jjdfgphtx91qd1h0000gn/T/kafka-1232176319865706067] Could not find offset index file corresponding to log file /var/folders/b3/bhnnh3l53jjdfgphtx91qd1h0000gn/T/kafka-1232176319865706067/kafka-228348/00000000000000000019.log, recovering segment and rebuilding index files... (kafka.log.Log:74)
[2020-01-15 10:34:16,304] ERROR [Log partition=kafka-228348, dir=/var/folders/b3/bhnnh3l53jjdfgphtx91qd1h0000gn/T/kafka-1232176319865706067] Could not find offset index file corresponding to log file /var/folders/b3/bhnnh3l53jjdfgphtx91qd1h0000gn/T/kafka-1232176319865706067/kafka-228348/00000000000000000049.log, recovering segment and rebuilding index files... (kafka.log.Log:74)
[2020-01-15 10:35:25,849] ERROR Error unmapping index /var/folders/b3/bhnnh3l53jjdfgphtx91qd1h0000gn/T/kafka-8777825920835119064/kafka-860735/00000000000000000000.index.deleted (kafka.log.AbstractIndex:427)
java.lang.NullPointerException
	at org.apache.kafka.common.utils.ByteBufferUnmapper.unmap(ByteBufferUnmapper.java:75)
	at kafka.log.AbstractIndex.forceUnmap(AbstractIndex.scala:320)
	at kafka.log.AbstractIndex.safeForceUnmap(AbstractIndex.scala:310)
	at kafka.log.AbstractIndex.$anonfun$closeHandler$1(AbstractIndex.scala:259)
	at kafka.log.AbstractIndex.closeHandler(AbstractIndex.scala:259)
	at kafka.log.AbstractIndex.deleteIfExists(AbstractIndex.scala:228)
	at kafka.log.LogSegment.$anonfun$deleteIfExists$6(LogSegment.scala:623)
	at kafka.log.LogSegment.$anonfun$deleteIfExists$5(LogSegment.scala:611)
	at kafka.utils.CoreUtils$.$anonfun$tryAll$1$adapted(CoreUtils.scala:96)
	at scala.collection.immutable.List.foreach(List.scala:392)
	at kafka.utils.CoreUtils$.tryAll(CoreUtils.scala:95)
	at kafka.log.LogSegment.deleteIfExists(LogSegment.scala:625)
	at kafka.log.Log.$anonfun$deleteSegmentFiles$5(Log.scala:2197)
	at kafka.log.Log.$anonfun$deleteSegmentFiles$5$adapted(Log.scala:2197)
	at scala.collection.immutable.List.foreach(List.scala:392)
	at kafka.log.Log.$anonfun$deleteSegmentFiles$4(Log.scala:2197)
	at kafka.log.Log.deleteSegments$1(Log.scala:2302)
	at kafka.log.Log.deleteSegmentFiles(Log.scala:2205)
	at kafka.log.Log.removeAndDeleteSegments(Log.scala:2177)
	at kafka.log.Log.$anonfun$delete$2(Log.scala:1995)
	at kafka.log.Log.delete(Log.scala:2302)
	at kafka.log.LogTest.testLogDeletionAfterClose(LogTest.scala:3232)
	at sun.reflect.NativeMethodAccessorImpl.invoke0(Native Method)
	at sun.reflect.NativeMethodAccessorImpl.invoke(NativeMethodAccessorImpl.java:62)
	at sun.reflect.DelegatingMethodAccessorImpl.invoke(DelegatingMethodAccessorImpl.java:43)
	at java.lang.reflect.Method.invoke(Method.java:498)
	at org.junit.runners.model.FrameworkMethod$1.runReflectiveCall(FrameworkMethod.java:59)
	at org.junit.internal.runners.model.ReflectiveCallable.run(ReflectiveCallable.java:12)
	at org.junit.runners.model.FrameworkMethod.invokeExplosively(FrameworkMethod.java:56)
	at org.junit.internal.runners.statements.InvokeMethod.evaluate(InvokeMethod.java:17)
	at org.junit.internal.runners.statements.RunBefores.evaluate(RunBefores.java:26)
	at org.junit.internal.runners.statements.RunAfters.evaluate(RunAfters.java:27)
	at org.junit.runners.ParentRunner$3.evaluate(ParentRunner.java:306)
	at org.junit.runners.BlockJUnit4ClassRunner$1.evaluate(BlockJUnit4ClassRunner.java:100)
	at org.junit.runners.ParentRunner.runLeaf(ParentRunner.java:366)
	at org.junit.runners.BlockJUnit4ClassRunner.runChild(BlockJUnit4ClassRunner.java:103)
	at org.junit.runners.BlockJUnit4ClassRunner.runChild(BlockJUnit4ClassRunner.java:63)
	at org.junit.runners.ParentRunner$4.run(ParentRunner.java:331)
	at org.junit.runners.ParentRunner$1.schedule(ParentRunner.java:79)
	at org.junit.runners.ParentRunner.runChildren(ParentRunner.java:329)
	at org.junit.runners.ParentRunner.access$100(ParentRunner.java:66)
	at org.junit.runners.ParentRunner$2.evaluate(ParentRunner.java:293)
	at org.junit.runners.ParentRunner$3.evaluate(ParentRunner.java:306)
	at org.junit.runners.ParentRunner.run(ParentRunner.java:413)
	at org.gradle.api.internal.tasks.testing.junit.JUnitTestClassExecutor.runTestClass(JUnitTestClassExecutor.java:110)
	at org.gradle.api.internal.tasks.testing.junit.JUnitTestClassExecutor.execute(JUnitTestClassExecutor.java:58)
	at org.gradle.api.internal.tasks.testing.junit.JUnitTestClassExecutor.execute(JUnitTestClassExecutor.java:38)
	at org.gradle.api.internal.tasks.testing.junit.AbstractJUnitTestClassProcessor.processTestClass(AbstractJUnitTestClassProcessor.java:62)
	at org.gradle.api.internal.tasks.testing.SuiteTestClassProcessor.processTestClass(SuiteTestClassProcessor.java:51)
	at sun.reflect.NativeMethodAccessorImpl.invoke0(Native Method)
	at sun.reflect.NativeMethodAccessorImpl.invoke(NativeMethodAccessorImpl.java:62)
	at sun.reflect.DelegatingMethodAccessorImpl.invoke(DelegatingMethodAccessorImpl.java:43)
	at java.lang.reflect.Method.invoke(Method.java:498)
	at org.gradle.internal.dispatch.ReflectionDispatch.dispatch(ReflectionDispatch.java:36)
	at org.gradle.internal.dispatch.ReflectionDispatch.dispatch(ReflectionDispatch.java:24)
	at org.gradle.internal.dispatch.ContextClassLoaderDispatch.dispatch(ContextClassLoaderDispatch.java:33)
	at org.gradle.internal.dispatch.ProxyDispatchAdapter$DispatchingInvocationHandler.invoke(ProxyDispatchAdapter.java:94)
	at com.sun.proxy.$Proxy2.processTestClass(Unknown Source)
	at org.gradle.api.internal.tasks.testing.worker.TestWorker.processTestClass(TestWorker.java:118)
	at sun.reflect.NativeMethodAccessorImpl.invoke0(Native Method)
	at sun.reflect.NativeMethodAccessorImpl.invoke(NativeMethodAccessorImpl.java:62)
	at sun.reflect.DelegatingMethodAccessorImpl.invoke(DelegatingMethodAccessorImpl.java:43)
	at java.lang.reflect.Method.invoke(Method.java:498)
	at org.gradle.internal.dispatch.ReflectionDispatch.dispatch(ReflectionDispatch.java:36)
	at org.gradle.internal.dispatch.ReflectionDispatch.dispatch(ReflectionDispatch.java:24)
	at org.gradle.internal.remote.internal.hub.MessageHubBackedObjectConnection$DispatchWrapper.dispatch(MessageHubBackedObjectConnection.java:182)
	at org.gradle.internal.remote.internal.hub.MessageHubBackedObjectConnection$DispatchWrapper.dispatch(MessageHubBackedObjectConnection.java:164)
	at org.gradle.internal.remote.internal.hub.MessageHub$Handler.run(MessageHub.java:412)
	at org.gradle.internal.concurrent.ExecutorPolicy$CatchAndRecordFailures.onExecute(ExecutorPolicy.java:64)
	at org.gradle.internal.concurrent.ManagedExecutorImpl$1.run(ManagedExecutorImpl.java:48)
	at java.util.concurrent.ThreadPoolExecutor.runWorker(ThreadPoolExecutor.java:1149)
	at java.util.concurrent.ThreadPoolExecutor$Worker.run(ThreadPoolExecutor.java:624)
	at org.gradle.internal.concurrent.ThreadFactoryImpl$ManagedThreadRunnable.run(ThreadFactoryImpl.java:56)
	at java.lang.Thread.run(Thread.java:748)
[2020-01-15 10:35:25,851] ERROR Error unmapping index /var/folders/b3/bhnnh3l53jjdfgphtx91qd1h0000gn/T/kafka-8777825920835119064/kafka-860735/00000000000000000000.timeindex.deleted (kafka.log.AbstractIndex:427)
java.lang.NullPointerException
	at org.apache.kafka.common.utils.ByteBufferUnmapper.unmap(ByteBufferUnmapper.java:75)
	at kafka.log.AbstractIndex.forceUnmap(AbstractIndex.scala:320)
	at kafka.log.AbstractIndex.safeForceUnmap(AbstractIndex.scala:310)
	at kafka.log.AbstractIndex.$anonfun$closeHandler$1(AbstractIndex.scala:259)
	at kafka.log.AbstractIndex.closeHandler(AbstractIndex.scala:259)
	at kafka.log.AbstractIndex.deleteIfExists(AbstractIndex.scala:228)
	at kafka.log.LogSegment.$anonfun$deleteIfExists$8(LogSegment.scala:624)
	at kafka.log.LogSegment.$anonfun$deleteIfExists$7(LogSegment.scala:611)
	at kafka.utils.CoreUtils$.$anonfun$tryAll$1$adapted(CoreUtils.scala:96)
	at scala.collection.immutable.List.foreach(List.scala:392)
	at kafka.utils.CoreUtils$.tryAll(CoreUtils.scala:95)
	at kafka.log.LogSegment.deleteIfExists(LogSegment.scala:625)
	at kafka.log.Log.$anonfun$deleteSegmentFiles$5(Log.scala:2197)
	at kafka.log.Log.$anonfun$deleteSegmentFiles$5$adapted(Log.scala:2197)
	at scala.collection.immutable.List.foreach(List.scala:392)
	at kafka.log.Log.$anonfun$deleteSegmentFiles$4(Log.scala:2197)
	at kafka.log.Log.deleteSegments$1(Log.scala:2302)
	at kafka.log.Log.deleteSegmentFiles(Log.scala:2205)
	at kafka.log.Log.removeAndDeleteSegments(Log.scala:2177)
	at kafka.log.Log.$anonfun$delete$2(Log.scala:1995)
	at kafka.log.Log.delete(Log.scala:2302)
	at kafka.log.LogTest.testLogDeletionAfterClose(LogTest.scala:3232)
	at sun.reflect.NativeMethodAccessorImpl.invoke0(Native Method)
	at sun.reflect.NativeMethodAccessorImpl.invoke(NativeMethodAccessorImpl.java:62)
	at sun.reflect.DelegatingMethodAccessorImpl.invoke(DelegatingMethodAccessorImpl.java:43)
	at java.lang.reflect.Method.invoke(Method.java:498)
	at org.junit.runners.model.FrameworkMethod$1.runReflectiveCall(FrameworkMethod.java:59)
	at org.junit.internal.runners.model.ReflectiveCallable.run(ReflectiveCallable.java:12)
	at org.junit.runners.model.FrameworkMethod.invokeExplosively(FrameworkMethod.java:56)
	at org.junit.internal.runners.statements.InvokeMethod.evaluate(InvokeMethod.java:17)
	at org.junit.internal.runners.statements.RunBefores.evaluate(RunBefores.java:26)
	at org.junit.internal.runners.statements.RunAfters.evaluate(RunAfters.java:27)
	at org.junit.runners.ParentRunner$3.evaluate(ParentRunner.java:306)
	at org.junit.runners.BlockJUnit4ClassRunner$1.evaluate(BlockJUnit4ClassRunner.java:100)
	at org.junit.runners.ParentRunner.runLeaf(ParentRunner.java:366)
	at org.junit.runners.BlockJUnit4ClassRunner.runChild(BlockJUnit4ClassRunner.java:103)
	at org.junit.runners.BlockJUnit4ClassRunner.runChild(BlockJUnit4ClassRunner.java:63)
	at org.junit.runners.ParentRunner$4.run(ParentRunner.java:331)
	at org.junit.runners.ParentRunner$1.schedule(ParentRunner.java:79)
	at org.junit.runners.ParentRunner.runChildren(ParentRunner.java:329)
	at org.junit.runners.ParentRunner.access$100(ParentRunner.java:66)
	at org.junit.runners.ParentRunner$2.evaluate(ParentRunner.java:293)
	at org.junit.runners.ParentRunner$3.evaluate(ParentRunner.java:306)
	at org.junit.runners.ParentRunner.run(ParentRunner.java:413)
	at org.gradle.api.internal.tasks.testing.junit.JUnitTestClassExecutor.runTestClass(JUnitTestClassExecutor.java:110)
	at org.gradle.api.internal.tasks.testing.junit.JUnitTestClassExecutor.execute(JUnitTestClassExecutor.java:58)
	at org.gradle.api.internal.tasks.testing.junit.JUnitTestClassExecutor.execute(JUnitTestClassExecutor.java:38)
	at org.gradle.api.internal.tasks.testing.junit.AbstractJUnitTestClassProcessor.processTestClass(AbstractJUnitTestClassProcessor.java:62)
	at org.gradle.api.internal.tasks.testing.SuiteTestClassProcessor.processTestClass(SuiteTestClassProcessor.java:51)
	at sun.reflect.NativeMethodAccessorImpl.invoke0(Native Method)
	at sun.reflect.NativeMethodAccessorImpl.invoke(NativeMethodAccessorImpl.java:62)
	at sun.reflect.DelegatingMethodAccessorImpl.invoke(DelegatingMethodAccessorImpl.java:43)
	at java.lang.reflect.Method.invoke(Method.java:498)
	at org.gradle.internal.dispatch.ReflectionDispatch.dispatch(ReflectionDispatch.java:36)
	at org.gradle.internal.dispatch.ReflectionDispatch.dispatch(ReflectionDispatch.java:24)
	at org.gradle.internal.dispatch.ContextClassLoaderDispatch.dispatch(ContextClassLoaderDispatch.java:33)
	at org.gradle.internal.dispatch.ProxyDispatchAdapter$DispatchingInvocationHandler.invoke(ProxyDispatchAdapter.java:94)
	at com.sun.proxy.$Proxy2.processTestClass(Unknown Source)
	at org.gradle.api.internal.tasks.testing.worker.TestWorker.processTestClass(TestWorker.java:118)
	at sun.reflect.NativeMethodAccessorImpl.invoke0(Native Method)
	at sun.reflect.NativeMethodAccessorImpl.invoke(NativeMethodAccessorImpl.java:62)
	at sun.reflect.DelegatingMethodAccessorImpl.invoke(DelegatingMethodAccessorImpl.java:43)
	at java.lang.reflect.Method.invoke(Method.java:498)
	at org.gradle.internal.dispatch.ReflectionDispatch.dispatch(ReflectionDispatch.java:36)
	at org.gradle.internal.dispatch.ReflectionDispatch.dispatch(ReflectionDispatch.java:24)
	at org.gradle.internal.remote.internal.hub.MessageHubBackedObjectConnection$DispatchWrapper.dispatch(MessageHubBackedObjectConnection.java:182)
	at org.gradle.internal.remote.internal.hub.MessageHubBackedObjectConnection$DispatchWrapper.dispatch(MessageHubBackedObjectConnection.java:164)
	at org.gradle.internal.remote.internal.hub.MessageHub$Handler.run(MessageHub.java:412)
	at org.gradle.internal.concurrent.ExecutorPolicy$CatchAndRecordFailures.onExecute(ExecutorPolicy.java:64)
	at org.gradle.internal.concurrent.ManagedExecutorImpl$1.run(ManagedExecutorImpl.java:48)
	at java.util.concurrent.ThreadPoolExecutor.runWorker(ThreadPoolExecutor.java:1149)
	at java.util.concurrent.ThreadPoolExecutor$Worker.run(ThreadPoolExecutor.java:624)
	at org.gradle.internal.concurrent.ThreadFactoryImpl$ManagedThreadRunnable.run(ThreadFactoryImpl.java:56)
	at java.lang.Thread.run(Thread.java:748)
]]></system-out>
  <system-err><![CDATA[]]></system-err>
</testsuite>
