<?xml version="1.0" encoding="UTF-8"?>
<testsuite name="kafka.log.LogConfigTest" tests="11" skipped="0" failures="0" errors="0" timestamp="2020-01-15T02:25:20" hostname="localhost" time="0.046">
  <properties/>
  <testcase name="testGetConfigValue" classname="kafka.log.LogConfigTest" time="0.004"/>
  <testcase name="testToRst" classname="kafka.log.LogConfigTest" time="0.004"/>
  <testcase name="ensureNoStaticInitializationOrderDependency" classname="kafka.log.LogConfigTest" time="0.0"/>
  <testcase name="testToEnrichedRst" classname="kafka.log.LogConfigTest" time="0.001"/>
  <testcase name="shouldValidateThrottledReplicasConfig" classname="kafka.log.LogConfigTest" time="0.0"/>
  <testcase name="testFromPropsEmpty" classname="kafka.log.LogConfigTest" time="0.001"/>
  <testcase name="testInvalidCompactionLagConfig" classname="kafka.log.LogConfigTest" time="0.0"/>
  <testcase name="testKafkaConfigToProps" classname="kafka.log.LogConfigTest" time="0.031"/>
  <testcase name="testFromPropsInvalid" classname="kafka.log.LogConfigTest" time="0.002"/>
  <testcase name="testToHtmlTable" classname="kafka.log.LogConfigTest" time="0.001"/>
  <testcase name="testToHtml" classname="kafka.log.LogConfigTest" time="0.0"/>
  <system-out><![CDATA[]]></system-out>
  <system-err><![CDATA[]]></system-err>
</testsuite>
