<?xml version="1.0" encoding="UTF-8"?>
<testsuite name="kafka.api.SslEndToEndAuthorizationTest" tests="12" skipped="0" failures="0" errors="0" timestamp="2020-01-15T02:18:05" hostname="localhost" time="172.701">
  <properties/>
  <testcase name="testNoConsumeWithoutDescribeAclViaSubscribe" classname="kafka.api.SslEndToEndAuthorizationTest" time="15.6"/>
  <testcase name="testProduceConsumeWithPrefixedAcls" classname="kafka.api.SslEndToEndAuthorizationTest" time="13.143"/>
  <testcase name="testProduceConsumeViaAssign" classname="kafka.api.SslEndToEndAuthorizationTest" time="10.274"/>
  <testcase name="testNoConsumeWithDescribeAclViaAssign" classname="kafka.api.SslEndToEndAuthorizationTest" time="16.984"/>
  <testcase name="testProduceConsumeTopicAutoCreateTopicCreateAcl" classname="kafka.api.SslEndToEndAuthorizationTest" time="18.149"/>
  <testcase name="testProduceConsumeWithWildcardAcls" classname="kafka.api.SslEndToEndAuthorizationTest" time="19.736"/>
  <testcase name="testNoConsumeWithDescribeAclViaSubscribe" classname="kafka.api.SslEndToEndAuthorizationTest" time="15.862"/>
  <testcase name="testNoConsumeWithoutDescribeAclViaAssign" classname="kafka.api.SslEndToEndAuthorizationTest" time="16.025"/>
  <testcase name="testNoGroupAcl" classname="kafka.api.SslEndToEndAuthorizationTest" time="12.437"/>
  <testcase name="testNoProduceWithDescribeAcl" classname="kafka.api.SslEndToEndAuthorizationTest" time="11.916"/>
  <testcase name="testNoDescribeProduceOrConsumeWithoutTopicDescribeAcl" classname="kafka.api.SslEndToEndAuthorizationTest" time="13.906"/>
  <testcase name="testProduceConsumeViaSubscribe" classname="kafka.api.SslEndToEndAuthorizationTest" time="8.669"/>
  <system-out><![CDATA[Adding ACLs for resource `ResourcePattern(resourceType=CLUSTER, name=kafka-cluster, patternType=LITERAL)`: 
 	(principal=User:server, host=*, operation=CLUSTER_ACTION, permissionType=ALLOW) 

Current ACLs for resource `Cluster:LITERAL:kafka-cluster`: 
 	User:server has Allow permission for operations: ClusterAction from hosts: * 

Adding ACLs for resource `ResourcePattern(resourceType=TOPIC, name=*, patternType=LITERAL)`: 
 	(principal=User:server, host=*, operation=READ, permissionType=ALLOW) 

Current ACLs for resource `Topic:LITERAL:*`: 
 	User:server has Allow permission for operations: Read from hosts: * 

[2020-01-15 10:18:12,113] ERROR [ReplicaFetcher replicaId=1, leaderId=0, fetcherId=0] Error for partition __consumer_offsets-0 at offset 0 (kafka.server.ReplicaFetcherThread:76)
org.apache.kafka.common.errors.UnknownTopicOrPartitionException: This server does not host this topic-partition.
[2020-01-15 10:18:12,165] ERROR [ReplicaFetcher replicaId=2, leaderId=0, fetcherId=0] Error for partition __consumer_offsets-0 at offset 0 (kafka.server.ReplicaFetcherThread:76)
org.apache.kafka.common.errors.UnknownTopicOrPartitionException: This server does not host this topic-partition.
[2020-01-15 10:18:12,877] ERROR [ReplicaFetcher replicaId=1, leaderId=0, fetcherId=0] Error for partition e2etopic-0 at offset 0 (kafka.server.ReplicaFetcherThread:76)
org.apache.kafka.common.errors.UnknownTopicOrPartitionException: This server does not host this topic-partition.
[2020-01-15 10:18:12,921] ERROR [ReplicaFetcher replicaId=2, leaderId=0, fetcherId=0] Error for partition e2etopic-0 at offset 0 (kafka.server.ReplicaFetcherThread:76)
org.apache.kafka.common.errors.UnknownTopicOrPartitionException: This server does not host this topic-partition.
Adding ACLs for resource `ResourcePattern(resourceType=TOPIC, name=e2etopic, patternType=LITERAL)`: 
 	(principal=User:O=A client,CN=\#A client with special chars in CN : (\, \+ \" \\ \< \> \; '), host=*, operation=DESCRIBE, permissionType=ALLOW)
	(principal=User:O=A client,CN=\#A client with special chars in CN : (\, \+ \" \\ \< \> \; '), host=*, operation=WRITE, permissionType=ALLOW)
	(principal=User:O=A client,CN=\#A client with special chars in CN : (\, \+ \" \\ \< \> \; '), host=*, operation=CREATE, permissionType=ALLOW) 

Current ACLs for resource `Topic:LITERAL:e2etopic`: 
 	User:O=A client,CN=\#A client with special chars in CN : (\, \+ \" \\ \< \> \; ') has Allow permission for operations: Create from hosts: *
	User:O=A client,CN=\#A client with special chars in CN : (\, \+ \" \\ \< \> \; ') has Allow permission for operations: Describe from hosts: *
	User:O=A client,CN=\#A client with special chars in CN : (\, \+ \" \\ \< \> \; ') has Allow permission for operations: Write from hosts: * 

Adding ACLs for resource `ResourcePattern(resourceType=GROUP, name=group, patternType=LITERAL)`: 
 	(principal=User:O=A client,CN=\#A client with special chars in CN : (\, \+ \" \\ \< \> \; '), host=*, operation=READ, permissionType=ALLOW) 

Current ACLs for resource `Group:LITERAL:group`: 
 	User:O=A client,CN=\#A client with special chars in CN : (\, \+ \" \\ \< \> \; ') has Allow permission for operations: Read from hosts: * 

Current ACLs for resource `Topic:LITERAL:e2etopic`: 
 	User:O=A client,CN=\#A client with special chars in CN : (\, \+ \" \\ \< \> \; ') has Allow permission for operations: Create from hosts: *
	User:O=A client,CN=\#A client with special chars in CN : (\, \+ \" \\ \< \> \; ') has Allow permission for operations: Write from hosts: * 

Current ACLs for resource `Topic:LITERAL:e2etopic`: 
 	User:O=A client,CN=\#A client with special chars in CN : (\, \+ \" \\ \< \> \; ') has Allow permission for operations: Create from hosts: * 

[2020-01-15 10:18:14,441] ERROR [Consumer clientId=consumer-group-21, groupId=group] Topic authorization failed for topics [e2etopic] (org.apache.kafka.clients.Metadata:281)
Adding ACLs for resource `ResourcePattern(resourceType=TOPIC, name=e2etopic, patternType=LITERAL)`: 
 	(principal=User:O=A client,CN=\#A client with special chars in CN : (\, \+ \" \\ \< \> \; '), host=*, operation=DESCRIBE, permissionType=ALLOW)
	(principal=User:O=A client,CN=\#A client with special chars in CN : (\, \+ \" \\ \< \> \; '), host=*, operation=WRITE, permissionType=ALLOW)
	(principal=User:O=A client,CN=\#A client with special chars in CN : (\, \+ \" \\ \< \> \; '), host=*, operation=CREATE, permissionType=ALLOW) 

Current ACLs for resource `Topic:LITERAL:e2etopic`: 
 	User:O=A client,CN=\#A client with special chars in CN : (\, \+ \" \\ \< \> \; ') has Allow permission for operations: Create from hosts: *
	User:O=A client,CN=\#A client with special chars in CN : (\, \+ \" \\ \< \> \; ') has Allow permission for operations: Describe from hosts: *
	User:O=A client,CN=\#A client with special chars in CN : (\, \+ \" \\ \< \> \; ') has Allow permission for operations: Write from hosts: * 

Adding ACLs for resource `ResourcePattern(resourceType=TOPIC, name=e2etopic, patternType=LITERAL)`: 
 	(principal=User:O=A client,CN=\#A client with special chars in CN : (\, \+ \" \\ \< \> \; '), host=*, operation=DESCRIBE, permissionType=ALLOW)
	(principal=User:O=A client,CN=\#A client with special chars in CN : (\, \+ \" \\ \< \> \; '), host=*, operation=READ, permissionType=ALLOW) 

Adding ACLs for resource `ResourcePattern(resourceType=GROUP, name=group, patternType=LITERAL)`: 
 	(principal=User:O=A client,CN=\#A client with special chars in CN : (\, \+ \" \\ \< \> \; '), host=*, operation=READ, permissionType=ALLOW) 

Current ACLs for resource `Topic:LITERAL:e2etopic`: 
 	User:O=A client,CN=\#A client with special chars in CN : (\, \+ \" \\ \< \> \; ') has Allow permission for operations: Read from hosts: *
	User:O=A client,CN=\#A client with special chars in CN : (\, \+ \" \\ \< \> \; ') has Allow permission for operations: Create from hosts: *
	User:O=A client,CN=\#A client with special chars in CN : (\, \+ \" \\ \< \> \; ') has Allow permission for operations: Describe from hosts: *
	User:O=A client,CN=\#A client with special chars in CN : (\, \+ \" \\ \< \> \; ') has Allow permission for operations: Write from hosts: * 

Current ACLs for resource `Group:LITERAL:group`: 
 	User:O=A client,CN=\#A client with special chars in CN : (\, \+ \" \\ \< \> \; ') has Allow permission for operations: Read from hosts: * 

[2020-01-15 10:18:14,946] ERROR [Consumer clientId=consumer-group-21, groupId=group] Topic authorization failed for topics [topic2] (org.apache.kafka.clients.Metadata:281)
[2020-01-15 10:18:14,948] ERROR [Consumer clientId=consumer-group-21, groupId=group] Topic authorization failed for topics [topic2] (org.apache.kafka.clients.Metadata:281)
Adding ACLs for resource `ResourcePattern(resourceType=CLUSTER, name=kafka-cluster, patternType=LITERAL)`: 
 	(principal=User:server, host=*, operation=CLUSTER_ACTION, permissionType=ALLOW) 

Current ACLs for resource `Cluster:LITERAL:kafka-cluster`: 
 	User:server has Allow permission for operations: ClusterAction from hosts: * 

Adding ACLs for resource `ResourcePattern(resourceType=TOPIC, name=*, patternType=LITERAL)`: 
 	(principal=User:server, host=*, operation=READ, permissionType=ALLOW) 

Current ACLs for resource `Topic:LITERAL:*`: 
 	User:server has Allow permission for operations: Read from hosts: * 

Adding ACLs for resource `ResourcePattern(resourceType=TOPIC, name=e2e, patternType=PREFIXED)`: 
 	(principal=User:O=A client,CN=\#A client with special chars in CN : (\, \+ \" \\ \< \> \; '), host=*, operation=DESCRIBE, permissionType=ALLOW)
	(principal=User:O=A client,CN=\#A client with special chars in CN : (\, \+ \" \\ \< \> \; '), host=*, operation=READ, permissionType=ALLOW)
	(principal=User:O=A client,CN=\#A client with special chars in CN : (\, \+ \" \\ \< \> \; '), host=*, operation=WRITE, permissionType=ALLOW)
	(principal=User:O=A client,CN=\#A client with special chars in CN : (\, \+ \" \\ \< \> \; '), host=*, operation=CREATE, permissionType=ALLOW) 

Adding ACLs for resource `ResourcePattern(resourceType=GROUP, name=gr, patternType=PREFIXED)`: 
 	(principal=User:O=A client,CN=\#A client with special chars in CN : (\, \+ \" \\ \< \> \; '), host=*, operation=READ, permissionType=ALLOW) 

Current ACLs for resource `Topic:PREFIXED:e2e`: 
 	User:O=A client,CN=\#A client with special chars in CN : (\, \+ \" \\ \< \> \; ') has Allow permission for operations: Read from hosts: *
	User:O=A client,CN=\#A client with special chars in CN : (\, \+ \" \\ \< \> \; ') has Allow permission for operations: Create from hosts: *
	User:O=A client,CN=\#A client with special chars in CN : (\, \+ \" \\ \< \> \; ') has Allow permission for operations: Describe from hosts: *
	User:O=A client,CN=\#A client with special chars in CN : (\, \+ \" \\ \< \> \; ') has Allow permission for operations: Write from hosts: * 

Current ACLs for resource `Group:PREFIXED:gr`: 
 	User:O=A client,CN=\#A client with special chars in CN : (\, \+ \" \\ \< \> \; ') has Allow permission for operations: Read from hosts: * 

Adding ACLs for resource `ResourcePattern(resourceType=CLUSTER, name=kafka-cluster, patternType=LITERAL)`: 
 	(principal=User:server, host=*, operation=CLUSTER_ACTION, permissionType=ALLOW) 

Current ACLs for resource `Cluster:LITERAL:kafka-cluster`: 
 	User:server has Allow permission for operations: ClusterAction from hosts: * 

Adding ACLs for resource `ResourcePattern(resourceType=TOPIC, name=*, patternType=LITERAL)`: 
 	(principal=User:server, host=*, operation=READ, permissionType=ALLOW) 

Current ACLs for resource `Topic:LITERAL:*`: 
 	User:server has Allow permission for operations: Read from hosts: * 

[2020-01-15 10:18:36,702] ERROR [ReplicaFetcher replicaId=1, leaderId=0, fetcherId=0] Error for partition __consumer_offsets-0 at offset 0 (kafka.server.ReplicaFetcherThread:76)
org.apache.kafka.common.errors.UnknownTopicOrPartitionException: This server does not host this topic-partition.
Adding ACLs for resource `ResourcePattern(resourceType=TOPIC, name=e2etopic, patternType=LITERAL)`: 
 	(principal=User:O=A client,CN=\#A client with special chars in CN : (\, \+ \" \\ \< \> \; '), host=*, operation=DESCRIBE, permissionType=ALLOW)
	(principal=User:O=A client,CN=\#A client with special chars in CN : (\, \+ \" \\ \< \> \; '), host=*, operation=WRITE, permissionType=ALLOW)
	(principal=User:O=A client,CN=\#A client with special chars in CN : (\, \+ \" \\ \< \> \; '), host=*, operation=CREATE, permissionType=ALLOW) 

Current ACLs for resource `Topic:LITERAL:e2etopic`: 
 	User:O=A client,CN=\#A client with special chars in CN : (\, \+ \" \\ \< \> \; ') has Allow permission for operations: Create from hosts: *
	User:O=A client,CN=\#A client with special chars in CN : (\, \+ \" \\ \< \> \; ') has Allow permission for operations: Describe from hosts: *
	User:O=A client,CN=\#A client with special chars in CN : (\, \+ \" \\ \< \> \; ') has Allow permission for operations: Write from hosts: * 

Adding ACLs for resource `ResourcePattern(resourceType=TOPIC, name=e2etopic, patternType=LITERAL)`: 
 	(principal=User:O=A client,CN=\#A client with special chars in CN : (\, \+ \" \\ \< \> \; '), host=*, operation=DESCRIBE, permissionType=ALLOW)
	(principal=User:O=A client,CN=\#A client with special chars in CN : (\, \+ \" \\ \< \> \; '), host=*, operation=READ, permissionType=ALLOW) 

Adding ACLs for resource `ResourcePattern(resourceType=GROUP, name=group, patternType=LITERAL)`: 
 	(principal=User:O=A client,CN=\#A client with special chars in CN : (\, \+ \" \\ \< \> \; '), host=*, operation=READ, permissionType=ALLOW) 

Current ACLs for resource `Topic:LITERAL:e2etopic`: 
 	User:O=A client,CN=\#A client with special chars in CN : (\, \+ \" \\ \< \> \; ') has Allow permission for operations: Read from hosts: *
	User:O=A client,CN=\#A client with special chars in CN : (\, \+ \" \\ \< \> \; ') has Allow permission for operations: Create from hosts: *
	User:O=A client,CN=\#A client with special chars in CN : (\, \+ \" \\ \< \> \; ') has Allow permission for operations: Describe from hosts: *
	User:O=A client,CN=\#A client with special chars in CN : (\, \+ \" \\ \< \> \; ') has Allow permission for operations: Write from hosts: * 

Current ACLs for resource `Group:LITERAL:group`: 
 	User:O=A client,CN=\#A client with special chars in CN : (\, \+ \" \\ \< \> \; ') has Allow permission for operations: Read from hosts: * 

Adding ACLs for resource `ResourcePattern(resourceType=CLUSTER, name=kafka-cluster, patternType=LITERAL)`: 
 	(principal=User:server, host=*, operation=CLUSTER_ACTION, permissionType=ALLOW) 

Current ACLs for resource `Cluster:LITERAL:kafka-cluster`: 
 	User:server has Allow permission for operations: ClusterAction from hosts: * 

Adding ACLs for resource `ResourcePattern(resourceType=TOPIC, name=*, patternType=LITERAL)`: 
 	(principal=User:server, host=*, operation=READ, permissionType=ALLOW) 

Current ACLs for resource `Topic:LITERAL:*`: 
 	User:server has Allow permission for operations: Read from hosts: * 

Adding ACLs for resource `ResourcePattern(resourceType=TOPIC, name=e2etopic, patternType=LITERAL)`: 
 	(principal=User:O=A client,CN=\#A client with special chars in CN : (\, \+ \" \\ \< \> \; '), host=*, operation=DESCRIBE, permissionType=ALLOW)
	(principal=User:O=A client,CN=\#A client with special chars in CN : (\, \+ \" \\ \< \> \; '), host=*, operation=WRITE, permissionType=ALLOW)
	(principal=User:O=A client,CN=\#A client with special chars in CN : (\, \+ \" \\ \< \> \; '), host=*, operation=CREATE, permissionType=ALLOW) 

Current ACLs for resource `Topic:LITERAL:e2etopic`: 
 	User:O=A client,CN=\#A client with special chars in CN : (\, \+ \" \\ \< \> \; ') has Allow permission for operations: Create from hosts: *
	User:O=A client,CN=\#A client with special chars in CN : (\, \+ \" \\ \< \> \; ') has Allow permission for operations: Describe from hosts: *
	User:O=A client,CN=\#A client with special chars in CN : (\, \+ \" \\ \< \> \; ') has Allow permission for operations: Write from hosts: * 

Adding ACLs for resource `ResourcePattern(resourceType=GROUP, name=group, patternType=LITERAL)`: 
 	(principal=User:O=A client,CN=\#A client with special chars in CN : (\, \+ \" \\ \< \> \; '), host=*, operation=READ, permissionType=ALLOW) 

Current ACLs for resource `Group:LITERAL:group`: 
 	User:O=A client,CN=\#A client with special chars in CN : (\, \+ \" \\ \< \> \; ') has Allow permission for operations: Read from hosts: * 

Adding ACLs for resource `ResourcePattern(resourceType=CLUSTER, name=kafka-cluster, patternType=LITERAL)`: 
 	(principal=User:server, host=*, operation=CLUSTER_ACTION, permissionType=ALLOW) 

Current ACLs for resource `Cluster:LITERAL:kafka-cluster`: 
 	User:server has Allow permission for operations: ClusterAction from hosts: * 

Adding ACLs for resource `ResourcePattern(resourceType=TOPIC, name=*, patternType=LITERAL)`: 
 	(principal=User:server, host=*, operation=READ, permissionType=ALLOW) 

Current ACLs for resource `Topic:LITERAL:*`: 
 	User:server has Allow permission for operations: Read from hosts: * 

[2020-01-15 10:19:05,974] ERROR [ReplicaFetcher replicaId=1, leaderId=2, fetcherId=0] Error for partition e2etopic-0 at offset 0 (kafka.server.ReplicaFetcherThread:76)
org.apache.kafka.common.errors.UnknownTopicOrPartitionException: This server does not host this topic-partition.
[2020-01-15 10:19:05,977] ERROR [ReplicaFetcher replicaId=0, leaderId=2, fetcherId=0] Error for partition e2etopic-0 at offset 0 (kafka.server.ReplicaFetcherThread:76)
org.apache.kafka.common.errors.UnknownTopicOrPartitionException: This server does not host this topic-partition.
Adding ACLs for resource `ResourcePattern(resourceType=TOPIC, name=topic2, patternType=LITERAL)`: 
 	(principal=User:O=A client,CN=\#A client with special chars in CN : (\, \+ \" \\ \< \> \; '), host=*, operation=DESCRIBE, permissionType=ALLOW)
	(principal=User:O=A client,CN=\#A client with special chars in CN : (\, \+ \" \\ \< \> \; '), host=*, operation=WRITE, permissionType=ALLOW)
	(principal=User:O=A client,CN=\#A client with special chars in CN : (\, \+ \" \\ \< \> \; '), host=*, operation=CREATE, permissionType=ALLOW) 

Current ACLs for resource `Topic:LITERAL:topic2`: 
 	User:O=A client,CN=\#A client with special chars in CN : (\, \+ \" \\ \< \> \; ') has Allow permission for operations: Create from hosts: *
	User:O=A client,CN=\#A client with special chars in CN : (\, \+ \" \\ \< \> \; ') has Allow permission for operations: Describe from hosts: *
	User:O=A client,CN=\#A client with special chars in CN : (\, \+ \" \\ \< \> \; ') has Allow permission for operations: Write from hosts: * 

Adding ACLs for resource `ResourcePattern(resourceType=TOPIC, name=topic2, patternType=LITERAL)`: 
 	(principal=User:O=A client,CN=\#A client with special chars in CN : (\, \+ \" \\ \< \> \; '), host=*, operation=DESCRIBE, permissionType=ALLOW)
	(principal=User:O=A client,CN=\#A client with special chars in CN : (\, \+ \" \\ \< \> \; '), host=*, operation=READ, permissionType=ALLOW) 

Adding ACLs for resource `ResourcePattern(resourceType=GROUP, name=group, patternType=LITERAL)`: 
 	(principal=User:O=A client,CN=\#A client with special chars in CN : (\, \+ \" \\ \< \> \; '), host=*, operation=READ, permissionType=ALLOW) 

Current ACLs for resource `Topic:LITERAL:topic2`: 
 	User:O=A client,CN=\#A client with special chars in CN : (\, \+ \" \\ \< \> \; ') has Allow permission for operations: Read from hosts: *
	User:O=A client,CN=\#A client with special chars in CN : (\, \+ \" \\ \< \> \; ') has Allow permission for operations: Create from hosts: *
	User:O=A client,CN=\#A client with special chars in CN : (\, \+ \" \\ \< \> \; ') has Allow permission for operations: Describe from hosts: *
	User:O=A client,CN=\#A client with special chars in CN : (\, \+ \" \\ \< \> \; ') has Allow permission for operations: Write from hosts: * 

Current ACLs for resource `Group:LITERAL:group`: 
 	User:O=A client,CN=\#A client with special chars in CN : (\, \+ \" \\ \< \> \; ') has Allow permission for operations: Read from hosts: * 

[2020-01-15 10:19:07,831] ERROR [ReplicaFetcher replicaId=2, leaderId=1, fetcherId=0] Error for partition topic2-0 at offset 0 (kafka.server.ReplicaFetcherThread:76)
org.apache.kafka.common.errors.UnknownTopicOrPartitionException: This server does not host this topic-partition.
[2020-01-15 10:19:07,831] ERROR [ReplicaFetcher replicaId=0, leaderId=1, fetcherId=0] Error for partition topic2-0 at offset 0 (kafka.server.ReplicaFetcherThread:76)
org.apache.kafka.common.errors.UnknownTopicOrPartitionException: This server does not host this topic-partition.
Adding ACLs for resource `ResourcePattern(resourceType=CLUSTER, name=kafka-cluster, patternType=LITERAL)`: 
 	(principal=User:server, host=*, operation=CLUSTER_ACTION, permissionType=ALLOW) 

Current ACLs for resource `Cluster:LITERAL:kafka-cluster`: 
 	User:server has Allow permission for operations: ClusterAction from hosts: * 

Adding ACLs for resource `ResourcePattern(resourceType=TOPIC, name=*, patternType=LITERAL)`: 
 	(principal=User:server, host=*, operation=READ, permissionType=ALLOW) 

Current ACLs for resource `Topic:LITERAL:*`: 
 	User:server has Allow permission for operations: Read from hosts: * 

[2020-01-15 10:19:26,061] ERROR [ReplicaFetcher replicaId=0, leaderId=1, fetcherId=0] Error for partition __consumer_offsets-0 at offset 0 (kafka.server.ReplicaFetcherThread:76)
org.apache.kafka.common.errors.UnknownTopicOrPartitionException: This server does not host this topic-partition.
[2020-01-15 10:19:26,514] ERROR [ReplicaFetcher replicaId=1, leaderId=2, fetcherId=0] Error for partition e2etopic-0 at offset 0 (kafka.server.ReplicaFetcherThread:76)
org.apache.kafka.common.errors.UnknownTopicOrPartitionException: This server does not host this topic-partition.
[2020-01-15 10:19:26,514] ERROR [ReplicaFetcher replicaId=0, leaderId=2, fetcherId=0] Error for partition e2etopic-0 at offset 0 (kafka.server.ReplicaFetcherThread:76)
org.apache.kafka.common.errors.UnknownTopicOrPartitionException: This server does not host this topic-partition.
Adding ACLs for resource `ResourcePattern(resourceType=TOPIC, name=*, patternType=LITERAL)`: 
 	(principal=User:O=A client,CN=\#A client with special chars in CN : (\, \+ \" \\ \< \> \; '), host=*, operation=DESCRIBE, permissionType=ALLOW)
	(principal=User:O=A client,CN=\#A client with special chars in CN : (\, \+ \" \\ \< \> \; '), host=*, operation=READ, permissionType=ALLOW)
	(principal=User:O=A client,CN=\#A client with special chars in CN : (\, \+ \" \\ \< \> \; '), host=*, operation=WRITE, permissionType=ALLOW)
	(principal=User:O=A client,CN=\#A client with special chars in CN : (\, \+ \" \\ \< \> \; '), host=*, operation=CREATE, permissionType=ALLOW) 

Adding ACLs for resource `ResourcePattern(resourceType=GROUP, name=*, patternType=LITERAL)`: 
 	(principal=User:O=A client,CN=\#A client with special chars in CN : (\, \+ \" \\ \< \> \; '), host=*, operation=READ, permissionType=ALLOW) 

Current ACLs for resource `Topic:LITERAL:*`: 
 	User:O=A client,CN=\#A client with special chars in CN : (\, \+ \" \\ \< \> \; ') has Allow permission for operations: Write from hosts: *
	User:O=A client,CN=\#A client with special chars in CN : (\, \+ \" \\ \< \> \; ') has Allow permission for operations: Describe from hosts: *
	User:O=A client,CN=\#A client with special chars in CN : (\, \+ \" \\ \< \> \; ') has Allow permission for operations: Read from hosts: *
	User:O=A client,CN=\#A client with special chars in CN : (\, \+ \" \\ \< \> \; ') has Allow permission for operations: Create from hosts: *
	User:server has Allow permission for operations: Read from hosts: * 

Current ACLs for resource `Group:LITERAL:*`: 
 	User:O=A client,CN=\#A client with special chars in CN : (\, \+ \" \\ \< \> \; ') has Allow permission for operations: Read from hosts: * 

Adding ACLs for resource `ResourcePattern(resourceType=CLUSTER, name=kafka-cluster, patternType=LITERAL)`: 
 	(principal=User:server, host=*, operation=CLUSTER_ACTION, permissionType=ALLOW) 

Current ACLs for resource `Cluster:LITERAL:kafka-cluster`: 
 	User:server has Allow permission for operations: ClusterAction from hosts: * 

Adding ACLs for resource `ResourcePattern(resourceType=TOPIC, name=*, patternType=LITERAL)`: 
 	(principal=User:server, host=*, operation=READ, permissionType=ALLOW) 

Current ACLs for resource `Topic:LITERAL:*`: 
 	User:server has Allow permission for operations: Read from hosts: * 

[2020-01-15 10:19:46,060] ERROR [ReplicaFetcher replicaId=2, leaderId=0, fetcherId=0] Error for partition __consumer_offsets-0 at offset 0 (kafka.server.ReplicaFetcherThread:76)
org.apache.kafka.common.errors.UnknownTopicOrPartitionException: This server does not host this topic-partition.
[2020-01-15 10:19:46,191] ERROR [ReplicaFetcher replicaId=1, leaderId=0, fetcherId=0] Error for partition __consumer_offsets-0 at offset 0 (kafka.server.ReplicaFetcherThread:76)
org.apache.kafka.common.errors.UnknownTopicOrPartitionException: This server does not host this topic-partition.
[2020-01-15 10:19:46,453] ERROR [ReplicaFetcher replicaId=0, leaderId=1, fetcherId=0] Error for partition e2etopic-0 at offset 0 (kafka.server.ReplicaFetcherThread:76)
org.apache.kafka.common.errors.UnknownTopicOrPartitionException: This server does not host this topic-partition.
[2020-01-15 10:19:46,453] ERROR [ReplicaFetcher replicaId=2, leaderId=1, fetcherId=0] Error for partition e2etopic-0 at offset 0 (kafka.server.ReplicaFetcherThread:76)
org.apache.kafka.common.errors.UnknownTopicOrPartitionException: This server does not host this topic-partition.
Adding ACLs for resource `ResourcePattern(resourceType=TOPIC, name=e2etopic, patternType=LITERAL)`: 
 	(principal=User:O=A client,CN=\#A client with special chars in CN : (\, \+ \" \\ \< \> \; '), host=*, operation=DESCRIBE, permissionType=ALLOW)
	(principal=User:O=A client,CN=\#A client with special chars in CN : (\, \+ \" \\ \< \> \; '), host=*, operation=WRITE, permissionType=ALLOW)
	(principal=User:O=A client,CN=\#A client with special chars in CN : (\, \+ \" \\ \< \> \; '), host=*, operation=CREATE, permissionType=ALLOW) 

Current ACLs for resource `Topic:LITERAL:e2etopic`: 
 	User:O=A client,CN=\#A client with special chars in CN : (\, \+ \" \\ \< \> \; ') has Allow permission for operations: Create from hosts: *
	User:O=A client,CN=\#A client with special chars in CN : (\, \+ \" \\ \< \> \; ') has Allow permission for operations: Describe from hosts: *
	User:O=A client,CN=\#A client with special chars in CN : (\, \+ \" \\ \< \> \; ') has Allow permission for operations: Write from hosts: * 

Adding ACLs for resource `ResourcePattern(resourceType=GROUP, name=group, patternType=LITERAL)`: 
 	(principal=User:O=A client,CN=\#A client with special chars in CN : (\, \+ \" \\ \< \> \; '), host=*, operation=READ, permissionType=ALLOW) 

Current ACLs for resource `Group:LITERAL:group`: 
 	User:O=A client,CN=\#A client with special chars in CN : (\, \+ \" \\ \< \> \; ') has Allow permission for operations: Read from hosts: * 

Adding ACLs for resource `ResourcePattern(resourceType=CLUSTER, name=kafka-cluster, patternType=LITERAL)`: 
 	(principal=User:server, host=*, operation=CLUSTER_ACTION, permissionType=ALLOW) 

Current ACLs for resource `Cluster:LITERAL:kafka-cluster`: 
 	User:server has Allow permission for operations: ClusterAction from hosts: * 

Adding ACLs for resource `ResourcePattern(resourceType=TOPIC, name=*, patternType=LITERAL)`: 
 	(principal=User:server, host=*, operation=READ, permissionType=ALLOW) 

Current ACLs for resource `Topic:LITERAL:*`: 
 	User:server has Allow permission for operations: Read from hosts: * 

[2020-01-15 10:19:57,055] ERROR [ReplicaFetcher replicaId=1, leaderId=2, fetcherId=0] Error for partition __consumer_offsets-0 at offset 0 (kafka.server.ReplicaFetcherThread:76)
org.apache.kafka.common.errors.UnknownTopicOrPartitionException: This server does not host this topic-partition.
[2020-01-15 10:19:57,056] ERROR [ReplicaFetcher replicaId=0, leaderId=2, fetcherId=0] Error for partition __consumer_offsets-0 at offset 0 (kafka.server.ReplicaFetcherThread:76)
org.apache.kafka.common.errors.UnknownTopicOrPartitionException: This server does not host this topic-partition.
Adding ACLs for resource `ResourcePattern(resourceType=TOPIC, name=e2etopic, patternType=LITERAL)`: 
 	(principal=User:O=A client,CN=\#A client with special chars in CN : (\, \+ \" \\ \< \> \; '), host=*, operation=DESCRIBE, permissionType=ALLOW)
	(principal=User:O=A client,CN=\#A client with special chars in CN : (\, \+ \" \\ \< \> \; '), host=*, operation=WRITE, permissionType=ALLOW)
	(principal=User:O=A client,CN=\#A client with special chars in CN : (\, \+ \" \\ \< \> \; '), host=*, operation=CREATE, permissionType=ALLOW) 

Current ACLs for resource `Topic:LITERAL:e2etopic`: 
 	User:O=A client,CN=\#A client with special chars in CN : (\, \+ \" \\ \< \> \; ') has Allow permission for operations: Create from hosts: *
	User:O=A client,CN=\#A client with special chars in CN : (\, \+ \" \\ \< \> \; ') has Allow permission for operations: Describe from hosts: *
	User:O=A client,CN=\#A client with special chars in CN : (\, \+ \" \\ \< \> \; ') has Allow permission for operations: Write from hosts: * 

Adding ACLs for resource `ResourcePattern(resourceType=GROUP, name=group, patternType=LITERAL)`: 
 	(principal=User:O=A client,CN=\#A client with special chars in CN : (\, \+ \" \\ \< \> \; '), host=*, operation=READ, permissionType=ALLOW) 

Current ACLs for resource `Group:LITERAL:group`: 
 	User:O=A client,CN=\#A client with special chars in CN : (\, \+ \" \\ \< \> \; ') has Allow permission for operations: Read from hosts: * 

Current ACLs for resource `Topic:LITERAL:e2etopic`: 
 	User:O=A client,CN=\#A client with special chars in CN : (\, \+ \" \\ \< \> \; ') has Allow permission for operations: Create from hosts: *
	User:O=A client,CN=\#A client with special chars in CN : (\, \+ \" \\ \< \> \; ') has Allow permission for operations: Write from hosts: * 

Current ACLs for resource `Topic:LITERAL:e2etopic`: 
 	User:O=A client,CN=\#A client with special chars in CN : (\, \+ \" \\ \< \> \; ') has Allow permission for operations: Create from hosts: * 

[2020-01-15 10:20:01,028] ERROR [Consumer clientId=consumer-group-28, groupId=group] Topic authorization failed for topics [e2etopic] (org.apache.kafka.clients.Metadata:281)
Adding ACLs for resource `ResourcePattern(resourceType=CLUSTER, name=kafka-cluster, patternType=LITERAL)`: 
 	(principal=User:server, host=*, operation=CLUSTER_ACTION, permissionType=ALLOW) 

Current ACLs for resource `Cluster:LITERAL:kafka-cluster`: 
 	User:server has Allow permission for operations: ClusterAction from hosts: * 

Adding ACLs for resource `ResourcePattern(resourceType=TOPIC, name=*, patternType=LITERAL)`: 
 	(principal=User:server, host=*, operation=READ, permissionType=ALLOW) 

Current ACLs for resource `Topic:LITERAL:*`: 
 	User:server has Allow permission for operations: Read from hosts: * 

[2020-01-15 10:20:15,472] ERROR [ReplicaFetcher replicaId=0, leaderId=1, fetcherId=0] Error for partition __consumer_offsets-0 at offset 0 (kafka.server.ReplicaFetcherThread:76)
org.apache.kafka.common.errors.UnknownTopicOrPartitionException: This server does not host this topic-partition.
[2020-01-15 10:20:16,828] ERROR [ReplicaFetcher replicaId=1, leaderId=0, fetcherId=0] Error for partition e2etopic-0 at offset 0 (kafka.server.ReplicaFetcherThread:76)
org.apache.kafka.common.errors.UnknownTopicOrPartitionException: This server does not host this topic-partition.
Adding ACLs for resource `ResourcePattern(resourceType=TOPIC, name=e2etopic, patternType=LITERAL)`: 
 	(principal=User:O=A client,CN=\#A client with special chars in CN : (\, \+ \" \\ \< \> \; '), host=*, operation=DESCRIBE, permissionType=ALLOW)
	(principal=User:O=A client,CN=\#A client with special chars in CN : (\, \+ \" \\ \< \> \; '), host=*, operation=WRITE, permissionType=ALLOW)
	(principal=User:O=A client,CN=\#A client with special chars in CN : (\, \+ \" \\ \< \> \; '), host=*, operation=CREATE, permissionType=ALLOW) 

Current ACLs for resource `Topic:LITERAL:e2etopic`: 
 	User:O=A client,CN=\#A client with special chars in CN : (\, \+ \" \\ \< \> \; ') has Allow permission for operations: Create from hosts: *
	User:O=A client,CN=\#A client with special chars in CN : (\, \+ \" \\ \< \> \; ') has Allow permission for operations: Describe from hosts: *
	User:O=A client,CN=\#A client with special chars in CN : (\, \+ \" \\ \< \> \; ') has Allow permission for operations: Write from hosts: * 

Adding ACLs for resource `ResourcePattern(resourceType=CLUSTER, name=kafka-cluster, patternType=LITERAL)`: 
 	(principal=User:server, host=*, operation=CLUSTER_ACTION, permissionType=ALLOW) 

Current ACLs for resource `Cluster:LITERAL:kafka-cluster`: 
 	User:server has Allow permission for operations: ClusterAction from hosts: * 

Adding ACLs for resource `ResourcePattern(resourceType=TOPIC, name=*, patternType=LITERAL)`: 
 	(principal=User:server, host=*, operation=READ, permissionType=ALLOW) 

Current ACLs for resource `Topic:LITERAL:*`: 
 	User:server has Allow permission for operations: Read from hosts: * 

Adding ACLs for resource `ResourcePattern(resourceType=TOPIC, name=e2etopic, patternType=LITERAL)`: 
 	(principal=User:O=A client,CN=\#A client with special chars in CN : (\, \+ \" \\ \< \> \; '), host=*, operation=DESCRIBE, permissionType=ALLOW) 

Current ACLs for resource `Topic:LITERAL:e2etopic`: 
 	User:O=A client,CN=\#A client with special chars in CN : (\, \+ \" \\ \< \> \; ') has Allow permission for operations: Describe from hosts: * 

Adding ACLs for resource `ResourcePattern(resourceType=CLUSTER, name=kafka-cluster, patternType=LITERAL)`: 
 	(principal=User:server, host=*, operation=CLUSTER_ACTION, permissionType=ALLOW) 

Current ACLs for resource `Cluster:LITERAL:kafka-cluster`: 
 	User:server has Allow permission for operations: ClusterAction from hosts: * 

Adding ACLs for resource `ResourcePattern(resourceType=TOPIC, name=*, patternType=LITERAL)`: 
 	(principal=User:server, host=*, operation=READ, permissionType=ALLOW) 

Current ACLs for resource `Topic:LITERAL:*`: 
 	User:server has Allow permission for operations: Read from hosts: * 

[2020-01-15 10:20:39,659] ERROR [ReplicaFetcher replicaId=1, leaderId=2, fetcherId=0] Error for partition __consumer_offsets-0 at offset 0 (kafka.server.ReplicaFetcherThread:76)
org.apache.kafka.common.errors.UnknownTopicOrPartitionException: This server does not host this topic-partition.
[2020-01-15 10:20:39,681] ERROR [ReplicaFetcher replicaId=0, leaderId=2, fetcherId=0] Error for partition __consumer_offsets-0 at offset 0 (kafka.server.ReplicaFetcherThread:76)
org.apache.kafka.common.errors.UnknownTopicOrPartitionException: This server does not host this topic-partition.
Adding ACLs for resource `ResourcePattern(resourceType=GROUP, name=group, patternType=LITERAL)`: 
 	(principal=User:O=A client,CN=\#A client with special chars in CN : (\, \+ \" \\ \< \> \; '), host=*, operation=READ, permissionType=ALLOW) 

Current ACLs for resource `Group:LITERAL:group`: 
 	User:O=A client,CN=\#A client with special chars in CN : (\, \+ \" \\ \< \> \; ') has Allow permission for operations: Read from hosts: * 

[2020-01-15 10:20:40,953] ERROR [Producer clientId=producer-33] Topic authorization failed for topics [e2etopic] (org.apache.kafka.clients.Metadata:281)
[2020-01-15 10:20:40,981] ERROR [Consumer clientId=consumer-group-30, groupId=group] Topic authorization failed for topics [e2etopic] (org.apache.kafka.clients.Metadata:281)
Adding ACLs for resource `ResourcePattern(resourceType=TOPIC, name=topic2, patternType=LITERAL)`: 
 	(principal=User:O=A client,CN=\#A client with special chars in CN : (\, \+ \" \\ \< \> \; '), host=*, operation=DESCRIBE, permissionType=ALLOW)
	(principal=User:O=A client,CN=\#A client with special chars in CN : (\, \+ \" \\ \< \> \; '), host=*, operation=WRITE, permissionType=ALLOW)
	(principal=User:O=A client,CN=\#A client with special chars in CN : (\, \+ \" \\ \< \> \; '), host=*, operation=CREATE, permissionType=ALLOW) 

Current ACLs for resource `Topic:LITERAL:topic2`: 
 	User:O=A client,CN=\#A client with special chars in CN : (\, \+ \" \\ \< \> \; ') has Allow permission for operations: Create from hosts: *
	User:O=A client,CN=\#A client with special chars in CN : (\, \+ \" \\ \< \> \; ') has Allow permission for operations: Describe from hosts: *
	User:O=A client,CN=\#A client with special chars in CN : (\, \+ \" \\ \< \> \; ') has Allow permission for operations: Write from hosts: * 

Adding ACLs for resource `ResourcePattern(resourceType=TOPIC, name=topic2, patternType=LITERAL)`: 
 	(principal=User:O=A client,CN=\#A client with special chars in CN : (\, \+ \" \\ \< \> \; '), host=*, operation=DESCRIBE, permissionType=ALLOW)
	(principal=User:O=A client,CN=\#A client with special chars in CN : (\, \+ \" \\ \< \> \; '), host=*, operation=READ, permissionType=ALLOW) 

Adding ACLs for resource `ResourcePattern(resourceType=GROUP, name=group, patternType=LITERAL)`: 
 	(principal=User:O=A client,CN=\#A client with special chars in CN : (\, \+ \" \\ \< \> \; '), host=*, operation=READ, permissionType=ALLOW) 

Current ACLs for resource `Topic:LITERAL:topic2`: 
 	User:O=A client,CN=\#A client with special chars in CN : (\, \+ \" \\ \< \> \; ') has Allow permission for operations: Read from hosts: *
	User:O=A client,CN=\#A client with special chars in CN : (\, \+ \" \\ \< \> \; ') has Allow permission for operations: Create from hosts: *
	User:O=A client,CN=\#A client with special chars in CN : (\, \+ \" \\ \< \> \; ') has Allow permission for operations: Describe from hosts: *
	User:O=A client,CN=\#A client with special chars in CN : (\, \+ \" \\ \< \> \; ') has Allow permission for operations: Write from hosts: * 

Current ACLs for resource `Group:LITERAL:group`: 
 	User:O=A client,CN=\#A client with special chars in CN : (\, \+ \" \\ \< \> \; ') has Allow permission for operations: Read from hosts: * 

[2020-01-15 10:20:41,492] ERROR [Producer clientId=producer-33] Topic authorization failed for topics [e2etopic] (org.apache.kafka.clients.Metadata:281)
[2020-01-15 10:20:41,593] ERROR [Producer clientId=producer-33] Topic authorization failed for topics [e2etopic] (org.apache.kafka.clients.Metadata:281)
[2020-01-15 10:20:41,697] ERROR [Producer clientId=producer-33] Topic authorization failed for topics [e2etopic] (org.apache.kafka.clients.Metadata:281)
[2020-01-15 10:20:41,736] ERROR [ReplicaFetcher replicaId=2, leaderId=1, fetcherId=0] Error for partition topic2-0 at offset 0 (kafka.server.ReplicaFetcherThread:76)
org.apache.kafka.common.errors.UnknownTopicOrPartitionException: This server does not host this topic-partition.
[2020-01-15 10:20:41,800] ERROR [Producer clientId=producer-33] Topic authorization failed for topics [e2etopic] (org.apache.kafka.clients.Metadata:281)
[2020-01-15 10:20:43,029] ERROR [Consumer clientId=consumer-group-30, groupId=group] Topic authorization failed for topics [e2etopic] (org.apache.kafka.clients.Metadata:281)
Adding ACLs for resource `ResourcePattern(resourceType=TOPIC, name=e2etopic, patternType=LITERAL)`: 
 	(principal=User:O=A client,CN=\#A client with special chars in CN : (\, \+ \" \\ \< \> \; '), host=*, operation=DESCRIBE, permissionType=ALLOW)
	(principal=User:O=A client,CN=\#A client with special chars in CN : (\, \+ \" \\ \< \> \; '), host=*, operation=WRITE, permissionType=ALLOW)
	(principal=User:O=A client,CN=\#A client with special chars in CN : (\, \+ \" \\ \< \> \; '), host=*, operation=CREATE, permissionType=ALLOW) 

Current ACLs for resource `Topic:LITERAL:e2etopic`: 
 	User:O=A client,CN=\#A client with special chars in CN : (\, \+ \" \\ \< \> \; ') has Allow permission for operations: Create from hosts: *
	User:O=A client,CN=\#A client with special chars in CN : (\, \+ \" \\ \< \> \; ') has Allow permission for operations: Describe from hosts: *
	User:O=A client,CN=\#A client with special chars in CN : (\, \+ \" \\ \< \> \; ') has Allow permission for operations: Write from hosts: * 

Adding ACLs for resource `ResourcePattern(resourceType=TOPIC, name=e2etopic, patternType=LITERAL)`: 
 	(principal=User:O=A client,CN=\#A client with special chars in CN : (\, \+ \" \\ \< \> \; '), host=*, operation=DESCRIBE, permissionType=ALLOW)
	(principal=User:O=A client,CN=\#A client with special chars in CN : (\, \+ \" \\ \< \> \; '), host=*, operation=READ, permissionType=ALLOW) 

Adding ACLs for resource `ResourcePattern(resourceType=GROUP, name=group, patternType=LITERAL)`: 
 	(principal=User:O=A client,CN=\#A client with special chars in CN : (\, \+ \" \\ \< \> \; '), host=*, operation=READ, permissionType=ALLOW) 

Current ACLs for resource `Topic:LITERAL:e2etopic`: 
 	User:O=A client,CN=\#A client with special chars in CN : (\, \+ \" \\ \< \> \; ') has Allow permission for operations: Read from hosts: *
	User:O=A client,CN=\#A client with special chars in CN : (\, \+ \" \\ \< \> \; ') has Allow permission for operations: Create from hosts: *
	User:O=A client,CN=\#A client with special chars in CN : (\, \+ \" \\ \< \> \; ') has Allow permission for operations: Describe from hosts: *
	User:O=A client,CN=\#A client with special chars in CN : (\, \+ \" \\ \< \> \; ') has Allow permission for operations: Write from hosts: * 

Current ACLs for resource `Group:LITERAL:group`: 
 	User:O=A client,CN=\#A client with special chars in CN : (\, \+ \" \\ \< \> \; ') has Allow permission for operations: Read from hosts: * 

Adding ACLs for resource `ResourcePattern(resourceType=CLUSTER, name=kafka-cluster, patternType=LITERAL)`: 
 	(principal=User:server, host=*, operation=CLUSTER_ACTION, permissionType=ALLOW) 

Current ACLs for resource `Cluster:LITERAL:kafka-cluster`: 
 	User:server has Allow permission for operations: ClusterAction from hosts: * 

Adding ACLs for resource `ResourcePattern(resourceType=TOPIC, name=*, patternType=LITERAL)`: 
 	(principal=User:server, host=*, operation=READ, permissionType=ALLOW) 

Current ACLs for resource `Topic:LITERAL:*`: 
 	User:server has Allow permission for operations: Read from hosts: * 

Adding ACLs for resource `ResourcePattern(resourceType=TOPIC, name=e2etopic, patternType=LITERAL)`: 
 	(principal=User:O=A client,CN=\#A client with special chars in CN : (\, \+ \" \\ \< \> \; '), host=*, operation=DESCRIBE, permissionType=ALLOW)
	(principal=User:O=A client,CN=\#A client with special chars in CN : (\, \+ \" \\ \< \> \; '), host=*, operation=WRITE, permissionType=ALLOW)
	(principal=User:O=A client,CN=\#A client with special chars in CN : (\, \+ \" \\ \< \> \; '), host=*, operation=CREATE, permissionType=ALLOW) 

Current ACLs for resource `Topic:LITERAL:e2etopic`: 
 	User:O=A client,CN=\#A client with special chars in CN : (\, \+ \" \\ \< \> \; ') has Allow permission for operations: Create from hosts: *
	User:O=A client,CN=\#A client with special chars in CN : (\, \+ \" \\ \< \> \; ') has Allow permission for operations: Describe from hosts: *
	User:O=A client,CN=\#A client with special chars in CN : (\, \+ \" \\ \< \> \; ') has Allow permission for operations: Write from hosts: * 

Adding ACLs for resource `ResourcePattern(resourceType=TOPIC, name=e2etopic, patternType=LITERAL)`: 
 	(principal=User:O=A client,CN=\#A client with special chars in CN : (\, \+ \" \\ \< \> \; '), host=*, operation=DESCRIBE, permissionType=ALLOW)
	(principal=User:O=A client,CN=\#A client with special chars in CN : (\, \+ \" \\ \< \> \; '), host=*, operation=READ, permissionType=ALLOW) 

Adding ACLs for resource `ResourcePattern(resourceType=GROUP, name=group, patternType=LITERAL)`: 
 	(principal=User:O=A client,CN=\#A client with special chars in CN : (\, \+ \" \\ \< \> \; '), host=*, operation=READ, permissionType=ALLOW) 

Current ACLs for resource `Topic:LITERAL:e2etopic`: 
 	User:O=A client,CN=\#A client with special chars in CN : (\, \+ \" \\ \< \> \; ') has Allow permission for operations: Read from hosts: *
	User:O=A client,CN=\#A client with special chars in CN : (\, \+ \" \\ \< \> \; ') has Allow permission for operations: Create from hosts: *
	User:O=A client,CN=\#A client with special chars in CN : (\, \+ \" \\ \< \> \; ') has Allow permission for operations: Describe from hosts: *
	User:O=A client,CN=\#A client with special chars in CN : (\, \+ \" \\ \< \> \; ') has Allow permission for operations: Write from hosts: * 

Current ACLs for resource `Group:LITERAL:group`: 
 	User:O=A client,CN=\#A client with special chars in CN : (\, \+ \" \\ \< \> \; ') has Allow permission for operations: Read from hosts: * 

]]></system-out>
  <system-err><![CDATA[]]></system-err>
</testsuite>
