<?xml version="1.0" encoding="UTF-8"?>
<testsuite name="kafka.utils.CommandLineUtilsTest" tests="10" skipped="0" failures="0" errors="0" timestamp="2020-01-15T02:48:13" hostname="localhost" time="0.003">
  <properties/>
  <testcase name="testParseEmptyArg" classname="kafka.utils.CommandLineUtilsTest" time="0.0"/>
  <testcase name="testMaybeMergeOptionsOverwriteExisting" classname="kafka.utils.CommandLineUtilsTest" time="0.001"/>
  <testcase name="testParseSingleArg" classname="kafka.utils.CommandLineUtilsTest" time="0.0"/>
  <testcase name="testParseArgs" classname="kafka.utils.CommandLineUtilsTest" time="0.0"/>
  <testcase name="testParseArgsWithMultipleDelimiters" classname="kafka.utils.CommandLineUtilsTest" time="0.0"/>
  <testcase name="testMaybeMergeOptionsDefaultValueIfNotExist" classname="kafka.utils.CommandLineUtilsTest" time="0.0"/>
  <testcase name="testParseEmptyArgWithNoDelimiter" classname="kafka.utils.CommandLineUtilsTest" time="0.0"/>
  <testcase name="testMaybeMergeOptionsDefaultOverwriteExisting" classname="kafka.utils.CommandLineUtilsTest" time="0.001"/>
  <testcase name="testParseEmptyArgAsValid" classname="kafka.utils.CommandLineUtilsTest" time="0.0"/>
  <testcase name="testMaybeMergeOptionsNotOverwriteExisting" classname="kafka.utils.CommandLineUtilsTest" time="0.0"/>
  <system-out><![CDATA[]]></system-out>
  <system-err><![CDATA[]]></system-err>
</testsuite>
