<?xml version="1.0" encoding="UTF-8"?>
<testsuite name="kafka.server.BrokerMetadataCheckpointTest" tests="1" skipped="0" failures="0" errors="0" timestamp="2020-01-15T02:45:55" hostname="localhost" time="0.0">
  <properties/>
  <testcase name="testReadWithNonExistentFile" classname="kafka.server.BrokerMetadataCheckpointTest" time="0.0"/>
  <system-out><![CDATA[]]></system-out>
  <system-err><![CDATA[]]></system-err>
</testsuite>
