<?xml version="1.0" encoding="UTF-8"?>
<testsuite name="kafka.utils.TopicFilterTest" tests="1" skipped="0" failures="0" errors="0" timestamp="2020-01-15T02:29:01" hostname="localhost" time="0.001">
  <properties/>
  <testcase name="testWhitelists" classname="kafka.utils.TopicFilterTest" time="0.001"/>
  <system-out><![CDATA[]]></system-out>
  <system-err><![CDATA[]]></system-err>
</testsuite>
