<?xml version="1.0" encoding="UTF-8"?>
<testsuite name="kafka.server.SaslApiVersionsRequestTest" tests="3" skipped="0" failures="0" errors="0" timestamp="2020-01-15T02:34:05" hostname="localhost" time="22.592">
  <properties/>
  <testcase name="testApiVersionsRequestWithUnsupportedVersion" classname="kafka.server.SaslApiVersionsRequestTest" time="7.117"/>
  <testcase name="testApiVersionsRequestBeforeSaslHandshakeRequest" classname="kafka.server.SaslApiVersionsRequestTest" time="7.289"/>
  <testcase name="testApiVersionsRequestAfterSaslHandshakeRequest" classname="kafka.server.SaslApiVersionsRequestTest" time="8.186"/>
  <system-out><![CDATA[[2020-01-15 10:34:05,949] WARN SASL configuration failed: javax.security.auth.login.LoginException: No JAAS configuration section named 'Client' was found in specified JAAS configuration file: '/var/folders/b3/bhnnh3l53jjdfgphtx91qd1h0000gn/T/kafka1824226930382467432.tmp'. Will continue connection to Zookeeper server without SASL authentication, if Zookeeper server allows it. (org.apache.zookeeper.ClientCnxn:1094)
[2020-01-15 10:34:05,952] ERROR [ZooKeeperClient] Auth failed. (kafka.zookeeper.ZooKeeperClient:74)
[2020-01-15 10:34:06,208] WARN SASL configuration failed: javax.security.auth.login.LoginException: No JAAS configuration section named 'Client' was found in specified JAAS configuration file: '/var/folders/b3/bhnnh3l53jjdfgphtx91qd1h0000gn/T/kafka1824226930382467432.tmp'. Will continue connection to Zookeeper server without SASL authentication, if Zookeeper server allows it. (org.apache.zookeeper.ClientCnxn:1094)
[2020-01-15 10:34:06,208] ERROR [ZooKeeperClient Kafka server] Auth failed. (kafka.zookeeper.ZooKeeperClient:74)
[2020-01-15 10:34:06,389] INFO [ControllerEventThread controllerId=0] Starting (kafka.controller.ControllerEventManager$ControllerEventThread:66)
[2020-01-15 10:34:06,392] INFO [Controller id=0] 0 successfully elected as the controller. Epoch incremented to 1 and epoch zk version is now 1 (kafka.controller.KafkaController:66)
[2020-01-15 10:34:06,393] INFO [Controller id=0] Registering handlers (kafka.controller.KafkaController:66)
[2020-01-15 10:34:06,394] INFO [Controller id=0] Deleting log dir event notifications (kafka.controller.KafkaController:66)
[2020-01-15 10:34:06,394] INFO [Controller id=0] Deleting isr change notifications (kafka.controller.KafkaController:66)
[2020-01-15 10:34:06,395] INFO [Controller id=0] Initializing controller context (kafka.controller.KafkaController:66)
[2020-01-15 10:34:06,396] INFO [Controller id=0] Initialized broker epochs cache: Map(0 -> 25) (kafka.controller.KafkaController:66)
[2020-01-15 10:34:06,398] INFO [Controller id=0] Currently active brokers in the cluster: Set(0) (kafka.controller.KafkaController:66)
[2020-01-15 10:34:06,399] INFO [Controller id=0] Currently shutting brokers in the cluster: Set() (kafka.controller.KafkaController:66)
[2020-01-15 10:34:06,399] INFO [Controller id=0] Current list of topics in the cluster: Set() (kafka.controller.KafkaController:66)
[2020-01-15 10:34:06,399] INFO [Controller id=0] Fetching topic deletions in progress (kafka.controller.KafkaController:66)
[2020-01-15 10:34:06,399] INFO [Controller id=0] List of topics to be deleted:  (kafka.controller.KafkaController:66)
[2020-01-15 10:34:06,399] INFO [Controller id=0] List of topics ineligible for deletion:  (kafka.controller.KafkaController:66)
[2020-01-15 10:34:06,399] INFO [Controller id=0] Initializing topic deletion manager (kafka.controller.KafkaController:66)
[2020-01-15 10:34:06,399] INFO [Controller id=0] Sending update metadata request (kafka.controller.KafkaController:66)
[2020-01-15 10:34:06,399] INFO [Controller id=0] Ready to serve as the new controller with epoch 1 (kafka.controller.KafkaController:66)
[2020-01-15 10:34:06,400] INFO [Controller id=0] Partitions undergoing preferred replica election:  (kafka.controller.KafkaController:66)
[2020-01-15 10:34:06,401] INFO [Controller id=0] Partitions that completed preferred replica election:  (kafka.controller.KafkaController:66)
[2020-01-15 10:34:06,401] INFO [Controller id=0] Skipping preferred replica election for partitions due to topic deletion:  (kafka.controller.KafkaController:66)
[2020-01-15 10:34:06,401] INFO [Controller id=0] Resuming preferred replica election for partitions:  (kafka.controller.KafkaController:66)
[2020-01-15 10:34:06,401] INFO [Controller id=0] Starting replica leader election (PREFERRED) for partitions  triggered by ZkTriggered (kafka.controller.KafkaController:66)
[2020-01-15 10:34:06,401] INFO [Controller id=0] Starting the controller scheduler (kafka.controller.KafkaController:66)
[2020-01-15 10:34:06,402] INFO [Controller id=0] New topics: [Set(__consumer_offsets)], deleted topics: [Set()], new partition replica assignment [Map(__consumer_offsets-4 -> ReplicaAssignment(replicas=0, addingReplicas=, removingReplicas=), __consumer_offsets-3 -> ReplicaAssignment(replicas=0, addingReplicas=, removingReplicas=), __consumer_offsets-2 -> ReplicaAssignment(replicas=0, addingReplicas=, removingReplicas=), __consumer_offsets-0 -> ReplicaAssignment(replicas=0, addingReplicas=, removingReplicas=), __consumer_offsets-1 -> ReplicaAssignment(replicas=0, addingReplicas=, removingReplicas=))] (kafka.controller.KafkaController:66)
[2020-01-15 10:34:06,403] INFO [Controller id=0] New partition creation callback for __consumer_offsets-4,__consumer_offsets-3,__consumer_offsets-2,__consumer_offsets-0,__consumer_offsets-1 (kafka.controller.KafkaController:66)
[2020-01-15 10:34:09,674] INFO [ControllerEventThread controllerId=0] Shutting down (kafka.controller.ControllerEventManager$ControllerEventThread:66)
[2020-01-15 10:34:09,674] INFO [ControllerEventThread controllerId=0] Stopped (kafka.controller.ControllerEventManager$ControllerEventThread:66)
[2020-01-15 10:34:09,674] INFO [ControllerEventThread controllerId=0] Shutdown completed (kafka.controller.ControllerEventManager$ControllerEventThread:66)
[2020-01-15 10:34:09,675] INFO [Controller id=0] Resigned (kafka.controller.KafkaController:66)
[2020-01-15 10:34:13,030] WARN SASL configuration failed: javax.security.auth.login.LoginException: No JAAS configuration section named 'Client' was found in specified JAAS configuration file: '/var/folders/b3/bhnnh3l53jjdfgphtx91qd1h0000gn/T/kafka3518271756573513608.tmp'. Will continue connection to Zookeeper server without SASL authentication, if Zookeeper server allows it. (org.apache.zookeeper.ClientCnxn:1094)
[2020-01-15 10:34:13,030] ERROR [ZooKeeperClient] Auth failed. (kafka.zookeeper.ZooKeeperClient:74)
[2020-01-15 10:34:13,068] WARN SASL configuration failed: javax.security.auth.login.LoginException: No JAAS configuration section named 'Client' was found in specified JAAS configuration file: '/var/folders/b3/bhnnh3l53jjdfgphtx91qd1h0000gn/T/kafka3518271756573513608.tmp'. Will continue connection to Zookeeper server without SASL authentication, if Zookeeper server allows it. (org.apache.zookeeper.ClientCnxn:1094)
[2020-01-15 10:34:13,068] ERROR [ZooKeeperClient Kafka server] Auth failed. (kafka.zookeeper.ZooKeeperClient:74)
[2020-01-15 10:34:13,127] INFO [ControllerEventThread controllerId=0] Starting (kafka.controller.ControllerEventManager$ControllerEventThread:66)
[2020-01-15 10:34:13,129] INFO [Controller id=0] 0 successfully elected as the controller. Epoch incremented to 1 and epoch zk version is now 1 (kafka.controller.KafkaController:66)
[2020-01-15 10:34:13,129] INFO [Controller id=0] Registering handlers (kafka.controller.KafkaController:66)
[2020-01-15 10:34:13,130] INFO [Controller id=0] Deleting log dir event notifications (kafka.controller.KafkaController:66)
[2020-01-15 10:34:13,131] INFO [Controller id=0] Deleting isr change notifications (kafka.controller.KafkaController:66)
[2020-01-15 10:34:13,131] INFO [Controller id=0] Initializing controller context (kafka.controller.KafkaController:66)
[2020-01-15 10:34:13,132] INFO [Controller id=0] Initialized broker epochs cache: Map(0 -> 25) (kafka.controller.KafkaController:66)
[2020-01-15 10:34:13,134] INFO [Controller id=0] Currently active brokers in the cluster: Set(0) (kafka.controller.KafkaController:66)
[2020-01-15 10:34:13,134] INFO [Controller id=0] Currently shutting brokers in the cluster: Set() (kafka.controller.KafkaController:66)
[2020-01-15 10:34:13,134] INFO [Controller id=0] Current list of topics in the cluster: Set() (kafka.controller.KafkaController:66)
[2020-01-15 10:34:13,134] INFO [Controller id=0] Fetching topic deletions in progress (kafka.controller.KafkaController:66)
[2020-01-15 10:34:13,134] INFO [Controller id=0] List of topics to be deleted:  (kafka.controller.KafkaController:66)
[2020-01-15 10:34:13,134] INFO [Controller id=0] List of topics ineligible for deletion:  (kafka.controller.KafkaController:66)
[2020-01-15 10:34:13,135] INFO [Controller id=0] Initializing topic deletion manager (kafka.controller.KafkaController:66)
[2020-01-15 10:34:13,135] INFO [Controller id=0] Sending update metadata request (kafka.controller.KafkaController:66)
[2020-01-15 10:34:13,135] INFO [Controller id=0] Ready to serve as the new controller with epoch 1 (kafka.controller.KafkaController:66)
[2020-01-15 10:34:13,136] INFO [Controller id=0] Partitions undergoing preferred replica election:  (kafka.controller.KafkaController:66)
[2020-01-15 10:34:13,136] INFO [Controller id=0] Partitions that completed preferred replica election:  (kafka.controller.KafkaController:66)
[2020-01-15 10:34:13,136] INFO [Controller id=0] Skipping preferred replica election for partitions due to topic deletion:  (kafka.controller.KafkaController:66)
[2020-01-15 10:34:13,136] INFO [Controller id=0] Resuming preferred replica election for partitions:  (kafka.controller.KafkaController:66)
[2020-01-15 10:34:13,136] INFO [Controller id=0] Starting replica leader election (PREFERRED) for partitions  triggered by ZkTriggered (kafka.controller.KafkaController:66)
[2020-01-15 10:34:13,136] INFO [Controller id=0] Starting the controller scheduler (kafka.controller.KafkaController:66)
[2020-01-15 10:34:13,138] INFO [Controller id=0] New topics: [Set(__consumer_offsets)], deleted topics: [Set()], new partition replica assignment [Map(__consumer_offsets-4 -> ReplicaAssignment(replicas=0, addingReplicas=, removingReplicas=), __consumer_offsets-3 -> ReplicaAssignment(replicas=0, addingReplicas=, removingReplicas=), __consumer_offsets-2 -> ReplicaAssignment(replicas=0, addingReplicas=, removingReplicas=), __consumer_offsets-0 -> ReplicaAssignment(replicas=0, addingReplicas=, removingReplicas=), __consumer_offsets-1 -> ReplicaAssignment(replicas=0, addingReplicas=, removingReplicas=))] (kafka.controller.KafkaController:66)
[2020-01-15 10:34:13,138] INFO [Controller id=0] New partition creation callback for __consumer_offsets-4,__consumer_offsets-3,__consumer_offsets-2,__consumer_offsets-0,__consumer_offsets-1 (kafka.controller.KafkaController:66)
[2020-01-15 10:34:16,500] INFO [ControllerEventThread controllerId=0] Shutting down (kafka.controller.ControllerEventManager$ControllerEventThread:66)
[2020-01-15 10:34:16,500] INFO [ControllerEventThread controllerId=0] Stopped (kafka.controller.ControllerEventManager$ControllerEventThread:66)
[2020-01-15 10:34:16,500] INFO [ControllerEventThread controllerId=0] Shutdown completed (kafka.controller.ControllerEventManager$ControllerEventThread:66)
[2020-01-15 10:34:16,502] INFO [Controller id=0] Resigned (kafka.controller.KafkaController:66)
[2020-01-15 10:34:20,213] WARN SASL configuration failed: javax.security.auth.login.LoginException: No JAAS configuration section named 'Client' was found in specified JAAS configuration file: '/var/folders/b3/bhnnh3l53jjdfgphtx91qd1h0000gn/T/kafka5074013209882924078.tmp'. Will continue connection to Zookeeper server without SASL authentication, if Zookeeper server allows it. (org.apache.zookeeper.ClientCnxn:1094)
[2020-01-15 10:34:20,213] ERROR [ZooKeeperClient] Auth failed. (kafka.zookeeper.ZooKeeperClient:74)
[2020-01-15 10:34:20,324] WARN SASL configuration failed: javax.security.auth.login.LoginException: No JAAS configuration section named 'Client' was found in specified JAAS configuration file: '/var/folders/b3/bhnnh3l53jjdfgphtx91qd1h0000gn/T/kafka5074013209882924078.tmp'. Will continue connection to Zookeeper server without SASL authentication, if Zookeeper server allows it. (org.apache.zookeeper.ClientCnxn:1094)
[2020-01-15 10:34:20,324] ERROR [ZooKeeperClient Kafka server] Auth failed. (kafka.zookeeper.ZooKeeperClient:74)
[2020-01-15 10:34:20,523] INFO [ControllerEventThread controllerId=0] Starting (kafka.controller.ControllerEventManager$ControllerEventThread:66)
[2020-01-15 10:34:20,525] INFO [Controller id=0] 0 successfully elected as the controller. Epoch incremented to 1 and epoch zk version is now 1 (kafka.controller.KafkaController:66)
[2020-01-15 10:34:20,525] INFO [Controller id=0] Registering handlers (kafka.controller.KafkaController:66)
[2020-01-15 10:34:20,526] INFO [Controller id=0] Deleting log dir event notifications (kafka.controller.KafkaController:66)
[2020-01-15 10:34:20,527] INFO [Controller id=0] Deleting isr change notifications (kafka.controller.KafkaController:66)
[2020-01-15 10:34:20,527] INFO [Controller id=0] Initializing controller context (kafka.controller.KafkaController:66)
[2020-01-15 10:34:20,528] INFO [Controller id=0] Initialized broker epochs cache: Map(0 -> 25) (kafka.controller.KafkaController:66)
[2020-01-15 10:34:20,529] INFO [Controller id=0] Currently active brokers in the cluster: Set(0) (kafka.controller.KafkaController:66)
[2020-01-15 10:34:20,530] INFO [Controller id=0] Currently shutting brokers in the cluster: Set() (kafka.controller.KafkaController:66)
[2020-01-15 10:34:20,530] INFO [Controller id=0] Current list of topics in the cluster: Set() (kafka.controller.KafkaController:66)
[2020-01-15 10:34:20,530] INFO [Controller id=0] Fetching topic deletions in progress (kafka.controller.KafkaController:66)
[2020-01-15 10:34:20,530] INFO [Controller id=0] List of topics to be deleted:  (kafka.controller.KafkaController:66)
[2020-01-15 10:34:20,530] INFO [Controller id=0] List of topics ineligible for deletion:  (kafka.controller.KafkaController:66)
[2020-01-15 10:34:20,530] INFO [Controller id=0] Initializing topic deletion manager (kafka.controller.KafkaController:66)
[2020-01-15 10:34:20,530] INFO [Controller id=0] Sending update metadata request (kafka.controller.KafkaController:66)
[2020-01-15 10:34:20,531] INFO [Controller id=0] Ready to serve as the new controller with epoch 1 (kafka.controller.KafkaController:66)
[2020-01-15 10:34:20,532] INFO [Controller id=0] Partitions undergoing preferred replica election:  (kafka.controller.KafkaController:66)
[2020-01-15 10:34:20,532] INFO [Controller id=0] Partitions that completed preferred replica election:  (kafka.controller.KafkaController:66)
[2020-01-15 10:34:20,532] INFO [Controller id=0] Skipping preferred replica election for partitions due to topic deletion:  (kafka.controller.KafkaController:66)
[2020-01-15 10:34:20,532] INFO [Controller id=0] Resuming preferred replica election for partitions:  (kafka.controller.KafkaController:66)
[2020-01-15 10:34:20,532] INFO [Controller id=0] Starting replica leader election (PREFERRED) for partitions  triggered by ZkTriggered (kafka.controller.KafkaController:66)
[2020-01-15 10:34:20,533] INFO [Controller id=0] Starting the controller scheduler (kafka.controller.KafkaController:66)
[2020-01-15 10:34:20,534] INFO [Controller id=0] New topics: [Set(__consumer_offsets)], deleted topics: [Set()], new partition replica assignment [Map(__consumer_offsets-4 -> ReplicaAssignment(replicas=0, addingReplicas=, removingReplicas=), __consumer_offsets-3 -> ReplicaAssignment(replicas=0, addingReplicas=, removingReplicas=), __consumer_offsets-2 -> ReplicaAssignment(replicas=0, addingReplicas=, removingReplicas=), __consumer_offsets-0 -> ReplicaAssignment(replicas=0, addingReplicas=, removingReplicas=), __consumer_offsets-1 -> ReplicaAssignment(replicas=0, addingReplicas=, removingReplicas=))] (kafka.controller.KafkaController:66)
[2020-01-15 10:34:20,534] INFO [Controller id=0] New partition creation callback for __consumer_offsets-4,__consumer_offsets-3,__consumer_offsets-2,__consumer_offsets-0,__consumer_offsets-1 (kafka.controller.KafkaController:66)
[2020-01-15 10:34:23,874] INFO [ControllerEventThread controllerId=0] Shutting down (kafka.controller.ControllerEventManager$ControllerEventThread:66)
[2020-01-15 10:34:23,875] INFO [ControllerEventThread controllerId=0] Stopped (kafka.controller.ControllerEventManager$ControllerEventThread:66)
[2020-01-15 10:34:23,875] INFO [ControllerEventThread controllerId=0] Shutdown completed (kafka.controller.ControllerEventManager$ControllerEventThread:66)
[2020-01-15 10:34:23,876] INFO [Controller id=0] Resigned (kafka.controller.KafkaController:66)
]]></system-out>
  <system-err><![CDATA[]]></system-err>
</testsuite>
