<?xml version="1.0" encoding="UTF-8"?>
<testsuite name="kafka.tools.ReplicaVerificationToolTest" tests="1" skipped="0" failures="0" errors="0" timestamp="2020-01-15T02:29:22" hostname="localhost" time="0.207">
  <properties/>
  <testcase name="testReplicaBufferVerifyChecksum" classname="kafka.tools.ReplicaVerificationToolTest" time="0.207"/>
  <system-out><![CDATA[]]></system-out>
  <system-err><![CDATA[]]></system-err>
</testsuite>
