<?xml version="1.0" encoding="UTF-8"?>
<testsuite name="kafka.server.AdvertiseBrokerTest" tests="1" skipped="0" failures="0" errors="0" timestamp="2020-01-15T02:28:22" hostname="localhost" time="5.277">
  <properties/>
  <testcase name="testBrokerAdvertiseHostNameAndPortToZK" classname="kafka.server.AdvertiseBrokerTest" time="5.277"/>
  <system-out><![CDATA[]]></system-out>
  <system-err><![CDATA[]]></system-err>
</testsuite>
