<?xml version="1.0" encoding="UTF-8"?>
<testsuite name="kafka.common.ZkNodeChangeNotificationListenerTest" tests="2" skipped="0" failures="0" errors="0" timestamp="2020-01-15T02:23:21" hostname="localhost" time="1.652">
  <properties/>
  <testcase name="testProcessNotification" classname="kafka.common.ZkNodeChangeNotificationListenerTest" time="0.807"/>
  <testcase name="testSwallowsProcessorException" classname="kafka.common.ZkNodeChangeNotificationListenerTest" time="0.845"/>
  <system-out><![CDATA[[2020-01-15 10:23:22,043] ERROR error processing change notification Group:messageB from /kafka-acl-changes/acl_changes_0000000001 (kafka.common.ZkNodeChangeNotificationListener:76)
java.lang.RuntimeException: Oh no, my processing failed!
	at kafka.common.ZkNodeChangeNotificationListenerTest$TestNotificationHandler.processNotification(ZkNodeChangeNotificationListenerTest.scala:103)
	at kafka.common.ZkNodeChangeNotificationListener.$anonfun$processNotification$1(ZkNodeChangeNotificationListener.scala:106)
	at kafka.common.ZkNodeChangeNotificationListener.processNotification(ZkNodeChangeNotificationListener.scala:106)
	at kafka.common.ZkNodeChangeNotificationListener.$anonfun$processNotifications$2(ZkNodeChangeNotificationListener.scala:90)
	at kafka.common.ZkNodeChangeNotificationListener.$anonfun$processNotifications$2$adapted(ZkNodeChangeNotificationListener.scala:87)
	at scala.collection.mutable.ResizableArray.foreach(ResizableArray.scala:62)
	at scala.collection.mutable.ResizableArray.foreach$(ResizableArray.scala:55)
	at scala.collection.mutable.ArrayBuffer.foreach(ArrayBuffer.scala:49)
	at kafka.common.ZkNodeChangeNotificationListener.kafka$common$ZkNodeChangeNotificationListener$$processNotifications(ZkNodeChangeNotificationListener.scala:87)
	at kafka.common.ZkNodeChangeNotificationListener$ChangeNotification.process(ZkNodeChangeNotificationListener.scala:120)
	at kafka.common.ZkNodeChangeNotificationListener$ChangeEventProcessThread.doWork(ZkNodeChangeNotificationListener.scala:146)
	at kafka.utils.ShutdownableThread.run(ShutdownableThread.scala:96)
]]></system-out>
  <system-err><![CDATA[]]></system-err>
</testsuite>
