<?xml version="1.0" encoding="UTF-8"?>
<testsuite name="kafka.utils.JsonTest" tests="6" skipped="0" failures="0" errors="0" timestamp="2020-01-15T02:29:01" hostname="localhost" time="0.022">
  <properties/>
  <testcase name="testParseToWithInvalidJson" classname="kafka.utils.JsonTest" time="0.011"/>
  <testcase name="testParseTo" classname="kafka.utils.JsonTest" time="0.0"/>
  <testcase name="testJsonParse" classname="kafka.utils.JsonTest" time="0.004"/>
  <testcase name="testLegacyEncodeAsString" classname="kafka.utils.JsonTest" time="0.001"/>
  <testcase name="testEncodeAsBytes" classname="kafka.utils.JsonTest" time="0.003"/>
  <testcase name="testEncodeAsString" classname="kafka.utils.JsonTest" time="0.001"/>
  <system-out><![CDATA[]]></system-out>
  <system-err><![CDATA[]]></system-err>
</testsuite>
