<?xml version="1.0" encoding="UTF-8"?>
<testsuite name="kafka.server.FetchSessionTest" tests="8" skipped="0" failures="0" errors="0" timestamp="2020-01-15T02:25:54" hostname="localhost" time="0.032">
  <properties/>
  <testcase name="testFetchRequests" classname="kafka.server.FetchSessionTest" time="0.007"/>
  <testcase name="testIncrementalFetchSession" classname="kafka.server.FetchSessionTest" time="0.001"/>
  <testcase name="testResizeCachedSessions" classname="kafka.server.FetchSessionTest" time="0.01"/>
  <testcase name="testPrivilegedSessionHandling" classname="kafka.server.FetchSessionTest" time="0.002"/>
  <testcase name="testSessionCache" classname="kafka.server.FetchSessionTest" time="0.006"/>
  <testcase name="testFetchSessionExpiration" classname="kafka.server.FetchSessionTest" time="0.001"/>
  <testcase name="testZeroSizeFetchSession" classname="kafka.server.FetchSessionTest" time="0.001"/>
  <testcase name="testNewSessionId" classname="kafka.server.FetchSessionTest" time="0.004"/>
  <system-out><![CDATA[]]></system-out>
  <system-err><![CDATA[]]></system-err>
</testsuite>
