<?xml version="1.0" encoding="UTF-8"?>
<testsuite name="kafka.utils.SchedulerTest" tests="7" skipped="0" failures="0" errors="0" timestamp="2020-01-15T02:29:22" hostname="localhost" time="0.496">
  <properties/>
  <testcase name="testMockSchedulerNonPeriodicTask" classname="kafka.utils.SchedulerTest" time="0.0"/>
  <testcase name="testUnscheduleProducerTask" classname="kafka.utils.SchedulerTest" time="0.349"/>
  <testcase name="testMockSchedulerPeriodicTask" classname="kafka.utils.SchedulerTest" time="0.001"/>
  <testcase name="testNonPeriodicTask" classname="kafka.utils.SchedulerTest" time="0.008"/>
  <testcase name="testRestart" classname="kafka.utils.SchedulerTest" time="0.002"/>
  <testcase name="testReentrantTaskInMockScheduler" classname="kafka.utils.SchedulerTest" time="0.0"/>
  <testcase name="testPeriodicTask" classname="kafka.utils.SchedulerTest" time="0.136"/>
  <system-out><![CDATA[]]></system-out>
  <system-err><![CDATA[]]></system-err>
</testsuite>
