<?xml version="1.0" encoding="UTF-8"?>
<testsuite name="kafka.zk.ExtendedAclStoreTest" tests="6" skipped="0" failures="0" errors="0" timestamp="2020-01-15T02:31:31" hostname="localhost" time="0.001">
  <properties/>
  <testcase name="shouldHaveCorrectPaths" classname="kafka.zk.ExtendedAclStoreTest" time="0.0"/>
  <testcase name="shouldRoundTripChangeNode" classname="kafka.zk.ExtendedAclStoreTest" time="0.001"/>
  <testcase name="shouldThrowFromEncodeOnLiteral" classname="kafka.zk.ExtendedAclStoreTest" time="0.0"/>
  <testcase name="shouldThrowIfConstructedWithLiteral" classname="kafka.zk.ExtendedAclStoreTest" time="0.0"/>
  <testcase name="shouldWriteChangesToTheWritePath" classname="kafka.zk.ExtendedAclStoreTest" time="0.0"/>
  <testcase name="shouldHaveCorrectPatternType" classname="kafka.zk.ExtendedAclStoreTest" time="0.0"/>
  <system-out><![CDATA[]]></system-out>
  <system-err><![CDATA[]]></system-err>
</testsuite>
