<?xml version="1.0" encoding="UTF-8"?>
<testsuite name="kafka.network.DynamicConnectionQuotaTest" tests="2" skipped="0" failures="0" errors="0" timestamp="2020-01-15T02:32:15" hostname="localhost" time="15.575">
  <properties/>
  <testcase name="testDynamicConnectionQuota" classname="kafka.network.DynamicConnectionQuotaTest" time="7.104"/>
  <testcase name="testDynamicListenerConnectionQuota" classname="kafka.network.DynamicConnectionQuotaTest" time="8.471"/>
  <system-out><![CDATA[[2020-01-15 10:32:16,159] INFO [ControllerEventThread controllerId=0] Starting (kafka.controller.ControllerEventManager$ControllerEventThread:66)
[2020-01-15 10:32:16,160] INFO [Controller id=0] 0 successfully elected as the controller. Epoch incremented to 1 and epoch zk version is now 1 (kafka.controller.KafkaController:66)
[2020-01-15 10:32:16,161] INFO [Controller id=0] Registering handlers (kafka.controller.KafkaController:66)
[2020-01-15 10:32:16,161] INFO [Controller id=0] Deleting log dir event notifications (kafka.controller.KafkaController:66)
[2020-01-15 10:32:16,161] INFO [Controller id=0] Deleting isr change notifications (kafka.controller.KafkaController:66)
[2020-01-15 10:32:16,162] INFO [Controller id=0] Initializing controller context (kafka.controller.KafkaController:66)
[2020-01-15 10:32:16,163] INFO [Controller id=0] Initialized broker epochs cache: Map(0 -> 25) (kafka.controller.KafkaController:66)
[2020-01-15 10:32:16,165] INFO [Controller id=0] Currently active brokers in the cluster: Set(0) (kafka.controller.KafkaController:66)
[2020-01-15 10:32:16,165] INFO [Controller id=0] Currently shutting brokers in the cluster: Set() (kafka.controller.KafkaController:66)
[2020-01-15 10:32:16,165] INFO [Controller id=0] Current list of topics in the cluster: Set() (kafka.controller.KafkaController:66)
[2020-01-15 10:32:16,165] INFO [Controller id=0] Fetching topic deletions in progress (kafka.controller.KafkaController:66)
[2020-01-15 10:32:16,166] INFO [Controller id=0] List of topics to be deleted:  (kafka.controller.KafkaController:66)
[2020-01-15 10:32:16,166] INFO [Controller id=0] List of topics ineligible for deletion:  (kafka.controller.KafkaController:66)
[2020-01-15 10:32:16,166] INFO [Controller id=0] Initializing topic deletion manager (kafka.controller.KafkaController:66)
[2020-01-15 10:32:16,166] INFO [Controller id=0] Sending update metadata request (kafka.controller.KafkaController:66)
[2020-01-15 10:32:16,166] INFO [Controller id=0] Ready to serve as the new controller with epoch 1 (kafka.controller.KafkaController:66)
[2020-01-15 10:32:16,167] INFO [Controller id=0] Partitions undergoing preferred replica election:  (kafka.controller.KafkaController:66)
[2020-01-15 10:32:16,167] INFO [Controller id=0] Partitions that completed preferred replica election:  (kafka.controller.KafkaController:66)
[2020-01-15 10:32:16,168] INFO [Controller id=0] Skipping preferred replica election for partitions due to topic deletion:  (kafka.controller.KafkaController:66)
[2020-01-15 10:32:16,168] INFO [Controller id=0] Resuming preferred replica election for partitions:  (kafka.controller.KafkaController:66)
[2020-01-15 10:32:16,168] INFO [Controller id=0] Starting replica leader election (PREFERRED) for partitions  triggered by ZkTriggered (kafka.controller.KafkaController:66)
[2020-01-15 10:32:16,168] INFO [Controller id=0] Starting the controller scheduler (kafka.controller.KafkaController:66)
[2020-01-15 10:32:16,172] INFO [Controller id=0] New topics: [Set(__consumer_offsets)], deleted topics: [Set()], new partition replica assignment [Map(__consumer_offsets-4 -> ReplicaAssignment(replicas=0, addingReplicas=, removingReplicas=), __consumer_offsets-3 -> ReplicaAssignment(replicas=0, addingReplicas=, removingReplicas=), __consumer_offsets-2 -> ReplicaAssignment(replicas=0, addingReplicas=, removingReplicas=), __consumer_offsets-0 -> ReplicaAssignment(replicas=0, addingReplicas=, removingReplicas=), __consumer_offsets-1 -> ReplicaAssignment(replicas=0, addingReplicas=, removingReplicas=))] (kafka.controller.KafkaController:66)
[2020-01-15 10:32:16,172] INFO [Controller id=0] New partition creation callback for __consumer_offsets-4,__consumer_offsets-3,__consumer_offsets-2,__consumer_offsets-0,__consumer_offsets-1 (kafka.controller.KafkaController:66)
[2020-01-15 10:32:17,512] INFO [Controller id=0] New topics: [Set(test)], deleted topics: [Set()], new partition replica assignment [Map(test-0 -> ReplicaAssignment(replicas=0, addingReplicas=, removingReplicas=))] (kafka.controller.KafkaController:66)
[2020-01-15 10:32:17,512] INFO [Controller id=0] New partition creation callback for test-0 (kafka.controller.KafkaController:66)
[2020-01-15 10:32:20,137] INFO [ControllerEventThread controllerId=0] Shutting down (kafka.controller.ControllerEventManager$ControllerEventThread:66)
[2020-01-15 10:32:20,137] INFO [ControllerEventThread controllerId=0] Stopped (kafka.controller.ControllerEventManager$ControllerEventThread:66)
[2020-01-15 10:32:20,137] INFO [ControllerEventThread controllerId=0] Shutdown completed (kafka.controller.ControllerEventManager$ControllerEventThread:66)
[2020-01-15 10:32:20,138] INFO [Controller id=0] Resigned (kafka.controller.KafkaController:66)
[2020-01-15 10:32:23,192] INFO [ControllerEventThread controllerId=0] Starting (kafka.controller.ControllerEventManager$ControllerEventThread:66)
[2020-01-15 10:32:23,194] INFO [Controller id=0] 0 successfully elected as the controller. Epoch incremented to 1 and epoch zk version is now 1 (kafka.controller.KafkaController:66)
[2020-01-15 10:32:23,194] INFO [Controller id=0] Registering handlers (kafka.controller.KafkaController:66)
[2020-01-15 10:32:23,195] INFO [Controller id=0] Deleting log dir event notifications (kafka.controller.KafkaController:66)
[2020-01-15 10:32:23,195] INFO [Controller id=0] Deleting isr change notifications (kafka.controller.KafkaController:66)
[2020-01-15 10:32:23,195] INFO [Controller id=0] Initializing controller context (kafka.controller.KafkaController:66)
[2020-01-15 10:32:23,196] INFO [Controller id=0] Initialized broker epochs cache: Map(0 -> 25) (kafka.controller.KafkaController:66)
[2020-01-15 10:32:23,197] INFO [Controller id=0] Currently active brokers in the cluster: Set(0) (kafka.controller.KafkaController:66)
[2020-01-15 10:32:23,198] INFO [Controller id=0] Currently shutting brokers in the cluster: Set() (kafka.controller.KafkaController:66)
[2020-01-15 10:32:23,198] INFO [Controller id=0] Current list of topics in the cluster: Set() (kafka.controller.KafkaController:66)
[2020-01-15 10:32:23,198] INFO [Controller id=0] Fetching topic deletions in progress (kafka.controller.KafkaController:66)
[2020-01-15 10:32:23,198] INFO [Controller id=0] List of topics to be deleted:  (kafka.controller.KafkaController:66)
[2020-01-15 10:32:23,198] INFO [Controller id=0] List of topics ineligible for deletion:  (kafka.controller.KafkaController:66)
[2020-01-15 10:32:23,198] INFO [Controller id=0] Initializing topic deletion manager (kafka.controller.KafkaController:66)
[2020-01-15 10:32:23,198] INFO [Controller id=0] Sending update metadata request (kafka.controller.KafkaController:66)
[2020-01-15 10:32:23,198] INFO [Controller id=0] Ready to serve as the new controller with epoch 1 (kafka.controller.KafkaController:66)
[2020-01-15 10:32:23,199] INFO [Controller id=0] Partitions undergoing preferred replica election:  (kafka.controller.KafkaController:66)
[2020-01-15 10:32:23,199] INFO [Controller id=0] Partitions that completed preferred replica election:  (kafka.controller.KafkaController:66)
[2020-01-15 10:32:23,199] INFO [Controller id=0] Skipping preferred replica election for partitions due to topic deletion:  (kafka.controller.KafkaController:66)
[2020-01-15 10:32:23,199] INFO [Controller id=0] Resuming preferred replica election for partitions:  (kafka.controller.KafkaController:66)
[2020-01-15 10:32:23,199] INFO [Controller id=0] Starting replica leader election (PREFERRED) for partitions  triggered by ZkTriggered (kafka.controller.KafkaController:66)
[2020-01-15 10:32:23,200] INFO [Controller id=0] Starting the controller scheduler (kafka.controller.KafkaController:66)
[2020-01-15 10:32:23,201] INFO [Controller id=0] New topics: [Set(__consumer_offsets)], deleted topics: [Set()], new partition replica assignment [Map(__consumer_offsets-4 -> ReplicaAssignment(replicas=0, addingReplicas=, removingReplicas=), __consumer_offsets-3 -> ReplicaAssignment(replicas=0, addingReplicas=, removingReplicas=), __consumer_offsets-2 -> ReplicaAssignment(replicas=0, addingReplicas=, removingReplicas=), __consumer_offsets-0 -> ReplicaAssignment(replicas=0, addingReplicas=, removingReplicas=), __consumer_offsets-1 -> ReplicaAssignment(replicas=0, addingReplicas=, removingReplicas=))] (kafka.controller.KafkaController:66)
[2020-01-15 10:32:23,201] INFO [Controller id=0] New partition creation callback for __consumer_offsets-4,__consumer_offsets-3,__consumer_offsets-2,__consumer_offsets-0,__consumer_offsets-1 (kafka.controller.KafkaController:66)
[2020-01-15 10:32:23,816] INFO [Controller id=0] New topics: [Set(test)], deleted topics: [Set()], new partition replica assignment [Map(test-0 -> ReplicaAssignment(replicas=0, addingReplicas=, removingReplicas=))] (kafka.controller.KafkaController:66)
[2020-01-15 10:32:23,816] INFO [Controller id=0] New partition creation callback for test-0 (kafka.controller.KafkaController:66)
[2020-01-15 10:32:25,360] INFO [Controller id=0] Updated broker metadata: 0 : (EndPoint(localhost,57605,ListenerName(PLAINTEXT),PLAINTEXT)) : null -> 0 : (EndPoint(localhost,57605,ListenerName(PLAINTEXT),PLAINTEXT),EndPoint(localhost,57635,ListenerName(INTERNAL),PLAINTEXT)) : null (kafka.controller.KafkaController:66)
[2020-01-15 10:32:25,360] INFO [Controller id=0] Broker info update callback for 0 (kafka.controller.KafkaController:66)
[2020-01-15 10:32:28,205] INFO [Controller id=0] Processing automatic preferred replica leader election (kafka.controller.KafkaController:66)
[2020-01-15 10:32:28,240] INFO [ControllerEventThread controllerId=0] Shutting down (kafka.controller.ControllerEventManager$ControllerEventThread:66)
[2020-01-15 10:32:28,240] INFO [ControllerEventThread controllerId=0] Stopped (kafka.controller.ControllerEventManager$ControllerEventThread:66)
[2020-01-15 10:32:28,240] INFO [ControllerEventThread controllerId=0] Shutdown completed (kafka.controller.ControllerEventManager$ControllerEventThread:66)
[2020-01-15 10:32:28,240] INFO [Controller id=0] Resigned (kafka.controller.KafkaController:66)
]]></system-out>
  <system-err><![CDATA[]]></system-err>
</testsuite>
