<?xml version="1.0" encoding="UTF-8"?>
<testsuite name="kafka.coordinator.group.MemberMetadataTest" tests="6" skipped="0" failures="0" errors="0" timestamp="2020-01-15T02:21:07" hostname="localhost" time="0.002">
  <properties/>
  <testcase name="testMatchesSupportedProtocols" classname="kafka.coordinator.group.MemberMetadataTest" time="0.001"/>
  <testcase name="testHasValidGroupInstanceId" classname="kafka.coordinator.group.MemberMetadataTest" time="0.0"/>
  <testcase name="testMetadata" classname="kafka.coordinator.group.MemberMetadataTest" time="0.0"/>
  <testcase name="testMetadataRaisesOnUnsupportedProtocol" classname="kafka.coordinator.group.MemberMetadataTest" time="0.001"/>
  <testcase name="testVoteForPreferredProtocol" classname="kafka.coordinator.group.MemberMetadataTest" time="0.0"/>
  <testcase name="testVoteRaisesOnNoSupportedProtocols" classname="kafka.coordinator.group.MemberMetadataTest" time="0.0"/>
  <system-out><![CDATA[]]></system-out>
  <system-err><![CDATA[]]></system-err>
</testsuite>
