<?xml version="1.0" encoding="UTF-8"?>
<testsuite name="kafka.utils.LoggingTest" tests="3" skipped="0" failures="0" errors="0" timestamp="2020-01-15T02:31:31" hostname="localhost" time="0.002">
  <properties/>
  <testcase name="testLog4jControllerIsRegistered" classname="kafka.utils.LoggingTest" time="0.001"/>
  <testcase name="testLogName" classname="kafka.utils.LoggingTest" time="0.001"/>
  <testcase name="testLogNameOverride" classname="kafka.utils.LoggingTest" time="0.0"/>
  <system-out><![CDATA[]]></system-out>
  <system-err><![CDATA[]]></system-err>
</testsuite>
