<?xml version="1.0" encoding="UTF-8"?>
<testsuite name="kafka.server.OffsetsForLeaderEpochRequestTest" tests="2" skipped="0" failures="0" errors="0" timestamp="2020-01-15T02:29:54" hostname="localhost" time="16.208">
  <properties/>
  <testcase name="testOffsetsForLeaderEpochErrorCodes" classname="kafka.server.OffsetsForLeaderEpochRequestTest" time="6.597"/>
  <testcase name="testCurrentEpochValidation" classname="kafka.server.OffsetsForLeaderEpochRequestTest" time="9.611"/>
  <system-out><![CDATA[]]></system-out>
  <system-err><![CDATA[]]></system-err>
</testsuite>
