<?xml version="1.0" encoding="UTF-8"?>
<testsuite name="kafka.server.RequestQuotaTest" tests="6" skipped="0" failures="0" errors="0" timestamp="2020-01-15T02:39:48" hostname="localhost" time="32.046">
  <properties/>
  <testcase name="testUnauthorizedThrottle" classname="kafka.server.RequestQuotaTest" time="5.158"/>
  <testcase name="testResponseThrottleTimeWhenBothFetchAndRequestQuotasViolated" classname="kafka.server.RequestQuotaTest" time="5.604"/>
  <testcase name="testUnthrottledClient" classname="kafka.server.RequestQuotaTest" time="4.771"/>
  <testcase name="testExemptRequestTime" classname="kafka.server.RequestQuotaTest" time="6.43"/>
  <testcase name="testResponseThrottleTime" classname="kafka.server.RequestQuotaTest" time="4.207"/>
  <testcase name="testResponseThrottleTimeWhenBothProduceAndRequestQuotasViolated" classname="kafka.server.RequestQuotaTest" time="5.876"/>
  <system-out><![CDATA[[2020-01-15 10:39:48,758] ERROR [KafkaApi-0] Error when handling request: clientId=unauthorized-STOP_REPLICA, correlationId=1, api=STOP_REPLICA, version=2, body={controller_id=0,controller_epoch=2147483647,broker_epoch=9223372036854775807,delete_partitions=true,topics=[{name=topic-1,partition_indexes=[0],_tagged_fields={}}],_tagged_fields={}} (kafka.server.KafkaApis:76)
org.apache.kafka.common.errors.ClusterAuthorizationException: Request Request(processor=0, connectionId=127.0.0.1:59410-127.0.0.1:59429-3, session=Session(User:Unauthorized,/127.0.0.1), listenerName=ListenerName(PLAINTEXT), securityProtocol=PLAINTEXT, buffer=null) is not authorized.
[2020-01-15 10:39:48,759] ERROR [KafkaApi-0] Error when handling request: clientId=unauthorized-UPDATE_METADATA, correlationId=1, api=UPDATE_METADATA, version=6, body={controller_id=0,controller_epoch=2147483647,broker_epoch=9223372036854775807,topic_states=[{topic_name=topic-1,partition_states=[{partition_index=0,controller_epoch=2147483647,leader=0,leader_epoch=2147483647,isr=[0],zk_version=2,replicas=[0],offline_replicas=[],_tagged_fields={}}],_tagged_fields={}}],live_brokers=[{id=0,endpoints=[{port=0,host=localhost,listener=PLAINTEXT,security_protocol=0,_tagged_fields={}}],rack=,_tagged_fields={}}],_tagged_fields={}} (kafka.server.KafkaApis:76)
org.apache.kafka.common.errors.ClusterAuthorizationException: Request Request(processor=0, connectionId=127.0.0.1:59410-127.0.0.1:59426-2, session=Session(User:Unauthorized,/127.0.0.1), listenerName=ListenerName(PLAINTEXT), securityProtocol=PLAINTEXT, buffer=null) is not authorized.
[2020-01-15 10:39:48,759] ERROR [KafkaApi-0] Error when handling request: clientId=unauthorized-CONTROLLED_SHUTDOWN, correlationId=1, api=CONTROLLED_SHUTDOWN, version=3, body={broker_id=0,broker_epoch=9223372036854775807,_tagged_fields={}} (kafka.server.KafkaApis:76)
org.apache.kafka.common.errors.ClusterAuthorizationException: Request Request(processor=2, connectionId=127.0.0.1:59410-127.0.0.1:59434-4, session=Session(User:Unauthorized,/127.0.0.1), listenerName=ListenerName(PLAINTEXT), securityProtocol=PLAINTEXT, buffer=null) is not authorized.
[2020-01-15 10:39:48,761] ERROR [KafkaApi-0] Error when handling request: clientId=unauthorized-LEADER_AND_ISR, correlationId=1, api=LEADER_AND_ISR, version=4, body={controller_id=0,controller_epoch=2147483647,broker_epoch=9223372036854775807,topic_states=[{topic_name=topic-1,partition_states=[{partition_index=0,controller_epoch=2147483647,leader=0,leader_epoch=2147483647,isr=[0],zk_version=2,replicas=[0],adding_replicas=[],removing_replicas=[],is_new=true,_tagged_fields={}}],_tagged_fields={}}],live_leaders=[{broker_id=0,host_name=localhost,port=0,_tagged_fields={}}],_tagged_fields={}} (kafka.server.KafkaApis:76)
org.apache.kafka.common.errors.ClusterAuthorizationException: Request Request(processor=2, connectionId=127.0.0.1:59410-127.0.0.1:59440-6, session=Session(User:Unauthorized,/127.0.0.1), listenerName=ListenerName(PLAINTEXT), securityProtocol=PLAINTEXT, buffer=null) is not authorized.
[2020-01-15 10:39:48,764] ERROR [KafkaApi-0] Error when handling request: clientId=unauthorized-STOP_REPLICA, correlationId=2, api=STOP_REPLICA, version=2, body={controller_id=0,controller_epoch=2147483647,broker_epoch=9223372036854775807,delete_partitions=true,topics=[{name=topic-1,partition_indexes=[0],_tagged_fields={}}],_tagged_fields={}} (kafka.server.KafkaApis:76)
org.apache.kafka.common.errors.ClusterAuthorizationException: Request Request(processor=0, connectionId=127.0.0.1:59410-127.0.0.1:59429-3, session=Session(User:Unauthorized,/127.0.0.1), listenerName=ListenerName(PLAINTEXT), securityProtocol=PLAINTEXT, buffer=null) is not authorized.
[2020-01-15 10:39:48,765] ERROR [KafkaApi-0] Error when handling request: clientId=unauthorized-UPDATE_METADATA, correlationId=2, api=UPDATE_METADATA, version=6, body={controller_id=0,controller_epoch=2147483647,broker_epoch=9223372036854775807,topic_states=[{topic_name=topic-1,partition_states=[{partition_index=0,controller_epoch=2147483647,leader=0,leader_epoch=2147483647,isr=[0],zk_version=2,replicas=[0],offline_replicas=[],_tagged_fields={}}],_tagged_fields={}}],live_brokers=[{id=0,endpoints=[{port=0,host=localhost,listener=PLAINTEXT,security_protocol=0,_tagged_fields={}}],rack=,_tagged_fields={}}],_tagged_fields={}} (kafka.server.KafkaApis:76)
org.apache.kafka.common.errors.ClusterAuthorizationException: Request Request(processor=0, connectionId=127.0.0.1:59410-127.0.0.1:59426-2, session=Session(User:Unauthorized,/127.0.0.1), listenerName=ListenerName(PLAINTEXT), securityProtocol=PLAINTEXT, buffer=null) is not authorized.
[2020-01-15 10:39:48,765] ERROR [KafkaApi-0] Error when handling request: clientId=unauthorized-DESCRIBE_ACLS, correlationId=1, api=DESCRIBE_ACLS, version=1, body={resource_type=1,resource_name=null,resource_pattern_type_filter=1,principal=null,host=null,operation=1,permission_type=1} (kafka.server.KafkaApis:76)
org.apache.kafka.common.errors.ClusterAuthorizationException: Request Request(processor=0, connectionId=127.0.0.1:59410-127.0.0.1:59450-10, session=Session(User:Unauthorized,/127.0.0.1), listenerName=ListenerName(PLAINTEXT), securityProtocol=PLAINTEXT, buffer=null) is not authorized.
[2020-01-15 10:39:48,764] ERROR [KafkaApi-0] Error when handling request: clientId=unauthorized-CONTROLLED_SHUTDOWN, correlationId=2, api=CONTROLLED_SHUTDOWN, version=3, body={broker_id=0,broker_epoch=9223372036854775807,_tagged_fields={}} (kafka.server.KafkaApis:76)
org.apache.kafka.common.errors.ClusterAuthorizationException: Request Request(processor=2, connectionId=127.0.0.1:59410-127.0.0.1:59434-4, session=Session(User:Unauthorized,/127.0.0.1), listenerName=ListenerName(PLAINTEXT), securityProtocol=PLAINTEXT, buffer=null) is not authorized.
[2020-01-15 10:39:48,768] ERROR [KafkaApi-0] Error when handling request: clientId=unauthorized-WRITE_TXN_MARKERS, correlationId=1, api=WRITE_TXN_MARKERS, version=0, body={transaction_markers=[]} (kafka.server.KafkaApis:76)
org.apache.kafka.common.errors.ClusterAuthorizationException: Request Request(processor=1, connectionId=127.0.0.1:59410-127.0.0.1:59448-9, session=Session(User:Unauthorized,/127.0.0.1), listenerName=ListenerName(PLAINTEXT), securityProtocol=PLAINTEXT, buffer=null) is not authorized.
[2020-01-15 10:39:48,767] ERROR [KafkaApi-0] Error when handling request: clientId=unauthorized-CREATE_ACLS, correlationId=1, api=CREATE_ACLS, version=1, body={creations=[{resource_type=2,resource_name=mytopic,resource_pattern_type=3,principal=User:ANONYMOUS,host=*,operation=4,permission_type=2}]} (kafka.server.KafkaApis:76)
org.apache.kafka.common.errors.ClusterAuthorizationException: Request Request(processor=1, connectionId=127.0.0.1:59410-127.0.0.1:59451-10, session=Session(User:Unauthorized,/127.0.0.1), listenerName=ListenerName(PLAINTEXT), securityProtocol=PLAINTEXT, buffer=null) is not authorized.
[2020-01-15 10:39:48,770] ERROR [KafkaApi-0] Error when handling request: clientId=unauthorized-STOP_REPLICA, correlationId=3, api=STOP_REPLICA, version=2, body={controller_id=0,controller_epoch=2147483647,broker_epoch=9223372036854775807,delete_partitions=true,topics=[{name=topic-1,partition_indexes=[0],_tagged_fields={}}],_tagged_fields={}} (kafka.server.KafkaApis:76)
org.apache.kafka.common.errors.ClusterAuthorizationException: Request Request(processor=0, connectionId=127.0.0.1:59410-127.0.0.1:59429-3, session=Session(User:Unauthorized,/127.0.0.1), listenerName=ListenerName(PLAINTEXT), securityProtocol=PLAINTEXT, buffer=null) is not authorized.
[2020-01-15 10:39:48,770] ERROR [KafkaApi-0] Error when handling request: clientId=unauthorized-ALTER_PARTITION_REASSIGNMENTS, correlationId=1, api=ALTER_PARTITION_REASSIGNMENTS, version=0, body={timeout_ms=60000,topics=[],_tagged_fields={}} (kafka.server.KafkaApis:76)
org.apache.kafka.common.errors.ClusterAuthorizationException: Request Request(processor=1, connectionId=127.0.0.1:59410-127.0.0.1:59466-15, session=Session(User:Unauthorized,/127.0.0.1), listenerName=ListenerName(PLAINTEXT), securityProtocol=PLAINTEXT, buffer=null) is not authorized.
[2020-01-15 10:39:48,770] ERROR [KafkaApi-0] Error when handling request: clientId=unauthorized-UPDATE_METADATA, correlationId=3, api=UPDATE_METADATA, version=6, body={controller_id=0,controller_epoch=2147483647,broker_epoch=9223372036854775807,topic_states=[{topic_name=topic-1,partition_states=[{partition_index=0,controller_epoch=2147483647,leader=0,leader_epoch=2147483647,isr=[0],zk_version=2,replicas=[0],offline_replicas=[],_tagged_fields={}}],_tagged_fields={}}],live_brokers=[{id=0,endpoints=[{port=0,host=localhost,listener=PLAINTEXT,security_protocol=0,_tagged_fields={}}],rack=,_tagged_fields={}}],_tagged_fields={}} (kafka.server.KafkaApis:76)
org.apache.kafka.common.errors.ClusterAuthorizationException: Request Request(processor=0, connectionId=127.0.0.1:59410-127.0.0.1:59426-2, session=Session(User:Unauthorized,/127.0.0.1), listenerName=ListenerName(PLAINTEXT), securityProtocol=PLAINTEXT, buffer=null) is not authorized.
[2020-01-15 10:39:48,771] ERROR [KafkaApi-0] Error when handling request: clientId=unauthorized-WRITE_TXN_MARKERS, correlationId=2, api=WRITE_TXN_MARKERS, version=0, body={transaction_markers=[]} (kafka.server.KafkaApis:76)
org.apache.kafka.common.errors.ClusterAuthorizationException: Request Request(processor=1, connectionId=127.0.0.1:59410-127.0.0.1:59448-9, session=Session(User:Unauthorized,/127.0.0.1), listenerName=ListenerName(PLAINTEXT), securityProtocol=PLAINTEXT, buffer=null) is not authorized.
[2020-01-15 10:39:48,771] ERROR [KafkaApi-0] Error when handling request: clientId=unauthorized-DELETE_ACLS, correlationId=1, api=DELETE_ACLS, version=1, body={filters=[{resource_type=2,resource_name=null,resource_pattern_type_filter=3,principal=User:ANONYMOUS,host=*,operation=1,permission_type=2}]} (kafka.server.KafkaApis:76)
org.apache.kafka.common.errors.ClusterAuthorizationException: Request Request(processor=2, connectionId=127.0.0.1:59410-127.0.0.1:59452-10, session=Session(User:Unauthorized,/127.0.0.1), listenerName=ListenerName(PLAINTEXT), securityProtocol=PLAINTEXT, buffer=null) is not authorized.
[2020-01-15 10:39:48,772] ERROR [KafkaApi-0] Error when handling request: clientId=unauthorized-LIST_PARTITION_REASSIGNMENTS, correlationId=1, api=LIST_PARTITION_REASSIGNMENTS, version=0, body={timeout_ms=60000,topics=null,_tagged_fields={}} (kafka.server.KafkaApis:76)
org.apache.kafka.common.errors.ClusterAuthorizationException: Request Request(processor=2, connectionId=127.0.0.1:59410-127.0.0.1:59467-15, session=Session(User:Unauthorized,/127.0.0.1), listenerName=ListenerName(PLAINTEXT), securityProtocol=PLAINTEXT, buffer=null) is not authorized.
[2020-01-15 10:39:48,774] ERROR [KafkaApi-0] Error when handling request: clientId=unauthorized-DESCRIBE_ACLS, correlationId=2, api=DESCRIBE_ACLS, version=1, body={resource_type=1,resource_name=null,resource_pattern_type_filter=1,principal=null,host=null,operation=1,permission_type=1} (kafka.server.KafkaApis:76)
org.apache.kafka.common.errors.ClusterAuthorizationException: Request Request(processor=0, connectionId=127.0.0.1:59410-127.0.0.1:59450-10, session=Session(User:Unauthorized,/127.0.0.1), listenerName=ListenerName(PLAINTEXT), securityProtocol=PLAINTEXT, buffer=null) is not authorized.
[2020-01-15 10:39:48,775] ERROR [KafkaApi-0] Error when handling request: clientId=unauthorized-STOP_REPLICA, correlationId=4, api=STOP_REPLICA, version=2, body={controller_id=0,controller_epoch=2147483647,broker_epoch=9223372036854775807,delete_partitions=true,topics=[{name=topic-1,partition_indexes=[0],_tagged_fields={}}],_tagged_fields={}} (kafka.server.KafkaApis:76)
org.apache.kafka.common.errors.ClusterAuthorizationException: Request Request(processor=0, connectionId=127.0.0.1:59410-127.0.0.1:59429-3, session=Session(User:Unauthorized,/127.0.0.1), listenerName=ListenerName(PLAINTEXT), securityProtocol=PLAINTEXT, buffer=null) is not authorized.
[2020-01-15 10:39:48,775] ERROR [KafkaApi-0] Error when handling request: clientId=unauthorized-DELETE_ACLS, correlationId=2, api=DELETE_ACLS, version=1, body={filters=[{resource_type=2,resource_name=null,resource_pattern_type_filter=3,principal=User:ANONYMOUS,host=*,operation=1,permission_type=2}]} (kafka.server.KafkaApis:76)
org.apache.kafka.common.errors.ClusterAuthorizationException: Request Request(processor=2, connectionId=127.0.0.1:59410-127.0.0.1:59452-10, session=Session(User:Unauthorized,/127.0.0.1), listenerName=ListenerName(PLAINTEXT), securityProtocol=PLAINTEXT, buffer=null) is not authorized.
[2020-01-15 10:39:48,778] ERROR [KafkaApi-0] Error when handling request: clientId=unauthorized-WRITE_TXN_MARKERS, correlationId=3, api=WRITE_TXN_MARKERS, version=0, body={transaction_markers=[]} (kafka.server.KafkaApis:76)
org.apache.kafka.common.errors.ClusterAuthorizationException: Request Request(processor=1, connectionId=127.0.0.1:59410-127.0.0.1:59448-9, session=Session(User:Unauthorized,/127.0.0.1), listenerName=ListenerName(PLAINTEXT), securityProtocol=PLAINTEXT, buffer=null) is not authorized.
[2020-01-15 10:39:48,778] ERROR [KafkaApi-0] Error when handling request: clientId=unauthorized-ALTER_PARTITION_REASSIGNMENTS, correlationId=2, api=ALTER_PARTITION_REASSIGNMENTS, version=0, body={timeout_ms=60000,topics=[],_tagged_fields={}} (kafka.server.KafkaApis:76)
org.apache.kafka.common.errors.ClusterAuthorizationException: Request Request(processor=1, connectionId=127.0.0.1:59410-127.0.0.1:59466-15, session=Session(User:Unauthorized,/127.0.0.1), listenerName=ListenerName(PLAINTEXT), securityProtocol=PLAINTEXT, buffer=null) is not authorized.
[2020-01-15 10:39:48,783] ERROR [KafkaApi-0] Error when handling request: clientId=unauthorized-WRITE_TXN_MARKERS, correlationId=4, api=WRITE_TXN_MARKERS, version=0, body={transaction_markers=[]} (kafka.server.KafkaApis:76)
org.apache.kafka.common.errors.ClusterAuthorizationException: Request Request(processor=1, connectionId=127.0.0.1:59410-127.0.0.1:59448-9, session=Session(User:Unauthorized,/127.0.0.1), listenerName=ListenerName(PLAINTEXT), securityProtocol=PLAINTEXT, buffer=null) is not authorized.
[2020-01-15 10:39:48,783] ERROR [KafkaApi-0] Error when handling request: clientId=unauthorized-ALTER_PARTITION_REASSIGNMENTS, correlationId=3, api=ALTER_PARTITION_REASSIGNMENTS, version=0, body={timeout_ms=60000,topics=[],_tagged_fields={}} (kafka.server.KafkaApis:76)
org.apache.kafka.common.errors.ClusterAuthorizationException: Request Request(processor=1, connectionId=127.0.0.1:59410-127.0.0.1:59466-15, session=Session(User:Unauthorized,/127.0.0.1), listenerName=ListenerName(PLAINTEXT), securityProtocol=PLAINTEXT, buffer=null) is not authorized.
[2020-01-15 10:39:48,786] ERROR [KafkaApi-0] Error when handling request: clientId=unauthorized-WRITE_TXN_MARKERS, correlationId=5, api=WRITE_TXN_MARKERS, version=0, body={transaction_markers=[]} (kafka.server.KafkaApis:76)
org.apache.kafka.common.errors.ClusterAuthorizationException: Request Request(processor=1, connectionId=127.0.0.1:59410-127.0.0.1:59448-9, session=Session(User:Unauthorized,/127.0.0.1), listenerName=ListenerName(PLAINTEXT), securityProtocol=PLAINTEXT, buffer=null) is not authorized.
[2020-01-15 10:39:48,787] ERROR [KafkaApi-0] Error when handling request: clientId=unauthorized-ALTER_PARTITION_REASSIGNMENTS, correlationId=4, api=ALTER_PARTITION_REASSIGNMENTS, version=0, body={timeout_ms=60000,topics=[],_tagged_fields={}} (kafka.server.KafkaApis:76)
org.apache.kafka.common.errors.ClusterAuthorizationException: Request Request(processor=1, connectionId=127.0.0.1:59410-127.0.0.1:59466-15, session=Session(User:Unauthorized,/127.0.0.1), listenerName=ListenerName(PLAINTEXT), securityProtocol=PLAINTEXT, buffer=null) is not authorized.
[2020-01-15 10:40:04,152] ERROR [KafkaApi-0] Error when handling request: clientId=STOP_REPLICA, correlationId=1, api=STOP_REPLICA, version=2, body={controller_id=0,controller_epoch=2147483647,broker_epoch=9223372036854775807,delete_partitions=true,topics=[{name=topic-1,partition_indexes=[0],_tagged_fields={}}],_tagged_fields={}} (kafka.server.KafkaApis:76)
java.lang.IllegalStateException: Epoch 9223372036854775807 larger than current broker epoch 25
	at kafka.server.KafkaApis.isBrokerEpochStale(KafkaApis.scala:2952)
	at kafka.server.KafkaApis.handleStopReplicaRequest(KafkaApis.scala:230)
	at kafka.server.KafkaApis.handle(KafkaApis.scala:133)
	at kafka.server.KafkaRequestHandler.run(KafkaRequestHandler.scala:70)
	at java.lang.Thread.run(Thread.java:748)
[2020-01-15 10:40:04,152] ERROR [KafkaApi-0] Error when handling request: clientId=UPDATE_METADATA, correlationId=1, api=UPDATE_METADATA, version=6, body={controller_id=0,controller_epoch=2147483647,broker_epoch=9223372036854775807,topic_states=[{topic_name=topic-1,partition_states=[{partition_index=0,controller_epoch=2147483647,leader=0,leader_epoch=2147483647,isr=[0],zk_version=2,replicas=[0],offline_replicas=[],_tagged_fields={}}],_tagged_fields={}}],live_brokers=[{id=0,endpoints=[{port=0,host=localhost,listener=PLAINTEXT,security_protocol=0,_tagged_fields={}}],rack=,_tagged_fields={}}],_tagged_fields={}} (kafka.server.KafkaApis:76)
java.lang.IllegalStateException: Epoch 9223372036854775807 larger than current broker epoch 25
	at kafka.server.KafkaApis.isBrokerEpochStale(KafkaApis.scala:2952)
	at kafka.server.KafkaApis.handleUpdateMetadataRequest(KafkaApis.scala:269)
	at kafka.server.KafkaApis.handle(KafkaApis.scala:134)
	at kafka.server.KafkaRequestHandler.run(KafkaRequestHandler.scala:70)
	at java.lang.Thread.run(Thread.java:748)
[2020-01-15 10:40:04,152] ERROR [KafkaApi-0] Error when handling request: clientId=LEADER_AND_ISR, correlationId=1, api=LEADER_AND_ISR, version=4, body={controller_id=0,controller_epoch=2147483647,broker_epoch=9223372036854775807,topic_states=[{topic_name=topic-1,partition_states=[{partition_index=0,controller_epoch=2147483647,leader=0,leader_epoch=2147483647,isr=[0],zk_version=2,replicas=[0],adding_replicas=[],removing_replicas=[],is_new=true,_tagged_fields={}}],_tagged_fields={}}],live_leaders=[{broker_id=0,host_name=localhost,port=0,_tagged_fields={}}],_tagged_fields={}} (kafka.server.KafkaApis:76)
java.lang.IllegalStateException: Epoch 9223372036854775807 larger than current broker epoch 25
	at kafka.server.KafkaApis.isBrokerEpochStale(KafkaApis.scala:2952)
	at kafka.server.KafkaApis.handleLeaderAndIsrRequest(KafkaApis.scala:212)
	at kafka.server.KafkaApis.handle(KafkaApis.scala:132)
	at kafka.server.KafkaRequestHandler.run(KafkaRequestHandler.scala:70)
	at java.lang.Thread.run(Thread.java:748)
[2020-01-15 10:40:04,152] ERROR [KafkaApi-0] Error when handling request: clientId=STOP_REPLICA, correlationId=2, api=STOP_REPLICA, version=2, body={controller_id=0,controller_epoch=2147483647,broker_epoch=9223372036854775807,delete_partitions=true,topics=[{name=topic-1,partition_indexes=[0],_tagged_fields={}}],_tagged_fields={}} (kafka.server.KafkaApis:76)
java.lang.IllegalStateException: Epoch 9223372036854775807 larger than current broker epoch 25
	at kafka.server.KafkaApis.isBrokerEpochStale(KafkaApis.scala:2952)
	at kafka.server.KafkaApis.handleStopReplicaRequest(KafkaApis.scala:230)
	at kafka.server.KafkaApis.handle(KafkaApis.scala:133)
	at kafka.server.KafkaRequestHandler.run(KafkaRequestHandler.scala:70)
	at java.lang.Thread.run(Thread.java:748)
[2020-01-15 10:40:04,153] ERROR [KafkaApi-0] Error when handling request: clientId=UPDATE_METADATA, correlationId=2, api=UPDATE_METADATA, version=6, body={controller_id=0,controller_epoch=2147483647,broker_epoch=9223372036854775807,topic_states=[{topic_name=topic-1,partition_states=[{partition_index=0,controller_epoch=2147483647,leader=0,leader_epoch=2147483647,isr=[0],zk_version=2,replicas=[0],offline_replicas=[],_tagged_fields={}}],_tagged_fields={}}],live_brokers=[{id=0,endpoints=[{port=0,host=localhost,listener=PLAINTEXT,security_protocol=0,_tagged_fields={}}],rack=,_tagged_fields={}}],_tagged_fields={}} (kafka.server.KafkaApis:76)
java.lang.IllegalStateException: Epoch 9223372036854775807 larger than current broker epoch 25
	at kafka.server.KafkaApis.isBrokerEpochStale(KafkaApis.scala:2952)
	at kafka.server.KafkaApis.handleUpdateMetadataRequest(KafkaApis.scala:269)
	at kafka.server.KafkaApis.handle(KafkaApis.scala:134)
	at kafka.server.KafkaRequestHandler.run(KafkaRequestHandler.scala:70)
	at java.lang.Thread.run(Thread.java:748)
[2020-01-15 10:40:04,154] ERROR [KafkaApi-0] Error when handling request: clientId=STOP_REPLICA, correlationId=3, api=STOP_REPLICA, version=2, body={controller_id=0,controller_epoch=2147483647,broker_epoch=9223372036854775807,delete_partitions=true,topics=[{name=topic-1,partition_indexes=[0],_tagged_fields={}}],_tagged_fields={}} (kafka.server.KafkaApis:76)
java.lang.IllegalStateException: Epoch 9223372036854775807 larger than current broker epoch 25
	at kafka.server.KafkaApis.isBrokerEpochStale(KafkaApis.scala:2952)
	at kafka.server.KafkaApis.handleStopReplicaRequest(KafkaApis.scala:230)
	at kafka.server.KafkaApis.handle(KafkaApis.scala:133)
	at kafka.server.KafkaRequestHandler.run(KafkaRequestHandler.scala:70)
	at java.lang.Thread.run(Thread.java:748)
[2020-01-15 10:40:04,154] ERROR [KafkaApi-0] Error when handling request: clientId=UPDATE_METADATA, correlationId=3, api=UPDATE_METADATA, version=6, body={controller_id=0,controller_epoch=2147483647,broker_epoch=9223372036854775807,topic_states=[{topic_name=topic-1,partition_states=[{partition_index=0,controller_epoch=2147483647,leader=0,leader_epoch=2147483647,isr=[0],zk_version=2,replicas=[0],offline_replicas=[],_tagged_fields={}}],_tagged_fields={}}],live_brokers=[{id=0,endpoints=[{port=0,host=localhost,listener=PLAINTEXT,security_protocol=0,_tagged_fields={}}],rack=,_tagged_fields={}}],_tagged_fields={}} (kafka.server.KafkaApis:76)
java.lang.IllegalStateException: Epoch 9223372036854775807 larger than current broker epoch 25
	at kafka.server.KafkaApis.isBrokerEpochStale(KafkaApis.scala:2952)
	at kafka.server.KafkaApis.handleUpdateMetadataRequest(KafkaApis.scala:269)
	at kafka.server.KafkaApis.handle(KafkaApis.scala:134)
	at kafka.server.KafkaRequestHandler.run(KafkaRequestHandler.scala:70)
	at java.lang.Thread.run(Thread.java:748)
[2020-01-15 10:40:04,155] ERROR [KafkaApi-0] Error when handling request: clientId=STOP_REPLICA, correlationId=4, api=STOP_REPLICA, version=2, body={controller_id=0,controller_epoch=2147483647,broker_epoch=9223372036854775807,delete_partitions=true,topics=[{name=topic-1,partition_indexes=[0],_tagged_fields={}}],_tagged_fields={}} (kafka.server.KafkaApis:76)
java.lang.IllegalStateException: Epoch 9223372036854775807 larger than current broker epoch 25
	at kafka.server.KafkaApis.isBrokerEpochStale(KafkaApis.scala:2952)
	at kafka.server.KafkaApis.handleStopReplicaRequest(KafkaApis.scala:230)
	at kafka.server.KafkaApis.handle(KafkaApis.scala:133)
	at kafka.server.KafkaRequestHandler.run(KafkaRequestHandler.scala:70)
	at java.lang.Thread.run(Thread.java:748)
]]></system-out>
  <system-err><![CDATA[]]></system-err>
</testsuite>
