<?xml version="1.0" encoding="UTF-8"?>
<testsuite name="kafka.server.LogOffsetTest" tests="8" skipped="0" failures="0" errors="0" timestamp="2020-01-15T02:33:01" hostname="localhost" time="60.209">
  <properties/>
  <testcase name="testFetchOffsetsBeforeWithChangingSegmentSize" classname="kafka.server.LogOffsetTest" time="6.037"/>
  <testcase name="testGetOffsetsBeforeEarliestTime" classname="kafka.server.LogOffsetTest" time="7.897"/>
  <testcase name="testGetOffsetsForUnknownTopic" classname="kafka.server.LogOffsetTest" time="5.888"/>
  <testcase name="testEmptyLogsGetOffsets" classname="kafka.server.LogOffsetTest" time="5.911"/>
  <testcase name="testFetchOffsetsBeforeWithChangingSegments" classname="kafka.server.LogOffsetTest" time="6.582"/>
  <testcase name="testGetOffsetsBeforeLatestTime" classname="kafka.server.LogOffsetTest" time="9.142"/>
  <testcase name="testGetOffsetsBeforeNow" classname="kafka.server.LogOffsetTest" time="11.04"/>
  <testcase name="testGetOffsetsAfterDeleteRecords" classname="kafka.server.LogOffsetTest" time="7.712"/>
  <system-out><![CDATA[[2020-01-15 10:33:01,618] INFO [ControllerEventThread controllerId=0] Starting (kafka.controller.ControllerEventManager$ControllerEventThread:66)
[2020-01-15 10:33:01,620] INFO [Controller id=0] 0 successfully elected as the controller. Epoch incremented to 1 and epoch zk version is now 1 (kafka.controller.KafkaController:66)
[2020-01-15 10:33:01,621] INFO [Controller id=0] Registering handlers (kafka.controller.KafkaController:66)
[2020-01-15 10:33:01,621] INFO [Controller id=0] Deleting log dir event notifications (kafka.controller.KafkaController:66)
[2020-01-15 10:33:01,621] INFO [Controller id=0] Deleting isr change notifications (kafka.controller.KafkaController:66)
[2020-01-15 10:33:01,622] INFO [Controller id=0] Initializing controller context (kafka.controller.KafkaController:66)
[2020-01-15 10:33:01,623] INFO [Controller id=0] Initialized broker epochs cache: Map(0 -> 25) (kafka.controller.KafkaController:66)
[2020-01-15 10:33:01,624] INFO [Controller id=0] Currently active brokers in the cluster: Set(0) (kafka.controller.KafkaController:66)
[2020-01-15 10:33:01,625] INFO [Controller id=0] Currently shutting brokers in the cluster: Set() (kafka.controller.KafkaController:66)
[2020-01-15 10:33:01,625] INFO [Controller id=0] Current list of topics in the cluster: Set() (kafka.controller.KafkaController:66)
[2020-01-15 10:33:01,625] INFO [Controller id=0] Fetching topic deletions in progress (kafka.controller.KafkaController:66)
[2020-01-15 10:33:01,625] INFO [Controller id=0] List of topics to be deleted:  (kafka.controller.KafkaController:66)
[2020-01-15 10:33:01,625] INFO [Controller id=0] List of topics ineligible for deletion:  (kafka.controller.KafkaController:66)
[2020-01-15 10:33:01,625] INFO [Controller id=0] Initializing topic deletion manager (kafka.controller.KafkaController:66)
[2020-01-15 10:33:01,625] INFO [Controller id=0] Sending update metadata request (kafka.controller.KafkaController:66)
[2020-01-15 10:33:01,626] INFO [Controller id=0] Ready to serve as the new controller with epoch 1 (kafka.controller.KafkaController:66)
[2020-01-15 10:33:01,627] INFO [Controller id=0] Partitions undergoing preferred replica election:  (kafka.controller.KafkaController:66)
[2020-01-15 10:33:01,627] INFO [Controller id=0] Partitions that completed preferred replica election:  (kafka.controller.KafkaController:66)
[2020-01-15 10:33:01,627] INFO [Controller id=0] Skipping preferred replica election for partitions due to topic deletion:  (kafka.controller.KafkaController:66)
[2020-01-15 10:33:01,627] INFO [Controller id=0] Resuming preferred replica election for partitions:  (kafka.controller.KafkaController:66)
[2020-01-15 10:33:01,627] INFO [Controller id=0] Starting replica leader election (PREFERRED) for partitions  triggered by ZkTriggered (kafka.controller.KafkaController:66)
[2020-01-15 10:33:01,628] INFO [Controller id=0] Starting the controller scheduler (kafka.controller.KafkaController:66)
[2020-01-15 10:33:01,630] INFO [Controller id=0] New topics: [Set(__consumer_offsets)], deleted topics: [Set()], new partition replica assignment [Map(__consumer_offsets-4 -> ReplicaAssignment(replicas=0, addingReplicas=, removingReplicas=), __consumer_offsets-3 -> ReplicaAssignment(replicas=0, addingReplicas=, removingReplicas=), __consumer_offsets-2 -> ReplicaAssignment(replicas=0, addingReplicas=, removingReplicas=), __consumer_offsets-0 -> ReplicaAssignment(replicas=0, addingReplicas=, removingReplicas=), __consumer_offsets-1 -> ReplicaAssignment(replicas=0, addingReplicas=, removingReplicas=))] (kafka.controller.KafkaController:66)
[2020-01-15 10:33:01,630] INFO [Controller id=0] New partition creation callback for __consumer_offsets-4,__consumer_offsets-3,__consumer_offsets-2,__consumer_offsets-0,__consumer_offsets-1 (kafka.controller.KafkaController:66)
[2020-01-15 10:33:03,705] INFO [ControllerEventThread controllerId=0] Shutting down (kafka.controller.ControllerEventManager$ControllerEventThread:66)
[2020-01-15 10:33:03,705] INFO [ControllerEventThread controllerId=0] Shutdown completed (kafka.controller.ControllerEventManager$ControllerEventThread:66)
[2020-01-15 10:33:03,705] INFO [ControllerEventThread controllerId=0] Stopped (kafka.controller.ControllerEventManager$ControllerEventThread:66)
[2020-01-15 10:33:03,706] INFO [Controller id=0] Resigned (kafka.controller.KafkaController:66)
[2020-01-15 10:33:07,624] INFO [ControllerEventThread controllerId=0] Starting (kafka.controller.ControllerEventManager$ControllerEventThread:66)
[2020-01-15 10:33:07,627] INFO [Controller id=0] 0 successfully elected as the controller. Epoch incremented to 1 and epoch zk version is now 1 (kafka.controller.KafkaController:66)
[2020-01-15 10:33:07,627] INFO [Controller id=0] Registering handlers (kafka.controller.KafkaController:66)
[2020-01-15 10:33:07,628] INFO [Controller id=0] Deleting log dir event notifications (kafka.controller.KafkaController:66)
[2020-01-15 10:33:07,628] INFO [Controller id=0] Deleting isr change notifications (kafka.controller.KafkaController:66)
[2020-01-15 10:33:07,630] INFO [Controller id=0] Initializing controller context (kafka.controller.KafkaController:66)
[2020-01-15 10:33:07,631] INFO [Controller id=0] Initialized broker epochs cache: Map(0 -> 25) (kafka.controller.KafkaController:66)
[2020-01-15 10:33:07,632] INFO [Controller id=0] Currently active brokers in the cluster: Set(0) (kafka.controller.KafkaController:66)
[2020-01-15 10:33:07,633] INFO [Controller id=0] Currently shutting brokers in the cluster: Set() (kafka.controller.KafkaController:66)
[2020-01-15 10:33:07,633] INFO [Controller id=0] Current list of topics in the cluster: Set() (kafka.controller.KafkaController:66)
[2020-01-15 10:33:07,633] INFO [Controller id=0] Fetching topic deletions in progress (kafka.controller.KafkaController:66)
[2020-01-15 10:33:07,633] INFO [Controller id=0] List of topics to be deleted:  (kafka.controller.KafkaController:66)
[2020-01-15 10:33:07,633] INFO [Controller id=0] List of topics ineligible for deletion:  (kafka.controller.KafkaController:66)
[2020-01-15 10:33:07,633] INFO [Controller id=0] Initializing topic deletion manager (kafka.controller.KafkaController:66)
[2020-01-15 10:33:07,633] INFO [Controller id=0] Sending update metadata request (kafka.controller.KafkaController:66)
[2020-01-15 10:33:07,634] INFO [Controller id=0] Ready to serve as the new controller with epoch 1 (kafka.controller.KafkaController:66)
[2020-01-15 10:33:07,635] INFO [Controller id=0] Partitions undergoing preferred replica election:  (kafka.controller.KafkaController:66)
[2020-01-15 10:33:07,635] INFO [Controller id=0] Partitions that completed preferred replica election:  (kafka.controller.KafkaController:66)
[2020-01-15 10:33:07,635] INFO [Controller id=0] Skipping preferred replica election for partitions due to topic deletion:  (kafka.controller.KafkaController:66)
[2020-01-15 10:33:07,635] INFO [Controller id=0] Resuming preferred replica election for partitions:  (kafka.controller.KafkaController:66)
[2020-01-15 10:33:07,635] INFO [Controller id=0] Starting replica leader election (PREFERRED) for partitions  triggered by ZkTriggered (kafka.controller.KafkaController:66)
[2020-01-15 10:33:07,635] INFO [Controller id=0] Starting the controller scheduler (kafka.controller.KafkaController:66)
[2020-01-15 10:33:07,638] INFO [Controller id=0] New topics: [Set(__consumer_offsets)], deleted topics: [Set()], new partition replica assignment [Map(__consumer_offsets-4 -> ReplicaAssignment(replicas=0, addingReplicas=, removingReplicas=), __consumer_offsets-3 -> ReplicaAssignment(replicas=0, addingReplicas=, removingReplicas=), __consumer_offsets-2 -> ReplicaAssignment(replicas=0, addingReplicas=, removingReplicas=), __consumer_offsets-0 -> ReplicaAssignment(replicas=0, addingReplicas=, removingReplicas=), __consumer_offsets-1 -> ReplicaAssignment(replicas=0, addingReplicas=, removingReplicas=))] (kafka.controller.KafkaController:66)
[2020-01-15 10:33:07,639] INFO [Controller id=0] New partition creation callback for __consumer_offsets-4,__consumer_offsets-3,__consumer_offsets-2,__consumer_offsets-0,__consumer_offsets-1 (kafka.controller.KafkaController:66)
[2020-01-15 10:33:08,363] INFO [Controller id=0] New topics: [Set(kafka-)], deleted topics: [Set()], new partition replica assignment [Map(kafka--2 -> ReplicaAssignment(replicas=0, addingReplicas=, removingReplicas=), kafka--1 -> ReplicaAssignment(replicas=0, addingReplicas=, removingReplicas=), kafka--0 -> ReplicaAssignment(replicas=0, addingReplicas=, removingReplicas=))] (kafka.controller.KafkaController:66)
[2020-01-15 10:33:08,363] INFO [Controller id=0] New partition creation callback for kafka--2,kafka--1,kafka--0 (kafka.controller.KafkaController:66)
[2020-01-15 10:33:11,804] INFO [ControllerEventThread controllerId=0] Shutting down (kafka.controller.ControllerEventManager$ControllerEventThread:66)
[2020-01-15 10:33:11,804] INFO [ControllerEventThread controllerId=0] Stopped (kafka.controller.ControllerEventManager$ControllerEventThread:66)
[2020-01-15 10:33:11,804] INFO [ControllerEventThread controllerId=0] Shutdown completed (kafka.controller.ControllerEventManager$ControllerEventThread:66)
[2020-01-15 10:33:11,805] INFO [Controller id=0] Resigned (kafka.controller.KafkaController:66)
[2020-01-15 10:33:15,523] INFO [ControllerEventThread controllerId=0] Starting (kafka.controller.ControllerEventManager$ControllerEventThread:66)
[2020-01-15 10:33:15,525] INFO [Controller id=0] 0 successfully elected as the controller. Epoch incremented to 1 and epoch zk version is now 1 (kafka.controller.KafkaController:66)
[2020-01-15 10:33:15,525] INFO [Controller id=0] Registering handlers (kafka.controller.KafkaController:66)
[2020-01-15 10:33:15,526] INFO [Controller id=0] Deleting log dir event notifications (kafka.controller.KafkaController:66)
[2020-01-15 10:33:15,526] INFO [Controller id=0] Deleting isr change notifications (kafka.controller.KafkaController:66)
[2020-01-15 10:33:15,526] INFO [Controller id=0] Initializing controller context (kafka.controller.KafkaController:66)
[2020-01-15 10:33:15,527] INFO [Controller id=0] Initialized broker epochs cache: Map(0 -> 25) (kafka.controller.KafkaController:66)
[2020-01-15 10:33:15,529] INFO [Controller id=0] Currently active brokers in the cluster: Set(0) (kafka.controller.KafkaController:66)
[2020-01-15 10:33:15,529] INFO [Controller id=0] Currently shutting brokers in the cluster: Set() (kafka.controller.KafkaController:66)
[2020-01-15 10:33:15,529] INFO [Controller id=0] Current list of topics in the cluster: Set() (kafka.controller.KafkaController:66)
[2020-01-15 10:33:15,529] INFO [Controller id=0] Fetching topic deletions in progress (kafka.controller.KafkaController:66)
[2020-01-15 10:33:15,529] INFO [Controller id=0] List of topics to be deleted:  (kafka.controller.KafkaController:66)
[2020-01-15 10:33:15,530] INFO [Controller id=0] List of topics ineligible for deletion:  (kafka.controller.KafkaController:66)
[2020-01-15 10:33:15,530] INFO [Controller id=0] Initializing topic deletion manager (kafka.controller.KafkaController:66)
[2020-01-15 10:33:15,530] INFO [Controller id=0] Sending update metadata request (kafka.controller.KafkaController:66)
[2020-01-15 10:33:15,530] INFO [Controller id=0] Ready to serve as the new controller with epoch 1 (kafka.controller.KafkaController:66)
[2020-01-15 10:33:15,531] INFO [Controller id=0] Partitions undergoing preferred replica election:  (kafka.controller.KafkaController:66)
[2020-01-15 10:33:15,531] INFO [Controller id=0] Partitions that completed preferred replica election:  (kafka.controller.KafkaController:66)
[2020-01-15 10:33:15,531] INFO [Controller id=0] Skipping preferred replica election for partitions due to topic deletion:  (kafka.controller.KafkaController:66)
[2020-01-15 10:33:15,531] INFO [Controller id=0] Resuming preferred replica election for partitions:  (kafka.controller.KafkaController:66)
[2020-01-15 10:33:15,531] INFO [Controller id=0] Starting replica leader election (PREFERRED) for partitions  triggered by ZkTriggered (kafka.controller.KafkaController:66)
[2020-01-15 10:33:15,532] INFO [Controller id=0] Starting the controller scheduler (kafka.controller.KafkaController:66)
[2020-01-15 10:33:15,533] INFO [Controller id=0] New topics: [Set(__consumer_offsets)], deleted topics: [Set()], new partition replica assignment [Map(__consumer_offsets-4 -> ReplicaAssignment(replicas=0, addingReplicas=, removingReplicas=), __consumer_offsets-3 -> ReplicaAssignment(replicas=0, addingReplicas=, removingReplicas=), __consumer_offsets-2 -> ReplicaAssignment(replicas=0, addingReplicas=, removingReplicas=), __consumer_offsets-0 -> ReplicaAssignment(replicas=0, addingReplicas=, removingReplicas=), __consumer_offsets-1 -> ReplicaAssignment(replicas=0, addingReplicas=, removingReplicas=))] (kafka.controller.KafkaController:66)
[2020-01-15 10:33:15,533] INFO [Controller id=0] New partition creation callback for __consumer_offsets-4,__consumer_offsets-3,__consumer_offsets-2,__consumer_offsets-0,__consumer_offsets-1 (kafka.controller.KafkaController:66)
[2020-01-15 10:33:17,831] INFO [ControllerEventThread controllerId=0] Shutting down (kafka.controller.ControllerEventManager$ControllerEventThread:66)
[2020-01-15 10:33:17,831] INFO [ControllerEventThread controllerId=0] Stopped (kafka.controller.ControllerEventManager$ControllerEventThread:66)
[2020-01-15 10:33:17,831] INFO [ControllerEventThread controllerId=0] Shutdown completed (kafka.controller.ControllerEventManager$ControllerEventThread:66)
[2020-01-15 10:33:17,832] INFO [Controller id=0] Resigned (kafka.controller.KafkaController:66)
[2020-01-15 10:33:21,529] INFO [ControllerEventThread controllerId=0] Starting (kafka.controller.ControllerEventManager$ControllerEventThread:66)
[2020-01-15 10:33:21,532] INFO [Controller id=0] 0 successfully elected as the controller. Epoch incremented to 1 and epoch zk version is now 1 (kafka.controller.KafkaController:66)
[2020-01-15 10:33:21,532] INFO [Controller id=0] Registering handlers (kafka.controller.KafkaController:66)
[2020-01-15 10:33:21,532] INFO [Controller id=0] Deleting log dir event notifications (kafka.controller.KafkaController:66)
[2020-01-15 10:33:21,533] INFO [Controller id=0] Deleting isr change notifications (kafka.controller.KafkaController:66)
[2020-01-15 10:33:21,533] INFO [Controller id=0] Initializing controller context (kafka.controller.KafkaController:66)
[2020-01-15 10:33:21,534] INFO [Controller id=0] Initialized broker epochs cache: Map(0 -> 25) (kafka.controller.KafkaController:66)
[2020-01-15 10:33:21,536] INFO [Controller id=0] Currently active brokers in the cluster: Set(0) (kafka.controller.KafkaController:66)
[2020-01-15 10:33:21,536] INFO [Controller id=0] Currently shutting brokers in the cluster: Set() (kafka.controller.KafkaController:66)
[2020-01-15 10:33:21,536] INFO [Controller id=0] Current list of topics in the cluster: Set() (kafka.controller.KafkaController:66)
[2020-01-15 10:33:21,536] INFO [Controller id=0] Fetching topic deletions in progress (kafka.controller.KafkaController:66)
[2020-01-15 10:33:21,537] INFO [Controller id=0] List of topics to be deleted:  (kafka.controller.KafkaController:66)
[2020-01-15 10:33:21,537] INFO [Controller id=0] List of topics ineligible for deletion:  (kafka.controller.KafkaController:66)
[2020-01-15 10:33:21,537] INFO [Controller id=0] Initializing topic deletion manager (kafka.controller.KafkaController:66)
[2020-01-15 10:33:21,537] INFO [Controller id=0] Sending update metadata request (kafka.controller.KafkaController:66)
[2020-01-15 10:33:21,537] INFO [Controller id=0] Ready to serve as the new controller with epoch 1 (kafka.controller.KafkaController:66)
[2020-01-15 10:33:21,538] INFO [Controller id=0] Partitions undergoing preferred replica election:  (kafka.controller.KafkaController:66)
[2020-01-15 10:33:21,538] INFO [Controller id=0] Partitions that completed preferred replica election:  (kafka.controller.KafkaController:66)
[2020-01-15 10:33:21,538] INFO [Controller id=0] Skipping preferred replica election for partitions due to topic deletion:  (kafka.controller.KafkaController:66)
[2020-01-15 10:33:21,538] INFO [Controller id=0] Resuming preferred replica election for partitions:  (kafka.controller.KafkaController:66)
[2020-01-15 10:33:21,538] INFO [Controller id=0] Starting replica leader election (PREFERRED) for partitions  triggered by ZkTriggered (kafka.controller.KafkaController:66)
[2020-01-15 10:33:21,539] INFO [Controller id=0] Starting the controller scheduler (kafka.controller.KafkaController:66)
[2020-01-15 10:33:21,540] INFO [Controller id=0] New topics: [Set(__consumer_offsets)], deleted topics: [Set()], new partition replica assignment [Map(__consumer_offsets-4 -> ReplicaAssignment(replicas=0, addingReplicas=, removingReplicas=), __consumer_offsets-3 -> ReplicaAssignment(replicas=0, addingReplicas=, removingReplicas=), __consumer_offsets-2 -> ReplicaAssignment(replicas=0, addingReplicas=, removingReplicas=), __consumer_offsets-0 -> ReplicaAssignment(replicas=0, addingReplicas=, removingReplicas=), __consumer_offsets-1 -> ReplicaAssignment(replicas=0, addingReplicas=, removingReplicas=))] (kafka.controller.KafkaController:66)
[2020-01-15 10:33:21,540] INFO [Controller id=0] New partition creation callback for __consumer_offsets-4,__consumer_offsets-3,__consumer_offsets-2,__consumer_offsets-0,__consumer_offsets-1 (kafka.controller.KafkaController:66)
[2020-01-15 10:33:23,024] INFO [Controller id=0] New topics: [Set(kafka-)], deleted topics: [Set()], new partition replica assignment [Map(kafka--0 -> ReplicaAssignment(replicas=0, addingReplicas=, removingReplicas=))] (kafka.controller.KafkaController:66)
[2020-01-15 10:33:23,024] INFO [Controller id=0] New partition creation callback for kafka--0 (kafka.controller.KafkaController:66)
[2020-01-15 10:33:24,312] INFO [ControllerEventThread controllerId=0] Shutting down (kafka.controller.ControllerEventManager$ControllerEventThread:66)
[2020-01-15 10:33:24,312] INFO [ControllerEventThread controllerId=0] Stopped (kafka.controller.ControllerEventManager$ControllerEventThread:66)
[2020-01-15 10:33:24,312] INFO [ControllerEventThread controllerId=0] Shutdown completed (kafka.controller.ControllerEventManager$ControllerEventThread:66)
[2020-01-15 10:33:24,313] INFO [Controller id=0] Resigned (kafka.controller.KafkaController:66)
[2020-01-15 10:33:27,403] INFO [ControllerEventThread controllerId=0] Starting (kafka.controller.ControllerEventManager$ControllerEventThread:66)
[2020-01-15 10:33:27,405] INFO [Controller id=0] 0 successfully elected as the controller. Epoch incremented to 1 and epoch zk version is now 1 (kafka.controller.KafkaController:66)
[2020-01-15 10:33:27,405] INFO [Controller id=0] Registering handlers (kafka.controller.KafkaController:66)
[2020-01-15 10:33:27,406] INFO [Controller id=0] Deleting log dir event notifications (kafka.controller.KafkaController:66)
[2020-01-15 10:33:27,407] INFO [Controller id=0] Deleting isr change notifications (kafka.controller.KafkaController:66)
[2020-01-15 10:33:27,407] INFO [Controller id=0] Initializing controller context (kafka.controller.KafkaController:66)
[2020-01-15 10:33:27,408] INFO [Controller id=0] Initialized broker epochs cache: Map(0 -> 25) (kafka.controller.KafkaController:66)
[2020-01-15 10:33:27,409] INFO [Controller id=0] Currently active brokers in the cluster: Set(0) (kafka.controller.KafkaController:66)
[2020-01-15 10:33:27,410] INFO [Controller id=0] Currently shutting brokers in the cluster: Set() (kafka.controller.KafkaController:66)
[2020-01-15 10:33:27,410] INFO [Controller id=0] Current list of topics in the cluster: Set() (kafka.controller.KafkaController:66)
[2020-01-15 10:33:27,410] INFO [Controller id=0] Fetching topic deletions in progress (kafka.controller.KafkaController:66)
[2020-01-15 10:33:27,410] INFO [Controller id=0] List of topics to be deleted:  (kafka.controller.KafkaController:66)
[2020-01-15 10:33:27,410] INFO [Controller id=0] List of topics ineligible for deletion:  (kafka.controller.KafkaController:66)
[2020-01-15 10:33:27,410] INFO [Controller id=0] Initializing topic deletion manager (kafka.controller.KafkaController:66)
[2020-01-15 10:33:27,410] INFO [Controller id=0] Sending update metadata request (kafka.controller.KafkaController:66)
[2020-01-15 10:33:27,411] INFO [Controller id=0] Ready to serve as the new controller with epoch 1 (kafka.controller.KafkaController:66)
[2020-01-15 10:33:27,411] INFO [Controller id=0] Partitions undergoing preferred replica election:  (kafka.controller.KafkaController:66)
[2020-01-15 10:33:27,412] INFO [Controller id=0] Partitions that completed preferred replica election:  (kafka.controller.KafkaController:66)
[2020-01-15 10:33:27,412] INFO [Controller id=0] Skipping preferred replica election for partitions due to topic deletion:  (kafka.controller.KafkaController:66)
[2020-01-15 10:33:27,412] INFO [Controller id=0] Resuming preferred replica election for partitions:  (kafka.controller.KafkaController:66)
[2020-01-15 10:33:27,412] INFO [Controller id=0] Starting replica leader election (PREFERRED) for partitions  triggered by ZkTriggered (kafka.controller.KafkaController:66)
[2020-01-15 10:33:27,412] INFO [Controller id=0] Starting the controller scheduler (kafka.controller.KafkaController:66)
[2020-01-15 10:33:27,414] INFO [Controller id=0] New topics: [Set(__consumer_offsets)], deleted topics: [Set()], new partition replica assignment [Map(__consumer_offsets-4 -> ReplicaAssignment(replicas=0, addingReplicas=, removingReplicas=), __consumer_offsets-3 -> ReplicaAssignment(replicas=0, addingReplicas=, removingReplicas=), __consumer_offsets-2 -> ReplicaAssignment(replicas=0, addingReplicas=, removingReplicas=), __consumer_offsets-0 -> ReplicaAssignment(replicas=0, addingReplicas=, removingReplicas=), __consumer_offsets-1 -> ReplicaAssignment(replicas=0, addingReplicas=, removingReplicas=))] (kafka.controller.KafkaController:66)
[2020-01-15 10:33:27,414] INFO [Controller id=0] New partition creation callback for __consumer_offsets-4,__consumer_offsets-3,__consumer_offsets-2,__consumer_offsets-0,__consumer_offsets-1 (kafka.controller.KafkaController:66)
[2020-01-15 10:33:29,766] INFO [ControllerEventThread controllerId=0] Shutting down (kafka.controller.ControllerEventManager$ControllerEventThread:66)
[2020-01-15 10:33:29,767] INFO [ControllerEventThread controllerId=0] Stopped (kafka.controller.ControllerEventManager$ControllerEventThread:66)
[2020-01-15 10:33:29,767] INFO [ControllerEventThread controllerId=0] Shutdown completed (kafka.controller.ControllerEventManager$ControllerEventThread:66)
[2020-01-15 10:33:29,767] INFO [Controller id=0] Resigned (kafka.controller.KafkaController:66)
[2020-01-15 10:33:33,782] INFO [ControllerEventThread controllerId=0] Starting (kafka.controller.ControllerEventManager$ControllerEventThread:66)
[2020-01-15 10:33:33,785] INFO [Controller id=0] 0 successfully elected as the controller. Epoch incremented to 1 and epoch zk version is now 1 (kafka.controller.KafkaController:66)
[2020-01-15 10:33:33,785] INFO [Controller id=0] Registering handlers (kafka.controller.KafkaController:66)
[2020-01-15 10:33:33,785] INFO [Controller id=0] Deleting log dir event notifications (kafka.controller.KafkaController:66)
[2020-01-15 10:33:33,786] INFO [Controller id=0] Deleting isr change notifications (kafka.controller.KafkaController:66)
[2020-01-15 10:33:33,786] INFO [Controller id=0] Initializing controller context (kafka.controller.KafkaController:66)
[2020-01-15 10:33:33,787] INFO [Controller id=0] Initialized broker epochs cache: Map(0 -> 25) (kafka.controller.KafkaController:66)
[2020-01-15 10:33:33,788] INFO [Controller id=0] Currently active brokers in the cluster: Set(0) (kafka.controller.KafkaController:66)
[2020-01-15 10:33:33,789] INFO [Controller id=0] Currently shutting brokers in the cluster: Set() (kafka.controller.KafkaController:66)
[2020-01-15 10:33:33,789] INFO [Controller id=0] Current list of topics in the cluster: Set() (kafka.controller.KafkaController:66)
[2020-01-15 10:33:33,789] INFO [Controller id=0] Fetching topic deletions in progress (kafka.controller.KafkaController:66)
[2020-01-15 10:33:33,789] INFO [Controller id=0] List of topics to be deleted:  (kafka.controller.KafkaController:66)
[2020-01-15 10:33:33,790] INFO [Controller id=0] List of topics ineligible for deletion:  (kafka.controller.KafkaController:66)
[2020-01-15 10:33:33,790] INFO [Controller id=0] Initializing topic deletion manager (kafka.controller.KafkaController:66)
[2020-01-15 10:33:33,790] INFO [Controller id=0] Sending update metadata request (kafka.controller.KafkaController:66)
[2020-01-15 10:33:33,790] INFO [Controller id=0] Ready to serve as the new controller with epoch 1 (kafka.controller.KafkaController:66)
[2020-01-15 10:33:33,791] INFO [Controller id=0] Partitions undergoing preferred replica election:  (kafka.controller.KafkaController:66)
[2020-01-15 10:33:33,791] INFO [Controller id=0] Partitions that completed preferred replica election:  (kafka.controller.KafkaController:66)
[2020-01-15 10:33:33,791] INFO [Controller id=0] Skipping preferred replica election for partitions due to topic deletion:  (kafka.controller.KafkaController:66)
[2020-01-15 10:33:33,791] INFO [Controller id=0] Resuming preferred replica election for partitions:  (kafka.controller.KafkaController:66)
[2020-01-15 10:33:33,791] INFO [Controller id=0] Starting replica leader election (PREFERRED) for partitions  triggered by ZkTriggered (kafka.controller.KafkaController:66)
[2020-01-15 10:33:33,792] INFO [Controller id=0] Starting the controller scheduler (kafka.controller.KafkaController:66)
[2020-01-15 10:33:33,794] INFO [Controller id=0] New topics: [Set(__consumer_offsets)], deleted topics: [Set()], new partition replica assignment [Map(__consumer_offsets-4 -> ReplicaAssignment(replicas=0, addingReplicas=, removingReplicas=), __consumer_offsets-3 -> ReplicaAssignment(replicas=0, addingReplicas=, removingReplicas=), __consumer_offsets-2 -> ReplicaAssignment(replicas=0, addingReplicas=, removingReplicas=), __consumer_offsets-0 -> ReplicaAssignment(replicas=0, addingReplicas=, removingReplicas=), __consumer_offsets-1 -> ReplicaAssignment(replicas=0, addingReplicas=, removingReplicas=))] (kafka.controller.KafkaController:66)
[2020-01-15 10:33:33,794] INFO [Controller id=0] New partition creation callback for __consumer_offsets-4,__consumer_offsets-3,__consumer_offsets-2,__consumer_offsets-0,__consumer_offsets-1 (kafka.controller.KafkaController:66)
[2020-01-15 10:33:34,826] INFO [Controller id=0] New topics: [Set(kafka-)], deleted topics: [Set()], new partition replica assignment [Map(kafka--0 -> ReplicaAssignment(replicas=0, addingReplicas=, removingReplicas=))] (kafka.controller.KafkaController:66)
[2020-01-15 10:33:34,826] INFO [Controller id=0] New partition creation callback for kafka--0 (kafka.controller.KafkaController:66)
[2020-01-15 10:33:38,795] INFO [Controller id=0] Processing automatic preferred replica leader election (kafka.controller.KafkaController:66)
[2020-01-15 10:33:39,455] INFO [ControllerEventThread controllerId=0] Shutting down (kafka.controller.ControllerEventManager$ControllerEventThread:66)
[2020-01-15 10:33:39,455] INFO [ControllerEventThread controllerId=0] Stopped (kafka.controller.ControllerEventManager$ControllerEventThread:66)
[2020-01-15 10:33:39,456] INFO [ControllerEventThread controllerId=0] Shutdown completed (kafka.controller.ControllerEventManager$ControllerEventThread:66)
[2020-01-15 10:33:39,456] INFO [Controller id=0] Resigned (kafka.controller.KafkaController:66)
[2020-01-15 10:33:43,072] INFO [ControllerEventThread controllerId=0] Starting (kafka.controller.ControllerEventManager$ControllerEventThread:66)
[2020-01-15 10:33:43,074] INFO [Controller id=0] 0 successfully elected as the controller. Epoch incremented to 1 and epoch zk version is now 1 (kafka.controller.KafkaController:66)
[2020-01-15 10:33:43,074] INFO [Controller id=0] Registering handlers (kafka.controller.KafkaController:66)
[2020-01-15 10:33:43,075] INFO [Controller id=0] Deleting log dir event notifications (kafka.controller.KafkaController:66)
[2020-01-15 10:33:43,075] INFO [Controller id=0] Deleting isr change notifications (kafka.controller.KafkaController:66)
[2020-01-15 10:33:43,076] INFO [Controller id=0] Initializing controller context (kafka.controller.KafkaController:66)
[2020-01-15 10:33:43,076] INFO [Controller id=0] Initialized broker epochs cache: Map(0 -> 25) (kafka.controller.KafkaController:66)
[2020-01-15 10:33:43,078] INFO [Controller id=0] Currently active brokers in the cluster: Set(0) (kafka.controller.KafkaController:66)
[2020-01-15 10:33:43,078] INFO [Controller id=0] Currently shutting brokers in the cluster: Set() (kafka.controller.KafkaController:66)
[2020-01-15 10:33:43,078] INFO [Controller id=0] Current list of topics in the cluster: Set() (kafka.controller.KafkaController:66)
[2020-01-15 10:33:43,078] INFO [Controller id=0] Fetching topic deletions in progress (kafka.controller.KafkaController:66)
[2020-01-15 10:33:43,079] INFO [Controller id=0] List of topics to be deleted:  (kafka.controller.KafkaController:66)
[2020-01-15 10:33:43,079] INFO [Controller id=0] List of topics ineligible for deletion:  (kafka.controller.KafkaController:66)
[2020-01-15 10:33:43,079] INFO [Controller id=0] Initializing topic deletion manager (kafka.controller.KafkaController:66)
[2020-01-15 10:33:43,079] INFO [Controller id=0] Sending update metadata request (kafka.controller.KafkaController:66)
[2020-01-15 10:33:43,079] INFO [Controller id=0] Ready to serve as the new controller with epoch 1 (kafka.controller.KafkaController:66)
[2020-01-15 10:33:43,080] INFO [Controller id=0] Partitions undergoing preferred replica election:  (kafka.controller.KafkaController:66)
[2020-01-15 10:33:43,080] INFO [Controller id=0] Partitions that completed preferred replica election:  (kafka.controller.KafkaController:66)
[2020-01-15 10:33:43,080] INFO [Controller id=0] Skipping preferred replica election for partitions due to topic deletion:  (kafka.controller.KafkaController:66)
[2020-01-15 10:33:43,080] INFO [Controller id=0] Resuming preferred replica election for partitions:  (kafka.controller.KafkaController:66)
[2020-01-15 10:33:43,080] INFO [Controller id=0] Starting replica leader election (PREFERRED) for partitions  triggered by ZkTriggered (kafka.controller.KafkaController:66)
[2020-01-15 10:33:43,080] INFO [Controller id=0] Starting the controller scheduler (kafka.controller.KafkaController:66)
[2020-01-15 10:33:43,082] INFO [Controller id=0] New topics: [Set(__consumer_offsets)], deleted topics: [Set()], new partition replica assignment [Map(__consumer_offsets-4 -> ReplicaAssignment(replicas=0, addingReplicas=, removingReplicas=), __consumer_offsets-3 -> ReplicaAssignment(replicas=0, addingReplicas=, removingReplicas=), __consumer_offsets-2 -> ReplicaAssignment(replicas=0, addingReplicas=, removingReplicas=), __consumer_offsets-0 -> ReplicaAssignment(replicas=0, addingReplicas=, removingReplicas=), __consumer_offsets-1 -> ReplicaAssignment(replicas=0, addingReplicas=, removingReplicas=))] (kafka.controller.KafkaController:66)
[2020-01-15 10:33:43,082] INFO [Controller id=0] New partition creation callback for __consumer_offsets-4,__consumer_offsets-3,__consumer_offsets-2,__consumer_offsets-0,__consumer_offsets-1 (kafka.controller.KafkaController:66)
[2020-01-15 10:33:44,712] INFO [Controller id=0] New topics: [Set(kafka-)], deleted topics: [Set()], new partition replica assignment [Map(kafka--2 -> ReplicaAssignment(replicas=0, addingReplicas=, removingReplicas=), kafka--1 -> ReplicaAssignment(replicas=0, addingReplicas=, removingReplicas=), kafka--0 -> ReplicaAssignment(replicas=0, addingReplicas=, removingReplicas=))] (kafka.controller.KafkaController:66)
[2020-01-15 10:33:44,712] INFO [Controller id=0] New partition creation callback for kafka--2,kafka--1,kafka--0 (kafka.controller.KafkaController:66)
[2020-01-15 10:33:48,081] INFO [Controller id=0] Processing automatic preferred replica leader election (kafka.controller.KafkaController:66)
[2020-01-15 10:33:49,985] INFO [ControllerEventThread controllerId=0] Shutting down (kafka.controller.ControllerEventManager$ControllerEventThread:66)
[2020-01-15 10:33:49,986] INFO [ControllerEventThread controllerId=0] Stopped (kafka.controller.ControllerEventManager$ControllerEventThread:66)
[2020-01-15 10:33:49,986] INFO [ControllerEventThread controllerId=0] Shutdown completed (kafka.controller.ControllerEventManager$ControllerEventThread:66)
[2020-01-15 10:33:49,986] INFO [Controller id=0] Resigned (kafka.controller.KafkaController:66)
[2020-01-15 10:33:54,057] INFO [ControllerEventThread controllerId=0] Starting (kafka.controller.ControllerEventManager$ControllerEventThread:66)
[2020-01-15 10:33:54,059] INFO [Controller id=0] 0 successfully elected as the controller. Epoch incremented to 1 and epoch zk version is now 1 (kafka.controller.KafkaController:66)
[2020-01-15 10:33:54,059] INFO [Controller id=0] Registering handlers (kafka.controller.KafkaController:66)
[2020-01-15 10:33:54,060] INFO [Controller id=0] Deleting log dir event notifications (kafka.controller.KafkaController:66)
[2020-01-15 10:33:54,075] INFO [Controller id=0] Deleting isr change notifications (kafka.controller.KafkaController:66)
[2020-01-15 10:33:54,075] INFO [Controller id=0] Initializing controller context (kafka.controller.KafkaController:66)
[2020-01-15 10:33:54,076] INFO [Controller id=0] Initialized broker epochs cache: Map(0 -> 25) (kafka.controller.KafkaController:66)
[2020-01-15 10:33:54,078] INFO [Controller id=0] Currently active brokers in the cluster: Set(0) (kafka.controller.KafkaController:66)
[2020-01-15 10:33:54,079] INFO [Controller id=0] Currently shutting brokers in the cluster: Set() (kafka.controller.KafkaController:66)
[2020-01-15 10:33:54,079] INFO [Controller id=0] Current list of topics in the cluster: Set() (kafka.controller.KafkaController:66)
[2020-01-15 10:33:54,079] INFO [Controller id=0] Fetching topic deletions in progress (kafka.controller.KafkaController:66)
[2020-01-15 10:33:54,079] INFO [Controller id=0] List of topics to be deleted:  (kafka.controller.KafkaController:66)
[2020-01-15 10:33:54,079] INFO [Controller id=0] List of topics ineligible for deletion:  (kafka.controller.KafkaController:66)
[2020-01-15 10:33:54,080] INFO [Controller id=0] Initializing topic deletion manager (kafka.controller.KafkaController:66)
[2020-01-15 10:33:54,080] INFO [Controller id=0] Sending update metadata request (kafka.controller.KafkaController:66)
[2020-01-15 10:33:54,080] INFO [Controller id=0] Ready to serve as the new controller with epoch 1 (kafka.controller.KafkaController:66)
[2020-01-15 10:33:54,081] INFO [Controller id=0] Partitions undergoing preferred replica election:  (kafka.controller.KafkaController:66)
[2020-01-15 10:33:54,081] INFO [Controller id=0] Partitions that completed preferred replica election:  (kafka.controller.KafkaController:66)
[2020-01-15 10:33:54,081] INFO [Controller id=0] Skipping preferred replica election for partitions due to topic deletion:  (kafka.controller.KafkaController:66)
[2020-01-15 10:33:54,081] INFO [Controller id=0] Resuming preferred replica election for partitions:  (kafka.controller.KafkaController:66)
[2020-01-15 10:33:54,081] INFO [Controller id=0] Starting replica leader election (PREFERRED) for partitions  triggered by ZkTriggered (kafka.controller.KafkaController:66)
[2020-01-15 10:33:54,081] INFO [Controller id=0] Starting the controller scheduler (kafka.controller.KafkaController:66)
[2020-01-15 10:33:54,083] INFO [Controller id=0] New topics: [Set(__consumer_offsets)], deleted topics: [Set()], new partition replica assignment [Map(__consumer_offsets-4 -> ReplicaAssignment(replicas=0, addingReplicas=, removingReplicas=), __consumer_offsets-3 -> ReplicaAssignment(replicas=0, addingReplicas=, removingReplicas=), __consumer_offsets-2 -> ReplicaAssignment(replicas=0, addingReplicas=, removingReplicas=), __consumer_offsets-0 -> ReplicaAssignment(replicas=0, addingReplicas=, removingReplicas=), __consumer_offsets-1 -> ReplicaAssignment(replicas=0, addingReplicas=, removingReplicas=))] (kafka.controller.KafkaController:66)
[2020-01-15 10:33:54,084] INFO [Controller id=0] New partition creation callback for __consumer_offsets-4,__consumer_offsets-3,__consumer_offsets-2,__consumer_offsets-0,__consumer_offsets-1 (kafka.controller.KafkaController:66)
[2020-01-15 10:33:55,531] INFO [Controller id=0] New topics: [Set(kafka-)], deleted topics: [Set()], new partition replica assignment [Map(kafka--0 -> ReplicaAssignment(replicas=0, addingReplicas=, removingReplicas=))] (kafka.controller.KafkaController:66)
[2020-01-15 10:33:55,531] INFO [Controller id=0] New partition creation callback for kafka--0 (kafka.controller.KafkaController:66)
[2020-01-15 10:33:58,465] INFO [ControllerEventThread controllerId=0] Shutting down (kafka.controller.ControllerEventManager$ControllerEventThread:66)
[2020-01-15 10:33:58,466] INFO [ControllerEventThread controllerId=0] Stopped (kafka.controller.ControllerEventManager$ControllerEventThread:66)
[2020-01-15 10:33:58,466] INFO [ControllerEventThread controllerId=0] Shutdown completed (kafka.controller.ControllerEventManager$ControllerEventThread:66)
[2020-01-15 10:33:58,467] INFO [Controller id=0] Resigned (kafka.controller.KafkaController:66)
]]></system-out>
  <system-err><![CDATA[]]></system-err>
</testsuite>
