<?xml version="1.0" encoding="UTF-8"?>
<testsuite name="kafka.server.DelegationTokenRequestsOnPlainTextTest" tests="1" skipped="0" failures="0" errors="0" timestamp="2020-01-15T02:45:55" hostname="localhost" time="5.323">
  <properties/>
  <testcase name="testDelegationTokenRequests" classname="kafka.server.DelegationTokenRequestsOnPlainTextTest" time="5.323"/>
  <system-out><![CDATA[]]></system-out>
  <system-err><![CDATA[]]></system-err>
</testsuite>
