<?xml version="1.0" encoding="UTF-8"?>
<testsuite name="kafka.log.LogCleanerParameterizedIntegrationTest" tests="25" skipped="0" failures="0" errors="0" timestamp="2020-01-15T02:43:31" hostname="localhost" time="140.524">
  <properties/>
  <testcase name="cleanerConfigUpdateTest[0]" classname="kafka.log.LogCleanerParameterizedIntegrationTest" time="0.159"/>
  <testcase name="testCleansCombinedCompactAndDeleteTopic[0]" classname="kafka.log.LogCleanerParameterizedIntegrationTest" time="0.364"/>
  <testcase name="testCleaningNestedMessagesWithMultipleVersions[0]" classname="kafka.log.LogCleanerParameterizedIntegrationTest" time="0.125"/>
  <testcase name="cleanerTest[0]" classname="kafka.log.LogCleanerParameterizedIntegrationTest" time="15.181"/>
  <testcase name="testCleanerWithMessageFormatV0[0]" classname="kafka.log.LogCleanerParameterizedIntegrationTest" time="15.111"/>
  <testcase name="cleanerConfigUpdateTest[1]" classname="kafka.log.LogCleanerParameterizedIntegrationTest" time="0.18"/>
  <testcase name="testCleansCombinedCompactAndDeleteTopic[1]" classname="kafka.log.LogCleanerParameterizedIntegrationTest" time="0.38"/>
  <testcase name="testCleaningNestedMessagesWithMultipleVersions[1]" classname="kafka.log.LogCleanerParameterizedIntegrationTest" time="0.127"/>
  <testcase name="cleanerTest[1]" classname="kafka.log.LogCleanerParameterizedIntegrationTest" time="15.239"/>
  <testcase name="testCleanerWithMessageFormatV0[1]" classname="kafka.log.LogCleanerParameterizedIntegrationTest" time="15.132"/>
  <testcase name="cleanerConfigUpdateTest[2]" classname="kafka.log.LogCleanerParameterizedIntegrationTest" time="0.172"/>
  <testcase name="testCleansCombinedCompactAndDeleteTopic[2]" classname="kafka.log.LogCleanerParameterizedIntegrationTest" time="0.362"/>
  <testcase name="testCleaningNestedMessagesWithMultipleVersions[2]" classname="kafka.log.LogCleanerParameterizedIntegrationTest" time="0.118"/>
  <testcase name="cleanerTest[2]" classname="kafka.log.LogCleanerParameterizedIntegrationTest" time="15.16"/>
  <testcase name="testCleanerWithMessageFormatV0[2]" classname="kafka.log.LogCleanerParameterizedIntegrationTest" time="15.17"/>
  <testcase name="cleanerConfigUpdateTest[3]" classname="kafka.log.LogCleanerParameterizedIntegrationTest" time="0.186"/>
  <testcase name="testCleansCombinedCompactAndDeleteTopic[3]" classname="kafka.log.LogCleanerParameterizedIntegrationTest" time="0.361"/>
  <testcase name="testCleaningNestedMessagesWithMultipleVersions[3]" classname="kafka.log.LogCleanerParameterizedIntegrationTest" time="0.119"/>
  <testcase name="cleanerTest[3]" classname="kafka.log.LogCleanerParameterizedIntegrationTest" time="15.237"/>
  <testcase name="testCleanerWithMessageFormatV0[3]" classname="kafka.log.LogCleanerParameterizedIntegrationTest" time="15.114"/>
  <testcase name="cleanerConfigUpdateTest[4]" classname="kafka.log.LogCleanerParameterizedIntegrationTest" time="0.19"/>
  <testcase name="testCleansCombinedCompactAndDeleteTopic[4]" classname="kafka.log.LogCleanerParameterizedIntegrationTest" time="0.706"/>
  <testcase name="testCleaningNestedMessagesWithMultipleVersions[4]" classname="kafka.log.LogCleanerParameterizedIntegrationTest" time="0.0"/>
  <testcase name="cleanerTest[4]" classname="kafka.log.LogCleanerParameterizedIntegrationTest" time="15.63"/>
  <testcase name="testCleanerWithMessageFormatV0[4]" classname="kafka.log.LogCleanerParameterizedIntegrationTest" time="0.0"/>
  <system-out><![CDATA[[2020-01-15 10:43:31,626] ERROR [Log partition=log-0, dir=/var/folders/b3/bhnnh3l53jjdfgphtx91qd1h0000gn/T/kafka-7234216560987875461] Could not find offset index file corresponding to log file /var/folders/b3/bhnnh3l53jjdfgphtx91qd1h0000gn/T/kafka-7234216560987875461/log-0/00000000000000000300.log, recovering segment and rebuilding index files... (kafka.log.Log:74)
[2020-01-15 10:44:02,610] ERROR [Log partition=log-0, dir=/var/folders/b3/bhnnh3l53jjdfgphtx91qd1h0000gn/T/kafka-2419968279456560497] Could not find offset index file corresponding to log file /var/folders/b3/bhnnh3l53jjdfgphtx91qd1h0000gn/T/kafka-2419968279456560497/log-0/00000000000000000300.log, recovering segment and rebuilding index files... (kafka.log.Log:74)
[2020-01-15 10:44:33,643] ERROR [Log partition=log-0, dir=/var/folders/b3/bhnnh3l53jjdfgphtx91qd1h0000gn/T/kafka-6484220784341356575] Could not find offset index file corresponding to log file /var/folders/b3/bhnnh3l53jjdfgphtx91qd1h0000gn/T/kafka-6484220784341356575/log-0/00000000000000000300.log, recovering segment and rebuilding index files... (kafka.log.Log:74)
[2020-01-15 10:45:04,642] ERROR [Log partition=log-0, dir=/var/folders/b3/bhnnh3l53jjdfgphtx91qd1h0000gn/T/kafka-1137496810801100124] Could not find offset index file corresponding to log file /var/folders/b3/bhnnh3l53jjdfgphtx91qd1h0000gn/T/kafka-1137496810801100124/log-0/00000000000000000300.log, recovering segment and rebuilding index files... (kafka.log.Log:74)
[2020-01-15 10:45:36,002] ERROR [Log partition=log-0, dir=/var/folders/b3/bhnnh3l53jjdfgphtx91qd1h0000gn/T/kafka-1836541050706939192] Could not find offset index file corresponding to log file /var/folders/b3/bhnnh3l53jjdfgphtx91qd1h0000gn/T/kafka-1836541050706939192/log-0/00000000000000000300.log, recovering segment and rebuilding index files... (kafka.log.Log:74)
]]></system-out>
  <system-err><![CDATA[]]></system-err>
</testsuite>
