<?xml version="1.0" encoding="UTF-8"?>
<testsuite name="kafka.log.OffsetMapTest" tests="3" skipped="0" failures="0" errors="0" timestamp="2020-01-15T02:45:51" hostname="localhost" time="0.006">
  <properties/>
  <testcase name="testClear" classname="kafka.log.OffsetMapTest" time="0.0"/>
  <testcase name="testGetWhenFull" classname="kafka.log.OffsetMapTest" time="0.001"/>
  <testcase name="testBasicValidation" classname="kafka.log.OffsetMapTest" time="0.005"/>
  <system-out><![CDATA[]]></system-out>
  <system-err><![CDATA[]]></system-err>
</testsuite>
