<?xml version="1.0" encoding="UTF-8"?>
<testsuite name="kafka.api.SaslPlaintextConsumerTest" tests="2" skipped="0" failures="0" errors="0" timestamp="2020-01-15T02:26:05" hostname="localhost" time="54.074">
  <properties/>
  <testcase name="testCoordinatorFailover" classname="kafka.api.SaslPlaintextConsumerTest" time="34.391"/>
  <testcase name="testSimpleConsumption" classname="kafka.api.SaslPlaintextConsumerTest" time="19.683"/>
  <system-out><![CDATA[[2020-01-15 10:26:23,246] WARN SASL configuration failed: javax.security.auth.login.LoginException: No JAAS configuration section named 'Client' was found in specified JAAS configuration file: '/var/folders/b3/bhnnh3l53jjdfgphtx91qd1h0000gn/T/kafka5318647112335330352.tmp'. Will continue connection to Zookeeper server without SASL authentication, if Zookeeper server allows it. (org.apache.zookeeper.ClientCnxn:1094)
[2020-01-15 10:26:23,247] ERROR [ZooKeeperClient] Auth failed. (kafka.zookeeper.ZooKeeperClient:74)
[2020-01-15 10:26:23,313] WARN SASL configuration failed: javax.security.auth.login.LoginException: No JAAS configuration section named 'Client' was found in specified JAAS configuration file: '/var/folders/b3/bhnnh3l53jjdfgphtx91qd1h0000gn/T/kafka5318647112335330352.tmp'. Will continue connection to Zookeeper server without SASL authentication, if Zookeeper server allows it. (org.apache.zookeeper.ClientCnxn:1094)
[2020-01-15 10:26:23,313] ERROR [ZooKeeperClient Kafka server] Auth failed. (kafka.zookeeper.ZooKeeperClient:74)
Debug is  true storeKey true useTicketCache false useKeyTab true doNotPrompt false ticketCache is null isInitiator true KeyTab is /var/folders/b3/bhnnh3l53jjdfgphtx91qd1h0000gn/T/kafka4939068288889860273.tmp refreshKrb5Config is false principal is kafka/localhost@EXAMPLE.COM tryFirstPass is false useFirstPass is false storePass is false clearPass is false
principal is kafka/localhost@EXAMPLE.COM
Will use keytab
Commit Succeeded 

[2020-01-15 10:26:23,827] WARN SASL configuration failed: javax.security.auth.login.LoginException: No JAAS configuration section named 'Client' was found in specified JAAS configuration file: '/var/folders/b3/bhnnh3l53jjdfgphtx91qd1h0000gn/T/kafka5318647112335330352.tmp'. Will continue connection to Zookeeper server without SASL authentication, if Zookeeper server allows it. (org.apache.zookeeper.ClientCnxn:1094)
[2020-01-15 10:26:23,827] ERROR [ZooKeeperClient Kafka server] Auth failed. (kafka.zookeeper.ZooKeeperClient:74)
[2020-01-15 10:26:24,145] WARN SASL configuration failed: javax.security.auth.login.LoginException: No JAAS configuration section named 'Client' was found in specified JAAS configuration file: '/var/folders/b3/bhnnh3l53jjdfgphtx91qd1h0000gn/T/kafka5318647112335330352.tmp'. Will continue connection to Zookeeper server without SASL authentication, if Zookeeper server allows it. (org.apache.zookeeper.ClientCnxn:1094)
[2020-01-15 10:26:24,146] ERROR [ZooKeeperClient Kafka server] Auth failed. (kafka.zookeeper.ZooKeeperClient:74)
[2020-01-15 10:26:27,317] ERROR [ReplicaFetcher replicaId=0, leaderId=1, fetcherId=0] Error for partition topic-0 at offset 0 (kafka.server.ReplicaFetcherThread:76)
org.apache.kafka.common.errors.UnknownTopicOrPartitionException: This server does not host this topic-partition.
[2020-01-15 10:26:27,317] ERROR [ReplicaFetcher replicaId=0, leaderId=2, fetcherId=0] Error for partition topic-1 at offset 0 (kafka.server.ReplicaFetcherThread:76)
org.apache.kafka.common.errors.UnknownTopicOrPartitionException: This server does not host this topic-partition.
[2020-01-15 10:26:27,647] ERROR [ReplicaFetcher replicaId=1, leaderId=2, fetcherId=0] Error for partition topic-1 at offset 0 (kafka.server.ReplicaFetcherThread:76)
org.apache.kafka.common.errors.UnknownTopicOrPartitionException: This server does not host this topic-partition.
Debug is  true storeKey true useTicketCache false useKeyTab true doNotPrompt false ticketCache is null isInitiator true KeyTab is /var/folders/b3/bhnnh3l53jjdfgphtx91qd1h0000gn/T/kafka5752158513443893408.tmp refreshKrb5Config is false principal is client2@EXAMPLE.COM tryFirstPass is false useFirstPass is false storePass is false clearPass is false
principal is client2@EXAMPLE.COM
Will use keytab
Commit Succeeded 

[2020-01-15 10:26:48,121] WARN SASL configuration failed: javax.security.auth.login.LoginException: No JAAS configuration section named 'Client' was found in specified JAAS configuration file: '/var/folders/b3/bhnnh3l53jjdfgphtx91qd1h0000gn/T/kafka6149130609326115900.tmp'. Will continue connection to Zookeeper server without SASL authentication, if Zookeeper server allows it. (org.apache.zookeeper.ClientCnxn:1094)
[2020-01-15 10:26:48,123] ERROR [ZooKeeperClient] Auth failed. (kafka.zookeeper.ZooKeeperClient:74)
[2020-01-15 10:26:48,184] WARN SASL configuration failed: javax.security.auth.login.LoginException: No JAAS configuration section named 'Client' was found in specified JAAS configuration file: '/var/folders/b3/bhnnh3l53jjdfgphtx91qd1h0000gn/T/kafka6149130609326115900.tmp'. Will continue connection to Zookeeper server without SASL authentication, if Zookeeper server allows it. (org.apache.zookeeper.ClientCnxn:1094)
[2020-01-15 10:26:48,185] ERROR [ZooKeeperClient Kafka server] Auth failed. (kafka.zookeeper.ZooKeeperClient:74)
Debug is  true storeKey true useTicketCache false useKeyTab true doNotPrompt false ticketCache is null isInitiator true KeyTab is /var/folders/b3/bhnnh3l53jjdfgphtx91qd1h0000gn/T/kafka3722283530860169028.tmp refreshKrb5Config is false principal is kafka/localhost@EXAMPLE.COM tryFirstPass is false useFirstPass is false storePass is false clearPass is false
principal is kafka/localhost@EXAMPLE.COM
Will use keytab
Commit Succeeded 

[2020-01-15 10:26:48,257] WARN SASL configuration failed: javax.security.auth.login.LoginException: No JAAS configuration section named 'Client' was found in specified JAAS configuration file: '/var/folders/b3/bhnnh3l53jjdfgphtx91qd1h0000gn/T/kafka6149130609326115900.tmp'. Will continue connection to Zookeeper server without SASL authentication, if Zookeeper server allows it. (org.apache.zookeeper.ClientCnxn:1094)
[2020-01-15 10:26:48,257] ERROR [ZooKeeperClient Kafka server] Auth failed. (kafka.zookeeper.ZooKeeperClient:74)
[2020-01-15 10:26:48,314] WARN SASL configuration failed: javax.security.auth.login.LoginException: No JAAS configuration section named 'Client' was found in specified JAAS configuration file: '/var/folders/b3/bhnnh3l53jjdfgphtx91qd1h0000gn/T/kafka6149130609326115900.tmp'. Will continue connection to Zookeeper server without SASL authentication, if Zookeeper server allows it. (org.apache.zookeeper.ClientCnxn:1094)
[2020-01-15 10:26:48,314] ERROR [ZooKeeperClient Kafka server] Auth failed. (kafka.zookeeper.ZooKeeperClient:74)
[2020-01-15 10:26:49,377] ERROR [ReplicaFetcher replicaId=1, leaderId=0, fetcherId=0] Error for partition __consumer_offsets-0 at offset 0 (kafka.server.ReplicaFetcherThread:76)
org.apache.kafka.common.errors.UnknownTopicOrPartitionException: This server does not host this topic-partition.
[2020-01-15 10:26:50,337] ERROR [ReplicaFetcher replicaId=0, leaderId=2, fetcherId=0] Error for partition topic-1 at offset 0 (kafka.server.ReplicaFetcherThread:76)
org.apache.kafka.common.errors.UnknownTopicOrPartitionException: This server does not host this topic-partition.
[2020-01-15 10:26:50,337] ERROR [ReplicaFetcher replicaId=0, leaderId=1, fetcherId=0] Error for partition topic-0 at offset 0 (kafka.server.ReplicaFetcherThread:76)
org.apache.kafka.common.errors.UnknownTopicOrPartitionException: This server does not host this topic-partition.
[2020-01-15 10:26:50,508] ERROR [ReplicaFetcher replicaId=1, leaderId=2, fetcherId=0] Error for partition topic-1 at offset 0 (kafka.server.ReplicaFetcherThread:76)
org.apache.kafka.common.errors.UnknownTopicOrPartitionException: This server does not host this topic-partition.
Debug is  true storeKey true useTicketCache false useKeyTab true doNotPrompt false ticketCache is null isInitiator true KeyTab is /var/folders/b3/bhnnh3l53jjdfgphtx91qd1h0000gn/T/kafka3429356400986305430.tmp refreshKrb5Config is false principal is client2@EXAMPLE.COM tryFirstPass is false useFirstPass is false storePass is false clearPass is false
principal is client2@EXAMPLE.COM
Will use keytab
Commit Succeeded 

]]></system-out>
  <system-err><![CDATA[]]></system-err>
</testsuite>
