<?xml version="1.0" encoding="UTF-8"?>
<testsuite name="kafka.server.EdgeCaseRequestTest" tests="5" skipped="0" failures="0" errors="0" timestamp="2020-01-15T02:25:28" hostname="localhost" time="26.04">
  <properties/>
  <testcase name="testInvalidApiVersionRequest" classname="kafka.server.EdgeCaseRequestTest" time="5.059"/>
  <testcase name="testMalformedHeaderRequest" classname="kafka.server.EdgeCaseRequestTest" time="5.473"/>
  <testcase name="testProduceRequestWithNullClientId" classname="kafka.server.EdgeCaseRequestTest" time="6.226"/>
  <testcase name="testInvalidApiKeyRequest" classname="kafka.server.EdgeCaseRequestTest" time="3.638"/>
  <testcase name="testHeaderOnlyRequest" classname="kafka.server.EdgeCaseRequestTest" time="5.644"/>
  <system-out><![CDATA[[2020-01-15 10:25:28,750] ERROR Closing socket for 127.0.0.1:51139-127.0.0.1:51143-0 because of error (kafka.network.Processor:76)
org.apache.kafka.common.errors.InvalidRequestException: Error parsing request header. Our best guess of the apiKey is: -1
Caused by: java.lang.IllegalArgumentException: Unexpected ApiKeys id `-1`, it should be between `0` and `47` (inclusive)
	at org.apache.kafka.common.protocol.ApiKeys.forId(ApiKeys.java:283)
	at org.apache.kafka.common.requests.RequestHeader.parse(RequestHeader.java:91)
	at kafka.network.Processor.$anonfun$processCompletedReceives$1(SocketServer.scala:875)
	at kafka.network.Processor.$anonfun$processCompletedReceives$1$adapted(SocketServer.scala:871)
	at scala.collection.Iterator.foreach(Iterator.scala:941)
	at scala.collection.Iterator.foreach$(Iterator.scala:941)
	at scala.collection.AbstractIterator.foreach(Iterator.scala:1429)
	at scala.collection.IterableLike.foreach(IterableLike.scala:74)
	at scala.collection.IterableLike.foreach$(IterableLike.scala:73)
	at scala.collection.AbstractIterable.foreach(Iterable.scala:56)
	at kafka.network.Processor.processCompletedReceives(SocketServer.scala:871)
	at kafka.network.Processor.run(SocketServer.scala:761)
	at java.lang.Thread.run(Thread.java:748)
[2020-01-15 10:25:28,750] ERROR Exception while processing request from 127.0.0.1:51139-127.0.0.1:51143-0 (kafka.network.Processor:76)
org.apache.kafka.common.errors.InvalidRequestException: Error parsing request header. Our best guess of the apiKey is: -1
Caused by: java.lang.IllegalArgumentException: Unexpected ApiKeys id `-1`, it should be between `0` and `47` (inclusive)
	at org.apache.kafka.common.protocol.ApiKeys.forId(ApiKeys.java:283)
	at org.apache.kafka.common.requests.RequestHeader.parse(RequestHeader.java:91)
	at kafka.network.Processor.$anonfun$processCompletedReceives$1(SocketServer.scala:875)
	at kafka.network.Processor.$anonfun$processCompletedReceives$1$adapted(SocketServer.scala:871)
	at scala.collection.Iterator.foreach(Iterator.scala:941)
	at scala.collection.Iterator.foreach$(Iterator.scala:941)
	at scala.collection.AbstractIterator.foreach(Iterator.scala:1429)
	at scala.collection.IterableLike.foreach(IterableLike.scala:74)
	at scala.collection.IterableLike.foreach$(IterableLike.scala:73)
	at scala.collection.AbstractIterable.foreach(Iterable.scala:56)
	at kafka.network.Processor.processCompletedReceives(SocketServer.scala:871)
	at kafka.network.Processor.run(SocketServer.scala:761)
	at java.lang.Thread.run(Thread.java:748)
[2020-01-15 10:25:33,320] ERROR Closing socket for 127.0.0.1:51210-127.0.0.1:51212-0 because of error (kafka.network.Processor:76)
org.apache.kafka.common.errors.InvalidRequestException: Error parsing request header. Our best guess of the apiKey is: -1
Caused by: java.lang.IllegalArgumentException: Unexpected ApiKeys id `-1`, it should be between `0` and `47` (inclusive)
	at org.apache.kafka.common.protocol.ApiKeys.forId(ApiKeys.java:283)
	at org.apache.kafka.common.requests.RequestHeader.parse(RequestHeader.java:91)
	at kafka.network.Processor.$anonfun$processCompletedReceives$1(SocketServer.scala:875)
	at kafka.network.Processor.$anonfun$processCompletedReceives$1$adapted(SocketServer.scala:871)
	at scala.collection.Iterator.foreach(Iterator.scala:941)
	at scala.collection.Iterator.foreach$(Iterator.scala:941)
	at scala.collection.AbstractIterator.foreach(Iterator.scala:1429)
	at scala.collection.IterableLike.foreach(IterableLike.scala:74)
	at scala.collection.IterableLike.foreach$(IterableLike.scala:73)
	at scala.collection.AbstractIterable.foreach(Iterable.scala:56)
	at kafka.network.Processor.processCompletedReceives(SocketServer.scala:871)
	at kafka.network.Processor.run(SocketServer.scala:761)
	at java.lang.Thread.run(Thread.java:748)
[2020-01-15 10:25:33,320] ERROR Exception while processing request from 127.0.0.1:51210-127.0.0.1:51212-0 (kafka.network.Processor:76)
org.apache.kafka.common.errors.InvalidRequestException: Error parsing request header. Our best guess of the apiKey is: -1
Caused by: java.lang.IllegalArgumentException: Unexpected ApiKeys id `-1`, it should be between `0` and `47` (inclusive)
	at org.apache.kafka.common.protocol.ApiKeys.forId(ApiKeys.java:283)
	at org.apache.kafka.common.requests.RequestHeader.parse(RequestHeader.java:91)
	at kafka.network.Processor.$anonfun$processCompletedReceives$1(SocketServer.scala:875)
	at kafka.network.Processor.$anonfun$processCompletedReceives$1$adapted(SocketServer.scala:871)
	at scala.collection.Iterator.foreach(Iterator.scala:941)
	at scala.collection.Iterator.foreach$(Iterator.scala:941)
	at scala.collection.AbstractIterator.foreach(Iterator.scala:1429)
	at scala.collection.IterableLike.foreach(IterableLike.scala:74)
	at scala.collection.IterableLike.foreach$(IterableLike.scala:73)
	at scala.collection.AbstractIterable.foreach(Iterable.scala:56)
	at kafka.network.Processor.processCompletedReceives(SocketServer.scala:871)
	at kafka.network.Processor.run(SocketServer.scala:761)
	at java.lang.Thread.run(Thread.java:748)
[2020-01-15 10:25:45,015] ERROR Closing socket for 127.0.0.1:51474-127.0.0.1:51477-0 because of error (kafka.network.Processor:76)
org.apache.kafka.common.errors.InvalidRequestException: Error parsing request header. Our best guess of the apiKey is: -1
Caused by: java.lang.IllegalArgumentException: Unexpected ApiKeys id `-1`, it should be between `0` and `47` (inclusive)
	at org.apache.kafka.common.protocol.ApiKeys.forId(ApiKeys.java:283)
	at org.apache.kafka.common.requests.RequestHeader.parse(RequestHeader.java:91)
	at kafka.network.Processor.$anonfun$processCompletedReceives$1(SocketServer.scala:875)
	at kafka.network.Processor.$anonfun$processCompletedReceives$1$adapted(SocketServer.scala:871)
	at scala.collection.Iterator.foreach(Iterator.scala:941)
	at scala.collection.Iterator.foreach$(Iterator.scala:941)
	at scala.collection.AbstractIterator.foreach(Iterator.scala:1429)
	at scala.collection.IterableLike.foreach(IterableLike.scala:74)
	at scala.collection.IterableLike.foreach$(IterableLike.scala:73)
	at scala.collection.AbstractIterable.foreach(Iterable.scala:56)
	at kafka.network.Processor.processCompletedReceives(SocketServer.scala:871)
	at kafka.network.Processor.run(SocketServer.scala:761)
	at java.lang.Thread.run(Thread.java:748)
[2020-01-15 10:25:45,015] ERROR Exception while processing request from 127.0.0.1:51474-127.0.0.1:51477-0 (kafka.network.Processor:76)
org.apache.kafka.common.errors.InvalidRequestException: Error parsing request header. Our best guess of the apiKey is: -1
Caused by: java.lang.IllegalArgumentException: Unexpected ApiKeys id `-1`, it should be between `0` and `47` (inclusive)
	at org.apache.kafka.common.protocol.ApiKeys.forId(ApiKeys.java:283)
	at org.apache.kafka.common.requests.RequestHeader.parse(RequestHeader.java:91)
	at kafka.network.Processor.$anonfun$processCompletedReceives$1(SocketServer.scala:875)
	at kafka.network.Processor.$anonfun$processCompletedReceives$1$adapted(SocketServer.scala:871)
	at scala.collection.Iterator.foreach(Iterator.scala:941)
	at scala.collection.Iterator.foreach$(Iterator.scala:941)
	at scala.collection.AbstractIterator.foreach(Iterator.scala:1429)
	at scala.collection.IterableLike.foreach(IterableLike.scala:74)
	at scala.collection.IterableLike.foreach$(IterableLike.scala:73)
	at scala.collection.AbstractIterable.foreach(Iterable.scala:56)
	at kafka.network.Processor.processCompletedReceives(SocketServer.scala:871)
	at kafka.network.Processor.run(SocketServer.scala:761)
	at java.lang.Thread.run(Thread.java:748)
[2020-01-15 10:25:48,677] ERROR Closing socket for 127.0.0.1:51537-127.0.0.1:51540-0 because of error (kafka.network.Processor:76)
org.apache.kafka.common.errors.InvalidRequestException: Error parsing request header. Our best guess of the apiKey is: -1
Caused by: java.lang.IllegalArgumentException: Unexpected ApiKeys id `-1`, it should be between `0` and `47` (inclusive)
	at org.apache.kafka.common.protocol.ApiKeys.forId(ApiKeys.java:283)
	at org.apache.kafka.common.requests.RequestHeader.parse(RequestHeader.java:91)
	at kafka.network.Processor.$anonfun$processCompletedReceives$1(SocketServer.scala:875)
	at kafka.network.Processor.$anonfun$processCompletedReceives$1$adapted(SocketServer.scala:871)
	at scala.collection.Iterator.foreach(Iterator.scala:941)
	at scala.collection.Iterator.foreach$(Iterator.scala:941)
	at scala.collection.AbstractIterator.foreach(Iterator.scala:1429)
	at scala.collection.IterableLike.foreach(IterableLike.scala:74)
	at scala.collection.IterableLike.foreach$(IterableLike.scala:73)
	at scala.collection.AbstractIterable.foreach(Iterable.scala:56)
	at kafka.network.Processor.processCompletedReceives(SocketServer.scala:871)
	at kafka.network.Processor.run(SocketServer.scala:761)
	at java.lang.Thread.run(Thread.java:748)
[2020-01-15 10:25:48,678] ERROR Exception while processing request from 127.0.0.1:51537-127.0.0.1:51540-0 (kafka.network.Processor:76)
org.apache.kafka.common.errors.InvalidRequestException: Error parsing request header. Our best guess of the apiKey is: -1
Caused by: java.lang.IllegalArgumentException: Unexpected ApiKeys id `-1`, it should be between `0` and `47` (inclusive)
	at org.apache.kafka.common.protocol.ApiKeys.forId(ApiKeys.java:283)
	at org.apache.kafka.common.requests.RequestHeader.parse(RequestHeader.java:91)
	at kafka.network.Processor.$anonfun$processCompletedReceives$1(SocketServer.scala:875)
	at kafka.network.Processor.$anonfun$processCompletedReceives$1$adapted(SocketServer.scala:871)
	at scala.collection.Iterator.foreach(Iterator.scala:941)
	at scala.collection.Iterator.foreach$(Iterator.scala:941)
	at scala.collection.AbstractIterator.foreach(Iterator.scala:1429)
	at scala.collection.IterableLike.foreach(IterableLike.scala:74)
	at scala.collection.IterableLike.foreach$(IterableLike.scala:73)
	at scala.collection.AbstractIterable.foreach(Iterable.scala:56)
	at kafka.network.Processor.processCompletedReceives(SocketServer.scala:871)
	at kafka.network.Processor.run(SocketServer.scala:761)
	at java.lang.Thread.run(Thread.java:748)
]]></system-out>
  <system-err><![CDATA[]]></system-err>
</testsuite>
