<?xml version="1.0" encoding="UTF-8"?>
<testsuite name="kafka.api.ConsumerTopicCreationTest" tests="4" skipped="0" failures="0" errors="0" timestamp="2020-01-15T02:13:00" hostname="localhost" time="27.048">
  <properties/>
  <testcase name="testAutoTopicCreation[brokerTopicCreation=true, consumerTopicCreation=true]" classname="kafka.api.ConsumerTopicCreationTest" time="7.011"/>
  <testcase name="testAutoTopicCreation[brokerTopicCreation=true, consumerTopicCreation=false]" classname="kafka.api.ConsumerTopicCreationTest" time="5.976"/>
  <testcase name="testAutoTopicCreation[brokerTopicCreation=false, consumerTopicCreation=true]" classname="kafka.api.ConsumerTopicCreationTest" time="5.846"/>
  <testcase name="testAutoTopicCreation[brokerTopicCreation=false, consumerTopicCreation=false]" classname="kafka.api.ConsumerTopicCreationTest" time="8.215"/>
  <system-out><![CDATA[]]></system-out>
  <system-err><![CDATA[]]></system-err>
</testsuite>
