<?xml version="1.0" encoding="UTF-8"?>
<testsuite name="kafka.api.SslAdminIntegrationTest" tests="14" skipped="0" failures="0" errors="0" timestamp="2020-01-15T02:29:26" hostname="localhost" time="137.784">
  <properties/>
  <testcase name="testAsynchronousAuthorizerAclUpdatesDontBlockRequestThreads" classname="kafka.api.SslAdminIntegrationTest" time="13.652"/>
  <testcase name="testSynchronousAuthorizerAclUpdatesBlockRequestThreads" classname="kafka.api.SslAdminIntegrationTest" time="24.528"/>
  <testcase name="testAclUpdatesUsingAsynchronousAuthorizer" classname="kafka.api.SslAdminIntegrationTest" time="7.69"/>
  <testcase name="testAclUpdatesUsingSynchronousAuthorizer" classname="kafka.api.SslAdminIntegrationTest" time="9.115"/>
  <testcase name="testAclDescribe" classname="kafka.api.SslAdminIntegrationTest" time="7.08"/>
  <testcase name="testLegacyAclOpsNeverAffectOrReturnPrefixed" classname="kafka.api.SslAdminIntegrationTest" time="7.755"/>
  <testcase name="testCreateTopicsResponseMetadataAndConfig" classname="kafka.api.SslAdminIntegrationTest" time="9.504"/>
  <testcase name="testAttemptToCreateInvalidAcls" classname="kafka.api.SslAdminIntegrationTest" time="8.748"/>
  <testcase name="testAclAuthorizationDenied" classname="kafka.api.SslAdminIntegrationTest" time="8.69"/>
  <testcase name="testAclOperations" classname="kafka.api.SslAdminIntegrationTest" time="8.775"/>
  <testcase name="testAclOperations2" classname="kafka.api.SslAdminIntegrationTest" time="7.777"/>
  <testcase name="testAclDelete" classname="kafka.api.SslAdminIntegrationTest" time="7.845"/>
  <testcase name="testCreateDeleteTopics" classname="kafka.api.SslAdminIntegrationTest" time="9.685"/>
  <testcase name="testAuthorizedOperations" classname="kafka.api.SslAdminIntegrationTest" time="6.94"/>
  <system-out><![CDATA[[2020-01-15 10:30:57,494] ERROR [KafkaApi-2] Error when handling request: clientId=adminclient-192, correlationId=4, api=CREATE_ACLS, version=1, body={creations=[{resource_type=2,resource_name=foobar,resource_pattern_type=3,principal=User:ANONYMOUS,host=*,operation=3,permission_type=3},{resource_type=5,resource_name=transactional_id,resource_pattern_type=3,principal=User:ANONYMOUS,host=*,operation=4,permission_type=3}]} (kafka.server.KafkaApis:76)
org.apache.kafka.common.errors.ClusterAuthorizationException: Request Request(processor=1, connectionId=127.0.0.1:56627-127.0.0.1:56691-0, session=Session(User:ANONYMOUS,/127.0.0.1), listenerName=ListenerName(SSL), securityProtocol=SSL, buffer=null) is not authorized.
[2020-01-15 10:30:57,496] ERROR [KafkaApi-2] Error when handling request: clientId=adminclient-192, correlationId=5, api=DELETE_ACLS, version=1, body={filters=[{resource_type=2,resource_name=foobar,resource_pattern_type_filter=3,principal=User:ANONYMOUS,host=*,operation=3,permission_type=3},{resource_type=5,resource_name=transactional_id,resource_pattern_type_filter=3,principal=User:ANONYMOUS,host=*,operation=4,permission_type=3}]} (kafka.server.KafkaApis:76)
org.apache.kafka.common.errors.ClusterAuthorizationException: Request Request(processor=1, connectionId=127.0.0.1:56627-127.0.0.1:56691-0, session=Session(User:ANONYMOUS,/127.0.0.1), listenerName=ListenerName(SSL), securityProtocol=SSL, buffer=null) is not authorized.
[2020-01-15 10:30:57,602] ERROR [KafkaApi-2] Error when handling request: clientId=adminclient-192, correlationId=7, api=DESCRIBE_ACLS, version=1, body={resource_type=2,resource_name=*,resource_pattern_type_filter=3,principal=User:*,host=*,operation=2,permission_type=3} (kafka.server.KafkaApis:76)
org.apache.kafka.common.errors.ClusterAuthorizationException: Request Request(processor=1, connectionId=127.0.0.1:56627-127.0.0.1:56691-0, session=Session(User:ANONYMOUS,/127.0.0.1), listenerName=ListenerName(SSL), securityProtocol=SSL, buffer=null) is not authorized.
[2020-01-15 10:30:57,604] ERROR [KafkaApi-2] Error when handling request: clientId=adminclient-192, correlationId=8, api=CREATE_ACLS, version=1, body={creations=[{resource_type=2,resource_name=foobar,resource_pattern_type=3,principal=User:ANONYMOUS,host=*,operation=3,permission_type=3},{resource_type=5,resource_name=transactional_id,resource_pattern_type=3,principal=User:ANONYMOUS,host=*,operation=4,permission_type=3}]} (kafka.server.KafkaApis:76)
org.apache.kafka.common.errors.ClusterAuthorizationException: Request Request(processor=1, connectionId=127.0.0.1:56627-127.0.0.1:56691-0, session=Session(User:ANONYMOUS,/127.0.0.1), listenerName=ListenerName(SSL), securityProtocol=SSL, buffer=null) is not authorized.
[2020-01-15 10:30:57,605] ERROR [KafkaApi-2] Error when handling request: clientId=adminclient-192, correlationId=9, api=DELETE_ACLS, version=1, body={filters=[{resource_type=2,resource_name=foobar,resource_pattern_type_filter=3,principal=User:ANONYMOUS,host=*,operation=3,permission_type=3},{resource_type=5,resource_name=transactional_id,resource_pattern_type_filter=3,principal=User:ANONYMOUS,host=*,operation=4,permission_type=3}]} (kafka.server.KafkaApis:76)
org.apache.kafka.common.errors.ClusterAuthorizationException: Request Request(processor=1, connectionId=127.0.0.1:56627-127.0.0.1:56691-0, session=Session(User:ANONYMOUS,/127.0.0.1), listenerName=ListenerName(SSL), securityProtocol=SSL, buffer=null) is not authorized.
[2020-01-15 10:30:57,725] ERROR [KafkaApi-2] Error when handling request: clientId=adminclient-192, correlationId=18, api=DESCRIBE_ACLS, version=1, body={resource_type=2,resource_name=*,resource_pattern_type_filter=3,principal=User:*,host=*,operation=2,permission_type=3} (kafka.server.KafkaApis:76)
org.apache.kafka.common.errors.ClusterAuthorizationException: Request Request(processor=1, connectionId=127.0.0.1:56627-127.0.0.1:56691-0, session=Session(User:ANONYMOUS,/127.0.0.1), listenerName=ListenerName(SSL), securityProtocol=SSL, buffer=null) is not authorized.
[2020-01-15 10:30:57,725] ERROR [KafkaApi-2] Error when handling request: clientId=adminclient-192, correlationId=19, api=CREATE_ACLS, version=1, body={creations=[{resource_type=2,resource_name=foobar,resource_pattern_type=3,principal=User:ANONYMOUS,host=*,operation=3,permission_type=3},{resource_type=5,resource_name=transactional_id,resource_pattern_type=3,principal=User:ANONYMOUS,host=*,operation=4,permission_type=3}]} (kafka.server.KafkaApis:76)
org.apache.kafka.common.errors.ClusterAuthorizationException: Request Request(processor=1, connectionId=127.0.0.1:56627-127.0.0.1:56691-0, session=Session(User:ANONYMOUS,/127.0.0.1), listenerName=ListenerName(SSL), securityProtocol=SSL, buffer=null) is not authorized.
[2020-01-15 10:30:57,726] ERROR [KafkaApi-2] Error when handling request: clientId=adminclient-192, correlationId=20, api=DELETE_ACLS, version=1, body={filters=[{resource_type=2,resource_name=foobar,resource_pattern_type_filter=3,principal=User:ANONYMOUS,host=*,operation=3,permission_type=3},{resource_type=5,resource_name=transactional_id,resource_pattern_type_filter=3,principal=User:ANONYMOUS,host=*,operation=4,permission_type=3}]} (kafka.server.KafkaApis:76)
org.apache.kafka.common.errors.ClusterAuthorizationException: Request Request(processor=1, connectionId=127.0.0.1:56627-127.0.0.1:56691-0, session=Session(User:ANONYMOUS,/127.0.0.1), listenerName=ListenerName(SSL), securityProtocol=SSL, buffer=null) is not authorized.
[2020-01-15 10:30:57,728] ERROR [KafkaApi-2] Error when handling request: clientId=adminclient-192, correlationId=21, api=DESCRIBE_ACLS, version=1, body={resource_type=2,resource_name=*,resource_pattern_type_filter=3,principal=User:*,host=*,operation=2,permission_type=3} (kafka.server.KafkaApis:76)
org.apache.kafka.common.errors.ClusterAuthorizationException: Request Request(processor=1, connectionId=127.0.0.1:56627-127.0.0.1:56691-0, session=Session(User:ANONYMOUS,/127.0.0.1), listenerName=ListenerName(SSL), securityProtocol=SSL, buffer=null) is not authorized.
[2020-01-15 10:30:57,829] ERROR [KafkaApi-2] Error when handling request: clientId=adminclient-192, correlationId=23, api=CREATE_ACLS, version=1, body={creations=[{resource_type=2,resource_name=foobar,resource_pattern_type=3,principal=User:ANONYMOUS,host=*,operation=3,permission_type=3},{resource_type=5,resource_name=transactional_id,resource_pattern_type=3,principal=User:ANONYMOUS,host=*,operation=4,permission_type=3}]} (kafka.server.KafkaApis:76)
org.apache.kafka.common.errors.ClusterAuthorizationException: Request Request(processor=1, connectionId=127.0.0.1:56627-127.0.0.1:56691-0, session=Session(User:ANONYMOUS,/127.0.0.1), listenerName=ListenerName(SSL), securityProtocol=SSL, buffer=null) is not authorized.
[2020-01-15 10:30:57,830] ERROR [KafkaApi-2] Error when handling request: clientId=adminclient-192, correlationId=24, api=DELETE_ACLS, version=1, body={filters=[{resource_type=2,resource_name=foobar,resource_pattern_type_filter=3,principal=User:ANONYMOUS,host=*,operation=3,permission_type=3},{resource_type=5,resource_name=transactional_id,resource_pattern_type_filter=3,principal=User:ANONYMOUS,host=*,operation=4,permission_type=3}]} (kafka.server.KafkaApis:76)
org.apache.kafka.common.errors.ClusterAuthorizationException: Request Request(processor=1, connectionId=127.0.0.1:56627-127.0.0.1:56691-0, session=Session(User:ANONYMOUS,/127.0.0.1), listenerName=ListenerName(SSL), securityProtocol=SSL, buffer=null) is not authorized.
[2020-01-15 10:31:31,710] ERROR [ReplicaFetcher replicaId=2, leaderId=0, fetcherId=0] Error for partition mytopic2-1 at offset 0 (kafka.server.ReplicaFetcherThread:76)
org.apache.kafka.common.errors.UnknownTopicOrPartitionException: This server does not host this topic-partition.
]]></system-out>
  <system-err><![CDATA[]]></system-err>
</testsuite>
