<?xml version="1.0" encoding="UTF-8"?>
<testsuite name="kafka.security.auth.ResourceTest" tests="7" skipped="0" failures="0" errors="0" timestamp="2020-01-15T02:21:53" hostname="localhost" time="0.005">
  <properties/>
  <testcase name="shouldParseOldTwoPartString" classname="kafka.security.auth.ResourceTest" time="0.002"/>
  <testcase name="shouldParseOldTwoPartWithEmbeddedSeparators" classname="kafka.security.auth.ResourceTest" time="0.0"/>
  <testcase name="shouldThrowOnTwoPartStringWithUnknownResourceType" classname="kafka.security.auth.ResourceTest" time="0.0"/>
  <testcase name="shouldThrowOnBadResourceTypeSeparator" classname="kafka.security.auth.ResourceTest" time="0.0"/>
  <testcase name="shouldParseThreePartString" classname="kafka.security.auth.ResourceTest" time="0.001"/>
  <testcase name="shouldRoundTripViaString" classname="kafka.security.auth.ResourceTest" time="0.0"/>
  <testcase name="shouldParseThreePartWithEmbeddedSeparators" classname="kafka.security.auth.ResourceTest" time="0.0"/>
  <system-out><![CDATA[]]></system-out>
  <system-err><![CDATA[]]></system-err>
</testsuite>
