<?xml version="1.0" encoding="UTF-8"?>
<testsuite name="kafka.coordinator.transaction.TransactionMarkerRequestCompletionHandlerTest" tests="18" skipped="0" failures="0" errors="0" timestamp="2020-01-15T02:32:58" hostname="localhost" time="0.044">
  <properties/>
  <testcase name="shouldRetryPartitionWhenNotLeaderForPartitionError" classname="kafka.coordinator.transaction.TransactionMarkerRequestCompletionHandlerTest" time="0.029"/>
  <testcase name="shouldRemoveTopicPartitionFromWaitingSetOnUnsupportedForMessageFormat" classname="kafka.coordinator.transaction.TransactionMarkerRequestCompletionHandlerTest" time="0.001"/>
  <testcase name="shouldThrowIllegalStateExceptionWhenRecordListTooLargeError" classname="kafka.coordinator.transaction.TransactionMarkerRequestCompletionHandlerTest" time="0.001"/>
  <testcase name="shouldCompleteDelayedOperationWhenInvalidProducerEpoch" classname="kafka.coordinator.transaction.TransactionMarkerRequestCompletionHandlerTest" time="0.001"/>
  <testcase name="shouldThrowIllegalStateExceptionWhenInvalidRequiredAcksError" classname="kafka.coordinator.transaction.TransactionMarkerRequestCompletionHandlerTest" time="0.001"/>
  <testcase name="shouldReEnqueuePartitionsWhenBrokerDisconnected" classname="kafka.coordinator.transaction.TransactionMarkerRequestCompletionHandlerTest" time="0.001"/>
  <testcase name="shouldRetryPartitionWhenNotEnoughReplicasError" classname="kafka.coordinator.transaction.TransactionMarkerRequestCompletionHandlerTest" time="0.0"/>
  <testcase name="shouldCompleteDelayedOperationWhenNoErrors" classname="kafka.coordinator.transaction.TransactionMarkerRequestCompletionHandlerTest" time="0.001"/>
  <testcase name="shouldThrowIllegalStateExceptionWhenCorruptMessageError" classname="kafka.coordinator.transaction.TransactionMarkerRequestCompletionHandlerTest" time="0.0"/>
  <testcase name="shouldCompleteDelayedOperationWhenCoordinatorLoading" classname="kafka.coordinator.transaction.TransactionMarkerRequestCompletionHandlerTest" time="0.001"/>
  <testcase name="shouldCompleteDelayedOperationWheCoordinatorEpochFenced" classname="kafka.coordinator.transaction.TransactionMarkerRequestCompletionHandlerTest" time="0.0"/>
  <testcase name="shouldThrowIllegalStateExceptionWhenUnknownError" classname="kafka.coordinator.transaction.TransactionMarkerRequestCompletionHandlerTest" time="0.001"/>
  <testcase name="shouldCompleteDelayedOperationWhenNotCoordinator" classname="kafka.coordinator.transaction.TransactionMarkerRequestCompletionHandlerTest" time="0.001"/>
  <testcase name="shouldCompleteDelayedOperationWhenCoordinatorEpochChanged" classname="kafka.coordinator.transaction.TransactionMarkerRequestCompletionHandlerTest" time="0.0"/>
  <testcase name="shouldRetryPartitionWhenUnknownTopicOrPartitionError" classname="kafka.coordinator.transaction.TransactionMarkerRequestCompletionHandlerTest" time="0.001"/>
  <testcase name="shouldRetryPartitionWhenNotEnoughReplicasAfterAppendError" classname="kafka.coordinator.transaction.TransactionMarkerRequestCompletionHandlerTest" time="0.001"/>
  <testcase name="shouldThrowIllegalStateExceptionWhenMessageTooLargeError" classname="kafka.coordinator.transaction.TransactionMarkerRequestCompletionHandlerTest" time="0.0"/>
  <testcase name="shouldThrowIllegalStateExceptionIfErrorCodeNotAvailableForPid" classname="kafka.coordinator.transaction.TransactionMarkerRequestCompletionHandlerTest" time="0.001"/>
  <system-out><![CDATA[]]></system-out>
  <system-err><![CDATA[]]></system-err>
</testsuite>
