<?xml version="1.0" encoding="UTF-8"?>
<testsuite name="kafka.server.AlterReplicaLogDirsRequestTest" tests="2" skipped="0" failures="0" errors="0" timestamp="2020-01-15T02:37:11" hostname="localhost" time="14.452">
  <properties/>
  <testcase name="testAlterReplicaLogDirsRequest" classname="kafka.server.AlterReplicaLogDirsRequestTest" time="6.84"/>
  <testcase name="testAlterReplicaLogDirsRequestErrorCode" classname="kafka.server.AlterReplicaLogDirsRequestTest" time="7.612"/>
  <system-out><![CDATA[[2020-01-15 10:37:12,376] ERROR [ReplicaManager broker=0] Error while changing replica dir for partition topic-0 (kafka.server.ReplicaManager:76)
org.apache.kafka.common.errors.UnknownTopicOrPartitionException: Error while fetching partition state for topic-0
[2020-01-15 10:37:12,376] ERROR [ReplicaManager broker=0] Error while changing replica dir for partition topic-2 (kafka.server.ReplicaManager:76)
org.apache.kafka.common.errors.UnknownTopicOrPartitionException: Error while fetching partition state for topic-2
[2020-01-15 10:37:12,376] ERROR [ReplicaManager broker=0] Error while changing replica dir for partition topic-1 (kafka.server.ReplicaManager:76)
org.apache.kafka.common.errors.UnknownTopicOrPartitionException: Error while fetching partition state for topic-1
[2020-01-15 10:37:12,377] ERROR [ReplicaManager broker=0] Error while changing replica dir for partition topic-4 (kafka.server.ReplicaManager:76)
org.apache.kafka.common.errors.UnknownTopicOrPartitionException: Error while fetching partition state for topic-4
[2020-01-15 10:37:12,377] ERROR [ReplicaManager broker=0] Error while changing replica dir for partition topic-3 (kafka.server.ReplicaManager:76)
org.apache.kafka.common.errors.UnknownTopicOrPartitionException: Error while fetching partition state for topic-3
[2020-01-15 10:37:19,354] ERROR [ReplicaManager broker=0] Error while changing replica dir for partition topic-1 (kafka.server.ReplicaManager:76)
org.apache.kafka.common.errors.UnknownTopicOrPartitionException: Error while fetching partition state for topic-1
[2020-01-15 10:37:19,775] ERROR  (kafka.server.LogDirFailureChannel:76)
java.io.IOException
	at kafka.server.AlterReplicaLogDirsRequestTest.testAlterReplicaLogDirsRequestErrorCode(AlterReplicaLogDirsRequestTest.scala:100)
	at sun.reflect.NativeMethodAccessorImpl.invoke0(Native Method)
	at sun.reflect.NativeMethodAccessorImpl.invoke(NativeMethodAccessorImpl.java:62)
	at sun.reflect.DelegatingMethodAccessorImpl.invoke(DelegatingMethodAccessorImpl.java:43)
	at java.lang.reflect.Method.invoke(Method.java:498)
	at org.junit.runners.model.FrameworkMethod$1.runReflectiveCall(FrameworkMethod.java:59)
	at org.junit.internal.runners.model.ReflectiveCallable.run(ReflectiveCallable.java:12)
	at org.junit.runners.model.FrameworkMethod.invokeExplosively(FrameworkMethod.java:56)
	at org.junit.internal.runners.statements.InvokeMethod.evaluate(InvokeMethod.java:17)
	at org.junit.internal.runners.statements.RunBefores.evaluate(RunBefores.java:26)
	at org.junit.internal.runners.statements.RunAfters.evaluate(RunAfters.java:27)
	at org.junit.runners.ParentRunner$3.evaluate(ParentRunner.java:306)
	at org.junit.runners.BlockJUnit4ClassRunner$1.evaluate(BlockJUnit4ClassRunner.java:100)
	at org.junit.runners.ParentRunner.runLeaf(ParentRunner.java:366)
	at org.junit.runners.BlockJUnit4ClassRunner.runChild(BlockJUnit4ClassRunner.java:103)
	at org.junit.runners.BlockJUnit4ClassRunner.runChild(BlockJUnit4ClassRunner.java:63)
	at org.junit.runners.ParentRunner$4.run(ParentRunner.java:331)
	at org.junit.runners.ParentRunner$1.schedule(ParentRunner.java:79)
	at org.junit.runners.ParentRunner.runChildren(ParentRunner.java:329)
	at org.junit.runners.ParentRunner.access$100(ParentRunner.java:66)
	at org.junit.runners.ParentRunner$2.evaluate(ParentRunner.java:293)
	at org.junit.internal.runners.statements.RunBefores.evaluate(RunBefores.java:26)
	at org.junit.internal.runners.statements.RunAfters.evaluate(RunAfters.java:27)
	at org.junit.runners.ParentRunner$3.evaluate(ParentRunner.java:306)
	at org.junit.runners.ParentRunner.run(ParentRunner.java:413)
	at org.gradle.api.internal.tasks.testing.junit.JUnitTestClassExecutor.runTestClass(JUnitTestClassExecutor.java:110)
	at org.gradle.api.internal.tasks.testing.junit.JUnitTestClassExecutor.execute(JUnitTestClassExecutor.java:58)
	at org.gradle.api.internal.tasks.testing.junit.JUnitTestClassExecutor.execute(JUnitTestClassExecutor.java:38)
	at org.gradle.api.internal.tasks.testing.junit.AbstractJUnitTestClassProcessor.processTestClass(AbstractJUnitTestClassProcessor.java:62)
	at org.gradle.api.internal.tasks.testing.SuiteTestClassProcessor.processTestClass(SuiteTestClassProcessor.java:51)
	at sun.reflect.NativeMethodAccessorImpl.invoke0(Native Method)
	at sun.reflect.NativeMethodAccessorImpl.invoke(NativeMethodAccessorImpl.java:62)
	at sun.reflect.DelegatingMethodAccessorImpl.invoke(DelegatingMethodAccessorImpl.java:43)
	at java.lang.reflect.Method.invoke(Method.java:498)
	at org.gradle.internal.dispatch.ReflectionDispatch.dispatch(ReflectionDispatch.java:36)
	at org.gradle.internal.dispatch.ReflectionDispatch.dispatch(ReflectionDispatch.java:24)
	at org.gradle.internal.dispatch.ContextClassLoaderDispatch.dispatch(ContextClassLoaderDispatch.java:33)
	at org.gradle.internal.dispatch.ProxyDispatchAdapter$DispatchingInvocationHandler.invoke(ProxyDispatchAdapter.java:94)
	at com.sun.proxy.$Proxy2.processTestClass(Unknown Source)
	at org.gradle.api.internal.tasks.testing.worker.TestWorker.processTestClass(TestWorker.java:118)
	at sun.reflect.NativeMethodAccessorImpl.invoke0(Native Method)
	at sun.reflect.NativeMethodAccessorImpl.invoke(NativeMethodAccessorImpl.java:62)
	at sun.reflect.DelegatingMethodAccessorImpl.invoke(DelegatingMethodAccessorImpl.java:43)
	at java.lang.reflect.Method.invoke(Method.java:498)
	at org.gradle.internal.dispatch.ReflectionDispatch.dispatch(ReflectionDispatch.java:36)
	at org.gradle.internal.dispatch.ReflectionDispatch.dispatch(ReflectionDispatch.java:24)
	at org.gradle.internal.remote.internal.hub.MessageHubBackedObjectConnection$DispatchWrapper.dispatch(MessageHubBackedObjectConnection.java:182)
	at org.gradle.internal.remote.internal.hub.MessageHubBackedObjectConnection$DispatchWrapper.dispatch(MessageHubBackedObjectConnection.java:164)
	at org.gradle.internal.remote.internal.hub.MessageHub$Handler.run(MessageHub.java:412)
	at org.gradle.internal.concurrent.ExecutorPolicy$CatchAndRecordFailures.onExecute(ExecutorPolicy.java:64)
	at org.gradle.internal.concurrent.ManagedExecutorImpl$1.run(ManagedExecutorImpl.java:48)
	at java.util.concurrent.ThreadPoolExecutor.runWorker(ThreadPoolExecutor.java:1149)
	at java.util.concurrent.ThreadPoolExecutor$Worker.run(ThreadPoolExecutor.java:624)
	at org.gradle.internal.concurrent.ThreadFactoryImpl$ManagedThreadRunnable.run(ThreadFactoryImpl.java:56)
	at java.lang.Thread.run(Thread.java:748)
]]></system-out>
  <system-err><![CDATA[]]></system-err>
</testsuite>
