<?xml version="1.0" encoding="UTF-8"?>
<testsuite name="kafka.server.HighwatermarkPersistenceTest" tests="2" skipped="0" failures="0" errors="0" timestamp="2020-01-15T02:29:28" hostname="localhost" time="1.747">
  <properties/>
  <testcase name="testHighWatermarkPersistenceMultiplePartitions" classname="kafka.server.HighwatermarkPersistenceTest" time="1.043"/>
  <testcase name="testHighWatermarkPersistenceSinglePartition" classname="kafka.server.HighwatermarkPersistenceTest" time="0.703"/>
  <system-out><![CDATA[]]></system-out>
  <system-err><![CDATA[]]></system-err>
</testsuite>
