<?xml version="1.0" encoding="UTF-8"?>
<testsuite name="kafka.coordinator.transaction.TransactionLogTest" tests="4" skipped="0" failures="0" errors="0" timestamp="2020-01-15T02:21:48" hostname="localhost" time="0.004">
  <properties/>
  <testcase name="shouldReadWriteMessages" classname="kafka.coordinator.transaction.TransactionLogTest" time="0.003"/>
  <testcase name="testTransactionMetadataParsing" classname="kafka.coordinator.transaction.TransactionLogTest" time="0.0"/>
  <testcase name="testTransactionMetadataTombstoneParsing" classname="kafka.coordinator.transaction.TransactionLogTest" time="0.0"/>
  <testcase name="shouldThrowExceptionWriteInvalidTxn" classname="kafka.coordinator.transaction.TransactionLogTest" time="0.0"/>
  <system-out><![CDATA[]]></system-out>
  <system-err><![CDATA[]]></system-err>
</testsuite>
