<?xml version="1.0" encoding="UTF-8"?>
<testsuite name="kafka.server.FetchRequestMaxBytesTest" tests="1" skipped="0" failures="0" errors="0" timestamp="2020-01-15T02:47:05" hostname="localhost" time="5.33">
  <properties/>
  <testcase name="testConsumeMultipleRecords" classname="kafka.server.FetchRequestMaxBytesTest" time="5.33"/>
  <system-out><![CDATA[]]></system-out>
  <system-err><![CDATA[]]></system-err>
</testsuite>
