<?xml version="1.0" encoding="UTF-8"?>
<testsuite name="kafka.server.DescribeLogDirsRequestTest" tests="1" skipped="0" failures="0" errors="0" timestamp="2020-01-15T02:37:37" hostname="localhost" time="8.34">
  <properties/>
  <testcase name="testDescribeLogDirsRequest" classname="kafka.server.DescribeLogDirsRequestTest" time="8.34"/>
  <system-out><![CDATA[]]></system-out>
  <system-err><![CDATA[]]></system-err>
</testsuite>
