<?xml version="1.0" encoding="UTF-8"?>
<testsuite name="kafka.api.LogAppendTimeTest" tests="1" skipped="0" failures="0" errors="0" timestamp="2020-01-15T02:13:27" hostname="localhost" time="9.267">
  <properties/>
  <testcase name="testProduceConsume" classname="kafka.api.LogAppendTimeTest" time="9.267"/>
  <system-out><![CDATA[]]></system-out>
  <system-err><![CDATA[]]></system-err>
</testsuite>
