<?xml version="1.0" encoding="UTF-8"?>
<testsuite name="kafka.server.KafkaMetricReporterClusterIdTest" tests="1" skipped="0" failures="0" errors="0" timestamp="2020-01-15T02:47:10" hostname="localhost" time="4.329">
  <properties/>
  <testcase name="testClusterIdPresent" classname="kafka.server.KafkaMetricReporterClusterIdTest" time="4.329"/>
  <system-out><![CDATA[]]></system-out>
  <system-err><![CDATA[]]></system-err>
</testsuite>
