<?xml version="1.0" encoding="UTF-8"?>
<testsuite name="kafka.api.DescribeAuthorizedOperationsTest" tests="3" skipped="0" failures="0" errors="0" timestamp="2020-01-15T02:13:25" hostname="localhost" time="51.467">
  <properties/>
  <testcase name="testClusterAuthorizedOperations" classname="kafka.api.DescribeAuthorizedOperationsTest" time="27.1"/>
  <testcase name="testTopicAuthorizedOperations" classname="kafka.api.DescribeAuthorizedOperationsTest" time="10.377"/>
  <testcase name="testConsumerGroupAuthorizedOperations" classname="kafka.api.DescribeAuthorizedOperationsTest" time="13.99"/>
  <system-out><![CDATA[Debug is  true storeKey true useTicketCache false useKeyTab true doNotPrompt false ticketCache is null isInitiator true KeyTab is /var/folders/b3/bhnnh3l53jjdfgphtx91qd1h0000gn/T/kafka4648462944729255727.tmp refreshKrb5Config is false principal is kafka/localhost@EXAMPLE.COM tryFirstPass is false useFirstPass is false storePass is false clearPass is false
principal is kafka/localhost@EXAMPLE.COM
Will use keytab
Commit Succeeded 

Debug is  true storeKey true useTicketCache false useKeyTab true doNotPrompt false ticketCache is null isInitiator true KeyTab is /var/folders/b3/bhnnh3l53jjdfgphtx91qd1h0000gn/T/kafka7679198652656049727.tmp refreshKrb5Config is false principal is client2@EXAMPLE.COM tryFirstPass is false useFirstPass is false storePass is false clearPass is false
principal is client2@EXAMPLE.COM
Will use keytab
Commit Succeeded 

Debug is  true storeKey true useTicketCache false useKeyTab true doNotPrompt false ticketCache is null isInitiator true KeyTab is /var/folders/b3/bhnnh3l53jjdfgphtx91qd1h0000gn/T/kafka7100780772942380252.tmp refreshKrb5Config is false principal is kafka/localhost@EXAMPLE.COM tryFirstPass is false useFirstPass is false storePass is false clearPass is false
principal is kafka/localhost@EXAMPLE.COM
Will use keytab
Commit Succeeded 

Debug is  true storeKey true useTicketCache false useKeyTab true doNotPrompt false ticketCache is null isInitiator true KeyTab is /var/folders/b3/bhnnh3l53jjdfgphtx91qd1h0000gn/T/kafka4299305392484651139.tmp refreshKrb5Config is false principal is client2@EXAMPLE.COM tryFirstPass is false useFirstPass is false storePass is false clearPass is false
principal is client2@EXAMPLE.COM
Will use keytab
Commit Succeeded 

Debug is  true storeKey true useTicketCache false useKeyTab true doNotPrompt false ticketCache is null isInitiator true KeyTab is /var/folders/b3/bhnnh3l53jjdfgphtx91qd1h0000gn/T/kafka1649313123144994313.tmp refreshKrb5Config is false principal is kafka/localhost@EXAMPLE.COM tryFirstPass is false useFirstPass is false storePass is false clearPass is false
principal is kafka/localhost@EXAMPLE.COM
Will use keytab
Commit Succeeded 

Debug is  true storeKey true useTicketCache false useKeyTab true doNotPrompt false ticketCache is null isInitiator true KeyTab is /var/folders/b3/bhnnh3l53jjdfgphtx91qd1h0000gn/T/kafka3202810757374927767.tmp refreshKrb5Config is false principal is client2@EXAMPLE.COM tryFirstPass is false useFirstPass is false storePass is false clearPass is false
principal is client2@EXAMPLE.COM
Will use keytab
Commit Succeeded 

]]></system-out>
  <system-err><![CDATA[]]></system-err>
</testsuite>
