<?xml version="1.0" encoding="UTF-8"?>
<testsuite name="kafka.server.epoch.OffsetsForLeaderEpochTest" tests="3" skipped="0" failures="0" errors="0" timestamp="2020-01-15T02:33:00" hostname="localhost" time="0.094">
  <properties/>
  <testcase name="shouldGetEpochsFromReplica" classname="kafka.server.epoch.OffsetsForLeaderEpochTest" time="0.048"/>
  <testcase name="shouldReturnUnknownTopicOrPartitionIfThrown" classname="kafka.server.epoch.OffsetsForLeaderEpochTest" time="0.044"/>
  <testcase name="shouldReturnNoLeaderForPartitionIfThrown" classname="kafka.server.epoch.OffsetsForLeaderEpochTest" time="0.002"/>
  <system-out><![CDATA[]]></system-out>
  <system-err><![CDATA[]]></system-err>
</testsuite>
