<?xml version="1.0" encoding="UTF-8"?>
<testsuite name="kafka.server.checkpoints.LeaderEpochCheckpointFileTest" tests="2" skipped="0" failures="0" errors="0" timestamp="2020-01-15T02:28:05" hostname="localhost" time="0.177">
  <properties/>
  <testcase name="shouldPersistAndOverwriteAndReloadFile" classname="kafka.server.checkpoints.LeaderEpochCheckpointFileTest" time="0.174"/>
  <testcase name="shouldRetainValuesEvenIfCheckpointIsRecreated" classname="kafka.server.checkpoints.LeaderEpochCheckpointFileTest" time="0.003"/>
  <system-out><![CDATA[]]></system-out>
  <system-err><![CDATA[]]></system-err>
</testsuite>
