<?xml version="1.0" encoding="UTF-8"?>
<testsuite name="kafka.api.ApiVersionTest" tests="5" skipped="0" failures="0" errors="0" timestamp="2020-01-15T02:14:49" hostname="localhost" time="0.002">
  <properties/>
  <testcase name="testApiVersionUniqueIds" classname="kafka.api.ApiVersionTest" time="0.0"/>
  <testcase name="testMinSupportedVersionFor" classname="kafka.api.ApiVersionTest" time="0.001"/>
  <testcase name="testShortVersion" classname="kafka.api.ApiVersionTest" time="0.0"/>
  <testcase name="testApply" classname="kafka.api.ApiVersionTest" time="0.0"/>
  <testcase name="testApiVersionValidator" classname="kafka.api.ApiVersionTest" time="0.001"/>
  <system-out><![CDATA[]]></system-out>
  <system-err><![CDATA[]]></system-err>
</testsuite>
