<?xml version="1.0" encoding="UTF-8"?>
<testsuite name="kafka.security.auth.ResourceTypeTest" tests="2" skipped="0" failures="0" errors="0" timestamp="2020-01-15T02:28:22" hostname="localhost" time="0.001">
  <properties/>
  <testcase name="testJavaConversions" classname="kafka.security.auth.ResourceTypeTest" time="0.001"/>
  <testcase name="testFromString" classname="kafka.security.auth.ResourceTypeTest" time="0.0"/>
  <system-out><![CDATA[]]></system-out>
  <system-err><![CDATA[]]></system-err>
</testsuite>
