<?xml version="1.0" encoding="UTF-8"?>
<testsuite name="kafka.controller.ControllerFailoverTest" tests="1" skipped="0" failures="0" errors="0" timestamp="2020-01-15T02:32:53" hostname="localhost" time="4.509">
  <properties/>
  <testcase name="testHandleIllegalStateException" classname="kafka.controller.ControllerFailoverTest" time="4.509"/>
  <system-out><![CDATA[[2020-01-15 10:32:53,470] ERROR [Controller id=0] Forcing the controller to resign (kafka.controller.KafkaController:74)
]]></system-out>
  <system-err><![CDATA[]]></system-err>
</testsuite>
