<?xml version="1.0" encoding="UTF-8"?>
<testsuite name="kafka.security.auth.OperationTest" tests="1" skipped="0" failures="0" errors="0" timestamp="2020-01-15T02:28:05" hostname="localhost" time="0.009">
  <properties/>
  <testcase name="testJavaConversions" classname="kafka.security.auth.OperationTest" time="0.009"/>
  <system-out><![CDATA[]]></system-out>
  <system-err><![CDATA[]]></system-err>
</testsuite>
