<?xml version="1.0" encoding="UTF-8"?>
<testsuite name="kafka.utils.PasswordEncoderTest" tests="3" skipped="0" failures="0" errors="0" timestamp="2020-01-15T02:40:38" hostname="localhost" time="0.191">
  <properties/>
  <testcase name="testEncoderConfigChange" classname="kafka.utils.PasswordEncoderTest" time="0.007"/>
  <testcase name="testEncodeDecodeAlgorithms" classname="kafka.utils.PasswordEncoderTest" time="0.166"/>
  <testcase name="testEncodeDecode" classname="kafka.utils.PasswordEncoderTest" time="0.018"/>
  <system-out><![CDATA[]]></system-out>
  <system-err><![CDATA[]]></system-err>
</testsuite>
