<?xml version="1.0" encoding="UTF-8"?>
<testsuite name="kafka.admin.BrokerApiVersionsCommandTest" tests="1" skipped="0" failures="0" errors="0" timestamp="2020-01-15T02:11:58" hostname="localhost" time="13.64">
  <properties/>
  <testcase name="checkBrokerApiVersionCommandOutput" classname="kafka.admin.BrokerApiVersionsCommandTest" time="13.64"/>
  <system-out><![CDATA[]]></system-out>
  <system-err><![CDATA[]]></system-err>
</testsuite>
