<?xml version="1.0" encoding="UTF-8"?>
<testsuite name="kafka.server.DelayedFetchTest" tests="3" skipped="0" failures="0" errors="0" timestamp="2020-01-15T02:33:00" hostname="localhost" time="0.156">
  <properties/>
  <testcase name="testReplicaNotAvailable" classname="kafka.server.DelayedFetchTest" time="0.129"/>
  <testcase name="testCompleteWhenFollowerLaggingHW" classname="kafka.server.DelayedFetchTest" time="0.026"/>
  <testcase name="testFetchWithFencedEpoch" classname="kafka.server.DelayedFetchTest" time="0.001"/>
  <system-out><![CDATA[]]></system-out>
  <system-err><![CDATA[]]></system-err>
</testsuite>
