<?xml version="1.0" encoding="UTF-8"?>
<testsuite name="kafka.log.TransactionIndexTest" tests="8" skipped="0" failures="0" errors="0" timestamp="2020-01-15T02:21:53" hostname="localhost" time="0.013">
  <properties/>
  <testcase name="testTruncate" classname="kafka.log.TransactionIndexTest" time="0.007"/>
  <testcase name="testAbortedTxnSerde" classname="kafka.log.TransactionIndexTest" time="0.0"/>
  <testcase name="testRenameIndex" classname="kafka.log.TransactionIndexTest" time="0.0"/>
  <testcase name="testPositionSetCorrectlyWhenOpened" classname="kafka.log.TransactionIndexTest" time="0.001"/>
  <testcase name="testLastOffsetCannotDecrease" classname="kafka.log.TransactionIndexTest" time="0.001"/>
  <testcase name="testLastOffsetMustIncrease" classname="kafka.log.TransactionIndexTest" time="0.0"/>
  <testcase name="testSanityCheck" classname="kafka.log.TransactionIndexTest" time="0.002"/>
  <testcase name="testCollectAbortedTransactions" classname="kafka.log.TransactionIndexTest" time="0.001"/>
  <system-out><![CDATA[]]></system-out>
  <system-err><![CDATA[]]></system-err>
</testsuite>
