<?xml version="1.0" encoding="UTF-8"?>
<testsuite name="kafka.server.DelegationTokenRequestsWithDisableTokenFeatureTest" tests="1" skipped="0" failures="0" errors="0" timestamp="2020-01-15T02:25:21" hostname="localhost" time="6.547">
  <properties/>
  <testcase name="testDelegationTokenRequests" classname="kafka.server.DelegationTokenRequestsWithDisableTokenFeatureTest" time="6.547"/>
  <system-out><![CDATA[[2020-01-15 10:25:21,616] WARN SASL configuration failed: javax.security.auth.login.LoginException: No JAAS configuration section named 'Client' was found in specified JAAS configuration file: '/var/folders/b3/bhnnh3l53jjdfgphtx91qd1h0000gn/T/kafka2263746469789763589.tmp'. Will continue connection to Zookeeper server without SASL authentication, if Zookeeper server allows it. (org.apache.zookeeper.ClientCnxn:1094)
[2020-01-15 10:25:21,617] ERROR [ZooKeeperClient] Auth failed. (kafka.zookeeper.ZooKeeperClient:74)
[2020-01-15 10:25:21,675] WARN SASL configuration failed: javax.security.auth.login.LoginException: No JAAS configuration section named 'Client' was found in specified JAAS configuration file: '/var/folders/b3/bhnnh3l53jjdfgphtx91qd1h0000gn/T/kafka2263746469789763589.tmp'. Will continue connection to Zookeeper server without SASL authentication, if Zookeeper server allows it. (org.apache.zookeeper.ClientCnxn:1094)
[2020-01-15 10:25:21,676] ERROR [ZooKeeperClient Kafka server] Auth failed. (kafka.zookeeper.ZooKeeperClient:74)
]]></system-out>
  <system-err><![CDATA[]]></system-err>
</testsuite>
