<?xml version="1.0" encoding="UTF-8"?>
<testsuite name="kafka.server.ReplicationQuotaManagerTest" tests="3" skipped="0" failures="0" errors="0" timestamp="2020-01-15T02:28:09" hostname="localhost" time="0.003">
  <properties/>
  <testcase name="shouldThrottleOnlyDefinedReplicas" classname="kafka.server.ReplicationQuotaManagerTest" time="0.001"/>
  <testcase name="shouldSupportWildcardThrottledReplicas" classname="kafka.server.ReplicationQuotaManagerTest" time="0.0"/>
  <testcase name="shouldExceedQuotaThenReturnBackBelowBoundAsTimePasses" classname="kafka.server.ReplicationQuotaManagerTest" time="0.002"/>
  <system-out><![CDATA[]]></system-out>
  <system-err><![CDATA[]]></system-err>
</testsuite>
