<?xml version="1.0" encoding="UTF-8"?>
<testsuite name="unit.kafka.utils.ThrottlerTest" tests="1" skipped="0" failures="0" errors="0" timestamp="2020-01-15T02:29:01" hostname="localhost" time="0.007">
  <properties/>
  <testcase name="testThrottleDesiredRate" classname="unit.kafka.utils.ThrottlerTest" time="0.007"/>
  <system-out><![CDATA[]]></system-out>
  <system-err><![CDATA[]]></system-err>
</testsuite>
