<?xml version="1.0" encoding="UTF-8"?>
<testsuite name="kafka.admin.TimeConversionTests" tests="1" skipped="0" failures="0" errors="0" timestamp="2020-01-15T02:14:07" hostname="localhost" time="0.029">
  <properties/>
  <testcase name="testDateTimeFormats" classname="kafka.admin.TimeConversionTests" time="0.029"/>
  <system-out><![CDATA[]]></system-out>
  <system-err><![CDATA[]]></system-err>
</testsuite>
