<?xml version="1.0" encoding="UTF-8"?>
<testsuite name="kafka.server.CreateTopicsRequestWithPolicyTest" tests="2" skipped="0" failures="0" errors="0" timestamp="2020-01-15T02:37:25" hostname="localhost" time="11.915">
  <properties/>
  <testcase name="testValidCreateTopicsRequests" classname="kafka.server.CreateTopicsRequestWithPolicyTest" time="5.757"/>
  <testcase name="testErrorCreateTopicsRequests" classname="kafka.server.CreateTopicsRequestWithPolicyTest" time="6.158"/>
  <system-out><![CDATA[[2020-01-15 10:37:26,712] ERROR [ReplicaFetcher replicaId=1, leaderId=0, fetcherId=0] Error for partition topic4-1 at offset 0 (kafka.server.ReplicaFetcherThread:76)
org.apache.kafka.common.errors.UnknownTopicOrPartitionException: This server does not host this topic-partition.
]]></system-out>
  <system-err><![CDATA[]]></system-err>
</testsuite>
