<?xml version="1.0" encoding="UTF-8"?>
<testsuite name="kafka.server.DeleteTopicsRequestWithDeletionDisabledTest" tests="1" skipped="0" failures="0" errors="0" timestamp="2020-01-15T02:29:21" hostname="localhost" time="6.674">
  <properties/>
  <testcase name="testDeleteRecordsRequest" classname="kafka.server.DeleteTopicsRequestWithDeletionDisabledTest" time="6.674"/>
  <system-out><![CDATA[]]></system-out>
  <system-err><![CDATA[]]></system-err>
</testsuite>
