<?xml version="1.0" encoding="UTF-8"?>
<testsuite name="kafka.api.PlaintextAdminIntegrationTest" tests="50" skipped="5" failures="1" errors="0" timestamp="2020-01-15T02:20:23" hostname="localhost" time="480.484">
  <properties/>
  <testcase name="testDescribeReplicaLogDirs" classname="kafka.api.PlaintextAdminIntegrationTest" time="12.519"/>
  <testcase name="testIncrementalAlterConfigsForLog4jLogLevels" classname="kafka.api.PlaintextAdminIntegrationTest" time="0.0">
    <skipped/>
  </testcase>
  <testcase name="testIncrementalAlterConfigsForLog4jLogLevelsCannotResetRootLogger" classname="kafka.api.PlaintextAdminIntegrationTest" time="0.0">
    <skipped/>
  </testcase>
  <testcase name="testInvalidAlterPartitionReassignments" classname="kafka.api.PlaintextAdminIntegrationTest" time="9.947"/>
  <testcase name="testInvalidAlterConfigs" classname="kafka.api.PlaintextAdminIntegrationTest" time="8.939"/>
  <testcase name="testElectUncleanLeadersNoop" classname="kafka.api.PlaintextAdminIntegrationTest" time="11.7"/>
  <testcase name="testAlterLogDirsAfterDeleteRecords" classname="kafka.api.PlaintextAdminIntegrationTest" time="13.179"/>
  <testcase name="testElectUncleanLeadersAndNoop" classname="kafka.api.PlaintextAdminIntegrationTest" time="15.896"/>
  <testcase name="testElectPreferredLeaders" classname="kafka.api.PlaintextAdminIntegrationTest" time="13.684"/>
  <testcase name="testDeleteConsumerGroupOffsets" classname="kafka.api.PlaintextAdminIntegrationTest" time="6.967"/>
  <testcase name="testListReassignmentsDoesNotShowNonReassigningPartitions" classname="kafka.api.PlaintextAdminIntegrationTest" time="5.562"/>
  <testcase name="testConsumeAfterDeleteRecords" classname="kafka.api.PlaintextAdminIntegrationTest" time="7.304"/>
  <testcase name="testClose" classname="kafka.api.PlaintextAdminIntegrationTest" time="10.13"/>
  <testcase name="testReplicaCanFetchFromLogStartOffsetAfterDeleteRecords" classname="kafka.api.PlaintextAdminIntegrationTest" time="24.281"/>
  <testcase name="testIncrementalAlterConfigsForLog4jLogLevelsDoesNotWorkWithInvalidConfigs" classname="kafka.api.PlaintextAdminIntegrationTest" time="0.0">
    <skipped/>
  </testcase>
  <testcase name="testDescribeConfigsForLog4jLogLevels" classname="kafka.api.PlaintextAdminIntegrationTest" time="10.766"/>
  <testcase name="testMinimumRequestTimeouts" classname="kafka.api.PlaintextAdminIntegrationTest" time="6.401"/>
  <testcase name="testIncrementalAlterConfigsForLog4jLogLevelsCanResetLoggerToCurrentRoot" classname="kafka.api.PlaintextAdminIntegrationTest" time="0.0">
    <skipped/>
  </testcase>
  <testcase name="testForceClose" classname="kafka.api.PlaintextAdminIntegrationTest" time="6.901"/>
  <testcase name="testListNodes" classname="kafka.api.PlaintextAdminIntegrationTest" time="6.261"/>
  <testcase name="testDelayedClose" classname="kafka.api.PlaintextAdminIntegrationTest" time="7.611"/>
  <testcase name="testLongTopicNames" classname="kafka.api.PlaintextAdminIntegrationTest" time="7.881"/>
  <testcase name="testOffsetsForTimesAfterDeleteRecords" classname="kafka.api.PlaintextAdminIntegrationTest" time="8.586"/>
  <testcase name="testListReassignmentsDoesNotShowDeletedPartitions" classname="kafka.api.PlaintextAdminIntegrationTest" time="5.55"/>
  <testcase name="testDeleteRecordsWithException" classname="kafka.api.PlaintextAdminIntegrationTest" time="6.822"/>
  <testcase name="testDescribeLogDirs" classname="kafka.api.PlaintextAdminIntegrationTest" time="9.593"/>
  <testcase name="testAlterReplicaLogDirs" classname="kafka.api.PlaintextAdminIntegrationTest" time="9.815"/>
  <testcase name="testLogStartOffsetCheckpoint" classname="kafka.api.PlaintextAdminIntegrationTest" time="25.01"/>
  <testcase name="testAlterConfigsForLog4jLogLevelsDoesNotWork" classname="kafka.api.PlaintextAdminIntegrationTest" time="0.0">
    <skipped/>
  </testcase>
  <testcase name="testAclOperations" classname="kafka.api.PlaintextAdminIntegrationTest" time="6.777"/>
  <testcase name="testDescribeCluster" classname="kafka.api.PlaintextAdminIntegrationTest" time="5.898"/>
  <testcase name="testElectUncleanLeadersForManyPartitions" classname="kafka.api.PlaintextAdminIntegrationTest" time="15.039"/>
  <testcase name="testElectUncleanLeadersForUnknownPartitions" classname="kafka.api.PlaintextAdminIntegrationTest" time="7.898"/>
  <testcase name="testCreatePartitions" classname="kafka.api.PlaintextAdminIntegrationTest" time="8.704"/>
  <testcase name="testDescribeNonExistingTopic" classname="kafka.api.PlaintextAdminIntegrationTest" time="8.854"/>
  <testcase name="testMetadataRefresh" classname="kafka.api.PlaintextAdminIntegrationTest" time="11.712"/>
  <testcase name="testDescribeAndAlterConfigs" classname="kafka.api.PlaintextAdminIntegrationTest" time="7.536"/>
  <testcase name="testElectUncleanLeadersForAllPartitions" classname="kafka.api.PlaintextAdminIntegrationTest" time="36.966">
    <failure message="java.util.concurrent.ExecutionException: org.apache.kafka.common.errors.TimeoutException: Aborted due to timeout." type="java.util.concurrent.ExecutionException">java.util.concurrent.ExecutionException: org.apache.kafka.common.errors.TimeoutException: Aborted due to timeout.
	at org.apache.kafka.common.internals.KafkaFutureImpl.wrapAndThrow(KafkaFutureImpl.java:45)
	at org.apache.kafka.common.internals.KafkaFutureImpl.access$000(KafkaFutureImpl.java:32)
	at org.apache.kafka.common.internals.KafkaFutureImpl$SingleWaiter.await(KafkaFutureImpl.java:89)
	at org.apache.kafka.common.internals.KafkaFutureImpl.get(KafkaFutureImpl.java:260)
	at kafka.api.PlaintextAdminIntegrationTest.testElectUncleanLeadersForAllPartitions(PlaintextAdminIntegrationTest.scala:1474)
	at sun.reflect.NativeMethodAccessorImpl.invoke0(Native Method)
	at sun.reflect.NativeMethodAccessorImpl.invoke(NativeMethodAccessorImpl.java:62)
	at sun.reflect.DelegatingMethodAccessorImpl.invoke(DelegatingMethodAccessorImpl.java:43)
	at java.lang.reflect.Method.invoke(Method.java:498)
	at org.junit.runners.model.FrameworkMethod$1.runReflectiveCall(FrameworkMethod.java:59)
	at org.junit.internal.runners.model.ReflectiveCallable.run(ReflectiveCallable.java:12)
	at org.junit.runners.model.FrameworkMethod.invokeExplosively(FrameworkMethod.java:56)
	at org.junit.internal.runners.statements.InvokeMethod.evaluate(InvokeMethod.java:17)
	at org.junit.internal.runners.statements.RunBefores.evaluate(RunBefores.java:26)
	at org.junit.internal.runners.statements.RunAfters.evaluate(RunAfters.java:27)
	at org.junit.internal.runners.statements.FailOnTimeout$CallableStatement.call(FailOnTimeout.java:288)
	at org.junit.internal.runners.statements.FailOnTimeout$CallableStatement.call(FailOnTimeout.java:282)
	at java.util.concurrent.FutureTask.run(FutureTask.java:266)
	at java.lang.Thread.run(Thread.java:748)
Caused by: org.apache.kafka.common.errors.TimeoutException: Aborted due to timeout.
</failure>
  </testcase>
  <testcase name="testLogStartOffsetAfterDeleteRecords" classname="kafka.api.PlaintextAdminIntegrationTest" time="17.456"/>
  <testcase name="testElectUncleanLeadersForOnePartition" classname="kafka.api.PlaintextAdminIntegrationTest" time="19.032"/>
  <testcase name="testValidIncrementalAlterConfigs" classname="kafka.api.PlaintextAdminIntegrationTest" time="8.414"/>
  <testcase name="testInvalidIncrementalAlterConfigs" classname="kafka.api.PlaintextAdminIntegrationTest" time="8.667"/>
  <testcase name="testSeekAfterDeleteRecords" classname="kafka.api.PlaintextAdminIntegrationTest" time="7.853"/>
  <testcase name="testCallInFlightTimeouts" classname="kafka.api.PlaintextAdminIntegrationTest" time="6.638"/>
  <testcase name="testDescribeConfigsForTopic" classname="kafka.api.PlaintextAdminIntegrationTest" time="6.966"/>
  <testcase name="testConsumerGroups" classname="kafka.api.PlaintextAdminIntegrationTest" time="9.223"/>
  <testcase name="testElectUncleanLeadersWhenNoLiveBrokers" classname="kafka.api.PlaintextAdminIntegrationTest" time="16.316"/>
  <testcase name="testCreateExistingTopicsThrowTopicExistsException" classname="kafka.api.PlaintextAdminIntegrationTest" time="5.527"/>
  <testcase name="testCreateDeleteTopics" classname="kafka.api.PlaintextAdminIntegrationTest" time="6.583"/>
  <testcase name="testAuthorizedOperations" classname="kafka.api.PlaintextAdminIntegrationTest" time="7.118"/>
  <system-out><![CDATA[[2020-01-15 10:21:08,101] ERROR [ReplicaFetcher replicaId=0, leaderId=1, fetcherId=0] Error for partition topic-0 at offset 0 (kafka.server.ReplicaFetcherThread:76)
org.apache.kafka.common.errors.UnknownTopicOrPartitionException: This server does not host this topic-partition.
[2020-01-15 10:21:21,790] ERROR [ReplicaFetcher replicaId=2, leaderId=1, fetcherId=0] Error for partition unclean-test-topic-1-0 at offset 0 (kafka.server.ReplicaFetcherThread:76)
org.apache.kafka.common.errors.UnknownTopicOrPartitionException: This server does not host this topic-partition.
[2020-01-15 10:21:21,791] ERROR [ReplicaFetcher replicaId=0, leaderId=1, fetcherId=0] Error for partition unclean-test-topic-1-1 at offset 0 (kafka.server.ReplicaFetcherThread:76)
org.apache.kafka.common.errors.UnknownTopicOrPartitionException: This server does not host this topic-partition.
[2020-01-15 10:21:57,565] ERROR [ReplicaFetcher replicaId=0, leaderId=2, fetcherId=0] Error for partition list-reassignments-no-reassignments-0 at offset 0 (kafka.server.ReplicaFetcherThread:76)
org.apache.kafka.common.errors.UnknownTopicOrPartitionException: This server does not host this topic-partition.
[2020-01-15 10:21:57,565] ERROR [ReplicaFetcher replicaId=1, leaderId=2, fetcherId=0] Error for partition list-reassignments-no-reassignments-0 at offset 0 (kafka.server.ReplicaFetcherThread:76)
org.apache.kafka.common.errors.UnknownTopicOrPartitionException: This server does not host this topic-partition.
[2020-01-15 10:22:23,646] ERROR [ReplicaFetcher replicaId=2, leaderId=1, fetcherId=0] Error for partition topic-0 at offset 0 (kafka.server.ReplicaFetcherThread:76)
org.apache.kafka.common.errors.UnknownTopicOrPartitionException: This server does not host this topic-partition.
[2020-01-15 10:22:23,646] ERROR [ReplicaFetcher replicaId=0, leaderId=1, fetcherId=0] Error for partition topic-0 at offset 0 (kafka.server.ReplicaFetcherThread:76)
org.apache.kafka.common.errors.UnknownTopicOrPartitionException: This server does not host this topic-partition.
[2020-01-15 10:23:24,533] ERROR [ReplicaFetcher replicaId=1, leaderId=0, fetcherId=0] Error for partition xxxxxxxxxxxxxxxxxxxxxxxxxxxxxxxxxxxxxxxxxxxxxxxxxxxxxxxxxxxxxxxxxxxxxxxxxxxxxxxxxxxxxxxxxxxxxxxxxxxxxxxxxxxxxxxxxxxxxxxxxxxxxxxxxxxxxxxxxxxxxxxxxxxxxxxxxxxxxxxxxxxxxxxxxxxxxxxxxxxxxxxxxxxxxxxxxxxxxxxxxxxxxxxxxxxxxxxxxxxxxxxxxxxxxxxxxxxxxxxxxxxxxxxxx-1 at offset 0 (kafka.server.ReplicaFetcherThread:76)
org.apache.kafka.common.errors.UnknownTopicOrPartitionException: This server does not host this topic-partition.
[2020-01-15 10:23:24,533] ERROR [ReplicaFetcher replicaId=1, leaderId=2, fetcherId=0] Error for partition xxxxxxxxxxxxxxxxxxxxxxxxxxxxxxxxxxxxxxxxxxxxxxxxxxxxxxxxxxxxxxxxxxxxxxxxxxxxxxxxxxxxxxxxxxxxxxxxxxxxxxxxxxxxxxxxxxxxxxxxxxxxxxxxxxxxxxxxxxxxxxxxxxxxxxxxxxxxxxxxxxxxxxxxxxxxxxxxxxxxxxxxxxxxxxxxxxxxxxxxxxxxxxxxxxxxxxxxxxxxxxxxxxxxxxxxxxxxxxxxxxxxxxxxx-2 at offset 0 (kafka.server.ReplicaFetcherThread:76)
org.apache.kafka.common.errors.UnknownTopicOrPartitionException: This server does not host this topic-partition.
[2020-01-15 10:24:01,325] ERROR [ReplicaManager broker=0] Error while changing replica dir for partition topic-0 (kafka.server.ReplicaManager:76)
org.apache.kafka.common.errors.UnknownTopicOrPartitionException: Error while fetching partition state for topic-0
[2020-01-15 10:24:01,325] ERROR [ReplicaManager broker=1] Error while changing replica dir for partition topic-0 (kafka.server.ReplicaManager:76)
org.apache.kafka.common.errors.UnknownTopicOrPartitionException: Error while fetching partition state for topic-0
[2020-01-15 10:24:01,325] ERROR [ReplicaManager broker=2] Error while changing replica dir for partition topic-0 (kafka.server.ReplicaManager:76)
org.apache.kafka.common.errors.UnknownTopicOrPartitionException: Error while fetching partition state for topic-0
[2020-01-15 10:24:01,714] ERROR [ReplicaFetcher replicaId=0, leaderId=2, fetcherId=0] Error for partition topic-0 at offset 0 (kafka.server.ReplicaFetcherThread:76)
org.apache.kafka.common.errors.UnknownTopicOrPartitionException: This server does not host this topic-partition.
[2020-01-15 10:24:01,714] ERROR [ReplicaFetcher replicaId=1, leaderId=2, fetcherId=0] Error for partition topic-0 at offset 0 (kafka.server.ReplicaFetcherThread:76)
org.apache.kafka.common.errors.UnknownTopicOrPartitionException: This server does not host this topic-partition.
[2020-01-15 10:24:11,736] ERROR [ReplicaFetcher replicaId=1, leaderId=2, fetcherId=0] Error for partition topic-1 at offset 0 (kafka.server.ReplicaFetcherThread:76)
org.apache.kafka.common.errors.UnknownTopicOrPartitionException: This server does not host this topic-partition.
[2020-01-15 10:24:48,848] ERROR [ReplicaFetcher replicaId=2, leaderId=1, fetcherId=0] Error for partition unclean-test-topic-1-0 at offset 0 (kafka.server.ReplicaFetcherThread:76)
org.apache.kafka.common.errors.UnknownTopicOrPartitionException: This server does not host this topic-partition.
[2020-01-15 10:24:48,848] ERROR [ReplicaFetcher replicaId=2, leaderId=1, fetcherId=0] Error for partition unclean-test-topic-1-1 at offset 0 (kafka.server.ReplicaFetcherThread:76)
org.apache.kafka.common.errors.UnknownTopicOrPartitionException: This server does not host this topic-partition.
[2020-01-15 10:25:12,410] ERROR [ReplicaFetcher replicaId=0, leaderId=1, fetcherId=0] Error for partition create-partitions-topic-2-0 at offset 0 (kafka.server.ReplicaFetcherThread:76)
org.apache.kafka.common.errors.UnknownTopicOrPartitionException: This server does not host this topic-partition.
[2020-01-15 10:25:13,149] ERROR [ReplicaFetcher replicaId=2, leaderId=1, fetcherId=0] Error for partition create-partitions-topic-2-2 at offset 0 (kafka.server.ReplicaFetcherThread:76)
org.apache.kafka.common.errors.UnknownTopicOrPartitionException: This server does not host this topic-partition.
[2020-01-15 10:25:30,226] ERROR [ReplicaFetcher replicaId=0, leaderId=2, fetcherId=0] Error for partition mytopic-2 at offset 0 (kafka.server.ReplicaFetcherThread:76)
org.apache.kafka.common.errors.UnknownTopicOrPartitionException: This server does not host this topic-partition.
[2020-01-15 10:25:30,227] ERROR [ReplicaFetcher replicaId=1, leaderId=2, fetcherId=0] Error for partition mytopic-2 at offset 0 (kafka.server.ReplicaFetcherThread:76)
org.apache.kafka.common.errors.UnknownTopicOrPartitionException: This server does not host this topic-partition.
[2020-01-15 10:25:30,229] ERROR [ReplicaFetcher replicaId=0, leaderId=1, fetcherId=0] Error for partition mytopic-0 at offset 0 (kafka.server.ReplicaFetcherThread:76)
org.apache.kafka.common.errors.UnknownTopicOrPartitionException: This server does not host this topic-partition.
[2020-01-15 10:25:49,091] ERROR [ReplicaFetcher replicaId=0, leaderId=1, fetcherId=0] Error for partition unclean-test-topic-1-1 at offset 0 (kafka.server.ReplicaFetcherThread:76)
org.apache.kafka.common.errors.UnknownTopicOrPartitionException: This server does not host this topic-partition.
[2020-01-15 10:25:49,180] ERROR [ReplicaFetcher replicaId=2, leaderId=1, fetcherId=0] Error for partition unclean-test-topic-1-0 at offset 0 (kafka.server.ReplicaFetcherThread:76)
org.apache.kafka.common.errors.UnknownTopicOrPartitionException: This server does not host this topic-partition.
[2020-01-15 10:26:32,803] ERROR [ReplicaFetcher replicaId=0, leaderId=2, fetcherId=0] Error for partition topic-1 at offset 0 (kafka.server.ReplicaFetcherThread:76)
org.apache.kafka.common.errors.UnknownTopicOrPartitionException: This server does not host this topic-partition.
[2020-01-15 10:26:32,803] ERROR [ReplicaFetcher replicaId=0, leaderId=1, fetcherId=0] Error for partition topic-0 at offset 0 (kafka.server.ReplicaFetcherThread:76)
org.apache.kafka.common.errors.UnknownTopicOrPartitionException: This server does not host this topic-partition.
[2020-01-15 10:26:33,532] ERROR [ReplicaFetcher replicaId=1, leaderId=2, fetcherId=0] Error for partition topic-1 at offset 0 (kafka.server.ReplicaFetcherThread:76)
org.apache.kafka.common.errors.UnknownTopicOrPartitionException: This server does not host this topic-partition.
[2020-01-15 10:27:33,959] ERROR [ReplicaFetcher replicaId=2, leaderId=0, fetcherId=0] Error for partition topic-0 at offset 0 (kafka.server.ReplicaFetcherThread:76)
org.apache.kafka.common.errors.UnknownTopicOrPartitionException: This server does not host this topic-partition.
[2020-01-15 10:27:33,960] ERROR [ReplicaFetcher replicaId=2, leaderId=1, fetcherId=0] Error for partition topic-1 at offset 0 (kafka.server.ReplicaFetcherThread:76)
org.apache.kafka.common.errors.UnknownTopicOrPartitionException: This server does not host this topic-partition.
[2020-01-15 10:27:42,947] ERROR [Consumer instanceId=test_instance_id, clientId=test_client_id, groupId=test_group_id] Offset commit failed on partition test_topic-1 at offset 0: Specified group generation id is not valid. (org.apache.kafka.clients.consumer.internals.ConsumerCoordinator:1145)
[2020-01-15 10:28:11,814] ERROR [ReplicaFetcher replicaId=2, leaderId=1, fetcherId=0] Error for partition mytopic2-2 at offset 0 (kafka.server.ReplicaFetcherThread:76)
org.apache.kafka.common.errors.UnknownTopicOrPartitionException: This server does not host this topic-partition.
[2020-01-15 10:28:11,814] ERROR [ReplicaFetcher replicaId=0, leaderId=1, fetcherId=0] Error for partition mytopic2-2 at offset 0 (kafka.server.ReplicaFetcherThread:76)
org.apache.kafka.common.errors.UnknownTopicOrPartitionException: This server does not host this topic-partition.
[2020-01-15 10:28:11,814] ERROR [ReplicaFetcher replicaId=1, leaderId=0, fetcherId=0] Error for partition mytopic2-0 at offset 0 (kafka.server.ReplicaFetcherThread:76)
org.apache.kafka.common.errors.UnknownTopicOrPartitionException: This server does not host this topic-partition.
[2020-01-15 10:28:11,818] ERROR [ReplicaFetcher replicaId=1, leaderId=2, fetcherId=0] Error for partition mytopic2-1 at offset 0 (kafka.server.ReplicaFetcherThread:76)
org.apache.kafka.common.errors.UnknownTopicOrPartitionException: This server does not host this topic-partition.
[2020-01-15 10:28:11,818] ERROR [ReplicaFetcher replicaId=2, leaderId=0, fetcherId=0] Error for partition mytopic2-0 at offset 0 (kafka.server.ReplicaFetcherThread:76)
org.apache.kafka.common.errors.UnknownTopicOrPartitionException: This server does not host this topic-partition.
[2020-01-15 10:28:18,226] ERROR [ReplicaFetcher replicaId=2, leaderId=1, fetcherId=0] Error for partition mytopic-0 at offset 0 (kafka.server.ReplicaFetcherThread:76)
org.apache.kafka.common.errors.UnknownTopicOrPartitionException: This server does not host this topic-partition.
[2020-01-15 10:28:18,228] ERROR [ReplicaFetcher replicaId=1, leaderId=0, fetcherId=0] Error for partition mytopic-1 at offset 0 (kafka.server.ReplicaFetcherThread:76)
org.apache.kafka.common.errors.UnknownTopicOrPartitionException: This server does not host this topic-partition.
[2020-01-15 10:28:18,228] ERROR [ReplicaFetcher replicaId=1, leaderId=2, fetcherId=0] Error for partition mytopic-2 at offset 0 (kafka.server.ReplicaFetcherThread:76)
org.apache.kafka.common.errors.UnknownTopicOrPartitionException: This server does not host this topic-partition.
[2020-01-15 10:28:18,230] ERROR [ReplicaFetcher replicaId=0, leaderId=2, fetcherId=0] Error for partition mytopic-2 at offset 0 (kafka.server.ReplicaFetcherThread:76)
org.apache.kafka.common.errors.UnknownTopicOrPartitionException: This server does not host this topic-partition.
]]></system-out>
  <system-err><![CDATA[]]></system-err>
</testsuite>
