<?xml version="1.0" encoding="UTF-8"?>
<testsuite name="unit.kafka.controller.ControllerContextTest" tests="7" skipped="0" failures="0" errors="0" timestamp="2020-01-15T02:27:04" hostname="localhost" time="0.006">
  <properties/>
  <testcase name="testPartitionFullReplicaAssignmentReturnsEmptyAssignmentIfTopicOrPartitionDoesNotExist" classname="unit.kafka.controller.ControllerContextTest" time="0.002"/>
  <testcase name="testPartitionReplicaAssignmentForTopicReturnsEmptyMapIfTopicDoesNotExist" classname="unit.kafka.controller.ControllerContextTest" time="0.002"/>
  <testcase name="testPartitionReplicaAssignmentForTopicReturnsExpectedReplicaAssignments" classname="unit.kafka.controller.ControllerContextTest" time="0.0"/>
  <testcase name="testReassignTo" classname="unit.kafka.controller.ControllerContextTest" time="0.001"/>
  <testcase name="testPartitionReplicaAssignment" classname="unit.kafka.controller.ControllerContextTest" time="0.001"/>
  <testcase name="testUpdatePartitionFullReplicaAssignmentUpdatesReplicaAssignment" classname="unit.kafka.controller.ControllerContextTest" time="0.0"/>
  <testcase name="testPartitionReplicaAssignmentReturnsEmptySeqIfTopicOrPartitionDoesNotExist" classname="unit.kafka.controller.ControllerContextTest" time="0.0"/>
  <system-out><![CDATA[]]></system-out>
  <system-err><![CDATA[]]></system-err>
</testsuite>
