<?xml version="1.0" encoding="UTF-8"?>
<testsuite name="kafka.api.CustomQuotaCallbackTest" tests="1" skipped="0" failures="0" errors="0" timestamp="2020-01-15T02:21:58" hostname="localhost" time="58.382">
  <properties/>
  <testcase name="testCustomQuotaCallback" classname="kafka.api.CustomQuotaCallbackTest" time="58.382"/>
  <system-out><![CDATA[[2020-01-15 10:21:58,646] WARN SASL configuration failed: javax.security.auth.login.LoginException: No JAAS configuration section named 'Client' was found in specified JAAS configuration file: '/var/folders/b3/bhnnh3l53jjdfgphtx91qd1h0000gn/T/kafka3003661422523282154.tmp'. Will continue connection to Zookeeper server without SASL authentication, if Zookeeper server allows it. (org.apache.zookeeper.ClientCnxn:1094)
[2020-01-15 10:21:58,648] ERROR [ZooKeeperClient] Auth failed. (kafka.zookeeper.ZooKeeperClient:74)
[2020-01-15 10:21:59,638] WARN SASL configuration failed: javax.security.auth.login.LoginException: No JAAS configuration section named 'Client' was found in specified JAAS configuration file: '/var/folders/b3/bhnnh3l53jjdfgphtx91qd1h0000gn/T/kafka3003661422523282154.tmp'. Will continue connection to Zookeeper server without SASL authentication, if Zookeeper server allows it. (org.apache.zookeeper.ClientCnxn:1094)
[2020-01-15 10:21:59,638] ERROR [ZooKeeperClient] Auth failed. (kafka.zookeeper.ZooKeeperClient:74)
Completed updating config for entity: user-principal 'scram-admin'.
[2020-01-15 10:21:59,770] WARN SASL configuration failed: javax.security.auth.login.LoginException: No JAAS configuration section named 'Client' was found in specified JAAS configuration file: '/var/folders/b3/bhnnh3l53jjdfgphtx91qd1h0000gn/T/kafka3003661422523282154.tmp'. Will continue connection to Zookeeper server without SASL authentication, if Zookeeper server allows it. (org.apache.zookeeper.ClientCnxn:1094)
[2020-01-15 10:21:59,771] ERROR [ZooKeeperClient Kafka server] Auth failed. (kafka.zookeeper.ZooKeeperClient:74)
[2020-01-15 10:22:00,060] WARN SASL configuration failed: javax.security.auth.login.LoginException: No JAAS configuration section named 'Client' was found in specified JAAS configuration file: '/var/folders/b3/bhnnh3l53jjdfgphtx91qd1h0000gn/T/kafka3003661422523282154.tmp'. Will continue connection to Zookeeper server without SASL authentication, if Zookeeper server allows it. (org.apache.zookeeper.ClientCnxn:1094)
[2020-01-15 10:22:00,060] ERROR [ZooKeeperClient Kafka server] Auth failed. (kafka.zookeeper.ZooKeeperClient:74)
[2020-01-15 10:22:01,360] WARN SASL configuration failed: javax.security.auth.login.LoginException: No JAAS configuration section named 'Client' was found in specified JAAS configuration file: '/var/folders/b3/bhnnh3l53jjdfgphtx91qd1h0000gn/T/kafka3003661422523282154.tmp'. Will continue connection to Zookeeper server without SASL authentication, if Zookeeper server allows it. (org.apache.zookeeper.ClientCnxn:1094)
[2020-01-15 10:22:01,361] ERROR [ZooKeeperClient] Auth failed. (kafka.zookeeper.ZooKeeperClient:74)
Completed updating config for entity: user-principal 'group0_user1'.
[2020-01-15 10:22:03,934] WARN SASL configuration failed: javax.security.auth.login.LoginException: No JAAS configuration section named 'Client' was found in specified JAAS configuration file: '/var/folders/b3/bhnnh3l53jjdfgphtx91qd1h0000gn/T/kafka3003661422523282154.tmp'. Will continue connection to Zookeeper server without SASL authentication, if Zookeeper server allows it. (org.apache.zookeeper.ClientCnxn:1094)
[2020-01-15 10:22:03,935] ERROR [ZooKeeperClient] Auth failed. (kafka.zookeeper.ZooKeeperClient:74)
Completed updating config for entity: user-principal 'group0_user2'.
[2020-01-15 10:22:05,297] WARN SASL configuration failed: javax.security.auth.login.LoginException: No JAAS configuration section named 'Client' was found in specified JAAS configuration file: '/var/folders/b3/bhnnh3l53jjdfgphtx91qd1h0000gn/T/kafka3003661422523282154.tmp'. Will continue connection to Zookeeper server without SASL authentication, if Zookeeper server allows it. (org.apache.zookeeper.ClientCnxn:1094)
[2020-01-15 10:22:05,297] ERROR [ZooKeeperClient] Auth failed. (kafka.zookeeper.ZooKeeperClient:74)
Completed updating config for entity: user-principal 'group0_user3'.
[2020-01-15 10:22:06,531] WARN SASL configuration failed: javax.security.auth.login.LoginException: No JAAS configuration section named 'Client' was found in specified JAAS configuration file: '/var/folders/b3/bhnnh3l53jjdfgphtx91qd1h0000gn/T/kafka3003661422523282154.tmp'. Will continue connection to Zookeeper server without SASL authentication, if Zookeeper server allows it. (org.apache.zookeeper.ClientCnxn:1094)
[2020-01-15 10:22:06,531] ERROR [ZooKeeperClient] Auth failed. (kafka.zookeeper.ZooKeeperClient:74)
Completed updating config for entity: user-principal 'group1_user1'.
[2020-01-15 10:22:33,410] WARN SASL configuration failed: javax.security.auth.login.LoginException: No JAAS configuration section named 'Client' was found in specified JAAS configuration file: '/var/folders/b3/bhnnh3l53jjdfgphtx91qd1h0000gn/T/kafka3003661422523282154.tmp'. Will continue connection to Zookeeper server without SASL authentication, if Zookeeper server allows it. (org.apache.zookeeper.ClientCnxn:1094)
[2020-01-15 10:22:33,410] ERROR [ZooKeeperClient] Auth failed. (kafka.zookeeper.ZooKeeperClient:74)
Completed updating config for entity: user-principal 'group1_user2'.
[2020-01-15 10:22:34,774] WARN SASL configuration failed: javax.security.auth.login.LoginException: No JAAS configuration section named 'Client' was found in specified JAAS configuration file: '/var/folders/b3/bhnnh3l53jjdfgphtx91qd1h0000gn/T/kafka3003661422523282154.tmp'. Will continue connection to Zookeeper server without SASL authentication, if Zookeeper server allows it. (org.apache.zookeeper.ClientCnxn:1094)
[2020-01-15 10:22:34,774] ERROR [ZooKeeperClient] Auth failed. (kafka.zookeeper.ZooKeeperClient:74)
Completed updating config for entity: user-principal 'group1_user3'.
]]></system-out>
  <system-err><![CDATA[]]></system-err>
</testsuite>
