<?xml version="1.0" encoding="UTF-8"?>
<testsuite name="kafka.api.EndToEndClusterIdTest" tests="1" skipped="0" failures="0" errors="0" timestamp="2020-01-15T02:14:49" hostname="localhost" time="5.475">
  <properties/>
  <testcase name="testEndToEnd" classname="kafka.api.EndToEndClusterIdTest" time="5.475"/>
  <system-out><![CDATA[]]></system-out>
  <system-err><![CDATA[]]></system-err>
</testsuite>
