<?xml version="1.0" encoding="UTF-8"?>
<testsuite name="kafka.admin.ListConsumerGroupTest" tests="2" skipped="0" failures="0" errors="0" timestamp="2020-01-15T02:12:12" hostname="localhost" time="15.539">
  <properties/>
  <testcase name="testListWithUnrecognizedNewConsumerOption" classname="kafka.admin.ListConsumerGroupTest" time="5.738"/>
  <testcase name="testListConsumerGroups" classname="kafka.admin.ListConsumerGroupTest" time="9.801"/>
  <system-out><![CDATA[]]></system-out>
  <system-err><![CDATA[]]></system-err>
</testsuite>
