<?xml version="1.0" encoding="UTF-8"?>
<testsuite name="kafka.api.ClientIdQuotaTest" tests="4" skipped="0" failures="0" errors="0" timestamp="2020-01-15T02:23:11" hostname="localhost" time="64.572">
  <properties/>
  <testcase name="testProducerConsumerOverrideUnthrottled" classname="kafka.api.ClientIdQuotaTest" time="9.593"/>
  <testcase name="testThrottledProducerConsumer" classname="kafka.api.ClientIdQuotaTest" time="17.903"/>
  <testcase name="testQuotaOverrideDelete" classname="kafka.api.ClientIdQuotaTest" time="30.482"/>
  <testcase name="testThrottledRequest" classname="kafka.api.ClientIdQuotaTest" time="6.594"/>
  <system-out><![CDATA[[2020-01-15 10:23:21,827] ERROR [ReplicaFetcher replicaId=0, leaderId=1, fetcherId=0] Error for partition __consumer_offsets-0 at offset 0 (kafka.server.ReplicaFetcherThread:76)
org.apache.kafka.common.errors.UnknownTopicOrPartitionException: This server does not host this topic-partition.
[2020-01-15 10:23:22,197] ERROR [ReplicaFetcher replicaId=1, leaderId=0, fetcherId=0] Error for partition topic-1-0 at offset 0 (kafka.server.ReplicaFetcherThread:76)
org.apache.kafka.common.errors.UnknownTopicOrPartitionException: This server does not host this topic-partition.
[2020-01-15 10:23:39,338] ERROR [ReplicaFetcher replicaId=1, leaderId=0, fetcherId=0] Error for partition __consumer_offsets-0 at offset 0 (kafka.server.ReplicaFetcherThread:76)
org.apache.kafka.common.errors.UnknownTopicOrPartitionException: This server does not host this topic-partition.
[2020-01-15 10:23:39,769] ERROR [ReplicaFetcher replicaId=0, leaderId=1, fetcherId=0] Error for partition topic-1-0 at offset 0 (kafka.server.ReplicaFetcherThread:76)
org.apache.kafka.common.errors.UnknownTopicOrPartitionException: This server does not host this topic-partition.
]]></system-out>
  <system-err><![CDATA[]]></system-err>
</testsuite>
