<?xml version="1.0" encoding="UTF-8"?>
<testsuite name="kafka.server.GssapiAuthenticationTest" tests="3" skipped="0" failures="0" errors="0" timestamp="2020-01-15T02:26:04" hostname="localhost" time="70.631">
  <properties/>
  <testcase name="testServerNotFoundInKerberosDatabase" classname="kafka.server.GssapiAuthenticationTest" time="12.567"/>
  <testcase name="testRequestIsAReplay" classname="kafka.server.GssapiAuthenticationTest" time="42.479"/>
  <testcase name="testServerAuthenticationFailure" classname="kafka.server.GssapiAuthenticationTest" time="15.585"/>
  <system-out><![CDATA[Debug is  true storeKey true useTicketCache false useKeyTab true doNotPrompt false ticketCache is null isInitiator true KeyTab is /var/folders/b3/bhnnh3l53jjdfgphtx91qd1h0000gn/T/kafka1482422742697122866.tmp refreshKrb5Config is false principal is kafka/localhost@EXAMPLE.COM tryFirstPass is false useFirstPass is false storePass is false clearPass is false
principal is kafka/localhost@EXAMPLE.COM
Will use keytab
Commit Succeeded 

Debug is  true storeKey true useTicketCache false useKeyTab true doNotPrompt false ticketCache is null isInitiator true KeyTab is /var/folders/b3/bhnnh3l53jjdfgphtx91qd1h0000gn/T/kafka4164464756145477596.tmp refreshKrb5Config is false principal is client@EXAMPLE.COM tryFirstPass is false useFirstPass is false storePass is false clearPass is false
principal is client@EXAMPLE.COM
Will use keytab
Commit Succeeded 

Debug is  true storeKey true useTicketCache false useKeyTab true doNotPrompt false ticketCache is null isInitiator true KeyTab is /var/folders/b3/bhnnh3l53jjdfgphtx91qd1h0000gn/T/kafka3849487898498446014.tmp refreshKrb5Config is false principal is kafka/localhost@EXAMPLE.COM tryFirstPass is false useFirstPass is false storePass is false clearPass is false
principal is kafka/localhost@EXAMPLE.COM
Will use keytab
Commit Succeeded 

Debug is  true storeKey true useTicketCache false useKeyTab true doNotPrompt false ticketCache is null isInitiator true KeyTab is /var/folders/b3/bhnnh3l53jjdfgphtx91qd1h0000gn/T/kafka4125844753578807665.tmp refreshKrb5Config is false principal is client@EXAMPLE.COM tryFirstPass is false useFirstPass is false storePass is false clearPass is false
principal is client@EXAMPLE.COM
Will use keytab
Commit Succeeded 

Debug is  true storeKey true useTicketCache false useKeyTab true doNotPrompt false ticketCache is null isInitiator true KeyTab is /var/folders/b3/bhnnh3l53jjdfgphtx91qd1h0000gn/T/kafka3988589371692003730.tmp refreshKrb5Config is false principal is kafka/localhost@EXAMPLE.COM tryFirstPass is false useFirstPass is false storePass is false clearPass is false
principal is kafka/localhost@EXAMPLE.COM
Will use keytab
Commit Succeeded 

Debug is  true storeKey true useTicketCache false useKeyTab true doNotPrompt false ticketCache is null isInitiator true KeyTab is /var/folders/b3/bhnnh3l53jjdfgphtx91qd1h0000gn/T/kafka2902997735357161378.tmp refreshKrb5Config is false principal is client@EXAMPLE.COM tryFirstPass is false useFirstPass is false storePass is false clearPass is false
principal is client@EXAMPLE.COM
Will use keytab
Commit Succeeded 

[2020-01-15 10:27:07,576] ERROR [Consumer clientId=consumer-group-39, groupId=group] Connection to node -1 (localhost/127.0.0.1:53086) failed authentication due to: An error: (java.security.PrivilegedActionException: javax.security.sasl.SaslException: GSS initiate failed [Caused by GSSException: No valid credentials provided (Mechanism level: Server not found in Kerberos database (7) - Server not found in Kerberos database)]) occurred when evaluating SASL token received from the Kafka Broker. This may be caused by Java's being unable to resolve the Kafka Broker's hostname correctly. You may want to try to adding '-Dsun.net.spi.nameservice.provider.1=dns,sun' to your client's JVMFLAGS environment. Users must configure FQDN of kafka brokers when authenticating using SASL and `socketChannel.socket().getInetAddress().getHostName()` must match the hostname in `principal/hostname@realm` Kafka Client will go to AUTHENTICATION_FAILED state. (org.apache.kafka.clients.NetworkClient:745)
]]></system-out>
  <system-err><![CDATA[]]></system-err>
</testsuite>
