<?xml version="1.0" encoding="UTF-8"?>
<testsuite name="kafka.server.AddPartitionsToTxnRequestTest" tests="1" skipped="0" failures="0" errors="0" timestamp="2020-01-15T02:21:53" hostname="localhost" time="7.674">
  <properties/>
  <testcase name="shouldReceiveOperationNotAttemptedWhenOtherPartitionHasError" classname="kafka.server.AddPartitionsToTxnRequestTest" time="7.674"/>
  <system-out><![CDATA[[2020-01-15 10:21:54,913] ERROR [ReplicaFetcher replicaId=0, leaderId=2, fetcherId=0] Error for partition foobartopic-0 at offset 0 (kafka.server.ReplicaFetcherThread:76)
org.apache.kafka.common.errors.UnknownTopicOrPartitionException: This server does not host this topic-partition.
[2020-01-15 10:21:54,913] ERROR [ReplicaFetcher replicaId=2, leaderId=0, fetcherId=0] Error for partition foobartopic-1 at offset 0 (kafka.server.ReplicaFetcherThread:76)
org.apache.kafka.common.errors.UnknownTopicOrPartitionException: This server does not host this topic-partition.
[2020-01-15 10:21:54,913] ERROR [ReplicaFetcher replicaId=1, leaderId=2, fetcherId=0] Error for partition foobartopic-0 at offset 0 (kafka.server.ReplicaFetcherThread:76)
org.apache.kafka.common.errors.UnknownTopicOrPartitionException: This server does not host this topic-partition.
]]></system-out>
  <system-err><![CDATA[]]></system-err>
</testsuite>
