<?xml version="1.0" encoding="UTF-8"?>
<testsuite name="kafka.server.ServerMetricsTest" tests="1" skipped="0" failures="0" errors="0" timestamp="2020-01-15T02:27:01" hostname="localhost" time="0.053">
  <properties/>
  <testcase name="testMetricsConfig" classname="kafka.server.ServerMetricsTest" time="0.053"/>
  <system-out><![CDATA[]]></system-out>
  <system-err><![CDATA[]]></system-err>
</testsuite>
